[0.022s] Invoking command in '/home/tony/25_ws/build/tb4_autonav_interfaces': CMAKE_PREFIX_PATH=${CMAKE_PREFIX_PATH}:/home/tony/ros2_ws/install/witmotion_ros_driver:/home/tony/ros2_ws/install/ros2_aruco:/home/tony/ros2_ws/install/interbotix_xs_modules:/home/tony/ros2_ws/install/interbotix_perception_modules:/home/tony/ros2_ws/install/interbotix_common_modules:/home/tony/ros2_ws/install/detection:/home/tony/new_ws/install/project:/home/tony/25_ws/install/tb4_autonav:/home/tony/24fall_EE211_ws/install/turtlebot4_tests:/home/tony/24fall_EE211_ws/install/turtlebot4_diagnostics:/opt/ros/humble /usr/bin/cmake --build /home/tony/25_ws/build/tb4_autonav_interfaces -- -j8 -l8
[0.083s] [  2%] Built target tb4_autonav_interfaces__cpp
[0.167s] [  2%] Built target ament_cmake_python_copy_tb4_autonav_interfaces
[0.209s] [ 12%] Built target tb4_autonav_interfaces__rosidl_typesupport_introspection_cpp
[0.616s] running egg_info
[0.617s] writing tb4_autonav_interfaces.egg-info/PKG-INFO
[0.617s] writing dependency_links to tb4_autonav_interfaces.egg-info/dependency_links.txt
[0.617s] writing top-level names to tb4_autonav_interfaces.egg-info/top_level.txt
[0.623s] reading manifest file 'tb4_autonav_interfaces.egg-info/SOURCES.txt'
[0.625s] writing manifest file 'tb4_autonav_interfaces.egg-info/SOURCES.txt'
[0.671s] [ 12%] Built target ament_cmake_python_build_tb4_autonav_interfaces_egg
[0.722s] [ 23%] Built target tb4_autonav_interfaces__rosidl_typesupport_fastrtps_cpp
[0.753s] [ 33%] Built target tb4_autonav_interfaces__rosidl_typesupport_cpp
[0.795s] [ 43%] Built target tb4_autonav_interfaces__rosidl_generator_c
[0.842s] [ 53%] Built target tb4_autonav_interfaces__rosidl_typesupport_fastrtps_c
[0.884s] [ 64%] Built target tb4_autonav_interfaces__rosidl_typesupport_c
[0.937s] [ 74%] Built target tb4_autonav_interfaces__rosidl_typesupport_introspection_c
[0.973s] [ 74%] Built target tb4_autonav_interfaces
[1.013s] [ 76%] Built target tb4_autonav_interfaces__py
[1.059s] [ 84%] Built target tb4_autonav_interfaces__rosidl_generator_py
[1.106s] [ 89%] Built target tb4_autonav_interfaces__rosidl_typesupport_fastrtps_c__pyext
[1.145s] [ 94%] Built target tb4_autonav_interfaces__rosidl_typesupport_c__pyext
[1.194s] [100%] Built target tb4_autonav_interfaces__rosidl_typesupport_introspection_c__pyext
[1.224s] Invoked command in '/home/tony/25_ws/build/tb4_autonav_interfaces' returned '0': CMAKE_PREFIX_PATH=${CMAKE_PREFIX_PATH}:/home/tony/ros2_ws/install/witmotion_ros_driver:/home/tony/ros2_ws/install/ros2_aruco:/home/tony/ros2_ws/install/interbotix_xs_modules:/home/tony/ros2_ws/install/interbotix_perception_modules:/home/tony/ros2_ws/install/interbotix_common_modules:/home/tony/ros2_ws/install/detection:/home/tony/new_ws/install/project:/home/tony/25_ws/install/tb4_autonav:/home/tony/24fall_EE211_ws/install/turtlebot4_tests:/home/tony/24fall_EE211_ws/install/turtlebot4_diagnostics:/opt/ros/humble /usr/bin/cmake --build /home/tony/25_ws/build/tb4_autonav_interfaces -- -j8 -l8
[1.231s] Invoking command in '/home/tony/25_ws/build/tb4_autonav_interfaces': CMAKE_PREFIX_PATH=${CMAKE_PREFIX_PATH}:/home/tony/ros2_ws/install/witmotion_ros_driver:/home/tony/ros2_ws/install/ros2_aruco:/home/tony/ros2_ws/install/interbotix_xs_modules:/home/tony/ros2_ws/install/interbotix_perception_modules:/home/tony/ros2_ws/install/interbotix_common_modules:/home/tony/ros2_ws/install/detection:/home/tony/new_ws/install/project:/home/tony/25_ws/install/tb4_autonav:/home/tony/24fall_EE211_ws/install/turtlebot4_tests:/home/tony/24fall_EE211_ws/install/turtlebot4_diagnostics:/opt/ros/humble /usr/bin/cmake --install /home/tony/25_ws/build/tb4_autonav_interfaces
[1.245s] -- Install configuration: ""
[1.246s] -- Up-to-date: /home/tony/25_ws/install/tb4_autonav_interfaces/share/ament_index/resource_index/rosidl_interfaces/tb4_autonav_interfaces
[1.246s] -- Up-to-date: /home/tony/25_ws/install/tb4_autonav_interfaces/include/tb4_autonav_interfaces/tb4_autonav_interfaces
[1.246s] -- Up-to-date: /home/tony/25_ws/install/tb4_autonav_interfaces/include/tb4_autonav_interfaces/tb4_autonav_interfaces/msg
[1.246s] -- Up-to-date: /home/tony/25_ws/install/tb4_autonav_interfaces/include/tb4_autonav_interfaces/tb4_autonav_interfaces/msg/yolo_target_bias.h
[1.246s] -- Up-to-date: /home/tony/25_ws/install/tb4_autonav_interfaces/include/tb4_autonav_interfaces/tb4_autonav_interfaces/msg/traffic_event.h
[1.246s] -- Up-to-date: /home/tony/25_ws/install/tb4_autonav_interfaces/include/tb4_autonav_interfaces/tb4_autonav_interfaces/msg/detail
[1.246s] -- Up-to-date: /home/tony/25_ws/install/tb4_autonav_interfaces/include/tb4_autonav_interfaces/tb4_autonav_interfaces/msg/detail/traffic_event__struct.h
[1.246s] -- Up-to-date: /home/tony/25_ws/install/tb4_autonav_interfaces/include/tb4_autonav_interfaces/tb4_autonav_interfaces/msg/detail/yolo_target_bias__type_support.h
[1.246s] -- Up-to-date: /home/tony/25_ws/install/tb4_autonav_interfaces/include/tb4_autonav_interfaces/tb4_autonav_interfaces/msg/detail/yolo_target_bias__functions.h
[1.246s] -- Up-to-date: /home/tony/25_ws/install/tb4_autonav_interfaces/include/tb4_autonav_interfaces/tb4_autonav_interfaces/msg/detail/traffic_event__functions.h
[1.246s] -- Up-to-date: /home/tony/25_ws/install/tb4_autonav_interfaces/include/tb4_autonav_interfaces/tb4_autonav_interfaces/msg/detail/yolo_target_bias__struct.h
[1.249s] -- Up-to-date: /home/tony/25_ws/install/tb4_autonav_interfaces/include/tb4_autonav_interfaces/tb4_autonav_interfaces/msg/detail/traffic_event__type_support.h
[1.249s] -- Up-to-date: /home/tony/25_ws/install/tb4_autonav_interfaces/include/tb4_autonav_interfaces/tb4_autonav_interfaces/msg/detail/traffic_event__functions.c
[1.249s] -- Up-to-date: /home/tony/25_ws/install/tb4_autonav_interfaces/include/tb4_autonav_interfaces/tb4_autonav_interfaces/msg/detail/yolo_target_bias__functions.c
[1.249s] -- Up-to-date: /home/tony/25_ws/install/tb4_autonav_interfaces/include/tb4_autonav_interfaces/tb4_autonav_interfaces/msg/rosidl_generator_c__visibility_control.h
[1.249s] -- Up-to-date: /home/tony/25_ws/install/tb4_autonav_interfaces/share/tb4_autonav_interfaces/environment/library_path.sh
[1.250s] -- Up-to-date: /home/tony/25_ws/install/tb4_autonav_interfaces/share/tb4_autonav_interfaces/environment/library_path.dsv
[1.250s] -- Up-to-date: /home/tony/25_ws/install/tb4_autonav_interfaces/lib/libtb4_autonav_interfaces__rosidl_generator_c.so
[1.250s] -- Up-to-date: /home/tony/25_ws/install/tb4_autonav_interfaces/include/tb4_autonav_interfaces/tb4_autonav_interfaces
[1.251s] -- Up-to-date: /home/tony/25_ws/install/tb4_autonav_interfaces/include/tb4_autonav_interfaces/tb4_autonav_interfaces/msg
[1.251s] -- Up-to-date: /home/tony/25_ws/install/tb4_autonav_interfaces/include/tb4_autonav_interfaces/tb4_autonav_interfaces/msg/detail
[1.251s] -- Up-to-date: /home/tony/25_ws/install/tb4_autonav_interfaces/include/tb4_autonav_interfaces/tb4_autonav_interfaces/msg/detail/yolo_target_bias__rosidl_typesupport_fastrtps_c.h
[1.251s] -- Up-to-date: /home/tony/25_ws/install/tb4_autonav_interfaces/include/tb4_autonav_interfaces/tb4_autonav_interfaces/msg/detail/traffic_event__rosidl_typesupport_fastrtps_c.h
[1.251s] -- Up-to-date: /home/tony/25_ws/install/tb4_autonav_interfaces/include/tb4_autonav_interfaces/tb4_autonav_interfaces/msg/rosidl_typesupport_fastrtps_c__visibility_control.h
[1.251s] -- Up-to-date: /home/tony/25_ws/install/tb4_autonav_interfaces/lib/libtb4_autonav_interfaces__rosidl_typesupport_fastrtps_c.so
[1.251s] -- Up-to-date: /home/tony/25_ws/install/tb4_autonav_interfaces/include/tb4_autonav_interfaces/tb4_autonav_interfaces
[1.252s] -- Up-to-date: /home/tony/25_ws/install/tb4_autonav_interfaces/include/tb4_autonav_interfaces/tb4_autonav_interfaces/msg
[1.252s] -- Up-to-date: /home/tony/25_ws/install/tb4_autonav_interfaces/include/tb4_autonav_interfaces/tb4_autonav_interfaces/msg/rosidl_typesupport_introspection_c__visibility_control.h
[1.252s] -- Up-to-date: /home/tony/25_ws/install/tb4_autonav_interfaces/include/tb4_autonav_interfaces/tb4_autonav_interfaces/msg/detail
[1.252s] -- Up-to-date: /home/tony/25_ws/install/tb4_autonav_interfaces/include/tb4_autonav_interfaces/tb4_autonav_interfaces/msg/detail/yolo_target_bias__type_support.c
[1.252s] -- Up-to-date: /home/tony/25_ws/install/tb4_autonav_interfaces/include/tb4_autonav_interfaces/tb4_autonav_interfaces/msg/detail/yolo_target_bias__rosidl_typesupport_introspection_c.h
[1.252s] -- Up-to-date: /home/tony/25_ws/install/tb4_autonav_interfaces/include/tb4_autonav_interfaces/tb4_autonav_interfaces/msg/detail/traffic_event__rosidl_typesupport_introspection_c.h
[1.252s] -- Up-to-date: /home/tony/25_ws/install/tb4_autonav_interfaces/include/tb4_autonav_interfaces/tb4_autonav_interfaces/msg/detail/traffic_event__type_support.c
[1.253s] -- Up-to-date: /home/tony/25_ws/install/tb4_autonav_interfaces/lib/libtb4_autonav_interfaces__rosidl_typesupport_introspection_c.so
[1.253s] -- Up-to-date: /home/tony/25_ws/install/tb4_autonav_interfaces/lib/libtb4_autonav_interfaces__rosidl_typesupport_c.so
[1.253s] -- Up-to-date: /home/tony/25_ws/install/tb4_autonav_interfaces/include/tb4_autonav_interfaces/tb4_autonav_interfaces
[1.253s] -- Up-to-date: /home/tony/25_ws/install/tb4_autonav_interfaces/include/tb4_autonav_interfaces/tb4_autonav_interfaces/msg
[1.253s] -- Up-to-date: /home/tony/25_ws/install/tb4_autonav_interfaces/include/tb4_autonav_interfaces/tb4_autonav_interfaces/msg/rosidl_generator_cpp__visibility_control.hpp
[1.253s] -- Up-to-date: /home/tony/25_ws/install/tb4_autonav_interfaces/include/tb4_autonav_interfaces/tb4_autonav_interfaces/msg/detail
[1.253s] -- Up-to-date: /home/tony/25_ws/install/tb4_autonav_interfaces/include/tb4_autonav_interfaces/tb4_autonav_interfaces/msg/detail/yolo_target_bias__traits.hpp
[1.253s] -- Up-to-date: /home/tony/25_ws/install/tb4_autonav_interfaces/include/tb4_autonav_interfaces/tb4_autonav_interfaces/msg/detail/yolo_target_bias__type_support.hpp
[1.253s] -- Up-to-date: /home/tony/25_ws/install/tb4_autonav_interfaces/include/tb4_autonav_interfaces/tb4_autonav_interfaces/msg/detail/yolo_target_bias__builder.hpp
[1.254s] -- Up-to-date: /home/tony/25_ws/install/tb4_autonav_interfaces/include/tb4_autonav_interfaces/tb4_autonav_interfaces/msg/detail/traffic_event__type_support.hpp
[1.254s] -- Up-to-date: /home/tony/25_ws/install/tb4_autonav_interfaces/include/tb4_autonav_interfaces/tb4_autonav_interfaces/msg/detail/yolo_target_bias__struct.hpp
[1.254s] -- Up-to-date: /home/tony/25_ws/install/tb4_autonav_interfaces/include/tb4_autonav_interfaces/tb4_autonav_interfaces/msg/detail/traffic_event__builder.hpp
[1.254s] -- Up-to-date: /home/tony/25_ws/install/tb4_autonav_interfaces/include/tb4_autonav_interfaces/tb4_autonav_interfaces/msg/detail/traffic_event__struct.hpp
[1.254s] -- Up-to-date: /home/tony/25_ws/install/tb4_autonav_interfaces/include/tb4_autonav_interfaces/tb4_autonav_interfaces/msg/detail/traffic_event__traits.hpp
[1.255s] -- Up-to-date: /home/tony/25_ws/install/tb4_autonav_interfaces/include/tb4_autonav_interfaces/tb4_autonav_interfaces/msg/yolo_target_bias.hpp
[1.255s] -- Up-to-date: /home/tony/25_ws/install/tb4_autonav_interfaces/include/tb4_autonav_interfaces/tb4_autonav_interfaces/msg/traffic_event.hpp
[1.255s] -- Up-to-date: /home/tony/25_ws/install/tb4_autonav_interfaces/include/tb4_autonav_interfaces/tb4_autonav_interfaces
[1.255s] -- Up-to-date: /home/tony/25_ws/install/tb4_autonav_interfaces/include/tb4_autonav_interfaces/tb4_autonav_interfaces/msg
[1.255s] -- Up-to-date: /home/tony/25_ws/install/tb4_autonav_interfaces/include/tb4_autonav_interfaces/tb4_autonav_interfaces/msg/rosidl_typesupport_fastrtps_cpp__visibility_control.h
[1.256s] -- Up-to-date: /home/tony/25_ws/install/tb4_autonav_interfaces/include/tb4_autonav_interfaces/tb4_autonav_interfaces/msg/detail
[1.256s] -- Up-to-date: /home/tony/25_ws/install/tb4_autonav_interfaces/include/tb4_autonav_interfaces/tb4_autonav_interfaces/msg/detail/traffic_event__rosidl_typesupport_fastrtps_cpp.hpp
[1.256s] -- Up-to-date: /home/tony/25_ws/install/tb4_autonav_interfaces/include/tb4_autonav_interfaces/tb4_autonav_interfaces/msg/detail/dds_fastrtps
[1.256s] -- Up-to-date: /home/tony/25_ws/install/tb4_autonav_interfaces/include/tb4_autonav_interfaces/tb4_autonav_interfaces/msg/detail/yolo_target_bias__rosidl_typesupport_fastrtps_cpp.hpp
[1.256s] -- Up-to-date: /home/tony/25_ws/install/tb4_autonav_interfaces/lib/libtb4_autonav_interfaces__rosidl_typesupport_fastrtps_cpp.so
[1.256s] -- Up-to-date: /home/tony/25_ws/install/tb4_autonav_interfaces/include/tb4_autonav_interfaces/tb4_autonav_interfaces
[1.256s] -- Up-to-date: /home/tony/25_ws/install/tb4_autonav_interfaces/include/tb4_autonav_interfaces/tb4_autonav_interfaces/msg
[1.256s] -- Up-to-date: /home/tony/25_ws/install/tb4_autonav_interfaces/include/tb4_autonav_interfaces/tb4_autonav_interfaces/msg/detail
[1.256s] -- Up-to-date: /home/tony/25_ws/install/tb4_autonav_interfaces/include/tb4_autonav_interfaces/tb4_autonav_interfaces/msg/detail/traffic_event__rosidl_typesupport_introspection_cpp.hpp
[1.256s] -- Up-to-date: /home/tony/25_ws/install/tb4_autonav_interfaces/include/tb4_autonav_interfaces/tb4_autonav_interfaces/msg/detail/traffic_event__type_support.cpp
[1.256s] -- Up-to-date: /home/tony/25_ws/install/tb4_autonav_interfaces/include/tb4_autonav_interfaces/tb4_autonav_interfaces/msg/detail/yolo_target_bias__rosidl_typesupport_introspection_cpp.hpp
[1.256s] -- Up-to-date: /home/tony/25_ws/install/tb4_autonav_interfaces/include/tb4_autonav_interfaces/tb4_autonav_interfaces/msg/detail/yolo_target_bias__type_support.cpp
[1.256s] -- Up-to-date: /home/tony/25_ws/install/tb4_autonav_interfaces/lib/libtb4_autonav_interfaces__rosidl_typesupport_introspection_cpp.so
[1.256s] -- Up-to-date: /home/tony/25_ws/install/tb4_autonav_interfaces/lib/libtb4_autonav_interfaces__rosidl_typesupport_cpp.so
[1.256s] -- Up-to-date: /home/tony/25_ws/install/tb4_autonav_interfaces/share/tb4_autonav_interfaces/environment/pythonpath.sh
[1.257s] -- Up-to-date: /home/tony/25_ws/install/tb4_autonav_interfaces/share/tb4_autonav_interfaces/environment/pythonpath.dsv
[1.257s] -- Up-to-date: /home/tony/25_ws/install/tb4_autonav_interfaces/local/lib/python3.10/dist-packages/tb4_autonav_interfaces-0.0.1-py3.10.egg-info
[1.257s] -- Installing: /home/tony/25_ws/install/tb4_autonav_interfaces/local/lib/python3.10/dist-packages/tb4_autonav_interfaces-0.0.1-py3.10.egg-info/top_level.txt
[1.257s] -- Installing: /home/tony/25_ws/install/tb4_autonav_interfaces/local/lib/python3.10/dist-packages/tb4_autonav_interfaces-0.0.1-py3.10.egg-info/dependency_links.txt
[1.257s] -- Installing: /home/tony/25_ws/install/tb4_autonav_interfaces/local/lib/python3.10/dist-packages/tb4_autonav_interfaces-0.0.1-py3.10.egg-info/SOURCES.txt
[1.257s] -- Installing: /home/tony/25_ws/install/tb4_autonav_interfaces/local/lib/python3.10/dist-packages/tb4_autonav_interfaces-0.0.1-py3.10.egg-info/PKG-INFO
[1.257s] -- Up-to-date: /home/tony/25_ws/install/tb4_autonav_interfaces/local/lib/python3.10/dist-packages/tb4_autonav_interfaces
[1.257s] -- Up-to-date: /home/tony/25_ws/install/tb4_autonav_interfaces/local/lib/python3.10/dist-packages/tb4_autonav_interfaces/tb4_autonav_interfaces_s__rosidl_typesupport_c.cpython-310-x86_64-linux-gnu.so
[1.257s] -- Up-to-date: /home/tony/25_ws/install/tb4_autonav_interfaces/local/lib/python3.10/dist-packages/tb4_autonav_interfaces/libtb4_autonav_interfaces__rosidl_generator_py.so
[1.257s] -- Up-to-date: /home/tony/25_ws/install/tb4_autonav_interfaces/local/lib/python3.10/dist-packages/tb4_autonav_interfaces/_tb4_autonav_interfaces_s.ep.rosidl_typesupport_introspection_c.c
[1.257s] -- Up-to-date: /home/tony/25_ws/install/tb4_autonav_interfaces/local/lib/python3.10/dist-packages/tb4_autonav_interfaces/tb4_autonav_interfaces_s__rosidl_typesupport_fastrtps_c.cpython-310-x86_64-linux-gnu.so
[1.257s] -- Up-to-date: /home/tony/25_ws/install/tb4_autonav_interfaces/local/lib/python3.10/dist-packages/tb4_autonav_interfaces/__init__.py
[1.257s] -- Up-to-date: /home/tony/25_ws/install/tb4_autonav_interfaces/local/lib/python3.10/dist-packages/tb4_autonav_interfaces/tb4_autonav_interfaces_s__rosidl_typesupport_introspection_c.cpython-310-x86_64-linux-gnu.so
[1.257s] -- Up-to-date: /home/tony/25_ws/install/tb4_autonav_interfaces/local/lib/python3.10/dist-packages/tb4_autonav_interfaces/_tb4_autonav_interfaces_s.ep.rosidl_typesupport_c.c
[1.258s] -- Up-to-date: /home/tony/25_ws/install/tb4_autonav_interfaces/local/lib/python3.10/dist-packages/tb4_autonav_interfaces/msg
[1.258s] -- Up-to-date: /home/tony/25_ws/install/tb4_autonav_interfaces/local/lib/python3.10/dist-packages/tb4_autonav_interfaces/msg/_yolo_target_bias_s.c
[1.258s] -- Up-to-date: /home/tony/25_ws/install/tb4_autonav_interfaces/local/lib/python3.10/dist-packages/tb4_autonav_interfaces/msg/_yolo_target_bias.py
[1.258s] -- Up-to-date: /home/tony/25_ws/install/tb4_autonav_interfaces/local/lib/python3.10/dist-packages/tb4_autonav_interfaces/msg/__init__.py
[1.259s] -- Up-to-date: /home/tony/25_ws/install/tb4_autonav_interfaces/local/lib/python3.10/dist-packages/tb4_autonav_interfaces/msg/_traffic_event.py
[1.259s] -- Up-to-date: /home/tony/25_ws/install/tb4_autonav_interfaces/local/lib/python3.10/dist-packages/tb4_autonav_interfaces/msg/_traffic_event_s.c
[1.259s] -- Up-to-date: /home/tony/25_ws/install/tb4_autonav_interfaces/local/lib/python3.10/dist-packages/tb4_autonav_interfaces/_tb4_autonav_interfaces_s.ep.rosidl_typesupport_fastrtps_c.c
[1.315s] Listing '/home/tony/25_ws/install/tb4_autonav_interfaces/local/lib/python3.10/dist-packages/tb4_autonav_interfaces'...
[1.315s] Listing '/home/tony/25_ws/install/tb4_autonav_interfaces/local/lib/python3.10/dist-packages/tb4_autonav_interfaces/msg'...
[1.322s] -- Up-to-date: /home/tony/25_ws/install/tb4_autonav_interfaces/local/lib/python3.10/dist-packages/tb4_autonav_interfaces/tb4_autonav_interfaces_s__rosidl_typesupport_fastrtps_c.cpython-310-x86_64-linux-gnu.so
[1.323s] -- Up-to-date: /home/tony/25_ws/install/tb4_autonav_interfaces/local/lib/python3.10/dist-packages/tb4_autonav_interfaces/tb4_autonav_interfaces_s__rosidl_typesupport_introspection_c.cpython-310-x86_64-linux-gnu.so
[1.323s] -- Up-to-date: /home/tony/25_ws/install/tb4_autonav_interfaces/local/lib/python3.10/dist-packages/tb4_autonav_interfaces/tb4_autonav_interfaces_s__rosidl_typesupport_c.cpython-310-x86_64-linux-gnu.so
[1.323s] -- Up-to-date: /home/tony/25_ws/install/tb4_autonav_interfaces/lib/libtb4_autonav_interfaces__rosidl_generator_py.so
[1.323s] -- Up-to-date: /home/tony/25_ws/install/tb4_autonav_interfaces/share/tb4_autonav_interfaces/msg/TrafficEvent.idl
[1.323s] -- Up-to-date: /home/tony/25_ws/install/tb4_autonav_interfaces/share/tb4_autonav_interfaces/msg/YoloTargetBias.idl
[1.323s] -- Up-to-date: /home/tony/25_ws/install/tb4_autonav_interfaces/share/tb4_autonav_interfaces/msg/TrafficEvent.msg
[1.324s] -- Up-to-date: /home/tony/25_ws/install/tb4_autonav_interfaces/share/tb4_autonav_interfaces/msg/YoloTargetBias.msg
[1.324s] -- Up-to-date: /home/tony/25_ws/install/tb4_autonav_interfaces/share/ament_index/resource_index/package_run_dependencies/tb4_autonav_interfaces
[1.325s] -- Up-to-date: /home/tony/25_ws/install/tb4_autonav_interfaces/share/ament_index/resource_index/parent_prefix_path/tb4_autonav_interfaces
[1.325s] -- Up-to-date: /home/tony/25_ws/install/tb4_autonav_interfaces/share/tb4_autonav_interfaces/environment/ament_prefix_path.sh
[1.327s] -- Up-to-date: /home/tony/25_ws/install/tb4_autonav_interfaces/share/tb4_autonav_interfaces/environment/ament_prefix_path.dsv
[1.327s] -- Up-to-date: /home/tony/25_ws/install/tb4_autonav_interfaces/share/tb4_autonav_interfaces/environment/path.sh
[1.328s] -- Up-to-date: /home/tony/25_ws/install/tb4_autonav_interfaces/share/tb4_autonav_interfaces/environment/path.dsv
[1.328s] -- Up-to-date: /home/tony/25_ws/install/tb4_autonav_interfaces/share/tb4_autonav_interfaces/local_setup.bash
[1.328s] -- Up-to-date: /home/tony/25_ws/install/tb4_autonav_interfaces/share/tb4_autonav_interfaces/local_setup.sh
[1.328s] -- Up-to-date: /home/tony/25_ws/install/tb4_autonav_interfaces/share/tb4_autonav_interfaces/local_setup.zsh
[1.328s] -- Up-to-date: /home/tony/25_ws/install/tb4_autonav_interfaces/share/tb4_autonav_interfaces/local_setup.dsv
[1.328s] -- Installing: /home/tony/25_ws/install/tb4_autonav_interfaces/share/tb4_autonav_interfaces/package.dsv
[1.328s] -- Up-to-date: /home/tony/25_ws/install/tb4_autonav_interfaces/share/ament_index/resource_index/packages/tb4_autonav_interfaces
[1.328s] -- Up-to-date: /home/tony/25_ws/install/tb4_autonav_interfaces/share/tb4_autonav_interfaces/cmake/export_tb4_autonav_interfaces__rosidl_generator_cExport.cmake
[1.328s] -- Up-to-date: /home/tony/25_ws/install/tb4_autonav_interfaces/share/tb4_autonav_interfaces/cmake/export_tb4_autonav_interfaces__rosidl_generator_cExport-noconfig.cmake
[1.328s] -- Up-to-date: /home/tony/25_ws/install/tb4_autonav_interfaces/share/tb4_autonav_interfaces/cmake/export_tb4_autonav_interfaces__rosidl_typesupport_fastrtps_cExport.cmake
[1.329s] -- Up-to-date: /home/tony/25_ws/install/tb4_autonav_interfaces/share/tb4_autonav_interfaces/cmake/export_tb4_autonav_interfaces__rosidl_typesupport_fastrtps_cExport-noconfig.cmake
[1.330s] -- Up-to-date: /home/tony/25_ws/install/tb4_autonav_interfaces/share/tb4_autonav_interfaces/cmake/tb4_autonav_interfaces__rosidl_typesupport_introspection_cExport.cmake
[1.330s] -- Up-to-date: /home/tony/25_ws/install/tb4_autonav_interfaces/share/tb4_autonav_interfaces/cmake/tb4_autonav_interfaces__rosidl_typesupport_introspection_cExport-noconfig.cmake
[1.330s] -- Up-to-date: /home/tony/25_ws/install/tb4_autonav_interfaces/share/tb4_autonav_interfaces/cmake/tb4_autonav_interfaces__rosidl_typesupport_cExport.cmake
[1.331s] -- Up-to-date: /home/tony/25_ws/install/tb4_autonav_interfaces/share/tb4_autonav_interfaces/cmake/tb4_autonav_interfaces__rosidl_typesupport_cExport-noconfig.cmake
[1.331s] -- Up-to-date: /home/tony/25_ws/install/tb4_autonav_interfaces/share/tb4_autonav_interfaces/cmake/export_tb4_autonav_interfaces__rosidl_generator_cppExport.cmake
[1.331s] -- Up-to-date: /home/tony/25_ws/install/tb4_autonav_interfaces/share/tb4_autonav_interfaces/cmake/export_tb4_autonav_interfaces__rosidl_typesupport_fastrtps_cppExport.cmake
[1.331s] -- Up-to-date: /home/tony/25_ws/install/tb4_autonav_interfaces/share/tb4_autonav_interfaces/cmake/export_tb4_autonav_interfaces__rosidl_typesupport_fastrtps_cppExport-noconfig.cmake
[1.331s] -- Up-to-date: /home/tony/25_ws/install/tb4_autonav_interfaces/share/tb4_autonav_interfaces/cmake/tb4_autonav_interfaces__rosidl_typesupport_introspection_cppExport.cmake
[1.331s] -- Up-to-date: /home/tony/25_ws/install/tb4_autonav_interfaces/share/tb4_autonav_interfaces/cmake/tb4_autonav_interfaces__rosidl_typesupport_introspection_cppExport-noconfig.cmake
[1.331s] -- Up-to-date: /home/tony/25_ws/install/tb4_autonav_interfaces/share/tb4_autonav_interfaces/cmake/tb4_autonav_interfaces__rosidl_typesupport_cppExport.cmake
[1.331s] -- Up-to-date: /home/tony/25_ws/install/tb4_autonav_interfaces/share/tb4_autonav_interfaces/cmake/tb4_autonav_interfaces__rosidl_typesupport_cppExport-noconfig.cmake
[1.331s] -- Up-to-date: /home/tony/25_ws/install/tb4_autonav_interfaces/share/tb4_autonav_interfaces/cmake/export_tb4_autonav_interfaces__rosidl_generator_pyExport.cmake
[1.331s] -- Up-to-date: /home/tony/25_ws/install/tb4_autonav_interfaces/share/tb4_autonav_interfaces/cmake/export_tb4_autonav_interfaces__rosidl_generator_pyExport-noconfig.cmake
[1.331s] -- Up-to-date: /home/tony/25_ws/install/tb4_autonav_interfaces/share/tb4_autonav_interfaces/cmake/rosidl_cmake-extras.cmake
[1.331s] -- Up-to-date: /home/tony/25_ws/install/tb4_autonav_interfaces/share/tb4_autonav_interfaces/cmake/ament_cmake_export_dependencies-extras.cmake
[1.331s] -- Up-to-date: /home/tony/25_ws/install/tb4_autonav_interfaces/share/tb4_autonav_interfaces/cmake/ament_cmake_export_include_directories-extras.cmake
[1.331s] -- Up-to-date: /home/tony/25_ws/install/tb4_autonav_interfaces/share/tb4_autonav_interfaces/cmake/ament_cmake_export_libraries-extras.cmake
[1.332s] -- Up-to-date: /home/tony/25_ws/install/tb4_autonav_interfaces/share/tb4_autonav_interfaces/cmake/ament_cmake_export_targets-extras.cmake
[1.332s] -- Up-to-date: /home/tony/25_ws/install/tb4_autonav_interfaces/share/tb4_autonav_interfaces/cmake/rosidl_cmake_export_typesupport_targets-extras.cmake
[1.332s] -- Up-to-date: /home/tony/25_ws/install/tb4_autonav_interfaces/share/tb4_autonav_interfaces/cmake/rosidl_cmake_export_typesupport_libraries-extras.cmake
[1.332s] -- Up-to-date: /home/tony/25_ws/install/tb4_autonav_interfaces/share/tb4_autonav_interfaces/cmake/tb4_autonav_interfacesConfig.cmake
[1.332s] -- Up-to-date: /home/tony/25_ws/install/tb4_autonav_interfaces/share/tb4_autonav_interfaces/cmake/tb4_autonav_interfacesConfig-version.cmake
[1.335s] -- Up-to-date: /home/tony/25_ws/install/tb4_autonav_interfaces/share/tb4_autonav_interfaces/package.xml
[1.338s] Invoked command in '/home/tony/25_ws/build/tb4_autonav_interfaces' returned '0': CMAKE_PREFIX_PATH=${CMAKE_PREFIX_PATH}:/home/tony/ros2_ws/install/witmotion_ros_driver:/home/tony/ros2_ws/install/ros2_aruco:/home/tony/ros2_ws/install/interbotix_xs_modules:/home/tony/ros2_ws/install/interbotix_perception_modules:/home/tony/ros2_ws/install/interbotix_common_modules:/home/tony/ros2_ws/install/detection:/home/tony/new_ws/install/project:/home/tony/25_ws/install/tb4_autonav:/home/tony/24fall_EE211_ws/install/turtlebot4_tests:/home/tony/24fall_EE211_ws/install/turtlebot4_diagnostics:/opt/ros/humble /usr/bin/cmake --install /home/tony/25_ws/build/tb4_autonav_interfaces
