/home/rededge/25_ws/install/tb4_autonav/lib/python3.10/site-packages/tb4_autonav/traffic_detector_node.py
/home/rededge/25_ws/install/tb4_autonav/lib/python3.10/site-packages/tb4_autonav/waypoint_navigator.py
/home/rededge/25_ws/install/tb4_autonav/lib/python3.10/site-packages/tb4_autonav/task_navigator.py
/home/rededge/25_ws/install/tb4_autonav/lib/python3.10/site-packages/tb4_autonav/__init__.py
/home/rededge/25_ws/install/tb4_autonav/lib/python3.10/site-packages/tb4_autonav/task_combined_navigator.py
/home/rededge/25_ws/install/tb4_autonav/lib/python3.10/site-packages/tb4_autonav/__pycache__/traffic_detector_node.cpython-310.pyc
/home/rededge/25_ws/install/tb4_autonav/lib/python3.10/site-packages/tb4_autonav/__pycache__/waypoint_navigator.cpython-310.pyc
/home/rededge/25_ws/install/tb4_autonav/lib/python3.10/site-packages/tb4_autonav/__pycache__/task_navigator.cpython-310.pyc
/home/rededge/25_ws/install/tb4_autonav/lib/python3.10/site-packages/tb4_autonav/__pycache__/__init__.cpython-310.pyc
/home/rededge/25_ws/install/tb4_autonav/lib/python3.10/site-packages/tb4_autonav/__pycache__/task_combined_navigator.cpython-310.pyc
/home/rededge/25_ws/install/tb4_autonav/share/ament_index/resource_index/packages/tb4_autonav
/home/rededge/25_ws/install/tb4_autonav/share/tb4_autonav/package.xml
/home/rededge/25_ws/install/tb4_autonav/share/tb4_autonav/launch/mapping_bringup.launch.py
/home/rededge/25_ws/install/tb4_autonav/share/tb4_autonav/launch/nav_bringup.launch.py
/home/rededge/25_ws/install/tb4_autonav/share/tb4_autonav/launch/task_bringup.launch.py
/home/rededge/25_ws/install/tb4_autonav/share/tb4_autonav/config/slam_with_init.yaml
/home/rededge/25_ws/install/tb4_autonav/lib/python3.10/site-packages/tb4_autonav-0.0.1-py3.10.egg-info/SOURCES.txt
/home/rededge/25_ws/install/tb4_autonav/lib/python3.10/site-packages/tb4_autonav-0.0.1-py3.10.egg-info/top_level.txt
/home/rededge/25_ws/install/tb4_autonav/lib/python3.10/site-packages/tb4_autonav-0.0.1-py3.10.egg-info/zip-safe
/home/rededge/25_ws/install/tb4_autonav/lib/python3.10/site-packages/tb4_autonav-0.0.1-py3.10.egg-info/dependency_links.txt
/home/rededge/25_ws/install/tb4_autonav/lib/python3.10/site-packages/tb4_autonav-0.0.1-py3.10.egg-info/PKG-INFO
/home/rededge/25_ws/install/tb4_autonav/lib/python3.10/site-packages/tb4_autonav-0.0.1-py3.10.egg-info/requires.txt
/home/rededge/25_ws/install/tb4_autonav/lib/python3.10/site-packages/tb4_autonav-0.0.1-py3.10.egg-info/entry_points.txt
/home/rededge/25_ws/install/tb4_autonav/lib/tb4_autonav/task_combined_navigator
/home/rededge/25_ws/install/tb4_autonav/lib/tb4_autonav/task_navigator
/home/rededge/25_ws/install/tb4_autonav/lib/tb4_autonav/traffic_detector_node
/home/rededge/25_ws/install/tb4_autonav/lib/tb4_autonav/waypoint_navigator
