[0.011s] Invoking command in '/home/rededge/25_ws/build/tb4_autonav_interfaces': CMAKE_PREFIX_PATH=/opt/ros/humble /usr/bin/cmake /home/rededge/25_ws/src/tb4_autonav_interfaces -DCMAKE_INSTALL_PREFIX=/home/rededge/25_ws/install/tb4_autonav_interfaces
[0.020s] -- Found ament_cmake: 1.3.12 (/opt/ros/humble/share/ament_cmake/cmake)
[0.108s] -- Found rosidl_default_generators: 1.2.0 (/opt/ros/humble/share/rosidl_default_generators/cmake)
[0.109s] -- Using all available rosidl_typesupport_c: rosidl_typesupport_fastrtps_c;rosidl_typesupport_introspection_c
[0.111s] -- Found rosidl_adapter: 3.1.7 (/opt/ros/humble/share/rosidl_adapter/cmake)
[0.134s] -- Using all available rosidl_typesupport_cpp: rosidl_typesupport_fastrtps_cpp;rosidl_typesupport_introspection_cpp
[0.152s] -- Found builtin_interfaces: 1.2.2 (/opt/ros/humble/share/builtin_interfaces/cmake)
[0.159s] -- Found std_msgs: 4.9.0 (/opt/ros/humble/share/std_msgs/cmake)
[0.352s] -- Found ament_cmake_ros: 0.10.0 (/opt/ros/humble/share/ament_cmake_ros/cmake)
[0.512s] -- Using all available rosidl_typesupport_c: rosidl_typesupport_fastrtps_c;rosidl_typesupport_introspection_c
[0.713s] -- Using all available rosidl_typesupport_cpp: rosidl_typesupport_fastrtps_cpp;rosidl_typesupport_introspection_cpp
[0.729s] -- Found PythonInterp: /usr/bin/python3 (found suitable version "3.10.12", minimum required is "3.6") 
[0.731s] -- Found python_cmake_module: 0.10.0 (/opt/ros/humble/share/python_cmake_module/cmake)
[0.750s] -- Found PythonLibs: /usr/lib/x86_64-linux-gnu/libpython3.10.so (found suitable version "3.10.12", minimum required is "3.5") 
[0.750s] -- Using PYTHON_EXECUTABLE: /usr/bin/python3
[0.750s] -- Using PYTHON_INCLUDE_DIRS: /usr/include/python3.10
[0.750s] -- Using PYTHON_LIBRARIES: /usr/lib/x86_64-linux-gnu/libpython3.10.so
[0.765s] -- Found PythonExtra: .so  
[0.801s] -- Configuring done
[0.827s] -- Generating done
[0.835s] -- Build files have been written to: /home/rededge/25_ws/build/tb4_autonav_interfaces
[0.841s] Invoked command in '/home/rededge/25_ws/build/tb4_autonav_interfaces' returned '0': CMAKE_PREFIX_PATH=/opt/ros/humble /usr/bin/cmake /home/rededge/25_ws/src/tb4_autonav_interfaces -DCMAKE_INSTALL_PREFIX=/home/rededge/25_ws/install/tb4_autonav_interfaces
[0.842s] Invoking command in '/home/rededge/25_ws/build/tb4_autonav_interfaces': CMAKE_PREFIX_PATH=/opt/ros/humble /usr/bin/cmake --build /home/rededge/25_ws/build/tb4_autonav_interfaces -- -j24 -l24
[0.873s] [  3%] [34m[1mGenerating C code for ROS interfaces[0m
[0.883s] [  6%] [34m[1mGenerating C++ code for ROS interfaces[0m
[0.888s] [  6%] Built target ament_cmake_python_copy_tb4_autonav_interfaces
[1.074s] running egg_info
[1.074s] creating tb4_autonav_interfaces.egg-info
[1.075s] writing tb4_autonav_interfaces.egg-info/PKG-INFO
[1.076s] writing dependency_links to tb4_autonav_interfaces.egg-info/dependency_links.txt
[1.076s] writing top-level names to tb4_autonav_interfaces.egg-info/top_level.txt
[1.076s] writing manifest file 'tb4_autonav_interfaces.egg-info/SOURCES.txt'
[1.076s] reading manifest file 'tb4_autonav_interfaces.egg-info/SOURCES.txt'
[1.077s] writing manifest file 'tb4_autonav_interfaces.egg-info/SOURCES.txt'
[1.082s] [  9%] [32mBuilding C object CMakeFiles/tb4_autonav_interfaces__rosidl_generator_c.dir/rosidl_generator_c/tb4_autonav_interfaces/msg/detail/traffic_event__functions.c.o[0m
[1.095s] [  9%] Built target ament_cmake_python_build_tb4_autonav_interfaces_egg
[1.104s] [  9%] Built target tb4_autonav_interfaces__cpp
[1.112s] [ 16%] [34m[1mGenerating C++ type support dispatch for ROS interfaces[0m
[1.112s] [ 16%] [34m[1mGenerating C++ type support for eProsima Fast-RTPS[0m
[1.113s] [ 19%] [34m[1mGenerating C++ introspection for ROS interfaces[0m
[1.122s] [ 22%] [32m[1mLinking C shared library libtb4_autonav_interfaces__rosidl_generator_c.so[0m
[1.152s] [ 22%] Built target tb4_autonav_interfaces__rosidl_generator_c
[1.160s] [ 29%] [34m[1mGenerating C type support dispatch for ROS interfaces[0m
[1.160s] [ 29%] [34m[1mGenerating C introspection for ROS interfaces[0m
[1.161s] [ 32%] [34m[1mGenerating C type support for eProsima Fast-RTPS[0m
[1.294s] [ 35%] [32mBuilding CXX object CMakeFiles/tb4_autonav_interfaces__rosidl_typesupport_cpp.dir/rosidl_typesupport_cpp/tb4_autonav_interfaces/msg/traffic_event__type_support.cpp.o[0m
[1.308s] [ 38%] [32mBuilding CXX object CMakeFiles/tb4_autonav_interfaces__rosidl_typesupport_introspection_cpp.dir/rosidl_typesupport_introspection_cpp/tb4_autonav_interfaces/msg/detail/traffic_event__type_support.cpp.o[0m
[1.311s] [ 41%] [32mBuilding CXX object CMakeFiles/tb4_autonav_interfaces__rosidl_typesupport_fastrtps_cpp.dir/rosidl_typesupport_fastrtps_cpp/tb4_autonav_interfaces/msg/detail/dds_fastrtps/traffic_event__type_support.cpp.o[0m
[1.351s] [ 45%] [32mBuilding CXX object CMakeFiles/tb4_autonav_interfaces__rosidl_typesupport_c.dir/rosidl_typesupport_c/tb4_autonav_interfaces/msg/traffic_event__type_support.cpp.o[0m
[1.364s] [ 48%] [32mBuilding C object CMakeFiles/tb4_autonav_interfaces__rosidl_typesupport_introspection_c.dir/rosidl_typesupport_introspection_c/tb4_autonav_interfaces/msg/detail/traffic_event__type_support.c.o[0m
[1.364s] [ 51%] [32mBuilding CXX object CMakeFiles/tb4_autonav_interfaces__rosidl_typesupport_fastrtps_c.dir/rosidl_typesupport_fastrtps_c/tb4_autonav_interfaces/msg/detail/traffic_event__type_support_c.cpp.o[0m
[1.375s] [ 54%] [32m[1mLinking CXX shared library libtb4_autonav_interfaces__rosidl_typesupport_c.so[0m
[1.393s] [ 58%] [32m[1mLinking C shared library libtb4_autonav_interfaces__rosidl_typesupport_introspection_c.so[0m
[1.409s] [ 58%] Built target tb4_autonav_interfaces__rosidl_typesupport_c
[1.420s] [ 58%] Built target tb4_autonav_interfaces__rosidl_typesupport_introspection_c
[1.483s] [ 61%] [32m[1mLinking CXX shared library libtb4_autonav_interfaces__rosidl_typesupport_cpp.so[0m
[1.518s] [ 61%] Built target tb4_autonav_interfaces__rosidl_typesupport_cpp
[1.581s] [ 64%] [32m[1mLinking CXX shared library libtb4_autonav_interfaces__rosidl_typesupport_introspection_cpp.so[0m
[1.593s] [ 67%] [32m[1mLinking CXX shared library libtb4_autonav_interfaces__rosidl_typesupport_fastrtps_cpp.so[0m
[1.607s] [ 70%] [32m[1mLinking CXX shared library libtb4_autonav_interfaces__rosidl_typesupport_fastrtps_c.so[0m
[1.630s] [ 70%] Built target tb4_autonav_interfaces__rosidl_typesupport_introspection_cpp
[1.649s] [ 70%] Built target tb4_autonav_interfaces__rosidl_typesupport_fastrtps_cpp
[1.664s] [ 70%] Built target tb4_autonav_interfaces__rosidl_typesupport_fastrtps_c
[1.680s] [ 70%] Built target tb4_autonav_interfaces
[1.695s] [ 74%] [34m[1mGenerating Python code for ROS interfaces[0m
[1.954s] [ 74%] Built target tb4_autonav_interfaces__py
[1.969s] [ 77%] [32mBuilding C object CMakeFiles/tb4_autonav_interfaces__rosidl_generator_py.dir/rosidl_generator_py/tb4_autonav_interfaces/msg/_traffic_event_s.c.o[0m
[2.044s] [ 80%] [32m[1mLinking C shared library rosidl_generator_py/tb4_autonav_interfaces/libtb4_autonav_interfaces__rosidl_generator_py.so[0m
[2.076s] [ 80%] Built target tb4_autonav_interfaces__rosidl_generator_py
[2.092s] [ 83%] [32mBuilding C object CMakeFiles/tb4_autonav_interfaces__rosidl_typesupport_fastrtps_c__pyext.dir/rosidl_generator_py/tb4_autonav_interfaces/_tb4_autonav_interfaces_s.ep.rosidl_typesupport_fastrtps_c.c.o[0m
[2.092s] [ 87%] [32mBuilding C object CMakeFiles/tb4_autonav_interfaces__rosidl_typesupport_c__pyext.dir/rosidl_generator_py/tb4_autonav_interfaces/_tb4_autonav_interfaces_s.ep.rosidl_typesupport_c.c.o[0m
[2.093s] [ 90%] [32mBuilding C object CMakeFiles/tb4_autonav_interfaces__rosidl_typesupport_introspection_c__pyext.dir/rosidl_generator_py/tb4_autonav_interfaces/_tb4_autonav_interfaces_s.ep.rosidl_typesupport_introspection_c.c.o[0m
[2.164s] [ 96%] [32m[1mLinking C shared library rosidl_generator_py/tb4_autonav_interfaces/tb4_autonav_interfaces_s__rosidl_typesupport_fastrtps_c.cpython-310-x86_64-linux-gnu.so[0m
[2.164s] [ 96%] [32m[1mLinking C shared library rosidl_generator_py/tb4_autonav_interfaces/tb4_autonav_interfaces_s__rosidl_typesupport_c.cpython-310-x86_64-linux-gnu.so[0m
[2.166s] [100%] [32m[1mLinking C shared library rosidl_generator_py/tb4_autonav_interfaces/tb4_autonav_interfaces_s__rosidl_typesupport_introspection_c.cpython-310-x86_64-linux-gnu.so[0m
[2.195s] [100%] Built target tb4_autonav_interfaces__rosidl_typesupport_c__pyext
[2.195s] [100%] Built target tb4_autonav_interfaces__rosidl_typesupport_fastrtps_c__pyext
[2.196s] [100%] Built target tb4_autonav_interfaces__rosidl_typesupport_introspection_c__pyext
[2.206s] Invoked command in '/home/rededge/25_ws/build/tb4_autonav_interfaces' returned '0': CMAKE_PREFIX_PATH=/opt/ros/humble /usr/bin/cmake --build /home/rededge/25_ws/build/tb4_autonav_interfaces -- -j24 -l24
[2.215s] Invoking command in '/home/rededge/25_ws/build/tb4_autonav_interfaces': CMAKE_PREFIX_PATH=/opt/ros/humble /usr/bin/cmake --install /home/rededge/25_ws/build/tb4_autonav_interfaces
[2.222s] -- Install configuration: ""
[2.222s] -- Installing: /home/rededge/25_ws/install/tb4_autonav_interfaces/share/ament_index/resource_index/rosidl_interfaces/tb4_autonav_interfaces
[2.222s] -- Installing: /home/rededge/25_ws/install/tb4_autonav_interfaces/include/tb4_autonav_interfaces/tb4_autonav_interfaces
[2.222s] -- Installing: /home/rededge/25_ws/install/tb4_autonav_interfaces/include/tb4_autonav_interfaces/tb4_autonav_interfaces/msg
[2.222s] -- Installing: /home/rededge/25_ws/install/tb4_autonav_interfaces/include/tb4_autonav_interfaces/tb4_autonav_interfaces/msg/rosidl_generator_c__visibility_control.h
[2.222s] -- Installing: /home/rededge/25_ws/install/tb4_autonav_interfaces/include/tb4_autonav_interfaces/tb4_autonav_interfaces/msg/traffic_event.h
[2.222s] -- Installing: /home/rededge/25_ws/install/tb4_autonav_interfaces/include/tb4_autonav_interfaces/tb4_autonav_interfaces/msg/detail
[2.222s] -- Installing: /home/rededge/25_ws/install/tb4_autonav_interfaces/include/tb4_autonav_interfaces/tb4_autonav_interfaces/msg/detail/traffic_event__functions.c
[2.222s] -- Installing: /home/rededge/25_ws/install/tb4_autonav_interfaces/include/tb4_autonav_interfaces/tb4_autonav_interfaces/msg/detail/traffic_event__struct.h
[2.223s] -- Installing: /home/rededge/25_ws/install/tb4_autonav_interfaces/include/tb4_autonav_interfaces/tb4_autonav_interfaces/msg/detail/traffic_event__type_support.h
[2.223s] -- Installing: /home/rededge/25_ws/install/tb4_autonav_interfaces/include/tb4_autonav_interfaces/tb4_autonav_interfaces/msg/detail/traffic_event__functions.h
[2.223s] -- Installing: /home/rededge/25_ws/install/tb4_autonav_interfaces/share/tb4_autonav_interfaces/environment/library_path.sh
[2.223s] -- Installing: /home/rededge/25_ws/install/tb4_autonav_interfaces/share/tb4_autonav_interfaces/environment/library_path.dsv
[2.223s] -- Installing: /home/rededge/25_ws/install/tb4_autonav_interfaces/lib/libtb4_autonav_interfaces__rosidl_generator_c.so
[2.223s] -- Set runtime path of "/home/rededge/25_ws/install/tb4_autonav_interfaces/lib/libtb4_autonav_interfaces__rosidl_generator_c.so" to ""
[2.224s] -- Up-to-date: /home/rededge/25_ws/install/tb4_autonav_interfaces/include/tb4_autonav_interfaces/tb4_autonav_interfaces
[2.224s] -- Up-to-date: /home/rededge/25_ws/install/tb4_autonav_interfaces/include/tb4_autonav_interfaces/tb4_autonav_interfaces/msg
[2.224s] -- Installing: /home/rededge/25_ws/install/tb4_autonav_interfaces/include/tb4_autonav_interfaces/tb4_autonav_interfaces/msg/rosidl_typesupport_fastrtps_c__visibility_control.h
[2.224s] -- Up-to-date: /home/rededge/25_ws/install/tb4_autonav_interfaces/include/tb4_autonav_interfaces/tb4_autonav_interfaces/msg/detail
[2.224s] -- Installing: /home/rededge/25_ws/install/tb4_autonav_interfaces/include/tb4_autonav_interfaces/tb4_autonav_interfaces/msg/detail/traffic_event__rosidl_typesupport_fastrtps_c.h
[2.224s] -- Installing: /home/rededge/25_ws/install/tb4_autonav_interfaces/lib/libtb4_autonav_interfaces__rosidl_typesupport_fastrtps_c.so
[2.224s] -- Set runtime path of "/home/rededge/25_ws/install/tb4_autonav_interfaces/lib/libtb4_autonav_interfaces__rosidl_typesupport_fastrtps_c.so" to ""
[2.224s] -- Up-to-date: /home/rededge/25_ws/install/tb4_autonav_interfaces/include/tb4_autonav_interfaces/tb4_autonav_interfaces
[2.224s] -- Up-to-date: /home/rededge/25_ws/install/tb4_autonav_interfaces/include/tb4_autonav_interfaces/tb4_autonav_interfaces/msg
[2.224s] -- Installing: /home/rededge/25_ws/install/tb4_autonav_interfaces/include/tb4_autonav_interfaces/tb4_autonav_interfaces/msg/rosidl_typesupport_introspection_c__visibility_control.h
[2.225s] -- Up-to-date: /home/rededge/25_ws/install/tb4_autonav_interfaces/include/tb4_autonav_interfaces/tb4_autonav_interfaces/msg/detail
[2.225s] -- Installing: /home/rededge/25_ws/install/tb4_autonav_interfaces/include/tb4_autonav_interfaces/tb4_autonav_interfaces/msg/detail/traffic_event__type_support.c
[2.225s] -- Installing: /home/rededge/25_ws/install/tb4_autonav_interfaces/include/tb4_autonav_interfaces/tb4_autonav_interfaces/msg/detail/traffic_event__rosidl_typesupport_introspection_c.h
[2.225s] -- Installing: /home/rededge/25_ws/install/tb4_autonav_interfaces/lib/libtb4_autonav_interfaces__rosidl_typesupport_introspection_c.so
[2.225s] -- Set runtime path of "/home/rededge/25_ws/install/tb4_autonav_interfaces/lib/libtb4_autonav_interfaces__rosidl_typesupport_introspection_c.so" to ""
[2.225s] -- Installing: /home/rededge/25_ws/install/tb4_autonav_interfaces/lib/libtb4_autonav_interfaces__rosidl_typesupport_c.so
[2.225s] -- Set runtime path of "/home/rededge/25_ws/install/tb4_autonav_interfaces/lib/libtb4_autonav_interfaces__rosidl_typesupport_c.so" to ""
[2.226s] -- Up-to-date: /home/rededge/25_ws/install/tb4_autonav_interfaces/include/tb4_autonav_interfaces/tb4_autonav_interfaces
[2.226s] -- Up-to-date: /home/rededge/25_ws/install/tb4_autonav_interfaces/include/tb4_autonav_interfaces/tb4_autonav_interfaces/msg
[2.226s] -- Installing: /home/rededge/25_ws/install/tb4_autonav_interfaces/include/tb4_autonav_interfaces/tb4_autonav_interfaces/msg/rosidl_generator_cpp__visibility_control.hpp
[2.226s] -- Installing: /home/rededge/25_ws/install/tb4_autonav_interfaces/include/tb4_autonav_interfaces/tb4_autonav_interfaces/msg/traffic_event.hpp
[2.226s] -- Up-to-date: /home/rededge/25_ws/install/tb4_autonav_interfaces/include/tb4_autonav_interfaces/tb4_autonav_interfaces/msg/detail
[2.226s] -- Installing: /home/rededge/25_ws/install/tb4_autonav_interfaces/include/tb4_autonav_interfaces/tb4_autonav_interfaces/msg/detail/traffic_event__type_support.hpp
[2.226s] -- Installing: /home/rededge/25_ws/install/tb4_autonav_interfaces/include/tb4_autonav_interfaces/tb4_autonav_interfaces/msg/detail/traffic_event__struct.hpp
[2.226s] -- Installing: /home/rededge/25_ws/install/tb4_autonav_interfaces/include/tb4_autonav_interfaces/tb4_autonav_interfaces/msg/detail/traffic_event__traits.hpp
[2.226s] -- Installing: /home/rededge/25_ws/install/tb4_autonav_interfaces/include/tb4_autonav_interfaces/tb4_autonav_interfaces/msg/detail/traffic_event__builder.hpp
[2.226s] -- Up-to-date: /home/rededge/25_ws/install/tb4_autonav_interfaces/include/tb4_autonav_interfaces/tb4_autonav_interfaces
[2.226s] -- Up-to-date: /home/rededge/25_ws/install/tb4_autonav_interfaces/include/tb4_autonav_interfaces/tb4_autonav_interfaces/msg
[2.226s] -- Installing: /home/rededge/25_ws/install/tb4_autonav_interfaces/include/tb4_autonav_interfaces/tb4_autonav_interfaces/msg/rosidl_typesupport_fastrtps_cpp__visibility_control.h
[2.226s] -- Up-to-date: /home/rededge/25_ws/install/tb4_autonav_interfaces/include/tb4_autonav_interfaces/tb4_autonav_interfaces/msg/detail
[2.226s] -- Installing: /home/rededge/25_ws/install/tb4_autonav_interfaces/include/tb4_autonav_interfaces/tb4_autonav_interfaces/msg/detail/traffic_event__rosidl_typesupport_fastrtps_cpp.hpp
[2.227s] -- Installing: /home/rededge/25_ws/install/tb4_autonav_interfaces/include/tb4_autonav_interfaces/tb4_autonav_interfaces/msg/detail/dds_fastrtps
[2.227s] -- Installing: /home/rededge/25_ws/install/tb4_autonav_interfaces/lib/libtb4_autonav_interfaces__rosidl_typesupport_fastrtps_cpp.so
[2.227s] -- Set runtime path of "/home/rededge/25_ws/install/tb4_autonav_interfaces/lib/libtb4_autonav_interfaces__rosidl_typesupport_fastrtps_cpp.so" to ""
[2.227s] -- Up-to-date: /home/rededge/25_ws/install/tb4_autonav_interfaces/include/tb4_autonav_interfaces/tb4_autonav_interfaces
[2.227s] -- Up-to-date: /home/rededge/25_ws/install/tb4_autonav_interfaces/include/tb4_autonav_interfaces/tb4_autonav_interfaces/msg
[2.227s] -- Up-to-date: /home/rededge/25_ws/install/tb4_autonav_interfaces/include/tb4_autonav_interfaces/tb4_autonav_interfaces/msg/detail
[2.227s] -- Installing: /home/rededge/25_ws/install/tb4_autonav_interfaces/include/tb4_autonav_interfaces/tb4_autonav_interfaces/msg/detail/traffic_event__type_support.cpp
[2.227s] -- Installing: /home/rededge/25_ws/install/tb4_autonav_interfaces/include/tb4_autonav_interfaces/tb4_autonav_interfaces/msg/detail/traffic_event__rosidl_typesupport_introspection_cpp.hpp
[2.227s] -- Installing: /home/rededge/25_ws/install/tb4_autonav_interfaces/lib/libtb4_autonav_interfaces__rosidl_typesupport_introspection_cpp.so
[2.228s] -- Set runtime path of "/home/rededge/25_ws/install/tb4_autonav_interfaces/lib/libtb4_autonav_interfaces__rosidl_typesupport_introspection_cpp.so" to ""
[2.228s] -- Installing: /home/rededge/25_ws/install/tb4_autonav_interfaces/lib/libtb4_autonav_interfaces__rosidl_typesupport_cpp.so
[2.228s] -- Set runtime path of "/home/rededge/25_ws/install/tb4_autonav_interfaces/lib/libtb4_autonav_interfaces__rosidl_typesupport_cpp.so" to ""
[2.228s] -- Installing: /home/rededge/25_ws/install/tb4_autonav_interfaces/share/tb4_autonav_interfaces/environment/pythonpath.sh
[2.228s] -- Installing: /home/rededge/25_ws/install/tb4_autonav_interfaces/share/tb4_autonav_interfaces/environment/pythonpath.dsv
[2.228s] -- Installing: /home/rededge/25_ws/install/tb4_autonav_interfaces/local/lib/python3.10/dist-packages/tb4_autonav_interfaces-0.0.1-py3.10.egg-info
[2.228s] -- Installing: /home/rededge/25_ws/install/tb4_autonav_interfaces/local/lib/python3.10/dist-packages/tb4_autonav_interfaces-0.0.1-py3.10.egg-info/SOURCES.txt
[2.228s] -- Installing: /home/rededge/25_ws/install/tb4_autonav_interfaces/local/lib/python3.10/dist-packages/tb4_autonav_interfaces-0.0.1-py3.10.egg-info/top_level.txt
[2.229s] -- Installing: /home/rededge/25_ws/install/tb4_autonav_interfaces/local/lib/python3.10/dist-packages/tb4_autonav_interfaces-0.0.1-py3.10.egg-info/dependency_links.txt
[2.229s] -- Installing: /home/rededge/25_ws/install/tb4_autonav_interfaces/local/lib/python3.10/dist-packages/tb4_autonav_interfaces-0.0.1-py3.10.egg-info/PKG-INFO
[2.229s] -- Installing: /home/rededge/25_ws/install/tb4_autonav_interfaces/local/lib/python3.10/dist-packages/tb4_autonav_interfaces
[2.229s] -- Installing: /home/rededge/25_ws/install/tb4_autonav_interfaces/local/lib/python3.10/dist-packages/tb4_autonav_interfaces/tb4_autonav_interfaces_s__rosidl_typesupport_c.cpython-310-x86_64-linux-gnu.so
[2.229s] -- Installing: /home/rededge/25_ws/install/tb4_autonav_interfaces/local/lib/python3.10/dist-packages/tb4_autonav_interfaces/libtb4_autonav_interfaces__rosidl_generator_py.so
[2.229s] -- Installing: /home/rededge/25_ws/install/tb4_autonav_interfaces/local/lib/python3.10/dist-packages/tb4_autonav_interfaces/msg
[2.229s] -- Installing: /home/rededge/25_ws/install/tb4_autonav_interfaces/local/lib/python3.10/dist-packages/tb4_autonav_interfaces/msg/_traffic_event.py
[2.229s] -- Installing: /home/rededge/25_ws/install/tb4_autonav_interfaces/local/lib/python3.10/dist-packages/tb4_autonav_interfaces/msg/_traffic_event_s.c
[2.229s] -- Installing: /home/rededge/25_ws/install/tb4_autonav_interfaces/local/lib/python3.10/dist-packages/tb4_autonav_interfaces/msg/__init__.py
[2.229s] -- Installing: /home/rededge/25_ws/install/tb4_autonav_interfaces/local/lib/python3.10/dist-packages/tb4_autonav_interfaces/tb4_autonav_interfaces_s__rosidl_typesupport_introspection_c.cpython-310-x86_64-linux-gnu.so
[2.230s] -- Installing: /home/rededge/25_ws/install/tb4_autonav_interfaces/local/lib/python3.10/dist-packages/tb4_autonav_interfaces/tb4_autonav_interfaces_s__rosidl_typesupport_fastrtps_c.cpython-310-x86_64-linux-gnu.so
[2.230s] -- Installing: /home/rededge/25_ws/install/tb4_autonav_interfaces/local/lib/python3.10/dist-packages/tb4_autonav_interfaces/_tb4_autonav_interfaces_s.ep.rosidl_typesupport_c.c
[2.230s] -- Installing: /home/rededge/25_ws/install/tb4_autonav_interfaces/local/lib/python3.10/dist-packages/tb4_autonav_interfaces/_tb4_autonav_interfaces_s.ep.rosidl_typesupport_introspection_c.c
[2.230s] -- Installing: /home/rededge/25_ws/install/tb4_autonav_interfaces/local/lib/python3.10/dist-packages/tb4_autonav_interfaces/_tb4_autonav_interfaces_s.ep.rosidl_typesupport_fastrtps_c.c
[2.230s] -- Installing: /home/rededge/25_ws/install/tb4_autonav_interfaces/local/lib/python3.10/dist-packages/tb4_autonav_interfaces/__init__.py
[2.254s] Listing '/home/rededge/25_ws/install/tb4_autonav_interfaces/local/lib/python3.10/dist-packages/tb4_autonav_interfaces'...
[2.255s] Compiling '/home/rededge/25_ws/install/tb4_autonav_interfaces/local/lib/python3.10/dist-packages/tb4_autonav_interfaces/__init__.py'...
[2.255s] Listing '/home/rededge/25_ws/install/tb4_autonav_interfaces/local/lib/python3.10/dist-packages/tb4_autonav_interfaces/msg'...
[2.255s] Compiling '/home/rededge/25_ws/install/tb4_autonav_interfaces/local/lib/python3.10/dist-packages/tb4_autonav_interfaces/msg/__init__.py'...
[2.255s] Compiling '/home/rededge/25_ws/install/tb4_autonav_interfaces/local/lib/python3.10/dist-packages/tb4_autonav_interfaces/msg/_traffic_event.py'...
[2.258s] -- Installing: /home/rededge/25_ws/install/tb4_autonav_interfaces/local/lib/python3.10/dist-packages/tb4_autonav_interfaces/tb4_autonav_interfaces_s__rosidl_typesupport_fastrtps_c.cpython-310-x86_64-linux-gnu.so
[2.258s] -- Set runtime path of "/home/rededge/25_ws/install/tb4_autonav_interfaces/local/lib/python3.10/dist-packages/tb4_autonav_interfaces/tb4_autonav_interfaces_s__rosidl_typesupport_fastrtps_c.cpython-310-x86_64-linux-gnu.so" to ""
[2.258s] -- Installing: /home/rededge/25_ws/install/tb4_autonav_interfaces/local/lib/python3.10/dist-packages/tb4_autonav_interfaces/tb4_autonav_interfaces_s__rosidl_typesupport_introspection_c.cpython-310-x86_64-linux-gnu.so
[2.258s] -- Set runtime path of "/home/rededge/25_ws/install/tb4_autonav_interfaces/local/lib/python3.10/dist-packages/tb4_autonav_interfaces/tb4_autonav_interfaces_s__rosidl_typesupport_introspection_c.cpython-310-x86_64-linux-gnu.so" to ""
[2.258s] -- Installing: /home/rededge/25_ws/install/tb4_autonav_interfaces/local/lib/python3.10/dist-packages/tb4_autonav_interfaces/tb4_autonav_interfaces_s__rosidl_typesupport_c.cpython-310-x86_64-linux-gnu.so
[2.259s] -- Set runtime path of "/home/rededge/25_ws/install/tb4_autonav_interfaces/local/lib/python3.10/dist-packages/tb4_autonav_interfaces/tb4_autonav_interfaces_s__rosidl_typesupport_c.cpython-310-x86_64-linux-gnu.so" to ""
[2.259s] -- Installing: /home/rededge/25_ws/install/tb4_autonav_interfaces/lib/libtb4_autonav_interfaces__rosidl_generator_py.so
[2.259s] -- Set runtime path of "/home/rededge/25_ws/install/tb4_autonav_interfaces/lib/libtb4_autonav_interfaces__rosidl_generator_py.so" to ""
[2.259s] -- Installing: /home/rededge/25_ws/install/tb4_autonav_interfaces/share/tb4_autonav_interfaces/msg/TrafficEvent.idl
[2.259s] -- Installing: /home/rededge/25_ws/install/tb4_autonav_interfaces/share/tb4_autonav_interfaces/msg/TrafficEvent.msg
[2.260s] -- Installing: /home/rededge/25_ws/install/tb4_autonav_interfaces/share/ament_index/resource_index/package_run_dependencies/tb4_autonav_interfaces
[2.260s] -- Installing: /home/rededge/25_ws/install/tb4_autonav_interfaces/share/ament_index/resource_index/parent_prefix_path/tb4_autonav_interfaces
[2.260s] -- Installing: /home/rededge/25_ws/install/tb4_autonav_interfaces/share/tb4_autonav_interfaces/environment/ament_prefix_path.sh
[2.260s] -- Installing: /home/rededge/25_ws/install/tb4_autonav_interfaces/share/tb4_autonav_interfaces/environment/ament_prefix_path.dsv
[2.260s] -- Installing: /home/rededge/25_ws/install/tb4_autonav_interfaces/share/tb4_autonav_interfaces/environment/path.sh
[2.260s] -- Installing: /home/rededge/25_ws/install/tb4_autonav_interfaces/share/tb4_autonav_interfaces/environment/path.dsv
[2.260s] -- Installing: /home/rededge/25_ws/install/tb4_autonav_interfaces/share/tb4_autonav_interfaces/local_setup.bash
[2.260s] -- Installing: /home/rededge/25_ws/install/tb4_autonav_interfaces/share/tb4_autonav_interfaces/local_setup.sh
[2.261s] -- Installing: /home/rededge/25_ws/install/tb4_autonav_interfaces/share/tb4_autonav_interfaces/local_setup.zsh
[2.261s] -- Installing: /home/rededge/25_ws/install/tb4_autonav_interfaces/share/tb4_autonav_interfaces/local_setup.dsv
[2.261s] -- Installing: /home/rededge/25_ws/install/tb4_autonav_interfaces/share/tb4_autonav_interfaces/package.dsv
[2.261s] -- Installing: /home/rededge/25_ws/install/tb4_autonav_interfaces/share/ament_index/resource_index/packages/tb4_autonav_interfaces
[2.261s] -- Installing: /home/rededge/25_ws/install/tb4_autonav_interfaces/share/tb4_autonav_interfaces/cmake/export_tb4_autonav_interfaces__rosidl_generator_cExport.cmake
[2.261s] -- Installing: /home/rededge/25_ws/install/tb4_autonav_interfaces/share/tb4_autonav_interfaces/cmake/export_tb4_autonav_interfaces__rosidl_generator_cExport-noconfig.cmake
[2.261s] -- Installing: /home/rededge/25_ws/install/tb4_autonav_interfaces/share/tb4_autonav_interfaces/cmake/export_tb4_autonav_interfaces__rosidl_typesupport_fastrtps_cExport.cmake
[2.262s] -- Installing: /home/rededge/25_ws/install/tb4_autonav_interfaces/share/tb4_autonav_interfaces/cmake/export_tb4_autonav_interfaces__rosidl_typesupport_fastrtps_cExport-noconfig.cmake
[2.262s] -- Installing: /home/rededge/25_ws/install/tb4_autonav_interfaces/share/tb4_autonav_interfaces/cmake/tb4_autonav_interfaces__rosidl_typesupport_introspection_cExport.cmake
[2.262s] -- Installing: /home/rededge/25_ws/install/tb4_autonav_interfaces/share/tb4_autonav_interfaces/cmake/tb4_autonav_interfaces__rosidl_typesupport_introspection_cExport-noconfig.cmake
[2.262s] -- Installing: /home/rededge/25_ws/install/tb4_autonav_interfaces/share/tb4_autonav_interfaces/cmake/tb4_autonav_interfaces__rosidl_typesupport_cExport.cmake
[2.262s] -- Installing: /home/rededge/25_ws/install/tb4_autonav_interfaces/share/tb4_autonav_interfaces/cmake/tb4_autonav_interfaces__rosidl_typesupport_cExport-noconfig.cmake
[2.262s] -- Installing: /home/rededge/25_ws/install/tb4_autonav_interfaces/share/tb4_autonav_interfaces/cmake/export_tb4_autonav_interfaces__rosidl_generator_cppExport.cmake
[2.262s] -- Installing: /home/rededge/25_ws/install/tb4_autonav_interfaces/share/tb4_autonav_interfaces/cmake/export_tb4_autonav_interfaces__rosidl_typesupport_fastrtps_cppExport.cmake
[2.262s] -- Installing: /home/rededge/25_ws/install/tb4_autonav_interfaces/share/tb4_autonav_interfaces/cmake/export_tb4_autonav_interfaces__rosidl_typesupport_fastrtps_cppExport-noconfig.cmake
[2.263s] -- Installing: /home/rededge/25_ws/install/tb4_autonav_interfaces/share/tb4_autonav_interfaces/cmake/tb4_autonav_interfaces__rosidl_typesupport_introspection_cppExport.cmake
[2.263s] -- Installing: /home/rededge/25_ws/install/tb4_autonav_interfaces/share/tb4_autonav_interfaces/cmake/tb4_autonav_interfaces__rosidl_typesupport_introspection_cppExport-noconfig.cmake
[2.263s] -- Installing: /home/rededge/25_ws/install/tb4_autonav_interfaces/share/tb4_autonav_interfaces/cmake/tb4_autonav_interfaces__rosidl_typesupport_cppExport.cmake
[2.263s] -- Installing: /home/rededge/25_ws/install/tb4_autonav_interfaces/share/tb4_autonav_interfaces/cmake/tb4_autonav_interfaces__rosidl_typesupport_cppExport-noconfig.cmake
[2.264s] -- Installing: /home/rededge/25_ws/install/tb4_autonav_interfaces/share/tb4_autonav_interfaces/cmake/export_tb4_autonav_interfaces__rosidl_generator_pyExport.cmake
[2.264s] -- Installing: /home/rededge/25_ws/install/tb4_autonav_interfaces/share/tb4_autonav_interfaces/cmake/export_tb4_autonav_interfaces__rosidl_generator_pyExport-noconfig.cmake
[2.264s] -- Installing: /home/rededge/25_ws/install/tb4_autonav_interfaces/share/tb4_autonav_interfaces/cmake/rosidl_cmake-extras.cmake
[2.264s] -- Installing: /home/rededge/25_ws/install/tb4_autonav_interfaces/share/tb4_autonav_interfaces/cmake/ament_cmake_export_dependencies-extras.cmake
[2.264s] -- Installing: /home/rededge/25_ws/install/tb4_autonav_interfaces/share/tb4_autonav_interfaces/cmake/ament_cmake_export_include_directories-extras.cmake
[2.264s] -- Installing: /home/rededge/25_ws/install/tb4_autonav_interfaces/share/tb4_autonav_interfaces/cmake/ament_cmake_export_libraries-extras.cmake
[2.264s] -- Installing: /home/rededge/25_ws/install/tb4_autonav_interfaces/share/tb4_autonav_interfaces/cmake/ament_cmake_export_targets-extras.cmake
[2.264s] -- Installing: /home/rededge/25_ws/install/tb4_autonav_interfaces/share/tb4_autonav_interfaces/cmake/rosidl_cmake_export_typesupport_targets-extras.cmake
[2.264s] -- Installing: /home/rededge/25_ws/install/tb4_autonav_interfaces/share/tb4_autonav_interfaces/cmake/rosidl_cmake_export_typesupport_libraries-extras.cmake
[2.264s] -- Installing: /home/rededge/25_ws/install/tb4_autonav_interfaces/share/tb4_autonav_interfaces/cmake/tb4_autonav_interfacesConfig.cmake
[2.264s] -- Installing: /home/rededge/25_ws/install/tb4_autonav_interfaces/share/tb4_autonav_interfaces/cmake/tb4_autonav_interfacesConfig-version.cmake
[2.265s] -- Installing: /home/rededge/25_ws/install/tb4_autonav_interfaces/share/tb4_autonav_interfaces/package.xml
[2.267s] Invoked command in '/home/rededge/25_ws/build/tb4_autonav_interfaces' returned '0': CMAKE_PREFIX_PATH=/opt/ros/humble /usr/bin/cmake --install /home/rededge/25_ws/build/tb4_autonav_interfaces
