[0.693s] Invoking command in '/home/tony/25_ws/src/tb4_autonav': PYTHONPATH=/home/tony/25_ws/src/tb4_autonav/build/tb4_autonav/prefix_override:/usr/lib/python3/dist-packages/colcon_core/task/python/colcon_distutils_commands:/home/tony/25_ws/src/tb4_autonav/install/tb4_autonav/lib/python3.10/site-packages:${PYTHONPATH} /usr/bin/python3 -W ignore:setup.py install is deprecated -W ignore:easy_install command is deprecated setup.py egg_info --egg-base build/tb4_autonav build --build-base /home/tony/25_ws/src/tb4_autonav/build/tb4_autonav/build install --record /home/tony/25_ws/src/tb4_autonav/build/tb4_autonav/install.log --single-version-externally-managed install_data
[0.961s] running egg_info
[0.962s] creating build/tb4_autonav/tb4_autonav.egg-info
[0.962s] writing build/tb4_autonav/tb4_autonav.egg-info/PKG-INFO
[0.962s] writing dependency_links to build/tb4_autonav/tb4_autonav.egg-info/dependency_links.txt
[0.962s] writing entry points to build/tb4_autonav/tb4_autonav.egg-info/entry_points.txt
[0.962s] writing requirements to build/tb4_autonav/tb4_autonav.egg-info/requires.txt
[0.963s] writing top-level names to build/tb4_autonav/tb4_autonav.egg-info/top_level.txt
[0.963s] writing manifest file 'build/tb4_autonav/tb4_autonav.egg-info/SOURCES.txt'
[0.966s] reading manifest file 'build/tb4_autonav/tb4_autonav.egg-info/SOURCES.txt'
[0.967s] writing manifest file 'build/tb4_autonav/tb4_autonav.egg-info/SOURCES.txt'
[0.967s] running build
[0.967s] running build_py
[0.967s] creating /home/tony/25_ws/src/tb4_autonav/build/tb4_autonav/build
[0.967s] creating /home/tony/25_ws/src/tb4_autonav/build/tb4_autonav/build/lib
[0.967s] creating /home/tony/25_ws/src/tb4_autonav/build/tb4_autonav/build/lib/tb4_autonav
[0.967s] copying tb4_autonav/waypoint_navigator.py -> /home/tony/25_ws/src/tb4_autonav/build/tb4_autonav/build/lib/tb4_autonav
[0.968s] copying tb4_autonav/__init__.py -> /home/tony/25_ws/src/tb4_autonav/build/tb4_autonav/build/lib/tb4_autonav
[0.968s] running install
[0.968s] running install_lib
[0.969s] creating /home/tony/25_ws/src/tb4_autonav/install/tb4_autonav/lib/python3.10/site-packages/tb4_autonav
[0.969s] copying /home/tony/25_ws/src/tb4_autonav/build/tb4_autonav/build/lib/tb4_autonav/waypoint_navigator.py -> /home/tony/25_ws/src/tb4_autonav/install/tb4_autonav/lib/python3.10/site-packages/tb4_autonav
[0.969s] copying /home/tony/25_ws/src/tb4_autonav/build/tb4_autonav/build/lib/tb4_autonav/__init__.py -> /home/tony/25_ws/src/tb4_autonav/install/tb4_autonav/lib/python3.10/site-packages/tb4_autonav
[0.970s] byte-compiling /home/tony/25_ws/src/tb4_autonav/install/tb4_autonav/lib/python3.10/site-packages/tb4_autonav/waypoint_navigator.py to waypoint_navigator.cpython-310.pyc
[0.971s] byte-compiling /home/tony/25_ws/src/tb4_autonav/install/tb4_autonav/lib/python3.10/site-packages/tb4_autonav/__init__.py to __init__.cpython-310.pyc
[0.971s] running install_data
[0.972s] creating /home/tony/25_ws/src/tb4_autonav/install/tb4_autonav/share/ament_index
[0.972s] creating /home/tony/25_ws/src/tb4_autonav/install/tb4_autonav/share/ament_index/resource_index
[0.972s] creating /home/tony/25_ws/src/tb4_autonav/install/tb4_autonav/share/ament_index/resource_index/packages
[0.972s] copying resource/tb4_autonav -> /home/tony/25_ws/src/tb4_autonav/install/tb4_autonav/share/ament_index/resource_index/packages
[0.972s] copying package.xml -> /home/tony/25_ws/src/tb4_autonav/install/tb4_autonav/share/tb4_autonav
[0.972s] creating /home/tony/25_ws/src/tb4_autonav/install/tb4_autonav/share/tb4_autonav/launch
[0.972s] copying launch/nav_bringup.launch.py -> /home/tony/25_ws/src/tb4_autonav/install/tb4_autonav/share/tb4_autonav/launch
[0.972s] copying launch/mapping_bringup.launch.py -> /home/tony/25_ws/src/tb4_autonav/install/tb4_autonav/share/tb4_autonav/launch
[0.972s] running install_egg_info
[0.974s] Copying build/tb4_autonav/tb4_autonav.egg-info to /home/tony/25_ws/src/tb4_autonav/install/tb4_autonav/lib/python3.10/site-packages/tb4_autonav-0.0.1-py3.10.egg-info
[0.974s] running install_scripts
[0.991s] Installing waypoint_navigator script to /home/tony/25_ws/src/tb4_autonav/install/tb4_autonav/lib/tb4_autonav
[0.991s] writing list of installed files to '/home/tony/25_ws/src/tb4_autonav/build/tb4_autonav/install.log'
[1.024s] Invoked command in '/home/tony/25_ws/src/tb4_autonav' returned '0': PYTHONPATH=/home/tony/25_ws/src/tb4_autonav/build/tb4_autonav/prefix_override:/usr/lib/python3/dist-packages/colcon_core/task/python/colcon_distutils_commands:/home/tony/25_ws/src/tb4_autonav/install/tb4_autonav/lib/python3.10/site-packages:${PYTHONPATH} /usr/bin/python3 -W ignore:setup.py install is deprecated -W ignore:easy_install command is deprecated setup.py egg_info --egg-base build/tb4_autonav build --build-base /home/tony/25_ws/src/tb4_autonav/build/tb4_autonav/build install --record /home/tony/25_ws/src/tb4_autonav/build/tb4_autonav/install.log --single-version-externally-managed install_data
