[0.008s] Invoking command in '/home/rededge/25_ws/build/tb4_autonav_interfaces': CMAKE_PREFIX_PATH=/opt/ros/humble /usr/bin/cmake /home/rededge/25_ws/src/tb4_autonav_interfaces -DCMAKE_INSTALL_PREFIX=/home/rededge/25_ws/install/tb4_autonav_interfaces
[0.049s] -- The C compiler identification is GNU 11.4.0
[0.090s] -- The CXX compiler identification is GNU 11.4.0
[0.096s] -- Detecting C compiler ABI info
[0.149s] -- Detecting C compiler ABI info - done
[0.154s] -- Check for working C compiler: /usr/bin/cc - skipped
[0.155s] -- Detecting C compile features
[0.155s] -- Detecting C compile features - done
[0.157s] -- Detecting CXX compiler ABI info
[0.217s] -- Detecting CXX compiler ABI info - done
[0.222s] -- Check for working CXX compiler: /usr/bin/c++ - skipped
[0.222s] -- Detecting CXX compile features
[0.223s] -- Detecting CXX compile features - done
[0.225s] -- Found ament_cmake: 1.3.12 (/opt/ros/humble/share/ament_cmake/cmake)
[0.333s] -- Found Python3: /usr/bin/python3 (found version "3.10.12") found components: Interpreter 
[0.405s] -- Found rosidl_default_generators: 1.2.0 (/opt/ros/humble/share/rosidl_default_generators/cmake)
[0.408s] -- Using all available rosidl_typesupport_c: rosidl_typesupport_fastrtps_c;rosidl_typesupport_introspection_c
[0.414s] -- Found rosidl_adapter: 3.1.7 (/opt/ros/humble/share/rosidl_adapter/cmake)
[0.449s] -- Using all available rosidl_typesupport_cpp: rosidl_typesupport_fastrtps_cpp;rosidl_typesupport_introspection_cpp
[0.478s] -- Found builtin_interfaces: 1.2.2 (/opt/ros/humble/share/builtin_interfaces/cmake)
[0.488s] -- Found std_msgs: 4.9.0 (/opt/ros/humble/share/std_msgs/cmake)
[0.629s] [31mCMake Error at /opt/ros/humble/share/rosidl_cmake/cmake/rosidl_generate_interfaces.cmake:229 (message):
[0.629s]   Packages installing interfaces must include
[0.629s]   '<member_of_group>rosidl_interface_packages</member_of_group>' in their
[0.629s]   package.xml
[0.629s] Call Stack (most recent call first):
[0.629s]   CMakeLists.txt:10 (rosidl_generate_interfaces)
[0.629s] 
[0.629s] [0m
[0.629s] -- Configuring incomplete, errors occurred!
[0.629s] See also "/home/rededge/25_ws/build/tb4_autonav_interfaces/CMakeFiles/CMakeOutput.log".
[0.636s] Invoked command in '/home/rededge/25_ws/build/tb4_autonav_interfaces' returned '1': CMAKE_PREFIX_PATH=/opt/ros/humble /usr/bin/cmake /home/rededge/25_ws/src/tb4_autonav_interfaces -DCMAKE_INSTALL_PREFIX=/home/rededge/25_ws/install/tb4_autonav_interfaces
