[0.688s] Invoking command in '/home/tony/25_ws/src/tb4_autonav': PYTHONPATH=/home/tony/25_ws/build/tb4_autonav/prefix_override:/usr/lib/python3/dist-packages/colcon_core/task/python/colcon_distutils_commands:/home/tony/25_ws/install/tb4_autonav/lib/python3.10/site-packages:${PYTHONPATH} /usr/bin/python3 -W ignore:setup.py install is deprecated -W ignore:easy_install command is deprecated setup.py egg_info --egg-base ../../build/tb4_autonav build --build-base /home/tony/25_ws/build/tb4_autonav/build install --record /home/tony/25_ws/build/tb4_autonav/install.log --single-version-externally-managed install_data
[0.954s] running egg_info
[0.954s] writing ../../build/tb4_autonav/tb4_autonav.egg-info/PKG-INFO
[0.954s] writing dependency_links to ../../build/tb4_autonav/tb4_autonav.egg-info/dependency_links.txt
[0.954s] writing entry points to ../../build/tb4_autonav/tb4_autonav.egg-info/entry_points.txt
[0.954s] writing requirements to ../../build/tb4_autonav/tb4_autonav.egg-info/requires.txt
[0.954s] writing top-level names to ../../build/tb4_autonav/tb4_autonav.egg-info/top_level.txt
[0.956s] reading manifest file '../../build/tb4_autonav/tb4_autonav.egg-info/SOURCES.txt'
[0.957s] writing manifest file '../../build/tb4_autonav/tb4_autonav.egg-info/SOURCES.txt'
[0.957s] running build
[0.957s] running build_py
[0.958s] copying tb4_autonav/traffic_detector_node.py -> /home/tony/25_ws/build/tb4_autonav/build/lib/tb4_autonav
[0.958s] running install
[0.958s] running install_lib
[0.959s] copying /home/tony/25_ws/build/tb4_autonav/build/lib/tb4_autonav/traffic_detector_node.py -> /home/tony/25_ws/install/tb4_autonav/lib/python3.10/site-packages/tb4_autonav
[0.960s] byte-compiling /home/tony/25_ws/install/tb4_autonav/lib/python3.10/site-packages/tb4_autonav/traffic_detector_node.py to traffic_detector_node.cpython-310.pyc
[0.962s] running install_data
[0.962s] running install_egg_info
[0.964s] removing '/home/tony/25_ws/install/tb4_autonav/lib/python3.10/site-packages/tb4_autonav-0.0.1-py3.10.egg-info' (and everything under it)
[0.965s] Copying ../../build/tb4_autonav/tb4_autonav.egg-info to /home/tony/25_ws/install/tb4_autonav/lib/python3.10/site-packages/tb4_autonav-0.0.1-py3.10.egg-info
[0.965s] running install_scripts
[0.984s] Installing task_combined_navigator script to /home/tony/25_ws/install/tb4_autonav/lib/tb4_autonav
[0.984s] Installing task_navigator script to /home/tony/25_ws/install/tb4_autonav/lib/tb4_autonav
[0.984s] Installing traffic_detector_node script to /home/tony/25_ws/install/tb4_autonav/lib/tb4_autonav
[0.984s] Installing waypoint_navigator script to /home/tony/25_ws/install/tb4_autonav/lib/tb4_autonav
[0.985s] writing list of installed files to '/home/tony/25_ws/build/tb4_autonav/install.log'
[1.018s] Invoked command in '/home/tony/25_ws/src/tb4_autonav' returned '0': PYTHONPATH=/home/tony/25_ws/build/tb4_autonav/prefix_override:/usr/lib/python3/dist-packages/colcon_core/task/python/colcon_distutils_commands:/home/tony/25_ws/install/tb4_autonav/lib/python3.10/site-packages:${PYTHONPATH} /usr/bin/python3 -W ignore:setup.py install is deprecated -W ignore:easy_install command is deprecated setup.py egg_info --egg-base ../../build/tb4_autonav build --build-base /home/tony/25_ws/build/tb4_autonav/build install --record /home/tony/25_ws/build/tb4_autonav/install.log --single-version-externally-managed install_data
