[0.584s] Invoking command in '/home/rededge/25_ws/src/tb4_autonav': AMENT_PREFIX_PATH=/home/rededge/25_ws/install/tb4_autonav_interfaces:${AMENT_PREFIX_PATH} CMAKE_PREFIX_PATH=/home/rededge/25_ws/install/tb4_autonav_interfaces LD_LIBRARY_PATH=/home/rededge/25_ws/install/tb4_autonav_interfaces/lib:/usr/lib/x86_64-linux-gnu/gazebo-11/plugins:/opt/ros/humble/opt/rviz_ogre_vendor/lib:/opt/ros/humble/lib/x86_64-linux-gnu:/opt/ros/humble/lib:/usr/lib/x86_64-linux-gnu/gazebo-11/plugins:/usr/lib/x86_64-linux-gnu/gazebo-11/plugins:/usr/lib/x86_64-linux-gnu/gazebo-11/plugins PYTHONPATH=/home/rededge/25_ws/build/tb4_autonav/prefix_override:/usr/lib/python3/dist-packages/colcon_core/task/python/colcon_distutils_commands:/home/rededge/25_ws/install/tb4_autonav/lib/python3.10/site-packages:/home/rededge/25_ws/install/tb4_autonav_interfaces/local/lib/python3.10/dist-packages:${PYTHONPATH} /usr/bin/python3 -W ignore:setup.py install is deprecated -W ignore:easy_install command is deprecated setup.py egg_info --egg-base ../../build/tb4_autonav build --build-base /home/rededge/25_ws/build/tb4_autonav/build install --record /home/rededge/25_ws/build/tb4_autonav/install.log --single-version-externally-managed install_data
[0.761s] running egg_info
[0.762s] creating ../../build/tb4_autonav/tb4_autonav.egg-info
[0.762s] writing ../../build/tb4_autonav/tb4_autonav.egg-info/PKG-INFO
[0.762s] writing dependency_links to ../../build/tb4_autonav/tb4_autonav.egg-info/dependency_links.txt
[0.762s] writing entry points to ../../build/tb4_autonav/tb4_autonav.egg-info/entry_points.txt
[0.762s] writing requirements to ../../build/tb4_autonav/tb4_autonav.egg-info/requires.txt
[0.762s] writing top-level names to ../../build/tb4_autonav/tb4_autonav.egg-info/top_level.txt
[0.762s] writing manifest file '../../build/tb4_autonav/tb4_autonav.egg-info/SOURCES.txt'
[0.763s] reading manifest file '../../build/tb4_autonav/tb4_autonav.egg-info/SOURCES.txt'
[0.764s] writing manifest file '../../build/tb4_autonav/tb4_autonav.egg-info/SOURCES.txt'
[0.764s] running build
[0.764s] running build_py
[0.764s] creating /home/rededge/25_ws/build/tb4_autonav/build
[0.764s] creating /home/rededge/25_ws/build/tb4_autonav/build/lib
[0.764s] creating /home/rededge/25_ws/build/tb4_autonav/build/lib/tb4_autonav
[0.764s] copying tb4_autonav/traffic_detector_node.py -> /home/rededge/25_ws/build/tb4_autonav/build/lib/tb4_autonav
[0.764s] copying tb4_autonav/waypoint_navigator.py -> /home/rededge/25_ws/build/tb4_autonav/build/lib/tb4_autonav
[0.764s] copying tb4_autonav/task_navigator.py -> /home/rededge/25_ws/build/tb4_autonav/build/lib/tb4_autonav
[0.764s] copying tb4_autonav/__init__.py -> /home/rededge/25_ws/build/tb4_autonav/build/lib/tb4_autonav
[0.764s] copying tb4_autonav/task_combined_navigator.py -> /home/rededge/25_ws/build/tb4_autonav/build/lib/tb4_autonav
[0.765s] running install
[0.765s] running install_lib
[0.765s] creating /home/rededge/25_ws/install/tb4_autonav/lib/python3.10/site-packages/tb4_autonav
[0.765s] copying /home/rededge/25_ws/build/tb4_autonav/build/lib/tb4_autonav/traffic_detector_node.py -> /home/rededge/25_ws/install/tb4_autonav/lib/python3.10/site-packages/tb4_autonav
[0.765s] copying /home/rededge/25_ws/build/tb4_autonav/build/lib/tb4_autonav/waypoint_navigator.py -> /home/rededge/25_ws/install/tb4_autonav/lib/python3.10/site-packages/tb4_autonav
[0.766s] copying /home/rededge/25_ws/build/tb4_autonav/build/lib/tb4_autonav/task_navigator.py -> /home/rededge/25_ws/install/tb4_autonav/lib/python3.10/site-packages/tb4_autonav
[0.766s] copying /home/rededge/25_ws/build/tb4_autonav/build/lib/tb4_autonav/__init__.py -> /home/rededge/25_ws/install/tb4_autonav/lib/python3.10/site-packages/tb4_autonav
[0.766s] copying /home/rededge/25_ws/build/tb4_autonav/build/lib/tb4_autonav/task_combined_navigator.py -> /home/rededge/25_ws/install/tb4_autonav/lib/python3.10/site-packages/tb4_autonav
[0.766s] byte-compiling /home/rededge/25_ws/install/tb4_autonav/lib/python3.10/site-packages/tb4_autonav/traffic_detector_node.py to traffic_detector_node.cpython-310.pyc
[0.767s] byte-compiling /home/rededge/25_ws/install/tb4_autonav/lib/python3.10/site-packages/tb4_autonav/waypoint_navigator.py to waypoint_navigator.cpython-310.pyc
[0.768s] byte-compiling /home/rededge/25_ws/install/tb4_autonav/lib/python3.10/site-packages/tb4_autonav/task_navigator.py to task_navigator.cpython-310.pyc
[0.769s] byte-compiling /home/rededge/25_ws/install/tb4_autonav/lib/python3.10/site-packages/tb4_autonav/__init__.py to __init__.cpython-310.pyc
[0.770s] byte-compiling /home/rededge/25_ws/install/tb4_autonav/lib/python3.10/site-packages/tb4_autonav/task_combined_navigator.py to task_combined_navigator.cpython-310.pyc
[0.771s] running install_data
[0.771s] creating /home/rededge/25_ws/install/tb4_autonav/share/ament_index
[0.771s] creating /home/rededge/25_ws/install/tb4_autonav/share/ament_index/resource_index
[0.771s] creating /home/rededge/25_ws/install/tb4_autonav/share/ament_index/resource_index/packages
[0.771s] copying resource/tb4_autonav -> /home/rededge/25_ws/install/tb4_autonav/share/ament_index/resource_index/packages
[0.771s] copying package.xml -> /home/rededge/25_ws/install/tb4_autonav/share/tb4_autonav
[0.771s] creating /home/rededge/25_ws/install/tb4_autonav/share/tb4_autonav/launch
[0.771s] copying launch/mapping_bringup.launch.py -> /home/rededge/25_ws/install/tb4_autonav/share/tb4_autonav/launch
[0.771s] copying launch/nav_bringup.launch.py -> /home/rededge/25_ws/install/tb4_autonav/share/tb4_autonav/launch
[0.771s] copying launch/task_bringup.launch.py -> /home/rededge/25_ws/install/tb4_autonav/share/tb4_autonav/launch
[0.771s] creating /home/rededge/25_ws/install/tb4_autonav/share/tb4_autonav/config
[0.771s] copying config/slam_with_init.yaml -> /home/rededge/25_ws/install/tb4_autonav/share/tb4_autonav/config
[0.772s] running install_egg_info
[0.773s] Copying ../../build/tb4_autonav/tb4_autonav.egg-info to /home/rededge/25_ws/install/tb4_autonav/lib/python3.10/site-packages/tb4_autonav-0.0.1-py3.10.egg-info
[0.773s] running install_scripts
[0.786s] Installing task_combined_navigator script to /home/rededge/25_ws/install/tb4_autonav/lib/tb4_autonav
[0.786s] Installing task_navigator script to /home/rededge/25_ws/install/tb4_autonav/lib/tb4_autonav
[0.787s] Installing traffic_detector_node script to /home/rededge/25_ws/install/tb4_autonav/lib/tb4_autonav
[0.787s] Installing waypoint_navigator script to /home/rededge/25_ws/install/tb4_autonav/lib/tb4_autonav
[0.787s] writing list of installed files to '/home/rededge/25_ws/build/tb4_autonav/install.log'
[0.800s] Invoked command in '/home/rededge/25_ws/src/tb4_autonav' returned '0': AMENT_PREFIX_PATH=/home/rededge/25_ws/install/tb4_autonav_interfaces:${AMENT_PREFIX_PATH} CMAKE_PREFIX_PATH=/home/rededge/25_ws/install/tb4_autonav_interfaces LD_LIBRARY_PATH=/home/rededge/25_ws/install/tb4_autonav_interfaces/lib:/usr/lib/x86_64-linux-gnu/gazebo-11/plugins:/opt/ros/humble/opt/rviz_ogre_vendor/lib:/opt/ros/humble/lib/x86_64-linux-gnu:/opt/ros/humble/lib:/usr/lib/x86_64-linux-gnu/gazebo-11/plugins:/usr/lib/x86_64-linux-gnu/gazebo-11/plugins:/usr/lib/x86_64-linux-gnu/gazebo-11/plugins PYTHONPATH=/home/rededge/25_ws/build/tb4_autonav/prefix_override:/usr/lib/python3/dist-packages/colcon_core/task/python/colcon_distutils_commands:/home/rededge/25_ws/install/tb4_autonav/lib/python3.10/site-packages:/home/rededge/25_ws/install/tb4_autonav_interfaces/local/lib/python3.10/dist-packages:${PYTHONPATH} /usr/bin/python3 -W ignore:setup.py install is deprecated -W ignore:easy_install command is deprecated setup.py egg_info --egg-base ../../build/tb4_autonav build --build-base /home/rededge/25_ws/build/tb4_autonav/build install --record /home/rededge/25_ws/build/tb4_autonav/install.log --single-version-externally-managed install_data
