[0.800s] Invoking command in '/home/tony/25_ws/src/tb4_autonav': PYTHONPATH=/home/tony/25_ws/build/tb4_autonav/prefix_override:/usr/lib/python3/dist-packages/colcon_core/task/python/colcon_distutils_commands:/home/tony/25_ws/install/tb4_autonav/lib/python3.10/site-packages:${PYTHONPATH} /usr/bin/python3 -W ignore:setup.py install is deprecated -W ignore:easy_install command is deprecated setup.py egg_info --egg-base ../../build/tb4_autonav build --build-base /home/tony/25_ws/build/tb4_autonav/build install --record /home/tony/25_ws/build/tb4_autonav/install.log --single-version-externally-managed install_data
[1.088s] running egg_info
[1.088s] writing ../../build/tb4_autonav/tb4_autonav.egg-info/PKG-INFO
[1.088s] writing dependency_links to ../../build/tb4_autonav/tb4_autonav.egg-info/dependency_links.txt
[1.089s] writing entry points to ../../build/tb4_autonav/tb4_autonav.egg-info/entry_points.txt
[1.089s] writing requirements to ../../build/tb4_autonav/tb4_autonav.egg-info/requires.txt
[1.089s] writing top-level names to ../../build/tb4_autonav/tb4_autonav.egg-info/top_level.txt
[1.091s] reading manifest file '../../build/tb4_autonav/tb4_autonav.egg-info/SOURCES.txt'
[1.091s] writing manifest file '../../build/tb4_autonav/tb4_autonav.egg-info/SOURCES.txt'
[1.092s] running build
[1.092s] running build_py
[1.092s] copying tb4_autonav/task_navigator.py -> /home/tony/25_ws/build/tb4_autonav/build/lib/tb4_autonav
[1.092s] running install
[1.093s] running install_lib
[1.093s] copying /home/tony/25_ws/build/tb4_autonav/build/lib/tb4_autonav/task_navigator.py -> /home/tony/25_ws/install/tb4_autonav/lib/python3.10/site-packages/tb4_autonav
[1.094s] byte-compiling /home/tony/25_ws/install/tb4_autonav/lib/python3.10/site-packages/tb4_autonav/task_navigator.py to task_navigator.cpython-310.pyc
[1.096s] running install_data
[1.096s] copying launch/task_bringup.launch.py -> /home/tony/25_ws/install/tb4_autonav/share/tb4_autonav/launch
[1.097s] running install_egg_info
[1.100s] removing '/home/tony/25_ws/install/tb4_autonav/lib/python3.10/site-packages/tb4_autonav-0.0.1-py3.10.egg-info' (and everything under it)
[1.100s] Copying ../../build/tb4_autonav/tb4_autonav.egg-info to /home/tony/25_ws/install/tb4_autonav/lib/python3.10/site-packages/tb4_autonav-0.0.1-py3.10.egg-info
[1.100s] running install_scripts
[1.121s] Installing task_combined_navigator script to /home/tony/25_ws/install/tb4_autonav/lib/tb4_autonav
[1.121s] Installing task_navigator script to /home/tony/25_ws/install/tb4_autonav/lib/tb4_autonav
[1.121s] Installing traffic_detector_node script to /home/tony/25_ws/install/tb4_autonav/lib/tb4_autonav
[1.121s] Installing waypoint_navigator script to /home/tony/25_ws/install/tb4_autonav/lib/tb4_autonav
[1.121s] writing list of installed files to '/home/tony/25_ws/build/tb4_autonav/install.log'
[1.154s] Invoked command in '/home/tony/25_ws/src/tb4_autonav' returned '0': PYTHONPATH=/home/tony/25_ws/build/tb4_autonav/prefix_override:/usr/lib/python3/dist-packages/colcon_core/task/python/colcon_distutils_commands:/home/tony/25_ws/install/tb4_autonav/lib/python3.10/site-packages:${PYTHONPATH} /usr/bin/python3 -W ignore:setup.py install is deprecated -W ignore:easy_install command is deprecated setup.py egg_info --egg-base ../../build/tb4_autonav build --build-base /home/tony/25_ws/build/tb4_autonav/build install --record /home/tony/25_ws/build/tb4_autonav/install.log --single-version-externally-managed install_data
