[0.127s] DEBUG:colcon:Command line arguments: ['/usr/bin/colcon', 'build']
[0.127s] DEBUG:colcon:Parsed command line arguments: Namespace(log_base=None, log_level=None, verb_name='build', build_base='build', install_base='install', merge_install=False, symlink_install=False, test_result_base=None, continue_on_error=False, executor='parallel', parallel_workers=8, event_handlers=None, ignore_user_meta=False, metas=['./colcon.meta'], base_paths=['.'], packages_ignore=None, packages_ignore_regex=None, paths=None, packages_up_to=None, packages_up_to_regex=None, packages_above=None, packages_above_and_dependencies=None, packages_above_depth=None, packages_select_by_dep=None, packages_skip_by_dep=None, packages_skip_up_to=None, packages_select_build_failed=False, packages_skip_build_finished=False, packages_select_test_failures=False, packages_skip_test_passed=False, packages_select=None, packages_skip=None, packages_select_regex=None, packages_skip_regex=None, packages_start=None, packages_end=None, allow_overriding=[], cmake_args=None, cmake_target=None, cmake_target_skip_unavailable=False, cmake_clean_cache=False, cmake_clean_first=False, cmake_force_configure=False, ament_cmake_args=None, catkin_cmake_args=None, catkin_skip_building_tests=False, mixin_files=None, mixin=None, verb_parser=<colcon_mixin.mixin.mixin_argument.MixinArgumentDecorator object at 0x7801469c5c60>, verb_extension=<colcon_core.verb.build.BuildVerb object at 0x7801469c5690>, main=<bound method BuildVerb.main of <colcon_core.verb.build.BuildVerb object at 0x7801469c5690>>, mixin_verb=('build',))
[0.325s] Level 1:colcon.colcon_core.package_discovery:discover_packages(colcon_meta) check parameters
[0.325s] Level 1:colcon.colcon_core.package_discovery:discover_packages(recursive) check parameters
[0.326s] Level 1:colcon.colcon_core.package_discovery:discover_packages(ignore) check parameters
[0.326s] Level 1:colcon.colcon_core.package_discovery:discover_packages(path) check parameters
[0.326s] Level 1:colcon.colcon_core.package_discovery:discover_packages(colcon_meta) discover
[0.326s] Level 1:colcon.colcon_core.package_discovery:discover_packages(recursive) discover
[0.326s] INFO:colcon.colcon_core.package_discovery:Crawling recursively for packages in '/home/tony/25_ws'
[0.326s] Level 1:colcon.colcon_core.package_identification:_identify(.) by extensions ['ignore', 'ignore_ament_install']
[0.326s] Level 1:colcon.colcon_core.package_identification:_identify(.) by extension 'ignore'
[0.326s] Level 1:colcon.colcon_core.package_identification:_identify(.) by extension 'ignore_ament_install'
[0.326s] Level 1:colcon.colcon_core.package_identification:_identify(.) by extensions ['colcon_pkg']
[0.326s] Level 1:colcon.colcon_core.package_identification:_identify(.) by extension 'colcon_pkg'
[0.326s] Level 1:colcon.colcon_core.package_identification:_identify(.) by extensions ['colcon_meta']
[0.326s] Level 1:colcon.colcon_core.package_identification:_identify(.) by extension 'colcon_meta'
[0.326s] Level 1:colcon.colcon_core.package_identification:_identify(.) by extensions ['ros']
[0.326s] Level 1:colcon.colcon_core.package_identification:_identify(.) by extension 'ros'
[0.336s] Level 1:colcon.colcon_core.package_identification:_identify(.) by extensions ['cmake', 'python']
[0.336s] Level 1:colcon.colcon_core.package_identification:_identify(.) by extension 'cmake'
[0.336s] Level 1:colcon.colcon_core.package_identification:_identify(.) by extension 'python'
[0.336s] Level 1:colcon.colcon_core.package_identification:_identify(.) by extensions ['python_setup_py']
[0.336s] Level 1:colcon.colcon_core.package_identification:_identify(.) by extension 'python_setup_py'
[0.336s] Level 1:colcon.colcon_core.package_identification:_identify(build) by extensions ['ignore', 'ignore_ament_install']
[0.336s] Level 1:colcon.colcon_core.package_identification:_identify(build) by extension 'ignore'
[0.336s] Level 1:colcon.colcon_core.package_identification:_identify(build) ignored
[0.336s] Level 1:colcon.colcon_core.package_identification:_identify(demo_interfaces_test) by extensions ['ignore', 'ignore_ament_install']
[0.336s] Level 1:colcon.colcon_core.package_identification:_identify(demo_interfaces_test) by extension 'ignore'
[0.336s] Level 1:colcon.colcon_core.package_identification:_identify(demo_interfaces_test) by extension 'ignore_ament_install'
[0.336s] Level 1:colcon.colcon_core.package_identification:_identify(demo_interfaces_test) by extensions ['colcon_pkg']
[0.336s] Level 1:colcon.colcon_core.package_identification:_identify(demo_interfaces_test) by extension 'colcon_pkg'
[0.336s] Level 1:colcon.colcon_core.package_identification:_identify(demo_interfaces_test) by extensions ['colcon_meta']
[0.336s] Level 1:colcon.colcon_core.package_identification:_identify(demo_interfaces_test) by extension 'colcon_meta'
[0.336s] Level 1:colcon.colcon_core.package_identification:_identify(demo_interfaces_test) by extensions ['ros']
[0.336s] Level 1:colcon.colcon_core.package_identification:_identify(demo_interfaces_test) by extension 'ros'
[0.338s] DEBUG:colcon.colcon_core.package_identification:Package 'demo_interfaces_test' with type 'ros.ament_cmake' and name 'demo_interfaces_test'
[0.338s] Level 1:colcon.colcon_core.package_identification:_identify(install) by extensions ['ignore', 'ignore_ament_install']
[0.338s] Level 1:colcon.colcon_core.package_identification:_identify(install) by extension 'ignore'
[0.338s] Level 1:colcon.colcon_core.package_identification:_identify(install) ignored
[0.339s] Level 1:colcon.colcon_core.package_identification:_identify(log) by extensions ['ignore', 'ignore_ament_install']
[0.339s] Level 1:colcon.colcon_core.package_identification:_identify(log) by extension 'ignore'
[0.339s] Level 1:colcon.colcon_core.package_identification:_identify(log) ignored
[0.339s] Level 1:colcon.colcon_core.package_identification:_identify(map) by extensions ['ignore', 'ignore_ament_install']
[0.339s] Level 1:colcon.colcon_core.package_identification:_identify(map) by extension 'ignore'
[0.339s] Level 1:colcon.colcon_core.package_identification:_identify(map) by extension 'ignore_ament_install'
[0.339s] Level 1:colcon.colcon_core.package_identification:_identify(map) by extensions ['colcon_pkg']
[0.339s] Level 1:colcon.colcon_core.package_identification:_identify(map) by extension 'colcon_pkg'
[0.339s] Level 1:colcon.colcon_core.package_identification:_identify(map) by extensions ['colcon_meta']
[0.339s] Level 1:colcon.colcon_core.package_identification:_identify(map) by extension 'colcon_meta'
[0.339s] Level 1:colcon.colcon_core.package_identification:_identify(map) by extensions ['ros']
[0.339s] Level 1:colcon.colcon_core.package_identification:_identify(map) by extension 'ros'
[0.339s] Level 1:colcon.colcon_core.package_identification:_identify(map) by extensions ['cmake', 'python']
[0.339s] Level 1:colcon.colcon_core.package_identification:_identify(map) by extension 'cmake'
[0.339s] Level 1:colcon.colcon_core.package_identification:_identify(map) by extension 'python'
[0.339s] Level 1:colcon.colcon_core.package_identification:_identify(map) by extensions ['python_setup_py']
[0.339s] Level 1:colcon.colcon_core.package_identification:_identify(map) by extension 'python_setup_py'
[0.339s] Level 1:colcon.colcon_core.package_identification:_identify(src) by extensions ['ignore', 'ignore_ament_install']
[0.339s] Level 1:colcon.colcon_core.package_identification:_identify(src) by extension 'ignore'
[0.339s] Level 1:colcon.colcon_core.package_identification:_identify(src) by extension 'ignore_ament_install'
[0.339s] Level 1:colcon.colcon_core.package_identification:_identify(src) by extensions ['colcon_pkg']
[0.339s] Level 1:colcon.colcon_core.package_identification:_identify(src) by extension 'colcon_pkg'
[0.339s] Level 1:colcon.colcon_core.package_identification:_identify(src) by extensions ['colcon_meta']
[0.339s] Level 1:colcon.colcon_core.package_identification:_identify(src) by extension 'colcon_meta'
[0.339s] Level 1:colcon.colcon_core.package_identification:_identify(src) by extensions ['ros']
[0.339s] Level 1:colcon.colcon_core.package_identification:_identify(src) by extension 'ros'
[0.339s] Level 1:colcon.colcon_core.package_identification:_identify(src) by extensions ['cmake', 'python']
[0.340s] Level 1:colcon.colcon_core.package_identification:_identify(src) by extension 'cmake'
[0.340s] Level 1:colcon.colcon_core.package_identification:_identify(src) by extension 'python'
[0.340s] Level 1:colcon.colcon_core.package_identification:_identify(src) by extensions ['python_setup_py']
[0.340s] Level 1:colcon.colcon_core.package_identification:_identify(src) by extension 'python_setup_py'
[0.340s] Level 1:colcon.colcon_core.package_identification:_identify(src/arm) by extensions ['ignore', 'ignore_ament_install']
[0.340s] Level 1:colcon.colcon_core.package_identification:_identify(src/arm) by extension 'ignore'
[0.340s] Level 1:colcon.colcon_core.package_identification:_identify(src/arm) by extension 'ignore_ament_install'
[0.340s] Level 1:colcon.colcon_core.package_identification:_identify(src/arm) by extensions ['colcon_pkg']
[0.340s] Level 1:colcon.colcon_core.package_identification:_identify(src/arm) by extension 'colcon_pkg'
[0.340s] Level 1:colcon.colcon_core.package_identification:_identify(src/arm) by extensions ['colcon_meta']
[0.340s] Level 1:colcon.colcon_core.package_identification:_identify(src/arm) by extension 'colcon_meta'
[0.340s] Level 1:colcon.colcon_core.package_identification:_identify(src/arm) by extensions ['ros']
[0.340s] Level 1:colcon.colcon_core.package_identification:_identify(src/arm) by extension 'ros'
[0.340s] Level 1:colcon.colcon_core.package_identification:_identify(src/arm) by extensions ['cmake', 'python']
[0.340s] Level 1:colcon.colcon_core.package_identification:_identify(src/arm) by extension 'cmake'
[0.340s] Level 1:colcon.colcon_core.package_identification:_identify(src/arm) by extension 'python'
[0.340s] Level 1:colcon.colcon_core.package_identification:_identify(src/arm) by extensions ['python_setup_py']
[0.340s] Level 1:colcon.colcon_core.package_identification:_identify(src/arm) by extension 'python_setup_py'
[0.340s] Level 1:colcon.colcon_core.package_identification:_identify(src/arm/__pycache__) by extensions ['ignore', 'ignore_ament_install']
[0.340s] Level 1:colcon.colcon_core.package_identification:_identify(src/arm/__pycache__) by extension 'ignore'
[0.340s] Level 1:colcon.colcon_core.package_identification:_identify(src/arm/__pycache__) by extension 'ignore_ament_install'
[0.340s] Level 1:colcon.colcon_core.package_identification:_identify(src/arm/__pycache__) by extensions ['colcon_pkg']
[0.340s] Level 1:colcon.colcon_core.package_identification:_identify(src/arm/__pycache__) by extension 'colcon_pkg'
[0.340s] Level 1:colcon.colcon_core.package_identification:_identify(src/arm/__pycache__) by extensions ['colcon_meta']
[0.340s] Level 1:colcon.colcon_core.package_identification:_identify(src/arm/__pycache__) by extension 'colcon_meta'
[0.340s] Level 1:colcon.colcon_core.package_identification:_identify(src/arm/__pycache__) by extensions ['ros']
[0.340s] Level 1:colcon.colcon_core.package_identification:_identify(src/arm/__pycache__) by extension 'ros'
[0.340s] Level 1:colcon.colcon_core.package_identification:_identify(src/arm/__pycache__) by extensions ['cmake', 'python']
[0.340s] Level 1:colcon.colcon_core.package_identification:_identify(src/arm/__pycache__) by extension 'cmake'
[0.341s] Level 1:colcon.colcon_core.package_identification:_identify(src/arm/__pycache__) by extension 'python'
[0.341s] Level 1:colcon.colcon_core.package_identification:_identify(src/arm/__pycache__) by extensions ['python_setup_py']
[0.341s] Level 1:colcon.colcon_core.package_identification:_identify(src/arm/__pycache__) by extension 'python_setup_py'
[0.341s] Level 1:colcon.colcon_core.package_identification:_identify(src/tb4_autonav) by extensions ['ignore', 'ignore_ament_install']
[0.341s] Level 1:colcon.colcon_core.package_identification:_identify(src/tb4_autonav) by extension 'ignore'
[0.341s] Level 1:colcon.colcon_core.package_identification:_identify(src/tb4_autonav) by extension 'ignore_ament_install'
[0.341s] Level 1:colcon.colcon_core.package_identification:_identify(src/tb4_autonav) by extensions ['colcon_pkg']
[0.341s] Level 1:colcon.colcon_core.package_identification:_identify(src/tb4_autonav) by extension 'colcon_pkg'
[0.341s] Level 1:colcon.colcon_core.package_identification:_identify(src/tb4_autonav) by extensions ['colcon_meta']
[0.341s] Level 1:colcon.colcon_core.package_identification:_identify(src/tb4_autonav) by extension 'colcon_meta'
[0.341s] Level 1:colcon.colcon_core.package_identification:_identify(src/tb4_autonav) by extensions ['ros']
[0.341s] Level 1:colcon.colcon_core.package_identification:_identify(src/tb4_autonav) by extension 'ros'
[0.342s] DEBUG:colcon.colcon_core.package_identification:Package 'src/tb4_autonav' with type 'ros.ament_python' and name 'tb4_autonav'
[0.342s] Level 1:colcon.colcon_core.package_identification:_identify(src/tb4_autonav_interfaces) by extensions ['ignore', 'ignore_ament_install']
[0.342s] Level 1:colcon.colcon_core.package_identification:_identify(src/tb4_autonav_interfaces) by extension 'ignore'
[0.342s] Level 1:colcon.colcon_core.package_identification:_identify(src/tb4_autonav_interfaces) by extension 'ignore_ament_install'
[0.342s] Level 1:colcon.colcon_core.package_identification:_identify(src/tb4_autonav_interfaces) by extensions ['colcon_pkg']
[0.342s] Level 1:colcon.colcon_core.package_identification:_identify(src/tb4_autonav_interfaces) by extension 'colcon_pkg'
[0.342s] Level 1:colcon.colcon_core.package_identification:_identify(src/tb4_autonav_interfaces) by extensions ['colcon_meta']
[0.342s] Level 1:colcon.colcon_core.package_identification:_identify(src/tb4_autonav_interfaces) by extension 'colcon_meta'
[0.342s] Level 1:colcon.colcon_core.package_identification:_identify(src/tb4_autonav_interfaces) by extensions ['ros']
[0.342s] Level 1:colcon.colcon_core.package_identification:_identify(src/tb4_autonav_interfaces) by extension 'ros'
[0.342s] DEBUG:colcon.colcon_core.package_identification:Package 'src/tb4_autonav_interfaces' with type 'ros.ament_cmake' and name 'tb4_autonav_interfaces'
[0.343s] Level 1:colcon.colcon_core.package_identification:_identify(traffic) by extensions ['ignore', 'ignore_ament_install']
[0.343s] Level 1:colcon.colcon_core.package_identification:_identify(traffic) by extension 'ignore'
[0.343s] Level 1:colcon.colcon_core.package_identification:_identify(traffic) by extension 'ignore_ament_install'
[0.343s] Level 1:colcon.colcon_core.package_identification:_identify(traffic) by extensions ['colcon_pkg']
[0.343s] Level 1:colcon.colcon_core.package_identification:_identify(traffic) by extension 'colcon_pkg'
[0.343s] Level 1:colcon.colcon_core.package_identification:_identify(traffic) by extensions ['colcon_meta']
[0.343s] Level 1:colcon.colcon_core.package_identification:_identify(traffic) by extension 'colcon_meta'
[0.343s] Level 1:colcon.colcon_core.package_identification:_identify(traffic) by extensions ['ros']
[0.343s] Level 1:colcon.colcon_core.package_identification:_identify(traffic) by extension 'ros'
[0.343s] Level 1:colcon.colcon_core.package_identification:_identify(traffic) by extensions ['cmake', 'python']
[0.343s] Level 1:colcon.colcon_core.package_identification:_identify(traffic) by extension 'cmake'
[0.343s] Level 1:colcon.colcon_core.package_identification:_identify(traffic) by extension 'python'
[0.343s] Level 1:colcon.colcon_core.package_identification:_identify(traffic) by extensions ['python_setup_py']
[0.343s] Level 1:colcon.colcon_core.package_identification:_identify(traffic) by extension 'python_setup_py'
[0.343s] Level 1:colcon.colcon_core.package_identification:_identify(traffic/raw_images3) by extensions ['ignore', 'ignore_ament_install']
[0.343s] Level 1:colcon.colcon_core.package_identification:_identify(traffic/raw_images3) by extension 'ignore'
[0.343s] Level 1:colcon.colcon_core.package_identification:_identify(traffic/raw_images3) by extension 'ignore_ament_install'
[0.343s] Level 1:colcon.colcon_core.package_identification:_identify(traffic/raw_images3) by extensions ['colcon_pkg']
[0.343s] Level 1:colcon.colcon_core.package_identification:_identify(traffic/raw_images3) by extension 'colcon_pkg'
[0.343s] Level 1:colcon.colcon_core.package_identification:_identify(traffic/raw_images3) by extensions ['colcon_meta']
[0.343s] Level 1:colcon.colcon_core.package_identification:_identify(traffic/raw_images3) by extension 'colcon_meta'
[0.344s] Level 1:colcon.colcon_core.package_identification:_identify(traffic/raw_images3) by extensions ['ros']
[0.344s] Level 1:colcon.colcon_core.package_identification:_identify(traffic/raw_images3) by extension 'ros'
[0.344s] Level 1:colcon.colcon_core.package_identification:_identify(traffic/raw_images3) by extensions ['cmake', 'python']
[0.344s] Level 1:colcon.colcon_core.package_identification:_identify(traffic/raw_images3) by extension 'cmake'
[0.344s] Level 1:colcon.colcon_core.package_identification:_identify(traffic/raw_images3) by extension 'python'
[0.344s] Level 1:colcon.colcon_core.package_identification:_identify(traffic/raw_images3) by extensions ['python_setup_py']
[0.344s] Level 1:colcon.colcon_core.package_identification:_identify(traffic/raw_images3) by extension 'python_setup_py'
[0.344s] Level 1:colcon.colcon_core.package_discovery:discover_packages(recursive) using defaults
[0.344s] Level 1:colcon.colcon_core.package_discovery:discover_packages(ignore) discover
[0.344s] Level 1:colcon.colcon_core.package_discovery:discover_packages(ignore) using defaults
[0.344s] Level 1:colcon.colcon_core.package_discovery:discover_packages(path) discover
[0.344s] Level 1:colcon.colcon_core.package_discovery:discover_packages(path) using defaults
[0.364s] Level 1:colcon.colcon_core.package_discovery:discover_packages(prefix_path) check parameters
[0.364s] Level 1:colcon.colcon_core.package_discovery:discover_packages(prefix_path) discover
[0.367s] DEBUG:colcon.colcon_installed_package_information.package_discovery:Found 3 installed packages in /home/tony/25_ws/install
[0.367s] DEBUG:colcon.colcon_installed_package_information.package_discovery:Found 1 installed packages in /home/tony/new_ws/install
[0.368s] DEBUG:colcon.colcon_installed_package_information.package_discovery:Found 40 installed packages in /home/tony/ros2_ws/install
[0.369s] DEBUG:colcon.colcon_installed_package_information.package_discovery:Found 5 installed packages in /home/tony/24fall_EE211_ws/install
[0.371s] DEBUG:colcon.colcon_installed_package_information.package_discovery:Found 506 installed packages in /opt/ros/humble
[0.373s] Level 1:colcon.colcon_core.package_discovery:discover_packages(prefix_path) using defaults
[0.424s] Level 5:colcon.colcon_core.verb:set package 'demo_interfaces_test' build argument 'cmake_args' from command line to 'None'
[0.424s] Level 5:colcon.colcon_core.verb:set package 'demo_interfaces_test' build argument 'cmake_target' from command line to 'None'
[0.424s] Level 5:colcon.colcon_core.verb:set package 'demo_interfaces_test' build argument 'cmake_target_skip_unavailable' from command line to 'False'
[0.424s] Level 5:colcon.colcon_core.verb:set package 'demo_interfaces_test' build argument 'cmake_clean_cache' from command line to 'False'
[0.424s] Level 5:colcon.colcon_core.verb:set package 'demo_interfaces_test' build argument 'cmake_clean_first' from command line to 'False'
[0.424s] Level 5:colcon.colcon_core.verb:set package 'demo_interfaces_test' build argument 'cmake_force_configure' from command line to 'False'
[0.424s] Level 5:colcon.colcon_core.verb:set package 'demo_interfaces_test' build argument 'ament_cmake_args' from command line to 'None'
[0.424s] Level 5:colcon.colcon_core.verb:set package 'demo_interfaces_test' build argument 'catkin_cmake_args' from command line to 'None'
[0.424s] Level 5:colcon.colcon_core.verb:set package 'demo_interfaces_test' build argument 'catkin_skip_building_tests' from command line to 'False'
[0.424s] DEBUG:colcon.colcon_core.verb:Building package 'demo_interfaces_test' with the following arguments: {'ament_cmake_args': None, 'build_base': '/home/tony/25_ws/build/demo_interfaces_test', 'catkin_cmake_args': None, 'catkin_skip_building_tests': False, 'cmake_args': None, 'cmake_clean_cache': False, 'cmake_clean_first': False, 'cmake_force_configure': False, 'cmake_target': None, 'cmake_target_skip_unavailable': False, 'install_base': '/home/tony/25_ws/install/demo_interfaces_test', 'merge_install': False, 'path': '/home/tony/25_ws/demo_interfaces_test', 'symlink_install': False, 'test_result_base': None}
[0.425s] Level 5:colcon.colcon_core.verb:set package 'tb4_autonav_interfaces' build argument 'cmake_args' from command line to 'None'
[0.425s] Level 5:colcon.colcon_core.verb:set package 'tb4_autonav_interfaces' build argument 'cmake_target' from command line to 'None'
[0.425s] Level 5:colcon.colcon_core.verb:set package 'tb4_autonav_interfaces' build argument 'cmake_target_skip_unavailable' from command line to 'False'
[0.425s] Level 5:colcon.colcon_core.verb:set package 'tb4_autonav_interfaces' build argument 'cmake_clean_cache' from command line to 'False'
[0.425s] Level 5:colcon.colcon_core.verb:set package 'tb4_autonav_interfaces' build argument 'cmake_clean_first' from command line to 'False'
[0.425s] Level 5:colcon.colcon_core.verb:set package 'tb4_autonav_interfaces' build argument 'cmake_force_configure' from command line to 'False'
[0.425s] Level 5:colcon.colcon_core.verb:set package 'tb4_autonav_interfaces' build argument 'ament_cmake_args' from command line to 'None'
[0.425s] Level 5:colcon.colcon_core.verb:set package 'tb4_autonav_interfaces' build argument 'catkin_cmake_args' from command line to 'None'
[0.425s] Level 5:colcon.colcon_core.verb:set package 'tb4_autonav_interfaces' build argument 'catkin_skip_building_tests' from command line to 'False'
[0.425s] DEBUG:colcon.colcon_core.verb:Building package 'tb4_autonav_interfaces' with the following arguments: {'ament_cmake_args': None, 'build_base': '/home/tony/25_ws/build/tb4_autonav_interfaces', 'catkin_cmake_args': None, 'catkin_skip_building_tests': False, 'cmake_args': None, 'cmake_clean_cache': False, 'cmake_clean_first': False, 'cmake_force_configure': False, 'cmake_target': None, 'cmake_target_skip_unavailable': False, 'install_base': '/home/tony/25_ws/install/tb4_autonav_interfaces', 'merge_install': False, 'path': '/home/tony/25_ws/src/tb4_autonav_interfaces', 'symlink_install': False, 'test_result_base': None}
[0.425s] Level 5:colcon.colcon_core.verb:set package 'tb4_autonav' build argument 'cmake_args' from command line to 'None'
[0.425s] Level 5:colcon.colcon_core.verb:set package 'tb4_autonav' build argument 'cmake_target' from command line to 'None'
[0.425s] Level 5:colcon.colcon_core.verb:set package 'tb4_autonav' build argument 'cmake_target_skip_unavailable' from command line to 'False'
[0.425s] Level 5:colcon.colcon_core.verb:set package 'tb4_autonav' build argument 'cmake_clean_cache' from command line to 'False'
[0.426s] Level 5:colcon.colcon_core.verb:set package 'tb4_autonav' build argument 'cmake_clean_first' from command line to 'False'
[0.426s] Level 5:colcon.colcon_core.verb:set package 'tb4_autonav' build argument 'cmake_force_configure' from command line to 'False'
[0.426s] Level 5:colcon.colcon_core.verb:set package 'tb4_autonav' build argument 'ament_cmake_args' from command line to 'None'
[0.426s] Level 5:colcon.colcon_core.verb:set package 'tb4_autonav' build argument 'catkin_cmake_args' from command line to 'None'
[0.426s] Level 5:colcon.colcon_core.verb:set package 'tb4_autonav' build argument 'catkin_skip_building_tests' from command line to 'False'
[0.426s] DEBUG:colcon.colcon_core.verb:Building package 'tb4_autonav' with the following arguments: {'ament_cmake_args': None, 'build_base': '/home/tony/25_ws/build/tb4_autonav', 'catkin_cmake_args': None, 'catkin_skip_building_tests': False, 'cmake_args': None, 'cmake_clean_cache': False, 'cmake_clean_first': False, 'cmake_force_configure': False, 'cmake_target': None, 'cmake_target_skip_unavailable': False, 'install_base': '/home/tony/25_ws/install/tb4_autonav', 'merge_install': False, 'path': '/home/tony/25_ws/src/tb4_autonav', 'symlink_install': False, 'test_result_base': None}
[0.426s] INFO:colcon.colcon_core.executor:Executing jobs using 'parallel' executor
[0.427s] DEBUG:colcon.colcon_parallel_executor.executor.parallel:run_until_complete
[0.427s] INFO:colcon.colcon_ros.task.ament_cmake.build:Building ROS package in '/home/tony/25_ws/src/tb4_autonav_interfaces' with build type 'ament_cmake'
[0.427s] INFO:colcon.colcon_cmake.task.cmake.build:Building CMake package in '/home/tony/25_ws/src/tb4_autonav_interfaces'
[0.430s] INFO:colcon.colcon_core.plugin_system:Skipping extension 'colcon_core.shell.bat': Not used on non-Windows systems
[0.430s] INFO:colcon.colcon_core.shell:Skip shell extension 'powershell' for command environment: Not usable outside of PowerShell
[0.430s] DEBUG:colcon.colcon_core.shell:Skip shell extension 'dsv' for command environment
[0.436s] INFO:colcon.colcon_ros.task.ament_cmake.build:Building ROS package in '/home/tony/25_ws/demo_interfaces_test' with build type 'ament_cmake'
[0.436s] INFO:colcon.colcon_cmake.task.cmake.build:Building CMake package in '/home/tony/25_ws/demo_interfaces_test'
[0.436s] INFO:colcon.colcon_core.shell:Skip shell extension 'powershell' for command environment: Not usable outside of PowerShell
[0.436s] DEBUG:colcon.colcon_core.shell:Skip shell extension 'dsv' for command environment
[0.447s] DEBUG:colcon.colcon_core.event_handler.log_command:Invoking command in '/home/tony/25_ws/build/tb4_autonav_interfaces': CMAKE_PREFIX_PATH=${CMAKE_PREFIX_PATH}:/home/tony/ros2_ws/install/witmotion_ros_driver:/home/tony/ros2_ws/install/ros2_aruco:/home/tony/ros2_ws/install/interbotix_xs_modules:/home/tony/ros2_ws/install/interbotix_perception_modules:/home/tony/ros2_ws/install/interbotix_common_modules:/home/tony/ros2_ws/install/detection:/home/tony/new_ws/install/project:/home/tony/25_ws/install/tb4_autonav:/home/tony/24fall_EE211_ws/install/turtlebot4_tests:/home/tony/24fall_EE211_ws/install/turtlebot4_diagnostics:/opt/ros/humble /usr/bin/cmake --build /home/tony/25_ws/build/tb4_autonav_interfaces -- -j8 -l8
[0.453s] DEBUG:colcon.colcon_core.event_handler.log_command:Invoking command in '/home/tony/25_ws/build/demo_interfaces_test': CMAKE_PREFIX_PATH=${CMAKE_PREFIX_PATH}:/home/tony/ros2_ws/install/witmotion_ros_driver:/home/tony/ros2_ws/install/ros2_aruco:/home/tony/ros2_ws/install/interbotix_xs_modules:/home/tony/ros2_ws/install/interbotix_perception_modules:/home/tony/ros2_ws/install/interbotix_common_modules:/home/tony/ros2_ws/install/detection:/home/tony/new_ws/install/project:/home/tony/25_ws/install/tb4_autonav:/home/tony/24fall_EE211_ws/install/turtlebot4_tests:/home/tony/24fall_EE211_ws/install/turtlebot4_diagnostics:/opt/ros/humble /usr/bin/cmake --build /home/tony/25_ws/build/demo_interfaces_test -- -j8 -l8
[0.936s] DEBUG:colcon.colcon_core.event_handler.log_command:Invoked command in '/home/tony/25_ws/build/demo_interfaces_test' returned '0': CMAKE_PREFIX_PATH=${CMAKE_PREFIX_PATH}:/home/tony/ros2_ws/install/witmotion_ros_driver:/home/tony/ros2_ws/install/ros2_aruco:/home/tony/ros2_ws/install/interbotix_xs_modules:/home/tony/ros2_ws/install/interbotix_perception_modules:/home/tony/ros2_ws/install/interbotix_common_modules:/home/tony/ros2_ws/install/detection:/home/tony/new_ws/install/project:/home/tony/25_ws/install/tb4_autonav:/home/tony/24fall_EE211_ws/install/turtlebot4_tests:/home/tony/24fall_EE211_ws/install/turtlebot4_diagnostics:/opt/ros/humble /usr/bin/cmake --build /home/tony/25_ws/build/demo_interfaces_test -- -j8 -l8
[0.946s] DEBUG:colcon.colcon_core.event_handler.log_command:Invoking command in '/home/tony/25_ws/build/demo_interfaces_test': CMAKE_PREFIX_PATH=${CMAKE_PREFIX_PATH}:/home/tony/ros2_ws/install/witmotion_ros_driver:/home/tony/ros2_ws/install/ros2_aruco:/home/tony/ros2_ws/install/interbotix_xs_modules:/home/tony/ros2_ws/install/interbotix_perception_modules:/home/tony/ros2_ws/install/interbotix_common_modules:/home/tony/ros2_ws/install/detection:/home/tony/new_ws/install/project:/home/tony/25_ws/install/tb4_autonav:/home/tony/24fall_EE211_ws/install/turtlebot4_tests:/home/tony/24fall_EE211_ws/install/turtlebot4_diagnostics:/opt/ros/humble /usr/bin/cmake --install /home/tony/25_ws/build/demo_interfaces_test
[0.965s] DEBUG:colcon.colcon_core.event_handler.log_command:Invoked command in '/home/tony/25_ws/build/tb4_autonav_interfaces' returned '0': CMAKE_PREFIX_PATH=${CMAKE_PREFIX_PATH}:/home/tony/ros2_ws/install/witmotion_ros_driver:/home/tony/ros2_ws/install/ros2_aruco:/home/tony/ros2_ws/install/interbotix_xs_modules:/home/tony/ros2_ws/install/interbotix_perception_modules:/home/tony/ros2_ws/install/interbotix_common_modules:/home/tony/ros2_ws/install/detection:/home/tony/new_ws/install/project:/home/tony/25_ws/install/tb4_autonav:/home/tony/24fall_EE211_ws/install/turtlebot4_tests:/home/tony/24fall_EE211_ws/install/turtlebot4_diagnostics:/opt/ros/humble /usr/bin/cmake --build /home/tony/25_ws/build/tb4_autonav_interfaces -- -j8 -l8
[0.968s] DEBUG:colcon.colcon_core.event_handler.log_command:Invoking command in '/home/tony/25_ws/build/tb4_autonav_interfaces': CMAKE_PREFIX_PATH=${CMAKE_PREFIX_PATH}:/home/tony/ros2_ws/install/witmotion_ros_driver:/home/tony/ros2_ws/install/ros2_aruco:/home/tony/ros2_ws/install/interbotix_xs_modules:/home/tony/ros2_ws/install/interbotix_perception_modules:/home/tony/ros2_ws/install/interbotix_common_modules:/home/tony/ros2_ws/install/detection:/home/tony/new_ws/install/project:/home/tony/25_ws/install/tb4_autonav:/home/tony/24fall_EE211_ws/install/turtlebot4_tests:/home/tony/24fall_EE211_ws/install/turtlebot4_diagnostics:/opt/ros/humble /usr/bin/cmake --install /home/tony/25_ws/build/tb4_autonav_interfaces
[1.015s] Level 1:colcon.colcon_core.environment:create_environment_scripts_only(demo_interfaces_test)
[1.015s] DEBUG:colcon.colcon_core.event_handler.log_command:Invoked command in '/home/tony/25_ws/build/demo_interfaces_test' returned '0': CMAKE_PREFIX_PATH=${CMAKE_PREFIX_PATH}:/home/tony/ros2_ws/install/witmotion_ros_driver:/home/tony/ros2_ws/install/ros2_aruco:/home/tony/ros2_ws/install/interbotix_xs_modules:/home/tony/ros2_ws/install/interbotix_perception_modules:/home/tony/ros2_ws/install/interbotix_common_modules:/home/tony/ros2_ws/install/detection:/home/tony/new_ws/install/project:/home/tony/25_ws/install/tb4_autonav:/home/tony/24fall_EE211_ws/install/turtlebot4_tests:/home/tony/24fall_EE211_ws/install/turtlebot4_diagnostics:/opt/ros/humble /usr/bin/cmake --install /home/tony/25_ws/build/demo_interfaces_test
[1.018s] Level 1:colcon.colcon_core.environment:checking '/home/tony/25_ws/install/demo_interfaces_test' for CMake module files
[1.019s] Level 1:colcon.colcon_core.environment:checking '/home/tony/25_ws/install/demo_interfaces_test' for CMake config files
[1.019s] Level 1:colcon.colcon_core.shell:create_environment_hook('demo_interfaces_test', 'cmake_prefix_path')
[1.020s] INFO:colcon.colcon_core.shell:Creating environment hook '/home/tony/25_ws/install/demo_interfaces_test/share/demo_interfaces_test/hook/cmake_prefix_path.ps1'
[1.021s] INFO:colcon.colcon_core.shell:Creating environment descriptor '/home/tony/25_ws/install/demo_interfaces_test/share/demo_interfaces_test/hook/cmake_prefix_path.dsv'
[1.022s] INFO:colcon.colcon_core.shell:Creating environment hook '/home/tony/25_ws/install/demo_interfaces_test/share/demo_interfaces_test/hook/cmake_prefix_path.sh'
[1.023s] Level 1:colcon.colcon_core.environment:checking '/home/tony/25_ws/install/demo_interfaces_test/lib'
[1.023s] Level 1:colcon.colcon_core.shell:create_environment_hook('demo_interfaces_test', 'ld_library_path_lib')
[1.023s] INFO:colcon.colcon_core.shell:Creating environment hook '/home/tony/25_ws/install/demo_interfaces_test/share/demo_interfaces_test/hook/ld_library_path_lib.ps1'
[1.024s] INFO:colcon.colcon_core.shell:Creating environment descriptor '/home/tony/25_ws/install/demo_interfaces_test/share/demo_interfaces_test/hook/ld_library_path_lib.dsv'
[1.024s] INFO:colcon.colcon_core.shell:Creating environment hook '/home/tony/25_ws/install/demo_interfaces_test/share/demo_interfaces_test/hook/ld_library_path_lib.sh'
[1.024s] Level 1:colcon.colcon_core.environment:checking '/home/tony/25_ws/install/demo_interfaces_test/bin'
[1.025s] Level 1:colcon.colcon_core.environment:checking '/home/tony/25_ws/install/demo_interfaces_test/lib/pkgconfig/demo_interfaces_test.pc'
[1.025s] Level 1:colcon.colcon_core.environment:checking '/home/tony/25_ws/install/demo_interfaces_test/lib/python3.10/site-packages'
[1.025s] Level 1:colcon.colcon_core.environment:checking '/home/tony/25_ws/install/demo_interfaces_test/bin'
[1.025s] INFO:colcon.colcon_core.shell:Creating package script '/home/tony/25_ws/install/demo_interfaces_test/share/demo_interfaces_test/package.ps1'
[1.026s] INFO:colcon.colcon_core.shell:Creating package descriptor '/home/tony/25_ws/install/demo_interfaces_test/share/demo_interfaces_test/package.dsv'
[1.027s] INFO:colcon.colcon_core.shell:Creating package script '/home/tony/25_ws/install/demo_interfaces_test/share/demo_interfaces_test/package.sh'
[1.027s] INFO:colcon.colcon_core.shell:Creating package script '/home/tony/25_ws/install/demo_interfaces_test/share/demo_interfaces_test/package.bash'
[1.028s] INFO:colcon.colcon_core.shell:Creating package script '/home/tony/25_ws/install/demo_interfaces_test/share/demo_interfaces_test/package.zsh'
[1.029s] Level 1:colcon.colcon_core.environment:create_file_with_runtime_dependencies(/home/tony/25_ws/install/demo_interfaces_test/share/colcon-core/packages/demo_interfaces_test)
[1.029s] Level 1:colcon.colcon_core.environment:create_environment_scripts_only(demo_interfaces_test)
[1.030s] Level 1:colcon.colcon_core.environment:checking '/home/tony/25_ws/install/demo_interfaces_test' for CMake module files
[1.034s] Level 1:colcon.colcon_core.environment:checking '/home/tony/25_ws/install/demo_interfaces_test' for CMake config files
[1.034s] Level 1:colcon.colcon_core.shell:create_environment_hook('demo_interfaces_test', 'cmake_prefix_path')
[1.035s] INFO:colcon.colcon_core.shell:Creating environment hook '/home/tony/25_ws/install/demo_interfaces_test/share/demo_interfaces_test/hook/cmake_prefix_path.ps1'
[1.035s] INFO:colcon.colcon_core.shell:Creating environment descriptor '/home/tony/25_ws/install/demo_interfaces_test/share/demo_interfaces_test/hook/cmake_prefix_path.dsv'
[1.036s] INFO:colcon.colcon_core.shell:Creating environment hook '/home/tony/25_ws/install/demo_interfaces_test/share/demo_interfaces_test/hook/cmake_prefix_path.sh'
[1.036s] Level 1:colcon.colcon_core.environment:checking '/home/tony/25_ws/install/demo_interfaces_test/lib'
[1.036s] Level 1:colcon.colcon_core.shell:create_environment_hook('demo_interfaces_test', 'ld_library_path_lib')
[1.037s] INFO:colcon.colcon_core.shell:Creating environment hook '/home/tony/25_ws/install/demo_interfaces_test/share/demo_interfaces_test/hook/ld_library_path_lib.ps1'
[1.037s] INFO:colcon.colcon_core.shell:Creating environment descriptor '/home/tony/25_ws/install/demo_interfaces_test/share/demo_interfaces_test/hook/ld_library_path_lib.dsv'
[1.037s] INFO:colcon.colcon_core.shell:Creating environment hook '/home/tony/25_ws/install/demo_interfaces_test/share/demo_interfaces_test/hook/ld_library_path_lib.sh'
[1.037s] Level 1:colcon.colcon_core.environment:checking '/home/tony/25_ws/install/demo_interfaces_test/bin'
[1.037s] Level 1:colcon.colcon_core.environment:checking '/home/tony/25_ws/install/demo_interfaces_test/lib/pkgconfig/demo_interfaces_test.pc'
[1.037s] Level 1:colcon.colcon_core.environment:checking '/home/tony/25_ws/install/demo_interfaces_test/lib/python3.10/site-packages'
[1.038s] Level 1:colcon.colcon_core.environment:checking '/home/tony/25_ws/install/demo_interfaces_test/bin'
[1.038s] INFO:colcon.colcon_core.shell:Creating package script '/home/tony/25_ws/install/demo_interfaces_test/share/demo_interfaces_test/package.ps1'
[1.038s] INFO:colcon.colcon_core.shell:Creating package descriptor '/home/tony/25_ws/install/demo_interfaces_test/share/demo_interfaces_test/package.dsv'
[1.039s] INFO:colcon.colcon_core.shell:Creating package script '/home/tony/25_ws/install/demo_interfaces_test/share/demo_interfaces_test/package.sh'
[1.039s] INFO:colcon.colcon_core.shell:Creating package script '/home/tony/25_ws/install/demo_interfaces_test/share/demo_interfaces_test/package.bash'
[1.040s] INFO:colcon.colcon_core.shell:Creating package script '/home/tony/25_ws/install/demo_interfaces_test/share/demo_interfaces_test/package.zsh'
[1.040s] Level 1:colcon.colcon_core.environment:create_file_with_runtime_dependencies(/home/tony/25_ws/install/demo_interfaces_test/share/colcon-core/packages/demo_interfaces_test)
[1.041s] Level 1:colcon.colcon_core.environment:create_environment_scripts_only(tb4_autonav_interfaces)
[1.041s] Level 1:colcon.colcon_core.environment:checking '/home/tony/25_ws/install/tb4_autonav_interfaces' for CMake module files
[1.042s] DEBUG:colcon.colcon_core.event_handler.log_command:Invoked command in '/home/tony/25_ws/build/tb4_autonav_interfaces' returned '0': CMAKE_PREFIX_PATH=${CMAKE_PREFIX_PATH}:/home/tony/ros2_ws/install/witmotion_ros_driver:/home/tony/ros2_ws/install/ros2_aruco:/home/tony/ros2_ws/install/interbotix_xs_modules:/home/tony/ros2_ws/install/interbotix_perception_modules:/home/tony/ros2_ws/install/interbotix_common_modules:/home/tony/ros2_ws/install/detection:/home/tony/new_ws/install/project:/home/tony/25_ws/install/tb4_autonav:/home/tony/24fall_EE211_ws/install/turtlebot4_tests:/home/tony/24fall_EE211_ws/install/turtlebot4_diagnostics:/opt/ros/humble /usr/bin/cmake --install /home/tony/25_ws/build/tb4_autonav_interfaces
[1.042s] Level 1:colcon.colcon_core.environment:checking '/home/tony/25_ws/install/tb4_autonav_interfaces' for CMake config files
[1.042s] Level 1:colcon.colcon_core.shell:create_environment_hook('tb4_autonav_interfaces', 'cmake_prefix_path')
[1.042s] INFO:colcon.colcon_core.shell:Creating environment hook '/home/tony/25_ws/install/tb4_autonav_interfaces/share/tb4_autonav_interfaces/hook/cmake_prefix_path.ps1'
[1.043s] INFO:colcon.colcon_core.shell:Creating environment descriptor '/home/tony/25_ws/install/tb4_autonav_interfaces/share/tb4_autonav_interfaces/hook/cmake_prefix_path.dsv'
[1.043s] INFO:colcon.colcon_core.shell:Creating environment hook '/home/tony/25_ws/install/tb4_autonav_interfaces/share/tb4_autonav_interfaces/hook/cmake_prefix_path.sh'
[1.043s] Level 1:colcon.colcon_core.environment:checking '/home/tony/25_ws/install/tb4_autonav_interfaces/lib'
[1.043s] Level 1:colcon.colcon_core.shell:create_environment_hook('tb4_autonav_interfaces', 'ld_library_path_lib')
[1.043s] INFO:colcon.colcon_core.shell:Creating environment hook '/home/tony/25_ws/install/tb4_autonav_interfaces/share/tb4_autonav_interfaces/hook/ld_library_path_lib.ps1'
[1.044s] INFO:colcon.colcon_core.shell:Creating environment descriptor '/home/tony/25_ws/install/tb4_autonav_interfaces/share/tb4_autonav_interfaces/hook/ld_library_path_lib.dsv'
[1.044s] INFO:colcon.colcon_core.shell:Creating environment hook '/home/tony/25_ws/install/tb4_autonav_interfaces/share/tb4_autonav_interfaces/hook/ld_library_path_lib.sh'
[1.044s] Level 1:colcon.colcon_core.environment:checking '/home/tony/25_ws/install/tb4_autonav_interfaces/bin'
[1.044s] Level 1:colcon.colcon_core.environment:checking '/home/tony/25_ws/install/tb4_autonav_interfaces/lib/pkgconfig/tb4_autonav_interfaces.pc'
[1.044s] Level 1:colcon.colcon_core.environment:checking '/home/tony/25_ws/install/tb4_autonav_interfaces/lib/python3.10/site-packages'
[1.045s] Level 1:colcon.colcon_core.environment:checking '/home/tony/25_ws/install/tb4_autonav_interfaces/bin'
[1.045s] INFO:colcon.colcon_core.shell:Creating package script '/home/tony/25_ws/install/tb4_autonav_interfaces/share/tb4_autonav_interfaces/package.ps1'
[1.045s] INFO:colcon.colcon_core.shell:Creating package descriptor '/home/tony/25_ws/install/tb4_autonav_interfaces/share/tb4_autonav_interfaces/package.dsv'
[1.046s] INFO:colcon.colcon_core.shell:Creating package script '/home/tony/25_ws/install/tb4_autonav_interfaces/share/tb4_autonav_interfaces/package.sh'
[1.046s] INFO:colcon.colcon_core.shell:Creating package script '/home/tony/25_ws/install/tb4_autonav_interfaces/share/tb4_autonav_interfaces/package.bash'
[1.046s] INFO:colcon.colcon_core.shell:Creating package script '/home/tony/25_ws/install/tb4_autonav_interfaces/share/tb4_autonav_interfaces/package.zsh'
[1.047s] Level 1:colcon.colcon_core.environment:create_file_with_runtime_dependencies(/home/tony/25_ws/install/tb4_autonav_interfaces/share/colcon-core/packages/tb4_autonav_interfaces)
[1.047s] Level 1:colcon.colcon_core.environment:create_environment_scripts_only(tb4_autonav_interfaces)
[1.047s] Level 1:colcon.colcon_core.environment:checking '/home/tony/25_ws/install/tb4_autonav_interfaces' for CMake module files
[1.048s] Level 1:colcon.colcon_core.environment:checking '/home/tony/25_ws/install/tb4_autonav_interfaces' for CMake config files
[1.048s] Level 1:colcon.colcon_core.shell:create_environment_hook('tb4_autonav_interfaces', 'cmake_prefix_path')
[1.048s] INFO:colcon.colcon_core.shell:Creating environment hook '/home/tony/25_ws/install/tb4_autonav_interfaces/share/tb4_autonav_interfaces/hook/cmake_prefix_path.ps1'
[1.049s] INFO:colcon.colcon_core.shell:Creating environment descriptor '/home/tony/25_ws/install/tb4_autonav_interfaces/share/tb4_autonav_interfaces/hook/cmake_prefix_path.dsv'
[1.049s] INFO:colcon.colcon_core.shell:Creating environment hook '/home/tony/25_ws/install/tb4_autonav_interfaces/share/tb4_autonav_interfaces/hook/cmake_prefix_path.sh'
[1.050s] Level 1:colcon.colcon_core.environment:checking '/home/tony/25_ws/install/tb4_autonav_interfaces/lib'
[1.050s] Level 1:colcon.colcon_core.shell:create_environment_hook('tb4_autonav_interfaces', 'ld_library_path_lib')
[1.050s] INFO:colcon.colcon_core.shell:Creating environment hook '/home/tony/25_ws/install/tb4_autonav_interfaces/share/tb4_autonav_interfaces/hook/ld_library_path_lib.ps1'
[1.051s] INFO:colcon.colcon_core.shell:Creating environment descriptor '/home/tony/25_ws/install/tb4_autonav_interfaces/share/tb4_autonav_interfaces/hook/ld_library_path_lib.dsv'
[1.052s] INFO:colcon.colcon_core.shell:Creating environment hook '/home/tony/25_ws/install/tb4_autonav_interfaces/share/tb4_autonav_interfaces/hook/ld_library_path_lib.sh'
[1.053s] Level 1:colcon.colcon_core.environment:checking '/home/tony/25_ws/install/tb4_autonav_interfaces/bin'
[1.053s] Level 1:colcon.colcon_core.environment:checking '/home/tony/25_ws/install/tb4_autonav_interfaces/lib/pkgconfig/tb4_autonav_interfaces.pc'
[1.053s] Level 1:colcon.colcon_core.environment:checking '/home/tony/25_ws/install/tb4_autonav_interfaces/lib/python3.10/site-packages'
[1.054s] Level 1:colcon.colcon_core.environment:checking '/home/tony/25_ws/install/tb4_autonav_interfaces/bin'
[1.055s] INFO:colcon.colcon_core.shell:Creating package script '/home/tony/25_ws/install/tb4_autonav_interfaces/share/tb4_autonav_interfaces/package.ps1'
[1.055s] INFO:colcon.colcon_core.shell:Creating package descriptor '/home/tony/25_ws/install/tb4_autonav_interfaces/share/tb4_autonav_interfaces/package.dsv'
[1.056s] INFO:colcon.colcon_core.shell:Creating package script '/home/tony/25_ws/install/tb4_autonav_interfaces/share/tb4_autonav_interfaces/package.sh'
[1.056s] INFO:colcon.colcon_core.shell:Creating package script '/home/tony/25_ws/install/tb4_autonav_interfaces/share/tb4_autonav_interfaces/package.bash'
[1.057s] INFO:colcon.colcon_core.shell:Creating package script '/home/tony/25_ws/install/tb4_autonav_interfaces/share/tb4_autonav_interfaces/package.zsh'
[1.057s] Level 1:colcon.colcon_core.environment:create_file_with_runtime_dependencies(/home/tony/25_ws/install/tb4_autonav_interfaces/share/colcon-core/packages/tb4_autonav_interfaces)
[1.058s] INFO:colcon.colcon_ros.task.ament_python.build:Building ROS package in '/home/tony/25_ws/src/tb4_autonav' with build type 'ament_python'
[1.058s] Level 1:colcon.colcon_core.shell:create_environment_hook('tb4_autonav', 'ament_prefix_path')
[1.058s] INFO:colcon.colcon_core.shell:Creating environment hook '/home/tony/25_ws/install/tb4_autonav/share/tb4_autonav/hook/ament_prefix_path.ps1'
[1.059s] INFO:colcon.colcon_core.shell:Creating environment descriptor '/home/tony/25_ws/install/tb4_autonav/share/tb4_autonav/hook/ament_prefix_path.dsv'
[1.059s] INFO:colcon.colcon_core.shell:Creating environment hook '/home/tony/25_ws/install/tb4_autonav/share/tb4_autonav/hook/ament_prefix_path.sh'
[1.059s] INFO:colcon.colcon_core.shell:Skip shell extension 'powershell' for command environment: Not usable outside of PowerShell
[1.059s] DEBUG:colcon.colcon_core.shell:Skip shell extension 'dsv' for command environment
[1.428s] INFO:colcon.colcon_core.task.python.build:Building Python package in '/home/tony/25_ws/src/tb4_autonav'
[1.428s] INFO:colcon.colcon_core.shell:Skip shell extension 'powershell' for command environment: Not usable outside of PowerShell
[1.428s] DEBUG:colcon.colcon_core.shell:Skip shell extension 'dsv' for command environment
[1.838s] DEBUG:colcon.colcon_core.event_handler.log_command:Invoking command in '/home/tony/25_ws/src/tb4_autonav': CMAKE_PREFIX_PATH=/home/tony/25_ws/install/tb4_autonav_interfaces:/home/tony/ros2_ws/install/witmotion_ros:/home/tony/ros2_ws/install/ros2_aruco_interfaces:/home/tony/ros2_ws/install/pan_tilt_driver:/home/tony/ros2_ws/install/pan_tilt_msgs:/home/tony/ros2_ws/install/pan_tilt_description:/home/tony/ros2_ws/install/pan_tilt_bringup:/home/tony/ros2_ws/install/iqr_tb4_navigation:/home/tony/ros2_ws/install/iqr_tb4_description:/home/tony/ros2_ws/install/iqr_tb4_bringup:/home/tony/ros2_ws/install/interbotix_ros_xsarms_examples:/home/tony/ros2_ws/install/interbotix_xsarm_moveit_interface:/home/tony/ros2_ws/install/interbotix_ros_xsarms:/home/tony/ros2_ws/install/interbotix_xsarm_moveit:/home/tony/ros2_ws/install/interbotix_xsarm_sim:/home/tony/ros2_ws/install/interbotix_xsarm_ros_control:/home/tony/ros2_ws/install/interbotix_xsarm_joy:/home/tony/ros2_ws/install/interbotix_xsarm_control:/home/tony/ros2_ws/install/interbotix_xsarm_descriptions:/home/tony/ros2_ws/install/interbotix_xs_toolbox:/home/tony/ros2_ws/install/interbotix_xs_rviz:/home/tony/ros2_ws/install/interbotix_ros_xseries:/home/tony/ros2_ws/install/interbotix_xs_sdk:/home/tony/ros2_ws/install/interbotix_xs_ros_control:/home/tony/ros2_ws/install/interbotix_perception_toolbox:/home/tony/ros2_ws/install/interbotix_perception_pipelines:/home/tony/ros2_ws/install/interbotix_xs_msgs:/home/tony/ros2_ws/install/interbotix_xs_driver:/home/tony/ros2_ws/install/interbotix_tf_tools:/home/tony/ros2_ws/install/interbotix_perception_msgs:/home/tony/ros2_ws/install/interbotix_moveit_interface:/home/tony/ros2_ws/install/interbotix_moveit_interface_msgs:/home/tony/ros2_ws/install/interbotix_common_toolbox:/home/tony/ros2_ws/install/interbotix_common_sim:/home/tony/ros2_ws/install/dynamixel_workbench_toolbox:/home/tony/25_ws/install/demo_interfaces_test:/home/tony/24fall_EE211_ws/install/turtlebot4_robot:/home/tony/24fall_EE211_ws/install/turtlebot4_bringup:/home/tony/24fall_EE211_ws/install/turtlebot4_base LD_LIBRARY_PATH=/home/tony/25_ws/install/tb4_autonav_interfaces/lib:/home/tony/ros2_ws/install/witmotion_ros/lib:/home/tony/ros2_ws/install/ros2_aruco_interfaces/lib:/home/tony/ros2_ws/install/pan_tilt_msgs/lib:/home/tony/ros2_ws/install/interbotix_xs_rviz/lib:/home/tony/ros2_ws/install/interbotix_xs_ros_control/lib:/home/tony/ros2_ws/install/interbotix_xs_msgs/lib:/home/tony/ros2_ws/install/interbotix_xs_driver/lib:/home/tony/ros2_ws/install/interbotix_tf_tools/lib:/home/tony/ros2_ws/install/interbotix_perception_msgs/lib:/home/tony/ros2_ws/install/interbotix_moveit_interface_msgs/lib:/home/tony/ros2_ws/install/dynamixel_workbench_toolbox/lib:/home/tony/25_ws/install/demo_interfaces_test/lib:/usr/lib/x86_64-linux-gnu/gazebo-11/plugins:/opt/ros/humble/opt/rviz_ogre_vendor/lib:/opt/rti.com/rti_connext_dds-6.0.1/lib/x64Linux4gcc7.3.0:/opt/rti.com/rti_connext_dds-6.0.1/bin:/opt/ros/humble/lib/x86_64-linux-gnu:/usr/share/gurumdds/cmake/../../../lib:/opt/ros/humble/lib PYTHONPATH=/home/tony/25_ws/build/tb4_autonav/prefix_override:/usr/lib/python3/dist-packages/colcon_core/task/python/colcon_distutils_commands:/home/tony/25_ws/install/tb4_autonav/lib/python3.10/site-packages:${PYTHONPATH} /usr/bin/python3 -W ignore:setup.py install is deprecated -W ignore:easy_install command is deprecated setup.py egg_info --egg-base ../../build/tb4_autonav build --build-base /home/tony/25_ws/build/tb4_autonav/build install --record /home/tony/25_ws/build/tb4_autonav/install.log --single-version-externally-managed install_data
[2.155s] Level 1:colcon.colcon_core.environment:checking '/home/tony/25_ws/install/tb4_autonav' for CMake module files
[2.156s] DEBUG:colcon.colcon_core.event_handler.log_command:Invoked command in '/home/tony/25_ws/src/tb4_autonav' returned '0': CMAKE_PREFIX_PATH=/home/tony/25_ws/install/tb4_autonav_interfaces:/home/tony/ros2_ws/install/witmotion_ros:/home/tony/ros2_ws/install/ros2_aruco_interfaces:/home/tony/ros2_ws/install/pan_tilt_driver:/home/tony/ros2_ws/install/pan_tilt_msgs:/home/tony/ros2_ws/install/pan_tilt_description:/home/tony/ros2_ws/install/pan_tilt_bringup:/home/tony/ros2_ws/install/iqr_tb4_navigation:/home/tony/ros2_ws/install/iqr_tb4_description:/home/tony/ros2_ws/install/iqr_tb4_bringup:/home/tony/ros2_ws/install/interbotix_ros_xsarms_examples:/home/tony/ros2_ws/install/interbotix_xsarm_moveit_interface:/home/tony/ros2_ws/install/interbotix_ros_xsarms:/home/tony/ros2_ws/install/interbotix_xsarm_moveit:/home/tony/ros2_ws/install/interbotix_xsarm_sim:/home/tony/ros2_ws/install/interbotix_xsarm_ros_control:/home/tony/ros2_ws/install/interbotix_xsarm_joy:/home/tony/ros2_ws/install/interbotix_xsarm_control:/home/tony/ros2_ws/install/interbotix_xsarm_descriptions:/home/tony/ros2_ws/install/interbotix_xs_toolbox:/home/tony/ros2_ws/install/interbotix_xs_rviz:/home/tony/ros2_ws/install/interbotix_ros_xseries:/home/tony/ros2_ws/install/interbotix_xs_sdk:/home/tony/ros2_ws/install/interbotix_xs_ros_control:/home/tony/ros2_ws/install/interbotix_perception_toolbox:/home/tony/ros2_ws/install/interbotix_perception_pipelines:/home/tony/ros2_ws/install/interbotix_xs_msgs:/home/tony/ros2_ws/install/interbotix_xs_driver:/home/tony/ros2_ws/install/interbotix_tf_tools:/home/tony/ros2_ws/install/interbotix_perception_msgs:/home/tony/ros2_ws/install/interbotix_moveit_interface:/home/tony/ros2_ws/install/interbotix_moveit_interface_msgs:/home/tony/ros2_ws/install/interbotix_common_toolbox:/home/tony/ros2_ws/install/interbotix_common_sim:/home/tony/ros2_ws/install/dynamixel_workbench_toolbox:/home/tony/25_ws/install/demo_interfaces_test:/home/tony/24fall_EE211_ws/install/turtlebot4_robot:/home/tony/24fall_EE211_ws/install/turtlebot4_bringup:/home/tony/24fall_EE211_ws/install/turtlebot4_base LD_LIBRARY_PATH=/home/tony/25_ws/install/tb4_autonav_interfaces/lib:/home/tony/ros2_ws/install/witmotion_ros/lib:/home/tony/ros2_ws/install/ros2_aruco_interfaces/lib:/home/tony/ros2_ws/install/pan_tilt_msgs/lib:/home/tony/ros2_ws/install/interbotix_xs_rviz/lib:/home/tony/ros2_ws/install/interbotix_xs_ros_control/lib:/home/tony/ros2_ws/install/interbotix_xs_msgs/lib:/home/tony/ros2_ws/install/interbotix_xs_driver/lib:/home/tony/ros2_ws/install/interbotix_tf_tools/lib:/home/tony/ros2_ws/install/interbotix_perception_msgs/lib:/home/tony/ros2_ws/install/interbotix_moveit_interface_msgs/lib:/home/tony/ros2_ws/install/dynamixel_workbench_toolbox/lib:/home/tony/25_ws/install/demo_interfaces_test/lib:/usr/lib/x86_64-linux-gnu/gazebo-11/plugins:/opt/ros/humble/opt/rviz_ogre_vendor/lib:/opt/rti.com/rti_connext_dds-6.0.1/lib/x64Linux4gcc7.3.0:/opt/rti.com/rti_connext_dds-6.0.1/bin:/opt/ros/humble/lib/x86_64-linux-gnu:/usr/share/gurumdds/cmake/../../../lib:/opt/ros/humble/lib PYTHONPATH=/home/tony/25_ws/build/tb4_autonav/prefix_override:/usr/lib/python3/dist-packages/colcon_core/task/python/colcon_distutils_commands:/home/tony/25_ws/install/tb4_autonav/lib/python3.10/site-packages:${PYTHONPATH} /usr/bin/python3 -W ignore:setup.py install is deprecated -W ignore:easy_install command is deprecated setup.py egg_info --egg-base ../../build/tb4_autonav build --build-base /home/tony/25_ws/build/tb4_autonav/build install --record /home/tony/25_ws/build/tb4_autonav/install.log --single-version-externally-managed install_data
[2.157s] Level 1:colcon.colcon_core.environment:checking '/home/tony/25_ws/install/tb4_autonav' for CMake config files
[2.157s] Level 1:colcon.colcon_core.environment:checking '/home/tony/25_ws/install/tb4_autonav/lib'
[2.157s] Level 1:colcon.colcon_core.environment:checking '/home/tony/25_ws/install/tb4_autonav/bin'
[2.157s] Level 1:colcon.colcon_core.environment:checking '/home/tony/25_ws/install/tb4_autonav/lib/pkgconfig/tb4_autonav.pc'
[2.158s] Level 1:colcon.colcon_core.environment:checking '/home/tony/25_ws/install/tb4_autonav/lib/python3.10/site-packages'
[2.158s] Level 1:colcon.colcon_core.shell:create_environment_hook('tb4_autonav', 'pythonpath')
[2.158s] INFO:colcon.colcon_core.shell:Creating environment hook '/home/tony/25_ws/install/tb4_autonav/share/tb4_autonav/hook/pythonpath.ps1'
[2.158s] INFO:colcon.colcon_core.shell:Creating environment descriptor '/home/tony/25_ws/install/tb4_autonav/share/tb4_autonav/hook/pythonpath.dsv'
[2.159s] INFO:colcon.colcon_core.shell:Creating environment hook '/home/tony/25_ws/install/tb4_autonav/share/tb4_autonav/hook/pythonpath.sh'
[2.159s] Level 1:colcon.colcon_core.environment:checking '/home/tony/25_ws/install/tb4_autonav/bin'
[2.159s] Level 1:colcon.colcon_core.environment:create_environment_scripts_only(tb4_autonav)
[2.159s] INFO:colcon.colcon_core.shell:Creating package script '/home/tony/25_ws/install/tb4_autonav/share/tb4_autonav/package.ps1'
[2.160s] INFO:colcon.colcon_core.shell:Creating package descriptor '/home/tony/25_ws/install/tb4_autonav/share/tb4_autonav/package.dsv'
[2.160s] INFO:colcon.colcon_core.shell:Creating package script '/home/tony/25_ws/install/tb4_autonav/share/tb4_autonav/package.sh'
[2.161s] INFO:colcon.colcon_core.shell:Creating package script '/home/tony/25_ws/install/tb4_autonav/share/tb4_autonav/package.bash'
[2.161s] INFO:colcon.colcon_core.shell:Creating package script '/home/tony/25_ws/install/tb4_autonav/share/tb4_autonav/package.zsh'
[2.161s] Level 1:colcon.colcon_core.environment:create_file_with_runtime_dependencies(/home/tony/25_ws/install/tb4_autonav/share/colcon-core/packages/tb4_autonav)
[2.161s] DEBUG:colcon.colcon_parallel_executor.executor.parallel:closing loop
[2.162s] DEBUG:colcon.colcon_parallel_executor.executor.parallel:loop closed
[2.162s] DEBUG:colcon.colcon_parallel_executor.executor.parallel:run_until_complete finished with '0'
[2.162s] DEBUG:colcon.colcon_core.event_reactor:joining thread
[2.166s] INFO:colcon.colcon_core.plugin_system:Skipping extension 'colcon_notification.desktop_notification.terminal_notifier': Not used on non-Darwin systems
[2.167s] INFO:colcon.colcon_core.plugin_system:Skipping extension 'colcon_notification.desktop_notification.win32': Not used on non-Windows systems
[2.167s] INFO:colcon.colcon_notification.desktop_notification:Sending desktop notification using 'notify2'
[2.177s] DEBUG:colcon.colcon_core.event_reactor:joined thread
[2.177s] INFO:colcon.colcon_core.shell:Creating prefix script '/home/tony/25_ws/install/local_setup.ps1'
[2.178s] INFO:colcon.colcon_core.shell:Creating prefix util module '/home/tony/25_ws/install/_local_setup_util_ps1.py'
[2.179s] INFO:colcon.colcon_core.shell:Creating prefix chain script '/home/tony/25_ws/install/setup.ps1'
[2.181s] INFO:colcon.colcon_core.shell:Creating prefix script '/home/tony/25_ws/install/local_setup.sh'
[2.182s] INFO:colcon.colcon_core.shell:Creating prefix util module '/home/tony/25_ws/install/_local_setup_util_sh.py'
[2.183s] INFO:colcon.colcon_core.shell:Creating prefix chain script '/home/tony/25_ws/install/setup.sh'
[2.186s] INFO:colcon.colcon_core.shell:Creating prefix script '/home/tony/25_ws/install/local_setup.bash'
[2.186s] INFO:colcon.colcon_core.shell:Creating prefix chain script '/home/tony/25_ws/install/setup.bash'
[2.189s] INFO:colcon.colcon_core.shell:Creating prefix script '/home/tony/25_ws/install/local_setup.zsh'
[2.190s] INFO:colcon.colcon_core.shell:Creating prefix chain script '/home/tony/25_ws/install/setup.zsh'
