[0.540s] Invoking command in '/home/tony/25_ws/src/tb4_autonav': PYTHONPATH=/home/tony/25_ws/build/tb4_autonav/prefix_override:/usr/lib/python3/dist-packages/colcon_core/task/python/colcon_distutils_commands:/home/tony/25_ws/install/tb4_autonav/lib/python3.10/site-packages:${PYTHONPATH} /usr/bin/python3 -W ignore:setup.py install is deprecated -W ignore:easy_install command is deprecated setup.py egg_info --egg-base ../../build/tb4_autonav build --build-base /home/tony/25_ws/build/tb4_autonav/build install --record /home/tony/25_ws/build/tb4_autonav/install.log --single-version-externally-managed install_data
[0.742s] running egg_info
[0.742s] writing ../../build/tb4_autonav/tb4_autonav.egg-info/PKG-INFO
[0.743s] writing dependency_links to ../../build/tb4_autonav/tb4_autonav.egg-info/dependency_links.txt
[0.743s] writing entry points to ../../build/tb4_autonav/tb4_autonav.egg-info/entry_points.txt
[0.743s] writing requirements to ../../build/tb4_autonav/tb4_autonav.egg-info/requires.txt
[0.743s] writing top-level names to ../../build/tb4_autonav/tb4_autonav.egg-info/top_level.txt
[0.744s] reading manifest file '../../build/tb4_autonav/tb4_autonav.egg-info/SOURCES.txt'
[0.745s] writing manifest file '../../build/tb4_autonav/tb4_autonav.egg-info/SOURCES.txt'
[0.745s] running build
[0.745s] running build_py
[0.745s] copying tb4_autonav/pan_tilt_sweep.py -> /home/tony/25_ws/build/tb4_autonav/build/lib/tb4_autonav
[0.745s] copying tb4_autonav/traffic_detector_yolo.py -> /home/tony/25_ws/build/tb4_autonav/build/lib/tb4_autonav
[0.745s] running install
[0.746s] running install_lib
[0.746s] copying /home/tony/25_ws/build/tb4_autonav/build/lib/tb4_autonav/pan_tilt_sweep.py -> /home/tony/25_ws/install/tb4_autonav/lib/python3.10/site-packages/tb4_autonav
[0.746s] copying /home/tony/25_ws/build/tb4_autonav/build/lib/tb4_autonav/traffic_detector_yolo.py -> /home/tony/25_ws/install/tb4_autonav/lib/python3.10/site-packages/tb4_autonav
[0.747s] byte-compiling /home/tony/25_ws/install/tb4_autonav/lib/python3.10/site-packages/tb4_autonav/pan_tilt_sweep.py to pan_tilt_sweep.cpython-310.pyc
[0.748s] byte-compiling /home/tony/25_ws/install/tb4_autonav/lib/python3.10/site-packages/tb4_autonav/traffic_detector_yolo.py to traffic_detector_yolo.cpython-310.pyc
[0.750s] running install_data
[0.750s] running install_egg_info
[0.751s] removing '/home/tony/25_ws/install/tb4_autonav/lib/python3.10/site-packages/tb4_autonav-0.0.1-py3.10.egg-info' (and everything under it)
[0.751s] Copying ../../build/tb4_autonav/tb4_autonav.egg-info to /home/tony/25_ws/install/tb4_autonav/lib/python3.10/site-packages/tb4_autonav-0.0.1-py3.10.egg-info
[0.752s] running install_scripts
[0.767s] Installing pan_tilt_sweep script to /home/tony/25_ws/install/tb4_autonav/lib/tb4_autonav
[0.767s] Installing task_combined_navigator script to /home/tony/25_ws/install/tb4_autonav/lib/tb4_autonav
[0.767s] Installing task_navigator script to /home/tony/25_ws/install/tb4_autonav/lib/tb4_autonav
[0.767s] Installing traffic_detector_node script to /home/tony/25_ws/install/tb4_autonav/lib/tb4_autonav
[0.767s] Installing traffic_detector_yolo script to /home/tony/25_ws/install/tb4_autonav/lib/tb4_autonav
[0.767s] Installing waypoint_navigator script to /home/tony/25_ws/install/tb4_autonav/lib/tb4_autonav
[0.767s] Installing yolo_detector_node script to /home/tony/25_ws/install/tb4_autonav/lib/tb4_autonav
[0.767s] writing list of installed files to '/home/tony/25_ws/build/tb4_autonav/install.log'
[0.787s] Invoked command in '/home/tony/25_ws/src/tb4_autonav' returned '0': PYTHONPATH=/home/tony/25_ws/build/tb4_autonav/prefix_override:/usr/lib/python3/dist-packages/colcon_core/task/python/colcon_distutils_commands:/home/tony/25_ws/install/tb4_autonav/lib/python3.10/site-packages:${PYTHONPATH} /usr/bin/python3 -W ignore:setup.py install is deprecated -W ignore:easy_install command is deprecated setup.py egg_info --egg-base ../../build/tb4_autonav build --build-base /home/tony/25_ws/build/tb4_autonav/build install --record /home/tony/25_ws/build/tb4_autonav/install.log --single-version-externally-managed install_data
