[0.026s] Invoking command in '/home/tony/25_ws/build/tb4_autonav_interfaces': CMAKE_PREFIX_PATH=${CMAKE_PREFIX_PATH}:/home/tony/ros2_ws/install/witmotion_ros_driver:/home/tony/ros2_ws/install/ros2_aruco:/home/tony/ros2_ws/install/interbotix_xs_modules:/home/tony/ros2_ws/install/interbotix_perception_modules:/home/tony/ros2_ws/install/interbotix_common_modules:/home/tony/ros2_ws/install/detection:/home/tony/new_ws/install/project:/home/tony/25_ws/install/tb4_autonav:/home/tony/24fall_EE211_ws/install/turtlebot4_tests:/home/tony/24fall_EE211_ws/install/turtlebot4_diagnostics:/opt/ros/humble /usr/bin/cmake --build /home/tony/25_ws/build/tb4_autonav_interfaces -- -j8 -l8
[0.117s] [  2%] Built target tb4_autonav_interfaces__cpp
[0.180s] [  2%] Built target ament_cmake_python_copy_tb4_autonav_interfaces
[0.223s] [ 12%] Built target tb4_autonav_interfaces__rosidl_typesupport_introspection_cpp
[0.582s] running egg_info
[0.583s] writing tb4_autonav_interfaces.egg-info/PKG-INFO
[0.583s] writing dependency_links to tb4_autonav_interfaces.egg-info/dependency_links.txt
[0.583s] writing top-level names to tb4_autonav_interfaces.egg-info/top_level.txt
[0.586s] reading manifest file 'tb4_autonav_interfaces.egg-info/SOURCES.txt'
[0.586s] writing manifest file 'tb4_autonav_interfaces.egg-info/SOURCES.txt'
[0.621s] [ 12%] Built target ament_cmake_python_build_tb4_autonav_interfaces_egg
[0.672s] [ 23%] Built target tb4_autonav_interfaces__rosidl_typesupport_fastrtps_cpp
[0.713s] [ 33%] Built target tb4_autonav_interfaces__rosidl_typesupport_cpp
[0.744s] [ 43%] Built target tb4_autonav_interfaces__rosidl_generator_c
[0.782s] [ 53%] Built target tb4_autonav_interfaces__rosidl_typesupport_fastrtps_c
[0.824s] [ 64%] Built target tb4_autonav_interfaces__rosidl_typesupport_c
[0.869s] [ 74%] Built target tb4_autonav_interfaces__rosidl_typesupport_introspection_c
[0.918s] [ 74%] Built target tb4_autonav_interfaces
[0.961s] [ 76%] Built target tb4_autonav_interfaces__py
[1.000s] [ 84%] Built target tb4_autonav_interfaces__rosidl_generator_py
[1.045s] [ 89%] Built target tb4_autonav_interfaces__rosidl_typesupport_fastrtps_c__pyext
[1.089s] [ 94%] Built target tb4_autonav_interfaces__rosidl_typesupport_c__pyext
[1.134s] [100%] Built target tb4_autonav_interfaces__rosidl_typesupport_introspection_c__pyext
[1.156s] Invoked command in '/home/tony/25_ws/build/tb4_autonav_interfaces' returned '0': CMAKE_PREFIX_PATH=${CMAKE_PREFIX_PATH}:/home/tony/ros2_ws/install/witmotion_ros_driver:/home/tony/ros2_ws/install/ros2_aruco:/home/tony/ros2_ws/install/interbotix_xs_modules:/home/tony/ros2_ws/install/interbotix_perception_modules:/home/tony/ros2_ws/install/interbotix_common_modules:/home/tony/ros2_ws/install/detection:/home/tony/new_ws/install/project:/home/tony/25_ws/install/tb4_autonav:/home/tony/24fall_EE211_ws/install/turtlebot4_tests:/home/tony/24fall_EE211_ws/install/turtlebot4_diagnostics:/opt/ros/humble /usr/bin/cmake --build /home/tony/25_ws/build/tb4_autonav_interfaces -- -j8 -l8
[1.175s] Invoking command in '/home/tony/25_ws/build/tb4_autonav_interfaces': CMAKE_PREFIX_PATH=${CMAKE_PREFIX_PATH}:/home/tony/ros2_ws/install/witmotion_ros_driver:/home/tony/ros2_ws/install/ros2_aruco:/home/tony/ros2_ws/install/interbotix_xs_modules:/home/tony/ros2_ws/install/interbotix_perception_modules:/home/tony/ros2_ws/install/interbotix_common_modules:/home/tony/ros2_ws/install/detection:/home/tony/new_ws/install/project:/home/tony/25_ws/install/tb4_autonav:/home/tony/24fall_EE211_ws/install/turtlebot4_tests:/home/tony/24fall_EE211_ws/install/turtlebot4_diagnostics:/opt/ros/humble /usr/bin/cmake --install /home/tony/25_ws/build/tb4_autonav_interfaces
[1.182s] -- Install configuration: ""
[1.182s] -- Up-to-date: /home/tony/25_ws/install/tb4_autonav_interfaces/share/ament_index/resource_index/rosidl_interfaces/tb4_autonav_interfaces
[1.182s] -- Up-to-date: /home/tony/25_ws/install/tb4_autonav_interfaces/include/tb4_autonav_interfaces/tb4_autonav_interfaces
[1.182s] -- Up-to-date: /home/tony/25_ws/install/tb4_autonav_interfaces/include/tb4_autonav_interfaces/tb4_autonav_interfaces/msg
[1.182s] -- Up-to-date: /home/tony/25_ws/install/tb4_autonav_interfaces/include/tb4_autonav_interfaces/tb4_autonav_interfaces/msg/yolo_target_bias.h
[1.182s] -- Up-to-date: /home/tony/25_ws/install/tb4_autonav_interfaces/include/tb4_autonav_interfaces/tb4_autonav_interfaces/msg/traffic_event.h
[1.183s] -- Up-to-date: /home/tony/25_ws/install/tb4_autonav_interfaces/include/tb4_autonav_interfaces/tb4_autonav_interfaces/msg/detail
[1.183s] -- Up-to-date: /home/tony/25_ws/install/tb4_autonav_interfaces/include/tb4_autonav_interfaces/tb4_autonav_interfaces/msg/detail/traffic_event__struct.h
[1.183s] -- Up-to-date: /home/tony/25_ws/install/tb4_autonav_interfaces/include/tb4_autonav_interfaces/tb4_autonav_interfaces/msg/detail/yolo_target_bias__type_support.h
[1.183s] -- Up-to-date: /home/tony/25_ws/install/tb4_autonav_interfaces/include/tb4_autonav_interfaces/tb4_autonav_interfaces/msg/detail/yolo_target_bias__functions.h
[1.183s] -- Up-to-date: /home/tony/25_ws/install/tb4_autonav_interfaces/include/tb4_autonav_interfaces/tb4_autonav_interfaces/msg/detail/traffic_event__functions.h
[1.183s] -- Up-to-date: /home/tony/25_ws/install/tb4_autonav_interfaces/include/tb4_autonav_interfaces/tb4_autonav_interfaces/msg/detail/yolo_target_bias__struct.h
[1.183s] -- Up-to-date: /home/tony/25_ws/install/tb4_autonav_interfaces/include/tb4_autonav_interfaces/tb4_autonav_interfaces/msg/detail/traffic_event__type_support.h
[1.183s] -- Up-to-date: /home/tony/25_ws/install/tb4_autonav_interfaces/include/tb4_autonav_interfaces/tb4_autonav_interfaces/msg/detail/traffic_event__functions.c
[1.183s] -- Up-to-date: /home/tony/25_ws/install/tb4_autonav_interfaces/include/tb4_autonav_interfaces/tb4_autonav_interfaces/msg/detail/yolo_target_bias__functions.c
[1.184s] -- Up-to-date: /home/tony/25_ws/install/tb4_autonav_interfaces/include/tb4_autonav_interfaces/tb4_autonav_interfaces/msg/rosidl_generator_c__visibility_control.h
[1.185s] -- Up-to-date: /home/tony/25_ws/install/tb4_autonav_interfaces/share/tb4_autonav_interfaces/environment/library_path.sh
[1.185s] -- Up-to-date: /home/tony/25_ws/install/tb4_autonav_interfaces/share/tb4_autonav_interfaces/environment/library_path.dsv
[1.185s] -- Up-to-date: /home/tony/25_ws/install/tb4_autonav_interfaces/lib/libtb4_autonav_interfaces__rosidl_generator_c.so
[1.185s] -- Up-to-date: /home/tony/25_ws/install/tb4_autonav_interfaces/include/tb4_autonav_interfaces/tb4_autonav_interfaces
[1.185s] -- Up-to-date: /home/tony/25_ws/install/tb4_autonav_interfaces/include/tb4_autonav_interfaces/tb4_autonav_interfaces/msg
[1.186s] -- Up-to-date: /home/tony/25_ws/install/tb4_autonav_interfaces/include/tb4_autonav_interfaces/tb4_autonav_interfaces/msg/detail
[1.186s] -- Up-to-date: /home/tony/25_ws/install/tb4_autonav_interfaces/include/tb4_autonav_interfaces/tb4_autonav_interfaces/msg/detail/yolo_target_bias__rosidl_typesupport_fastrtps_c.h
[1.186s] -- Up-to-date: /home/tony/25_ws/install/tb4_autonav_interfaces/include/tb4_autonav_interfaces/tb4_autonav_interfaces/msg/detail/traffic_event__rosidl_typesupport_fastrtps_c.h
[1.186s] -- Up-to-date: /home/tony/25_ws/install/tb4_autonav_interfaces/include/tb4_autonav_interfaces/tb4_autonav_interfaces/msg/rosidl_typesupport_fastrtps_c__visibility_control.h
[1.186s] -- Up-to-date: /home/tony/25_ws/install/tb4_autonav_interfaces/lib/libtb4_autonav_interfaces__rosidl_typesupport_fastrtps_c.so
[1.186s] -- Up-to-date: /home/tony/25_ws/install/tb4_autonav_interfaces/include/tb4_autonav_interfaces/tb4_autonav_interfaces
[1.186s] -- Up-to-date: /home/tony/25_ws/install/tb4_autonav_interfaces/include/tb4_autonav_interfaces/tb4_autonav_interfaces/msg
[1.186s] -- Up-to-date: /home/tony/25_ws/install/tb4_autonav_interfaces/include/tb4_autonav_interfaces/tb4_autonav_interfaces/msg/rosidl_typesupport_introspection_c__visibility_control.h
[1.187s] -- Up-to-date: /home/tony/25_ws/install/tb4_autonav_interfaces/include/tb4_autonav_interfaces/tb4_autonav_interfaces/msg/detail
[1.187s] -- Up-to-date: /home/tony/25_ws/install/tb4_autonav_interfaces/include/tb4_autonav_interfaces/tb4_autonav_interfaces/msg/detail/yolo_target_bias__type_support.c
[1.187s] -- Up-to-date: /home/tony/25_ws/install/tb4_autonav_interfaces/include/tb4_autonav_interfaces/tb4_autonav_interfaces/msg/detail/yolo_target_bias__rosidl_typesupport_introspection_c.h
[1.187s] -- Up-to-date: /home/tony/25_ws/install/tb4_autonav_interfaces/include/tb4_autonav_interfaces/tb4_autonav_interfaces/msg/detail/traffic_event__rosidl_typesupport_introspection_c.h
[1.187s] -- Up-to-date: /home/tony/25_ws/install/tb4_autonav_interfaces/include/tb4_autonav_interfaces/tb4_autonav_interfaces/msg/detail/traffic_event__type_support.c
[1.187s] -- Up-to-date: /home/tony/25_ws/install/tb4_autonav_interfaces/lib/libtb4_autonav_interfaces__rosidl_typesupport_introspection_c.so
[1.187s] -- Up-to-date: /home/tony/25_ws/install/tb4_autonav_interfaces/lib/libtb4_autonav_interfaces__rosidl_typesupport_c.so
[1.188s] -- Up-to-date: /home/tony/25_ws/install/tb4_autonav_interfaces/include/tb4_autonav_interfaces/tb4_autonav_interfaces
[1.188s] -- Up-to-date: /home/tony/25_ws/install/tb4_autonav_interfaces/include/tb4_autonav_interfaces/tb4_autonav_interfaces/msg
[1.188s] -- Up-to-date: /home/tony/25_ws/install/tb4_autonav_interfaces/include/tb4_autonav_interfaces/tb4_autonav_interfaces/msg/rosidl_generator_cpp__visibility_control.hpp
[1.188s] -- Up-to-date: /home/tony/25_ws/install/tb4_autonav_interfaces/include/tb4_autonav_interfaces/tb4_autonav_interfaces/msg/detail
[1.188s] -- Up-to-date: /home/tony/25_ws/install/tb4_autonav_interfaces/include/tb4_autonav_interfaces/tb4_autonav_interfaces/msg/detail/yolo_target_bias__traits.hpp
[1.188s] -- Up-to-date: /home/tony/25_ws/install/tb4_autonav_interfaces/include/tb4_autonav_interfaces/tb4_autonav_interfaces/msg/detail/yolo_target_bias__type_support.hpp
[1.188s] -- Up-to-date: /home/tony/25_ws/install/tb4_autonav_interfaces/include/tb4_autonav_interfaces/tb4_autonav_interfaces/msg/detail/yolo_target_bias__builder.hpp
[1.188s] -- Up-to-date: /home/tony/25_ws/install/tb4_autonav_interfaces/include/tb4_autonav_interfaces/tb4_autonav_interfaces/msg/detail/traffic_event__type_support.hpp
[1.188s] -- Up-to-date: /home/tony/25_ws/install/tb4_autonav_interfaces/include/tb4_autonav_interfaces/tb4_autonav_interfaces/msg/detail/yolo_target_bias__struct.hpp
[1.189s] -- Up-to-date: /home/tony/25_ws/install/tb4_autonav_interfaces/include/tb4_autonav_interfaces/tb4_autonav_interfaces/msg/detail/traffic_event__builder.hpp
[1.189s] -- Up-to-date: /home/tony/25_ws/install/tb4_autonav_interfaces/include/tb4_autonav_interfaces/tb4_autonav_interfaces/msg/detail/traffic_event__struct.hpp
[1.189s] -- Up-to-date: /home/tony/25_ws/install/tb4_autonav_interfaces/include/tb4_autonav_interfaces/tb4_autonav_interfaces/msg/detail/traffic_event__traits.hpp
[1.189s] -- Up-to-date: /home/tony/25_ws/install/tb4_autonav_interfaces/include/tb4_autonav_interfaces/tb4_autonav_interfaces/msg/yolo_target_bias.hpp
[1.189s] -- Up-to-date: /home/tony/25_ws/install/tb4_autonav_interfaces/include/tb4_autonav_interfaces/tb4_autonav_interfaces/msg/traffic_event.hpp
[1.189s] -- Up-to-date: /home/tony/25_ws/install/tb4_autonav_interfaces/include/tb4_autonav_interfaces/tb4_autonav_interfaces
[1.189s] -- Up-to-date: /home/tony/25_ws/install/tb4_autonav_interfaces/include/tb4_autonav_interfaces/tb4_autonav_interfaces/msg
[1.189s] -- Up-to-date: /home/tony/25_ws/install/tb4_autonav_interfaces/include/tb4_autonav_interfaces/tb4_autonav_interfaces/msg/rosidl_typesupport_fastrtps_cpp__visibility_control.h
[1.189s] -- Up-to-date: /home/tony/25_ws/install/tb4_autonav_interfaces/include/tb4_autonav_interfaces/tb4_autonav_interfaces/msg/detail
[1.190s] -- Up-to-date: /home/tony/25_ws/install/tb4_autonav_interfaces/include/tb4_autonav_interfaces/tb4_autonav_interfaces/msg/detail/traffic_event__rosidl_typesupport_fastrtps_cpp.hpp
[1.190s] -- Up-to-date: /home/tony/25_ws/install/tb4_autonav_interfaces/include/tb4_autonav_interfaces/tb4_autonav_interfaces/msg/detail/dds_fastrtps
[1.190s] -- Up-to-date: /home/tony/25_ws/install/tb4_autonav_interfaces/include/tb4_autonav_interfaces/tb4_autonav_interfaces/msg/detail/yolo_target_bias__rosidl_typesupport_fastrtps_cpp.hpp
[1.190s] -- Up-to-date: /home/tony/25_ws/install/tb4_autonav_interfaces/lib/libtb4_autonav_interfaces__rosidl_typesupport_fastrtps_cpp.so
[1.190s] -- Up-to-date: /home/tony/25_ws/install/tb4_autonav_interfaces/include/tb4_autonav_interfaces/tb4_autonav_interfaces
[1.190s] -- Up-to-date: /home/tony/25_ws/install/tb4_autonav_interfaces/include/tb4_autonav_interfaces/tb4_autonav_interfaces/msg
[1.190s] -- Up-to-date: /home/tony/25_ws/install/tb4_autonav_interfaces/include/tb4_autonav_interfaces/tb4_autonav_interfaces/msg/detail
[1.190s] -- Up-to-date: /home/tony/25_ws/install/tb4_autonav_interfaces/include/tb4_autonav_interfaces/tb4_autonav_interfaces/msg/detail/traffic_event__rosidl_typesupport_introspection_cpp.hpp
[1.190s] -- Up-to-date: /home/tony/25_ws/install/tb4_autonav_interfaces/include/tb4_autonav_interfaces/tb4_autonav_interfaces/msg/detail/traffic_event__type_support.cpp
[1.190s] -- Up-to-date: /home/tony/25_ws/install/tb4_autonav_interfaces/include/tb4_autonav_interfaces/tb4_autonav_interfaces/msg/detail/yolo_target_bias__rosidl_typesupport_introspection_cpp.hpp
[1.190s] -- Up-to-date: /home/tony/25_ws/install/tb4_autonav_interfaces/include/tb4_autonav_interfaces/tb4_autonav_interfaces/msg/detail/yolo_target_bias__type_support.cpp
[1.191s] -- Up-to-date: /home/tony/25_ws/install/tb4_autonav_interfaces/lib/libtb4_autonav_interfaces__rosidl_typesupport_introspection_cpp.so
[1.191s] -- Up-to-date: /home/tony/25_ws/install/tb4_autonav_interfaces/lib/libtb4_autonav_interfaces__rosidl_typesupport_cpp.so
[1.191s] -- Up-to-date: /home/tony/25_ws/install/tb4_autonav_interfaces/share/tb4_autonav_interfaces/environment/pythonpath.sh
[1.191s] -- Up-to-date: /home/tony/25_ws/install/tb4_autonav_interfaces/share/tb4_autonav_interfaces/environment/pythonpath.dsv
[1.191s] -- Up-to-date: /home/tony/25_ws/install/tb4_autonav_interfaces/local/lib/python3.10/dist-packages/tb4_autonav_interfaces-0.0.1-py3.10.egg-info
[1.191s] -- Installing: /home/tony/25_ws/install/tb4_autonav_interfaces/local/lib/python3.10/dist-packages/tb4_autonav_interfaces-0.0.1-py3.10.egg-info/top_level.txt
[1.192s] -- Installing: /home/tony/25_ws/install/tb4_autonav_interfaces/local/lib/python3.10/dist-packages/tb4_autonav_interfaces-0.0.1-py3.10.egg-info/dependency_links.txt
[1.192s] -- Installing: /home/tony/25_ws/install/tb4_autonav_interfaces/local/lib/python3.10/dist-packages/tb4_autonav_interfaces-0.0.1-py3.10.egg-info/SOURCES.txt
[1.192s] -- Installing: /home/tony/25_ws/install/tb4_autonav_interfaces/local/lib/python3.10/dist-packages/tb4_autonav_interfaces-0.0.1-py3.10.egg-info/PKG-INFO
[1.192s] -- Up-to-date: /home/tony/25_ws/install/tb4_autonav_interfaces/local/lib/python3.10/dist-packages/tb4_autonav_interfaces
[1.192s] -- Up-to-date: /home/tony/25_ws/install/tb4_autonav_interfaces/local/lib/python3.10/dist-packages/tb4_autonav_interfaces/tb4_autonav_interfaces_s__rosidl_typesupport_c.cpython-310-x86_64-linux-gnu.so
[1.192s] -- Up-to-date: /home/tony/25_ws/install/tb4_autonav_interfaces/local/lib/python3.10/dist-packages/tb4_autonav_interfaces/libtb4_autonav_interfaces__rosidl_generator_py.so
[1.192s] -- Up-to-date: /home/tony/25_ws/install/tb4_autonav_interfaces/local/lib/python3.10/dist-packages/tb4_autonav_interfaces/_tb4_autonav_interfaces_s.ep.rosidl_typesupport_introspection_c.c
[1.193s] -- Up-to-date: /home/tony/25_ws/install/tb4_autonav_interfaces/local/lib/python3.10/dist-packages/tb4_autonav_interfaces/tb4_autonav_interfaces_s__rosidl_typesupport_fastrtps_c.cpython-310-x86_64-linux-gnu.so
[1.193s] -- Up-to-date: /home/tony/25_ws/install/tb4_autonav_interfaces/local/lib/python3.10/dist-packages/tb4_autonav_interfaces/__init__.py
[1.193s] -- Up-to-date: /home/tony/25_ws/install/tb4_autonav_interfaces/local/lib/python3.10/dist-packages/tb4_autonav_interfaces/tb4_autonav_interfaces_s__rosidl_typesupport_introspection_c.cpython-310-x86_64-linux-gnu.so
[1.194s] -- Up-to-date: /home/tony/25_ws/install/tb4_autonav_interfaces/local/lib/python3.10/dist-packages/tb4_autonav_interfaces/_tb4_autonav_interfaces_s.ep.rosidl_typesupport_c.c
[1.194s] -- Up-to-date: /home/tony/25_ws/install/tb4_autonav_interfaces/local/lib/python3.10/dist-packages/tb4_autonav_interfaces/msg
[1.194s] -- Up-to-date: /home/tony/25_ws/install/tb4_autonav_interfaces/local/lib/python3.10/dist-packages/tb4_autonav_interfaces/msg/_yolo_target_bias_s.c
[1.194s] -- Up-to-date: /home/tony/25_ws/install/tb4_autonav_interfaces/local/lib/python3.10/dist-packages/tb4_autonav_interfaces/msg/_yolo_target_bias.py
[1.194s] -- Up-to-date: /home/tony/25_ws/install/tb4_autonav_interfaces/local/lib/python3.10/dist-packages/tb4_autonav_interfaces/msg/__init__.py
[1.194s] -- Up-to-date: /home/tony/25_ws/install/tb4_autonav_interfaces/local/lib/python3.10/dist-packages/tb4_autonav_interfaces/msg/_traffic_event.py
[1.194s] -- Up-to-date: /home/tony/25_ws/install/tb4_autonav_interfaces/local/lib/python3.10/dist-packages/tb4_autonav_interfaces/msg/_traffic_event_s.c
[1.194s] -- Up-to-date: /home/tony/25_ws/install/tb4_autonav_interfaces/local/lib/python3.10/dist-packages/tb4_autonav_interfaces/_tb4_autonav_interfaces_s.ep.rosidl_typesupport_fastrtps_c.c
[1.277s] Listing '/home/tony/25_ws/install/tb4_autonav_interfaces/local/lib/python3.10/dist-packages/tb4_autonav_interfaces'...
[1.277s] Listing '/home/tony/25_ws/install/tb4_autonav_interfaces/local/lib/python3.10/dist-packages/tb4_autonav_interfaces/msg'...
[1.286s] -- Up-to-date: /home/tony/25_ws/install/tb4_autonav_interfaces/local/lib/python3.10/dist-packages/tb4_autonav_interfaces/tb4_autonav_interfaces_s__rosidl_typesupport_fastrtps_c.cpython-310-x86_64-linux-gnu.so
[1.286s] -- Up-to-date: /home/tony/25_ws/install/tb4_autonav_interfaces/local/lib/python3.10/dist-packages/tb4_autonav_interfaces/tb4_autonav_interfaces_s__rosidl_typesupport_introspection_c.cpython-310-x86_64-linux-gnu.so
[1.286s] -- Up-to-date: /home/tony/25_ws/install/tb4_autonav_interfaces/local/lib/python3.10/dist-packages/tb4_autonav_interfaces/tb4_autonav_interfaces_s__rosidl_typesupport_c.cpython-310-x86_64-linux-gnu.so
[1.286s] -- Up-to-date: /home/tony/25_ws/install/tb4_autonav_interfaces/lib/libtb4_autonav_interfaces__rosidl_generator_py.so
[1.286s] -- Up-to-date: /home/tony/25_ws/install/tb4_autonav_interfaces/share/tb4_autonav_interfaces/msg/TrafficEvent.idl
[1.286s] -- Up-to-date: /home/tony/25_ws/install/tb4_autonav_interfaces/share/tb4_autonav_interfaces/msg/YoloTargetBias.idl
[1.286s] -- Up-to-date: /home/tony/25_ws/install/tb4_autonav_interfaces/share/tb4_autonav_interfaces/msg/TrafficEvent.msg
[1.287s] -- Up-to-date: /home/tony/25_ws/install/tb4_autonav_interfaces/share/tb4_autonav_interfaces/msg/YoloTargetBias.msg
[1.287s] -- Up-to-date: /home/tony/25_ws/install/tb4_autonav_interfaces/share/ament_index/resource_index/package_run_dependencies/tb4_autonav_interfaces
[1.287s] -- Up-to-date: /home/tony/25_ws/install/tb4_autonav_interfaces/share/ament_index/resource_index/parent_prefix_path/tb4_autonav_interfaces
[1.287s] -- Up-to-date: /home/tony/25_ws/install/tb4_autonav_interfaces/share/tb4_autonav_interfaces/environment/ament_prefix_path.sh
[1.287s] -- Up-to-date: /home/tony/25_ws/install/tb4_autonav_interfaces/share/tb4_autonav_interfaces/environment/ament_prefix_path.dsv
[1.287s] -- Up-to-date: /home/tony/25_ws/install/tb4_autonav_interfaces/share/tb4_autonav_interfaces/environment/path.sh
[1.287s] -- Up-to-date: /home/tony/25_ws/install/tb4_autonav_interfaces/share/tb4_autonav_interfaces/environment/path.dsv
[1.287s] -- Up-to-date: /home/tony/25_ws/install/tb4_autonav_interfaces/share/tb4_autonav_interfaces/local_setup.bash
[1.287s] -- Up-to-date: /home/tony/25_ws/install/tb4_autonav_interfaces/share/tb4_autonav_interfaces/local_setup.sh
[1.287s] -- Up-to-date: /home/tony/25_ws/install/tb4_autonav_interfaces/share/tb4_autonav_interfaces/local_setup.zsh
[1.287s] -- Up-to-date: /home/tony/25_ws/install/tb4_autonav_interfaces/share/tb4_autonav_interfaces/local_setup.dsv
[1.288s] -- Installing: /home/tony/25_ws/install/tb4_autonav_interfaces/share/tb4_autonav_interfaces/package.dsv
[1.288s] -- Up-to-date: /home/tony/25_ws/install/tb4_autonav_interfaces/share/ament_index/resource_index/packages/tb4_autonav_interfaces
[1.288s] -- Up-to-date: /home/tony/25_ws/install/tb4_autonav_interfaces/share/tb4_autonav_interfaces/cmake/export_tb4_autonav_interfaces__rosidl_generator_cExport.cmake
[1.288s] -- Up-to-date: /home/tony/25_ws/install/tb4_autonav_interfaces/share/tb4_autonav_interfaces/cmake/export_tb4_autonav_interfaces__rosidl_generator_cExport-noconfig.cmake
[1.288s] -- Up-to-date: /home/tony/25_ws/install/tb4_autonav_interfaces/share/tb4_autonav_interfaces/cmake/export_tb4_autonav_interfaces__rosidl_typesupport_fastrtps_cExport.cmake
[1.288s] -- Up-to-date: /home/tony/25_ws/install/tb4_autonav_interfaces/share/tb4_autonav_interfaces/cmake/export_tb4_autonav_interfaces__rosidl_typesupport_fastrtps_cExport-noconfig.cmake
[1.288s] -- Up-to-date: /home/tony/25_ws/install/tb4_autonav_interfaces/share/tb4_autonav_interfaces/cmake/tb4_autonav_interfaces__rosidl_typesupport_introspection_cExport.cmake
[1.288s] -- Up-to-date: /home/tony/25_ws/install/tb4_autonav_interfaces/share/tb4_autonav_interfaces/cmake/tb4_autonav_interfaces__rosidl_typesupport_introspection_cExport-noconfig.cmake
[1.288s] -- Up-to-date: /home/tony/25_ws/install/tb4_autonav_interfaces/share/tb4_autonav_interfaces/cmake/tb4_autonav_interfaces__rosidl_typesupport_cExport.cmake
[1.289s] -- Up-to-date: /home/tony/25_ws/install/tb4_autonav_interfaces/share/tb4_autonav_interfaces/cmake/tb4_autonav_interfaces__rosidl_typesupport_cExport-noconfig.cmake
[1.289s] -- Up-to-date: /home/tony/25_ws/install/tb4_autonav_interfaces/share/tb4_autonav_interfaces/cmake/export_tb4_autonav_interfaces__rosidl_generator_cppExport.cmake
[1.290s] -- Up-to-date: /home/tony/25_ws/install/tb4_autonav_interfaces/share/tb4_autonav_interfaces/cmake/export_tb4_autonav_interfaces__rosidl_typesupport_fastrtps_cppExport.cmake
[1.290s] -- Up-to-date: /home/tony/25_ws/install/tb4_autonav_interfaces/share/tb4_autonav_interfaces/cmake/export_tb4_autonav_interfaces__rosidl_typesupport_fastrtps_cppExport-noconfig.cmake
[1.290s] -- Up-to-date: /home/tony/25_ws/install/tb4_autonav_interfaces/share/tb4_autonav_interfaces/cmake/tb4_autonav_interfaces__rosidl_typesupport_introspection_cppExport.cmake
[1.290s] -- Up-to-date: /home/tony/25_ws/install/tb4_autonav_interfaces/share/tb4_autonav_interfaces/cmake/tb4_autonav_interfaces__rosidl_typesupport_introspection_cppExport-noconfig.cmake
[1.291s] -- Up-to-date: /home/tony/25_ws/install/tb4_autonav_interfaces/share/tb4_autonav_interfaces/cmake/tb4_autonav_interfaces__rosidl_typesupport_cppExport.cmake
[1.291s] -- Up-to-date: /home/tony/25_ws/install/tb4_autonav_interfaces/share/tb4_autonav_interfaces/cmake/tb4_autonav_interfaces__rosidl_typesupport_cppExport-noconfig.cmake
[1.292s] -- Up-to-date: /home/tony/25_ws/install/tb4_autonav_interfaces/share/tb4_autonav_interfaces/cmake/export_tb4_autonav_interfaces__rosidl_generator_pyExport.cmake
[1.292s] -- Up-to-date: /home/tony/25_ws/install/tb4_autonav_interfaces/share/tb4_autonav_interfaces/cmake/export_tb4_autonav_interfaces__rosidl_generator_pyExport-noconfig.cmake
[1.292s] -- Up-to-date: /home/tony/25_ws/install/tb4_autonav_interfaces/share/tb4_autonav_interfaces/cmake/rosidl_cmake-extras.cmake
[1.292s] -- Up-to-date: /home/tony/25_ws/install/tb4_autonav_interfaces/share/tb4_autonav_interfaces/cmake/ament_cmake_export_dependencies-extras.cmake
[1.292s] -- Up-to-date: /home/tony/25_ws/install/tb4_autonav_interfaces/share/tb4_autonav_interfaces/cmake/ament_cmake_export_include_directories-extras.cmake
[1.292s] -- Up-to-date: /home/tony/25_ws/install/tb4_autonav_interfaces/share/tb4_autonav_interfaces/cmake/ament_cmake_export_libraries-extras.cmake
[1.293s] -- Up-to-date: /home/tony/25_ws/install/tb4_autonav_interfaces/share/tb4_autonav_interfaces/cmake/ament_cmake_export_targets-extras.cmake
[1.293s] -- Up-to-date: /home/tony/25_ws/install/tb4_autonav_interfaces/share/tb4_autonav_interfaces/cmake/rosidl_cmake_export_typesupport_targets-extras.cmake
[1.293s] -- Up-to-date: /home/tony/25_ws/install/tb4_autonav_interfaces/share/tb4_autonav_interfaces/cmake/rosidl_cmake_export_typesupport_libraries-extras.cmake
[1.293s] -- Up-to-date: /home/tony/25_ws/install/tb4_autonav_interfaces/share/tb4_autonav_interfaces/cmake/tb4_autonav_interfacesConfig.cmake
[1.293s] -- Up-to-date: /home/tony/25_ws/install/tb4_autonav_interfaces/share/tb4_autonav_interfaces/cmake/tb4_autonav_interfacesConfig-version.cmake
[1.294s] -- Up-to-date: /home/tony/25_ws/install/tb4_autonav_interfaces/share/tb4_autonav_interfaces/package.xml
[1.298s] Invoked command in '/home/tony/25_ws/build/tb4_autonav_interfaces' returned '0': CMAKE_PREFIX_PATH=${CMAKE_PREFIX_PATH}:/home/tony/ros2_ws/install/witmotion_ros_driver:/home/tony/ros2_ws/install/ros2_aruco:/home/tony/ros2_ws/install/interbotix_xs_modules:/home/tony/ros2_ws/install/interbotix_perception_modules:/home/tony/ros2_ws/install/interbotix_common_modules:/home/tony/ros2_ws/install/detection:/home/tony/new_ws/install/project:/home/tony/25_ws/install/tb4_autonav:/home/tony/24fall_EE211_ws/install/turtlebot4_tests:/home/tony/24fall_EE211_ws/install/turtlebot4_diagnostics:/opt/ros/humble /usr/bin/cmake --install /home/tony/25_ws/build/tb4_autonav_interfaces
