[0.016s] Invoking command in '/home/tony/25_ws/build/tb4_autonav_interfaces': CMAKE_PREFIX_PATH=${CMAKE_PREFIX_PATH}:/home/tony/ros2_ws/install/witmotion_ros_driver:/home/tony/ros2_ws/install/ros2_aruco:/home/tony/ros2_ws/install/interbotix_xs_modules:/home/tony/ros2_ws/install/interbotix_perception_modules:/home/tony/ros2_ws/install/interbotix_common_modules:/home/tony/ros2_ws/install/detection:/home/tony/new_ws/install/project:/home/tony/25_ws/install/tb4_autonav:/home/tony/24fall_EE211_ws/install/turtlebot4_tests:/home/tony/24fall_EE211_ws/install/turtlebot4_diagnostics:/opt/ros/humble /usr/bin/cmake --build /home/tony/25_ws/build/tb4_autonav_interfaces -- -j8 -l8
[0.084s] [  9%] Built target tb4_autonav_interfaces__rosidl_generator_c
[0.084s] [ 12%] Built target tb4_autonav_interfaces__cpp
[0.094s] [ 12%] Built target ament_cmake_python_copy_tb4_autonav_interfaces
[0.145s] [ 22%] Built target tb4_autonav_interfaces__rosidl_typesupport_fastrtps_c
[0.150s] [ 32%] Built target tb4_autonav_interfaces__rosidl_typesupport_c
[0.153s] [ 41%] Built target tb4_autonav_interfaces__rosidl_typesupport_cpp
[0.154s] [ 51%] Built target tb4_autonav_interfaces__rosidl_typesupport_introspection_cpp
[0.155s] [ 64%] Built target tb4_autonav_interfaces__rosidl_typesupport_fastrtps_cpp
[0.157s] [ 70%] Built target tb4_autonav_interfaces__rosidl_typesupport_introspection_c
[0.179s] [ 70%] Built target tb4_autonav_interfaces
[0.205s] [ 74%] Built target tb4_autonav_interfaces__py
[0.227s] [ 80%] Built target tb4_autonav_interfaces__rosidl_generator_py
[0.263s] [ 87%] Built target tb4_autonav_interfaces__rosidl_typesupport_introspection_c__pyext
[0.263s] [ 93%] Built target tb4_autonav_interfaces__rosidl_typesupport_fastrtps_c__pyext
[0.272s] [100%] Built target tb4_autonav_interfaces__rosidl_typesupport_c__pyext
[0.436s] running egg_info
[0.436s] writing tb4_autonav_interfaces.egg-info/PKG-INFO
[0.436s] writing dependency_links to tb4_autonav_interfaces.egg-info/dependency_links.txt
[0.436s] writing top-level names to tb4_autonav_interfaces.egg-info/top_level.txt
[0.438s] reading manifest file 'tb4_autonav_interfaces.egg-info/SOURCES.txt'
[0.439s] writing manifest file 'tb4_autonav_interfaces.egg-info/SOURCES.txt'
[0.464s] [100%] Built target ament_cmake_python_build_tb4_autonav_interfaces_egg
[0.474s] Invoked command in '/home/tony/25_ws/build/tb4_autonav_interfaces' returned '0': CMAKE_PREFIX_PATH=${CMAKE_PREFIX_PATH}:/home/tony/ros2_ws/install/witmotion_ros_driver:/home/tony/ros2_ws/install/ros2_aruco:/home/tony/ros2_ws/install/interbotix_xs_modules:/home/tony/ros2_ws/install/interbotix_perception_modules:/home/tony/ros2_ws/install/interbotix_common_modules:/home/tony/ros2_ws/install/detection:/home/tony/new_ws/install/project:/home/tony/25_ws/install/tb4_autonav:/home/tony/24fall_EE211_ws/install/turtlebot4_tests:/home/tony/24fall_EE211_ws/install/turtlebot4_diagnostics:/opt/ros/humble /usr/bin/cmake --build /home/tony/25_ws/build/tb4_autonav_interfaces -- -j8 -l8
[0.483s] Invoking command in '/home/tony/25_ws/build/tb4_autonav_interfaces': CMAKE_PREFIX_PATH=${CMAKE_PREFIX_PATH}:/home/tony/ros2_ws/install/witmotion_ros_driver:/home/tony/ros2_ws/install/ros2_aruco:/home/tony/ros2_ws/install/interbotix_xs_modules:/home/tony/ros2_ws/install/interbotix_perception_modules:/home/tony/ros2_ws/install/interbotix_common_modules:/home/tony/ros2_ws/install/detection:/home/tony/new_ws/install/project:/home/tony/25_ws/install/tb4_autonav:/home/tony/24fall_EE211_ws/install/turtlebot4_tests:/home/tony/24fall_EE211_ws/install/turtlebot4_diagnostics:/opt/ros/humble /usr/bin/cmake --install /home/tony/25_ws/build/tb4_autonav_interfaces
[0.493s] -- Install configuration: ""
[0.493s] -- Up-to-date: /home/tony/25_ws/install/tb4_autonav_interfaces/share/ament_index/resource_index/rosidl_interfaces/tb4_autonav_interfaces
[0.493s] -- Up-to-date: /home/tony/25_ws/install/tb4_autonav_interfaces/include/tb4_autonav_interfaces/tb4_autonav_interfaces
[0.493s] -- Up-to-date: /home/tony/25_ws/install/tb4_autonav_interfaces/include/tb4_autonav_interfaces/tb4_autonav_interfaces/msg
[0.493s] -- Up-to-date: /home/tony/25_ws/install/tb4_autonav_interfaces/include/tb4_autonav_interfaces/tb4_autonav_interfaces/msg/traffic_event.h
[0.493s] -- Up-to-date: /home/tony/25_ws/install/tb4_autonav_interfaces/include/tb4_autonav_interfaces/tb4_autonav_interfaces/msg/detail
[0.493s] -- Up-to-date: /home/tony/25_ws/install/tb4_autonav_interfaces/include/tb4_autonav_interfaces/tb4_autonav_interfaces/msg/detail/traffic_event__struct.h
[0.493s] -- Up-to-date: /home/tony/25_ws/install/tb4_autonav_interfaces/include/tb4_autonav_interfaces/tb4_autonav_interfaces/msg/detail/traffic_event__functions.h
[0.493s] -- Up-to-date: /home/tony/25_ws/install/tb4_autonav_interfaces/include/tb4_autonav_interfaces/tb4_autonav_interfaces/msg/detail/traffic_event__type_support.h
[0.493s] -- Up-to-date: /home/tony/25_ws/install/tb4_autonav_interfaces/include/tb4_autonav_interfaces/tb4_autonav_interfaces/msg/detail/traffic_event__functions.c
[0.493s] -- Up-to-date: /home/tony/25_ws/install/tb4_autonav_interfaces/include/tb4_autonav_interfaces/tb4_autonav_interfaces/msg/rosidl_generator_c__visibility_control.h
[0.493s] -- Up-to-date: /home/tony/25_ws/install/tb4_autonav_interfaces/share/tb4_autonav_interfaces/environment/library_path.sh
[0.493s] -- Up-to-date: /home/tony/25_ws/install/tb4_autonav_interfaces/share/tb4_autonav_interfaces/environment/library_path.dsv
[0.494s] -- Up-to-date: /home/tony/25_ws/install/tb4_autonav_interfaces/lib/libtb4_autonav_interfaces__rosidl_generator_c.so
[0.494s] -- Up-to-date: /home/tony/25_ws/install/tb4_autonav_interfaces/include/tb4_autonav_interfaces/tb4_autonav_interfaces
[0.494s] -- Up-to-date: /home/tony/25_ws/install/tb4_autonav_interfaces/include/tb4_autonav_interfaces/tb4_autonav_interfaces/msg
[0.494s] -- Up-to-date: /home/tony/25_ws/install/tb4_autonav_interfaces/include/tb4_autonav_interfaces/tb4_autonav_interfaces/msg/detail
[0.494s] -- Up-to-date: /home/tony/25_ws/install/tb4_autonav_interfaces/include/tb4_autonav_interfaces/tb4_autonav_interfaces/msg/detail/traffic_event__rosidl_typesupport_fastrtps_c.h
[0.494s] -- Up-to-date: /home/tony/25_ws/install/tb4_autonav_interfaces/include/tb4_autonav_interfaces/tb4_autonav_interfaces/msg/rosidl_typesupport_fastrtps_c__visibility_control.h
[0.494s] -- Up-to-date: /home/tony/25_ws/install/tb4_autonav_interfaces/lib/libtb4_autonav_interfaces__rosidl_typesupport_fastrtps_c.so
[0.494s] -- Up-to-date: /home/tony/25_ws/install/tb4_autonav_interfaces/include/tb4_autonav_interfaces/tb4_autonav_interfaces
[0.494s] -- Up-to-date: /home/tony/25_ws/install/tb4_autonav_interfaces/include/tb4_autonav_interfaces/tb4_autonav_interfaces/msg
[0.494s] -- Up-to-date: /home/tony/25_ws/install/tb4_autonav_interfaces/include/tb4_autonav_interfaces/tb4_autonav_interfaces/msg/rosidl_typesupport_introspection_c__visibility_control.h
[0.494s] -- Up-to-date: /home/tony/25_ws/install/tb4_autonav_interfaces/include/tb4_autonav_interfaces/tb4_autonav_interfaces/msg/detail
[0.495s] -- Up-to-date: /home/tony/25_ws/install/tb4_autonav_interfaces/include/tb4_autonav_interfaces/tb4_autonav_interfaces/msg/detail/traffic_event__rosidl_typesupport_introspection_c.h
[0.495s] -- Up-to-date: /home/tony/25_ws/install/tb4_autonav_interfaces/include/tb4_autonav_interfaces/tb4_autonav_interfaces/msg/detail/traffic_event__type_support.c
[0.495s] -- Up-to-date: /home/tony/25_ws/install/tb4_autonav_interfaces/lib/libtb4_autonav_interfaces__rosidl_typesupport_introspection_c.so
[0.495s] -- Up-to-date: /home/tony/25_ws/install/tb4_autonav_interfaces/lib/libtb4_autonav_interfaces__rosidl_typesupport_c.so
[0.495s] -- Up-to-date: /home/tony/25_ws/install/tb4_autonav_interfaces/include/tb4_autonav_interfaces/tb4_autonav_interfaces
[0.495s] -- Up-to-date: /home/tony/25_ws/install/tb4_autonav_interfaces/include/tb4_autonav_interfaces/tb4_autonav_interfaces/msg
[0.495s] -- Up-to-date: /home/tony/25_ws/install/tb4_autonav_interfaces/include/tb4_autonav_interfaces/tb4_autonav_interfaces/msg/rosidl_generator_cpp__visibility_control.hpp
[0.495s] -- Up-to-date: /home/tony/25_ws/install/tb4_autonav_interfaces/include/tb4_autonav_interfaces/tb4_autonav_interfaces/msg/detail
[0.495s] -- Up-to-date: /home/tony/25_ws/install/tb4_autonav_interfaces/include/tb4_autonav_interfaces/tb4_autonav_interfaces/msg/detail/traffic_event__type_support.hpp
[0.495s] -- Up-to-date: /home/tony/25_ws/install/tb4_autonav_interfaces/include/tb4_autonav_interfaces/tb4_autonav_interfaces/msg/detail/traffic_event__builder.hpp
[0.495s] -- Up-to-date: /home/tony/25_ws/install/tb4_autonav_interfaces/include/tb4_autonav_interfaces/tb4_autonav_interfaces/msg/detail/traffic_event__struct.hpp
[0.495s] -- Up-to-date: /home/tony/25_ws/install/tb4_autonav_interfaces/include/tb4_autonav_interfaces/tb4_autonav_interfaces/msg/detail/traffic_event__traits.hpp
[0.495s] -- Up-to-date: /home/tony/25_ws/install/tb4_autonav_interfaces/include/tb4_autonav_interfaces/tb4_autonav_interfaces/msg/traffic_event.hpp
[0.495s] -- Up-to-date: /home/tony/25_ws/install/tb4_autonav_interfaces/include/tb4_autonav_interfaces/tb4_autonav_interfaces
[0.496s] -- Up-to-date: /home/tony/25_ws/install/tb4_autonav_interfaces/include/tb4_autonav_interfaces/tb4_autonav_interfaces/msg
[0.496s] -- Up-to-date: /home/tony/25_ws/install/tb4_autonav_interfaces/include/tb4_autonav_interfaces/tb4_autonav_interfaces/msg/rosidl_typesupport_fastrtps_cpp__visibility_control.h
[0.496s] -- Up-to-date: /home/tony/25_ws/install/tb4_autonav_interfaces/include/tb4_autonav_interfaces/tb4_autonav_interfaces/msg/detail
[0.496s] -- Up-to-date: /home/tony/25_ws/install/tb4_autonav_interfaces/include/tb4_autonav_interfaces/tb4_autonav_interfaces/msg/detail/traffic_event__rosidl_typesupport_fastrtps_cpp.hpp
[0.496s] -- Up-to-date: /home/tony/25_ws/install/tb4_autonav_interfaces/include/tb4_autonav_interfaces/tb4_autonav_interfaces/msg/detail/dds_fastrtps
[0.496s] -- Up-to-date: /home/tony/25_ws/install/tb4_autonav_interfaces/lib/libtb4_autonav_interfaces__rosidl_typesupport_fastrtps_cpp.so
[0.496s] -- Up-to-date: /home/tony/25_ws/install/tb4_autonav_interfaces/include/tb4_autonav_interfaces/tb4_autonav_interfaces
[0.496s] -- Up-to-date: /home/tony/25_ws/install/tb4_autonav_interfaces/include/tb4_autonav_interfaces/tb4_autonav_interfaces/msg
[0.497s] -- Up-to-date: /home/tony/25_ws/install/tb4_autonav_interfaces/include/tb4_autonav_interfaces/tb4_autonav_interfaces/msg/detail
[0.497s] -- Up-to-date: /home/tony/25_ws/install/tb4_autonav_interfaces/include/tb4_autonav_interfaces/tb4_autonav_interfaces/msg/detail/traffic_event__rosidl_typesupport_introspection_cpp.hpp
[0.497s] -- Up-to-date: /home/tony/25_ws/install/tb4_autonav_interfaces/include/tb4_autonav_interfaces/tb4_autonav_interfaces/msg/detail/traffic_event__type_support.cpp
[0.497s] -- Up-to-date: /home/tony/25_ws/install/tb4_autonav_interfaces/lib/libtb4_autonav_interfaces__rosidl_typesupport_introspection_cpp.so
[0.497s] -- Up-to-date: /home/tony/25_ws/install/tb4_autonav_interfaces/lib/libtb4_autonav_interfaces__rosidl_typesupport_cpp.so
[0.497s] -- Up-to-date: /home/tony/25_ws/install/tb4_autonav_interfaces/share/tb4_autonav_interfaces/environment/pythonpath.sh
[0.497s] -- Up-to-date: /home/tony/25_ws/install/tb4_autonav_interfaces/share/tb4_autonav_interfaces/environment/pythonpath.dsv
[0.497s] -- Up-to-date: /home/tony/25_ws/install/tb4_autonav_interfaces/local/lib/python3.10/dist-packages/tb4_autonav_interfaces-0.0.1-py3.10.egg-info
[0.497s] -- Installing: /home/tony/25_ws/install/tb4_autonav_interfaces/local/lib/python3.10/dist-packages/tb4_autonav_interfaces-0.0.1-py3.10.egg-info/top_level.txt
[0.497s] -- Installing: /home/tony/25_ws/install/tb4_autonav_interfaces/local/lib/python3.10/dist-packages/tb4_autonav_interfaces-0.0.1-py3.10.egg-info/dependency_links.txt
[0.497s] -- Installing: /home/tony/25_ws/install/tb4_autonav_interfaces/local/lib/python3.10/dist-packages/tb4_autonav_interfaces-0.0.1-py3.10.egg-info/SOURCES.txt
[0.497s] -- Installing: /home/tony/25_ws/install/tb4_autonav_interfaces/local/lib/python3.10/dist-packages/tb4_autonav_interfaces-0.0.1-py3.10.egg-info/PKG-INFO
[0.497s] -- Up-to-date: /home/tony/25_ws/install/tb4_autonav_interfaces/local/lib/python3.10/dist-packages/tb4_autonav_interfaces
[0.497s] -- Up-to-date: /home/tony/25_ws/install/tb4_autonav_interfaces/local/lib/python3.10/dist-packages/tb4_autonav_interfaces/tb4_autonav_interfaces_s__rosidl_typesupport_c.cpython-310-x86_64-linux-gnu.so
[0.497s] -- Up-to-date: /home/tony/25_ws/install/tb4_autonav_interfaces/local/lib/python3.10/dist-packages/tb4_autonav_interfaces/libtb4_autonav_interfaces__rosidl_generator_py.so
[0.498s] -- Up-to-date: /home/tony/25_ws/install/tb4_autonav_interfaces/local/lib/python3.10/dist-packages/tb4_autonav_interfaces/_tb4_autonav_interfaces_s.ep.rosidl_typesupport_introspection_c.c
[0.498s] -- Up-to-date: /home/tony/25_ws/install/tb4_autonav_interfaces/local/lib/python3.10/dist-packages/tb4_autonav_interfaces/tb4_autonav_interfaces_s__rosidl_typesupport_fastrtps_c.cpython-310-x86_64-linux-gnu.so
[0.498s] -- Up-to-date: /home/tony/25_ws/install/tb4_autonav_interfaces/local/lib/python3.10/dist-packages/tb4_autonav_interfaces/__init__.py
[0.498s] -- Up-to-date: /home/tony/25_ws/install/tb4_autonav_interfaces/local/lib/python3.10/dist-packages/tb4_autonav_interfaces/tb4_autonav_interfaces_s__rosidl_typesupport_introspection_c.cpython-310-x86_64-linux-gnu.so
[0.498s] -- Up-to-date: /home/tony/25_ws/install/tb4_autonav_interfaces/local/lib/python3.10/dist-packages/tb4_autonav_interfaces/_tb4_autonav_interfaces_s.ep.rosidl_typesupport_c.c
[0.498s] -- Up-to-date: /home/tony/25_ws/install/tb4_autonav_interfaces/local/lib/python3.10/dist-packages/tb4_autonav_interfaces/msg
[0.498s] -- Up-to-date: /home/tony/25_ws/install/tb4_autonav_interfaces/local/lib/python3.10/dist-packages/tb4_autonav_interfaces/msg/__init__.py
[0.498s] -- Up-to-date: /home/tony/25_ws/install/tb4_autonav_interfaces/local/lib/python3.10/dist-packages/tb4_autonav_interfaces/msg/_traffic_event.py
[0.498s] -- Up-to-date: /home/tony/25_ws/install/tb4_autonav_interfaces/local/lib/python3.10/dist-packages/tb4_autonav_interfaces/msg/_traffic_event_s.c
[0.498s] -- Up-to-date: /home/tony/25_ws/install/tb4_autonav_interfaces/local/lib/python3.10/dist-packages/tb4_autonav_interfaces/_tb4_autonav_interfaces_s.ep.rosidl_typesupport_fastrtps_c.c
[0.539s] Listing '/home/tony/25_ws/install/tb4_autonav_interfaces/local/lib/python3.10/dist-packages/tb4_autonav_interfaces'...
[0.539s] Listing '/home/tony/25_ws/install/tb4_autonav_interfaces/local/lib/python3.10/dist-packages/tb4_autonav_interfaces/msg'...
[0.543s] -- Up-to-date: /home/tony/25_ws/install/tb4_autonav_interfaces/local/lib/python3.10/dist-packages/tb4_autonav_interfaces/tb4_autonav_interfaces_s__rosidl_typesupport_fastrtps_c.cpython-310-x86_64-linux-gnu.so
[0.543s] -- Up-to-date: /home/tony/25_ws/install/tb4_autonav_interfaces/local/lib/python3.10/dist-packages/tb4_autonav_interfaces/tb4_autonav_interfaces_s__rosidl_typesupport_introspection_c.cpython-310-x86_64-linux-gnu.so
[0.543s] -- Up-to-date: /home/tony/25_ws/install/tb4_autonav_interfaces/local/lib/python3.10/dist-packages/tb4_autonav_interfaces/tb4_autonav_interfaces_s__rosidl_typesupport_c.cpython-310-x86_64-linux-gnu.so
[0.543s] -- Up-to-date: /home/tony/25_ws/install/tb4_autonav_interfaces/lib/libtb4_autonav_interfaces__rosidl_generator_py.so
[0.543s] -- Up-to-date: /home/tony/25_ws/install/tb4_autonav_interfaces/share/tb4_autonav_interfaces/msg/TrafficEvent.idl
[0.544s] -- Up-to-date: /home/tony/25_ws/install/tb4_autonav_interfaces/share/tb4_autonav_interfaces/msg/TrafficEvent.msg
[0.544s] -- Up-to-date: /home/tony/25_ws/install/tb4_autonav_interfaces/share/ament_index/resource_index/package_run_dependencies/tb4_autonav_interfaces
[0.544s] -- Up-to-date: /home/tony/25_ws/install/tb4_autonav_interfaces/share/ament_index/resource_index/parent_prefix_path/tb4_autonav_interfaces
[0.544s] -- Up-to-date: /home/tony/25_ws/install/tb4_autonav_interfaces/share/tb4_autonav_interfaces/environment/ament_prefix_path.sh
[0.544s] -- Up-to-date: /home/tony/25_ws/install/tb4_autonav_interfaces/share/tb4_autonav_interfaces/environment/ament_prefix_path.dsv
[0.544s] -- Up-to-date: /home/tony/25_ws/install/tb4_autonav_interfaces/share/tb4_autonav_interfaces/environment/path.sh
[0.544s] -- Up-to-date: /home/tony/25_ws/install/tb4_autonav_interfaces/share/tb4_autonav_interfaces/environment/path.dsv
[0.544s] -- Up-to-date: /home/tony/25_ws/install/tb4_autonav_interfaces/share/tb4_autonav_interfaces/local_setup.bash
[0.544s] -- Up-to-date: /home/tony/25_ws/install/tb4_autonav_interfaces/share/tb4_autonav_interfaces/local_setup.sh
[0.544s] -- Up-to-date: /home/tony/25_ws/install/tb4_autonav_interfaces/share/tb4_autonav_interfaces/local_setup.zsh
[0.544s] -- Up-to-date: /home/tony/25_ws/install/tb4_autonav_interfaces/share/tb4_autonav_interfaces/local_setup.dsv
[0.544s] -- Installing: /home/tony/25_ws/install/tb4_autonav_interfaces/share/tb4_autonav_interfaces/package.dsv
[0.544s] -- Up-to-date: /home/tony/25_ws/install/tb4_autonav_interfaces/share/ament_index/resource_index/packages/tb4_autonav_interfaces
[0.545s] -- Up-to-date: /home/tony/25_ws/install/tb4_autonav_interfaces/share/tb4_autonav_interfaces/cmake/export_tb4_autonav_interfaces__rosidl_generator_cExport.cmake
[0.545s] -- Up-to-date: /home/tony/25_ws/install/tb4_autonav_interfaces/share/tb4_autonav_interfaces/cmake/export_tb4_autonav_interfaces__rosidl_generator_cExport-noconfig.cmake
[0.545s] -- Up-to-date: /home/tony/25_ws/install/tb4_autonav_interfaces/share/tb4_autonav_interfaces/cmake/export_tb4_autonav_interfaces__rosidl_typesupport_fastrtps_cExport.cmake
[0.545s] -- Up-to-date: /home/tony/25_ws/install/tb4_autonav_interfaces/share/tb4_autonav_interfaces/cmake/export_tb4_autonav_interfaces__rosidl_typesupport_fastrtps_cExport-noconfig.cmake
[0.545s] -- Up-to-date: /home/tony/25_ws/install/tb4_autonav_interfaces/share/tb4_autonav_interfaces/cmake/tb4_autonav_interfaces__rosidl_typesupport_introspection_cExport.cmake
[0.545s] -- Up-to-date: /home/tony/25_ws/install/tb4_autonav_interfaces/share/tb4_autonav_interfaces/cmake/tb4_autonav_interfaces__rosidl_typesupport_introspection_cExport-noconfig.cmake
[0.545s] -- Up-to-date: /home/tony/25_ws/install/tb4_autonav_interfaces/share/tb4_autonav_interfaces/cmake/tb4_autonav_interfaces__rosidl_typesupport_cExport.cmake
[0.545s] -- Up-to-date: /home/tony/25_ws/install/tb4_autonav_interfaces/share/tb4_autonav_interfaces/cmake/tb4_autonav_interfaces__rosidl_typesupport_cExport-noconfig.cmake
[0.545s] -- Up-to-date: /home/tony/25_ws/install/tb4_autonav_interfaces/share/tb4_autonav_interfaces/cmake/export_tb4_autonav_interfaces__rosidl_generator_cppExport.cmake
[0.545s] -- Up-to-date: /home/tony/25_ws/install/tb4_autonav_interfaces/share/tb4_autonav_interfaces/cmake/export_tb4_autonav_interfaces__rosidl_typesupport_fastrtps_cppExport.cmake
[0.545s] -- Up-to-date: /home/tony/25_ws/install/tb4_autonav_interfaces/share/tb4_autonav_interfaces/cmake/export_tb4_autonav_interfaces__rosidl_typesupport_fastrtps_cppExport-noconfig.cmake
[0.545s] -- Up-to-date: /home/tony/25_ws/install/tb4_autonav_interfaces/share/tb4_autonav_interfaces/cmake/tb4_autonav_interfaces__rosidl_typesupport_introspection_cppExport.cmake
[0.545s] -- Up-to-date: /home/tony/25_ws/install/tb4_autonav_interfaces/share/tb4_autonav_interfaces/cmake/tb4_autonav_interfaces__rosidl_typesupport_introspection_cppExport-noconfig.cmake
[0.545s] -- Up-to-date: /home/tony/25_ws/install/tb4_autonav_interfaces/share/tb4_autonav_interfaces/cmake/tb4_autonav_interfaces__rosidl_typesupport_cppExport.cmake
[0.545s] -- Up-to-date: /home/tony/25_ws/install/tb4_autonav_interfaces/share/tb4_autonav_interfaces/cmake/tb4_autonav_interfaces__rosidl_typesupport_cppExport-noconfig.cmake
[0.546s] -- Up-to-date: /home/tony/25_ws/install/tb4_autonav_interfaces/share/tb4_autonav_interfaces/cmake/export_tb4_autonav_interfaces__rosidl_generator_pyExport.cmake
[0.546s] -- Up-to-date: /home/tony/25_ws/install/tb4_autonav_interfaces/share/tb4_autonav_interfaces/cmake/export_tb4_autonav_interfaces__rosidl_generator_pyExport-noconfig.cmake
[0.546s] -- Up-to-date: /home/tony/25_ws/install/tb4_autonav_interfaces/share/tb4_autonav_interfaces/cmake/rosidl_cmake-extras.cmake
[0.546s] -- Up-to-date: /home/tony/25_ws/install/tb4_autonav_interfaces/share/tb4_autonav_interfaces/cmake/ament_cmake_export_dependencies-extras.cmake
[0.546s] -- Up-to-date: /home/tony/25_ws/install/tb4_autonav_interfaces/share/tb4_autonav_interfaces/cmake/ament_cmake_export_include_directories-extras.cmake
[0.546s] -- Up-to-date: /home/tony/25_ws/install/tb4_autonav_interfaces/share/tb4_autonav_interfaces/cmake/ament_cmake_export_libraries-extras.cmake
[0.546s] -- Up-to-date: /home/tony/25_ws/install/tb4_autonav_interfaces/share/tb4_autonav_interfaces/cmake/ament_cmake_export_targets-extras.cmake
[0.546s] -- Up-to-date: /home/tony/25_ws/install/tb4_autonav_interfaces/share/tb4_autonav_interfaces/cmake/rosidl_cmake_export_typesupport_targets-extras.cmake
[0.546s] -- Up-to-date: /home/tony/25_ws/install/tb4_autonav_interfaces/share/tb4_autonav_interfaces/cmake/rosidl_cmake_export_typesupport_libraries-extras.cmake
[0.546s] -- Up-to-date: /home/tony/25_ws/install/tb4_autonav_interfaces/share/tb4_autonav_interfaces/cmake/tb4_autonav_interfacesConfig.cmake
[0.547s] -- Up-to-date: /home/tony/25_ws/install/tb4_autonav_interfaces/share/tb4_autonav_interfaces/cmake/tb4_autonav_interfacesConfig-version.cmake
[0.547s] -- Up-to-date: /home/tony/25_ws/install/tb4_autonav_interfaces/share/tb4_autonav_interfaces/package.xml
[0.549s] Invoked command in '/home/tony/25_ws/build/tb4_autonav_interfaces' returned '0': CMAKE_PREFIX_PATH=${CMAKE_PREFIX_PATH}:/home/tony/ros2_ws/install/witmotion_ros_driver:/home/tony/ros2_ws/install/ros2_aruco:/home/tony/ros2_ws/install/interbotix_xs_modules:/home/tony/ros2_ws/install/interbotix_perception_modules:/home/tony/ros2_ws/install/interbotix_common_modules:/home/tony/ros2_ws/install/detection:/home/tony/new_ws/install/project:/home/tony/25_ws/install/tb4_autonav:/home/tony/24fall_EE211_ws/install/turtlebot4_tests:/home/tony/24fall_EE211_ws/install/turtlebot4_diagnostics:/opt/ros/humble /usr/bin/cmake --install /home/tony/25_ws/build/tb4_autonav_interfaces
