[0.156s] DEBUG:colcon:Command line arguments: ['/usr/bin/colcon', 'build']
[0.157s] DEBUG:colcon:Parsed command line arguments: Namespace(log_base=None, log_level=None, verb_name='build', build_base='build', install_base='install', merge_install=False, symlink_install=False, test_result_base=None, continue_on_error=False, executor='parallel', parallel_workers=8, event_handlers=None, ignore_user_meta=False, metas=['./colcon.meta'], base_paths=['.'], packages_ignore=None, packages_ignore_regex=None, paths=None, packages_up_to=None, packages_up_to_regex=None, packages_above=None, packages_above_and_dependencies=None, packages_above_depth=None, packages_select_by_dep=None, packages_skip_by_dep=None, packages_skip_up_to=None, packages_select_build_failed=False, packages_skip_build_finished=False, packages_select_test_failures=False, packages_skip_test_passed=False, packages_select=None, packages_skip=None, packages_select_regex=None, packages_skip_regex=None, packages_start=None, packages_end=None, allow_overriding=[], cmake_args=None, cmake_target=None, cmake_target_skip_unavailable=False, cmake_clean_cache=False, cmake_clean_first=False, cmake_force_configure=False, ament_cmake_args=None, catkin_cmake_args=None, catkin_skip_building_tests=False, mixin_files=None, mixin=None, verb_parser=<colcon_mixin.mixin.mixin_argument.MixinArgumentDecorator object at 0x70cb2bfc9b70>, verb_extension=<colcon_core.verb.build.BuildVerb object at 0x70cb2bfc95a0>, main=<bound method BuildVerb.main of <colcon_core.verb.build.BuildVerb object at 0x70cb2bfc95a0>>, mixin_verb=('build',))
[0.416s] Level 1:colcon.colcon_core.package_discovery:discover_packages(colcon_meta) check parameters
[0.416s] Level 1:colcon.colcon_core.package_discovery:discover_packages(recursive) check parameters
[0.416s] Level 1:colcon.colcon_core.package_discovery:discover_packages(ignore) check parameters
[0.416s] Level 1:colcon.colcon_core.package_discovery:discover_packages(path) check parameters
[0.416s] Level 1:colcon.colcon_core.package_discovery:discover_packages(colcon_meta) discover
[0.417s] Level 1:colcon.colcon_core.package_discovery:discover_packages(recursive) discover
[0.417s] INFO:colcon.colcon_core.package_discovery:Crawling recursively for packages in '/home/tony/25_ws'
[0.417s] Level 1:colcon.colcon_core.package_identification:_identify(.) by extensions ['ignore', 'ignore_ament_install']
[0.417s] Level 1:colcon.colcon_core.package_identification:_identify(.) by extension 'ignore'
[0.417s] Level 1:colcon.colcon_core.package_identification:_identify(.) by extension 'ignore_ament_install'
[0.417s] Level 1:colcon.colcon_core.package_identification:_identify(.) by extensions ['colcon_pkg']
[0.417s] Level 1:colcon.colcon_core.package_identification:_identify(.) by extension 'colcon_pkg'
[0.417s] Level 1:colcon.colcon_core.package_identification:_identify(.) by extensions ['colcon_meta']
[0.417s] Level 1:colcon.colcon_core.package_identification:_identify(.) by extension 'colcon_meta'
[0.417s] Level 1:colcon.colcon_core.package_identification:_identify(.) by extensions ['ros']
[0.417s] Level 1:colcon.colcon_core.package_identification:_identify(.) by extension 'ros'
[0.430s] Level 1:colcon.colcon_core.package_identification:_identify(.) by extensions ['cmake', 'python']
[0.430s] Level 1:colcon.colcon_core.package_identification:_identify(.) by extension 'cmake'
[0.430s] Level 1:colcon.colcon_core.package_identification:_identify(.) by extension 'python'
[0.430s] Level 1:colcon.colcon_core.package_identification:_identify(.) by extensions ['python_setup_py']
[0.431s] Level 1:colcon.colcon_core.package_identification:_identify(.) by extension 'python_setup_py'
[0.431s] Level 1:colcon.colcon_core.package_identification:_identify(build) by extensions ['ignore', 'ignore_ament_install']
[0.431s] Level 1:colcon.colcon_core.package_identification:_identify(build) by extension 'ignore'
[0.431s] Level 1:colcon.colcon_core.package_identification:_identify(build) ignored
[0.431s] Level 1:colcon.colcon_core.package_identification:_identify(demo_interfaces_test) by extensions ['ignore', 'ignore_ament_install']
[0.431s] Level 1:colcon.colcon_core.package_identification:_identify(demo_interfaces_test) by extension 'ignore'
[0.431s] Level 1:colcon.colcon_core.package_identification:_identify(demo_interfaces_test) by extension 'ignore_ament_install'
[0.431s] Level 1:colcon.colcon_core.package_identification:_identify(demo_interfaces_test) by extensions ['colcon_pkg']
[0.431s] Level 1:colcon.colcon_core.package_identification:_identify(demo_interfaces_test) by extension 'colcon_pkg'
[0.431s] Level 1:colcon.colcon_core.package_identification:_identify(demo_interfaces_test) by extensions ['colcon_meta']
[0.431s] Level 1:colcon.colcon_core.package_identification:_identify(demo_interfaces_test) by extension 'colcon_meta'
[0.431s] Level 1:colcon.colcon_core.package_identification:_identify(demo_interfaces_test) by extensions ['ros']
[0.431s] Level 1:colcon.colcon_core.package_identification:_identify(demo_interfaces_test) by extension 'ros'
[0.434s] DEBUG:colcon.colcon_core.package_identification:Package 'demo_interfaces_test' with type 'ros.ament_cmake' and name 'demo_interfaces_test'
[0.434s] Level 1:colcon.colcon_core.package_identification:_identify(install) by extensions ['ignore', 'ignore_ament_install']
[0.434s] Level 1:colcon.colcon_core.package_identification:_identify(install) by extension 'ignore'
[0.434s] Level 1:colcon.colcon_core.package_identification:_identify(install) ignored
[0.434s] Level 1:colcon.colcon_core.package_identification:_identify(log) by extensions ['ignore', 'ignore_ament_install']
[0.434s] Level 1:colcon.colcon_core.package_identification:_identify(log) by extension 'ignore'
[0.435s] Level 1:colcon.colcon_core.package_identification:_identify(log) ignored
[0.435s] Level 1:colcon.colcon_core.package_identification:_identify(map) by extensions ['ignore', 'ignore_ament_install']
[0.435s] Level 1:colcon.colcon_core.package_identification:_identify(map) by extension 'ignore'
[0.435s] Level 1:colcon.colcon_core.package_identification:_identify(map) by extension 'ignore_ament_install'
[0.435s] Level 1:colcon.colcon_core.package_identification:_identify(map) by extensions ['colcon_pkg']
[0.435s] Level 1:colcon.colcon_core.package_identification:_identify(map) by extension 'colcon_pkg'
[0.435s] Level 1:colcon.colcon_core.package_identification:_identify(map) by extensions ['colcon_meta']
[0.435s] Level 1:colcon.colcon_core.package_identification:_identify(map) by extension 'colcon_meta'
[0.435s] Level 1:colcon.colcon_core.package_identification:_identify(map) by extensions ['ros']
[0.435s] Level 1:colcon.colcon_core.package_identification:_identify(map) by extension 'ros'
[0.435s] Level 1:colcon.colcon_core.package_identification:_identify(map) by extensions ['cmake', 'python']
[0.435s] Level 1:colcon.colcon_core.package_identification:_identify(map) by extension 'cmake'
[0.435s] Level 1:colcon.colcon_core.package_identification:_identify(map) by extension 'python'
[0.435s] Level 1:colcon.colcon_core.package_identification:_identify(map) by extensions ['python_setup_py']
[0.435s] Level 1:colcon.colcon_core.package_identification:_identify(map) by extension 'python_setup_py'
[0.435s] Level 1:colcon.colcon_core.package_identification:_identify(src) by extensions ['ignore', 'ignore_ament_install']
[0.435s] Level 1:colcon.colcon_core.package_identification:_identify(src) by extension 'ignore'
[0.435s] Level 1:colcon.colcon_core.package_identification:_identify(src) by extension 'ignore_ament_install'
[0.435s] Level 1:colcon.colcon_core.package_identification:_identify(src) by extensions ['colcon_pkg']
[0.435s] Level 1:colcon.colcon_core.package_identification:_identify(src) by extension 'colcon_pkg'
[0.435s] Level 1:colcon.colcon_core.package_identification:_identify(src) by extensions ['colcon_meta']
[0.435s] Level 1:colcon.colcon_core.package_identification:_identify(src) by extension 'colcon_meta'
[0.435s] Level 1:colcon.colcon_core.package_identification:_identify(src) by extensions ['ros']
[0.435s] Level 1:colcon.colcon_core.package_identification:_identify(src) by extension 'ros'
[0.436s] Level 1:colcon.colcon_core.package_identification:_identify(src) by extensions ['cmake', 'python']
[0.436s] Level 1:colcon.colcon_core.package_identification:_identify(src) by extension 'cmake'
[0.436s] Level 1:colcon.colcon_core.package_identification:_identify(src) by extension 'python'
[0.436s] Level 1:colcon.colcon_core.package_identification:_identify(src) by extensions ['python_setup_py']
[0.436s] Level 1:colcon.colcon_core.package_identification:_identify(src) by extension 'python_setup_py'
[0.436s] Level 1:colcon.colcon_core.package_identification:_identify(src/arm) by extensions ['ignore', 'ignore_ament_install']
[0.436s] Level 1:colcon.colcon_core.package_identification:_identify(src/arm) by extension 'ignore'
[0.436s] Level 1:colcon.colcon_core.package_identification:_identify(src/arm) by extension 'ignore_ament_install'
[0.436s] Level 1:colcon.colcon_core.package_identification:_identify(src/arm) by extensions ['colcon_pkg']
[0.436s] Level 1:colcon.colcon_core.package_identification:_identify(src/arm) by extension 'colcon_pkg'
[0.436s] Level 1:colcon.colcon_core.package_identification:_identify(src/arm) by extensions ['colcon_meta']
[0.436s] Level 1:colcon.colcon_core.package_identification:_identify(src/arm) by extension 'colcon_meta'
[0.436s] Level 1:colcon.colcon_core.package_identification:_identify(src/arm) by extensions ['ros']
[0.436s] Level 1:colcon.colcon_core.package_identification:_identify(src/arm) by extension 'ros'
[0.436s] Level 1:colcon.colcon_core.package_identification:_identify(src/arm) by extensions ['cmake', 'python']
[0.436s] Level 1:colcon.colcon_core.package_identification:_identify(src/arm) by extension 'cmake'
[0.436s] Level 1:colcon.colcon_core.package_identification:_identify(src/arm) by extension 'python'
[0.436s] Level 1:colcon.colcon_core.package_identification:_identify(src/arm) by extensions ['python_setup_py']
[0.436s] Level 1:colcon.colcon_core.package_identification:_identify(src/arm) by extension 'python_setup_py'
[0.436s] Level 1:colcon.colcon_core.package_identification:_identify(src/arm/__pycache__) by extensions ['ignore', 'ignore_ament_install']
[0.436s] Level 1:colcon.colcon_core.package_identification:_identify(src/arm/__pycache__) by extension 'ignore'
[0.436s] Level 1:colcon.colcon_core.package_identification:_identify(src/arm/__pycache__) by extension 'ignore_ament_install'
[0.436s] Level 1:colcon.colcon_core.package_identification:_identify(src/arm/__pycache__) by extensions ['colcon_pkg']
[0.436s] Level 1:colcon.colcon_core.package_identification:_identify(src/arm/__pycache__) by extension 'colcon_pkg'
[0.437s] Level 1:colcon.colcon_core.package_identification:_identify(src/arm/__pycache__) by extensions ['colcon_meta']
[0.437s] Level 1:colcon.colcon_core.package_identification:_identify(src/arm/__pycache__) by extension 'colcon_meta'
[0.437s] Level 1:colcon.colcon_core.package_identification:_identify(src/arm/__pycache__) by extensions ['ros']
[0.437s] Level 1:colcon.colcon_core.package_identification:_identify(src/arm/__pycache__) by extension 'ros'
[0.437s] Level 1:colcon.colcon_core.package_identification:_identify(src/arm/__pycache__) by extensions ['cmake', 'python']
[0.437s] Level 1:colcon.colcon_core.package_identification:_identify(src/arm/__pycache__) by extension 'cmake'
[0.437s] Level 1:colcon.colcon_core.package_identification:_identify(src/arm/__pycache__) by extension 'python'
[0.437s] Level 1:colcon.colcon_core.package_identification:_identify(src/arm/__pycache__) by extensions ['python_setup_py']
[0.437s] Level 1:colcon.colcon_core.package_identification:_identify(src/arm/__pycache__) by extension 'python_setup_py'
[0.437s] Level 1:colcon.colcon_core.package_identification:_identify(src/tb4_autonav) by extensions ['ignore', 'ignore_ament_install']
[0.437s] Level 1:colcon.colcon_core.package_identification:_identify(src/tb4_autonav) by extension 'ignore'
[0.437s] Level 1:colcon.colcon_core.package_identification:_identify(src/tb4_autonav) by extension 'ignore_ament_install'
[0.437s] Level 1:colcon.colcon_core.package_identification:_identify(src/tb4_autonav) by extensions ['colcon_pkg']
[0.437s] Level 1:colcon.colcon_core.package_identification:_identify(src/tb4_autonav) by extension 'colcon_pkg'
[0.437s] Level 1:colcon.colcon_core.package_identification:_identify(src/tb4_autonav) by extensions ['colcon_meta']
[0.437s] Level 1:colcon.colcon_core.package_identification:_identify(src/tb4_autonav) by extension 'colcon_meta'
[0.437s] Level 1:colcon.colcon_core.package_identification:_identify(src/tb4_autonav) by extensions ['ros']
[0.437s] Level 1:colcon.colcon_core.package_identification:_identify(src/tb4_autonav) by extension 'ros'
[0.438s] DEBUG:colcon.colcon_core.package_identification:Package 'src/tb4_autonav' with type 'ros.ament_python' and name 'tb4_autonav'
[0.438s] Level 1:colcon.colcon_core.package_identification:_identify(src/tb4_autonav_interfaces) by extensions ['ignore', 'ignore_ament_install']
[0.438s] Level 1:colcon.colcon_core.package_identification:_identify(src/tb4_autonav_interfaces) by extension 'ignore'
[0.438s] Level 1:colcon.colcon_core.package_identification:_identify(src/tb4_autonav_interfaces) by extension 'ignore_ament_install'
[0.438s] Level 1:colcon.colcon_core.package_identification:_identify(src/tb4_autonav_interfaces) by extensions ['colcon_pkg']
[0.438s] Level 1:colcon.colcon_core.package_identification:_identify(src/tb4_autonav_interfaces) by extension 'colcon_pkg'
[0.438s] Level 1:colcon.colcon_core.package_identification:_identify(src/tb4_autonav_interfaces) by extensions ['colcon_meta']
[0.438s] Level 1:colcon.colcon_core.package_identification:_identify(src/tb4_autonav_interfaces) by extension 'colcon_meta'
[0.438s] Level 1:colcon.colcon_core.package_identification:_identify(src/tb4_autonav_interfaces) by extensions ['ros']
[0.438s] Level 1:colcon.colcon_core.package_identification:_identify(src/tb4_autonav_interfaces) by extension 'ros'
[0.439s] DEBUG:colcon.colcon_core.package_identification:Package 'src/tb4_autonav_interfaces' with type 'ros.ament_cmake' and name 'tb4_autonav_interfaces'
[0.439s] Level 1:colcon.colcon_core.package_discovery:discover_packages(recursive) using defaults
[0.439s] Level 1:colcon.colcon_core.package_discovery:discover_packages(ignore) discover
[0.439s] Level 1:colcon.colcon_core.package_discovery:discover_packages(ignore) using defaults
[0.439s] Level 1:colcon.colcon_core.package_discovery:discover_packages(path) discover
[0.439s] Level 1:colcon.colcon_core.package_discovery:discover_packages(path) using defaults
[0.464s] Level 1:colcon.colcon_core.package_discovery:discover_packages(prefix_path) check parameters
[0.464s] Level 1:colcon.colcon_core.package_discovery:discover_packages(prefix_path) discover
[0.467s] DEBUG:colcon.colcon_installed_package_information.package_discovery:Found 3 installed packages in /home/tony/25_ws/install
[0.467s] DEBUG:colcon.colcon_installed_package_information.package_discovery:Found 1 installed packages in /home/tony/new_ws/install
[0.468s] DEBUG:colcon.colcon_installed_package_information.package_discovery:Found 40 installed packages in /home/tony/ros2_ws/install
[0.469s] DEBUG:colcon.colcon_installed_package_information.package_discovery:Found 5 installed packages in /home/tony/24fall_EE211_ws/install
[0.471s] DEBUG:colcon.colcon_installed_package_information.package_discovery:Found 506 installed packages in /opt/ros/humble
[0.474s] Level 1:colcon.colcon_core.package_discovery:discover_packages(prefix_path) using defaults
[0.538s] Level 5:colcon.colcon_core.verb:set package 'demo_interfaces_test' build argument 'cmake_args' from command line to 'None'
[0.538s] Level 5:colcon.colcon_core.verb:set package 'demo_interfaces_test' build argument 'cmake_target' from command line to 'None'
[0.538s] Level 5:colcon.colcon_core.verb:set package 'demo_interfaces_test' build argument 'cmake_target_skip_unavailable' from command line to 'False'
[0.538s] Level 5:colcon.colcon_core.verb:set package 'demo_interfaces_test' build argument 'cmake_clean_cache' from command line to 'False'
[0.538s] Level 5:colcon.colcon_core.verb:set package 'demo_interfaces_test' build argument 'cmake_clean_first' from command line to 'False'
[0.538s] Level 5:colcon.colcon_core.verb:set package 'demo_interfaces_test' build argument 'cmake_force_configure' from command line to 'False'
[0.538s] Level 5:colcon.colcon_core.verb:set package 'demo_interfaces_test' build argument 'ament_cmake_args' from command line to 'None'
[0.538s] Level 5:colcon.colcon_core.verb:set package 'demo_interfaces_test' build argument 'catkin_cmake_args' from command line to 'None'
[0.538s] Level 5:colcon.colcon_core.verb:set package 'demo_interfaces_test' build argument 'catkin_skip_building_tests' from command line to 'False'
[0.538s] DEBUG:colcon.colcon_core.verb:Building package 'demo_interfaces_test' with the following arguments: {'ament_cmake_args': None, 'build_base': '/home/tony/25_ws/build/demo_interfaces_test', 'catkin_cmake_args': None, 'catkin_skip_building_tests': False, 'cmake_args': None, 'cmake_clean_cache': False, 'cmake_clean_first': False, 'cmake_force_configure': False, 'cmake_target': None, 'cmake_target_skip_unavailable': False, 'install_base': '/home/tony/25_ws/install/demo_interfaces_test', 'merge_install': False, 'path': '/home/tony/25_ws/demo_interfaces_test', 'symlink_install': False, 'test_result_base': None}
[0.538s] Level 5:colcon.colcon_core.verb:set package 'tb4_autonav_interfaces' build argument 'cmake_args' from command line to 'None'
[0.538s] Level 5:colcon.colcon_core.verb:set package 'tb4_autonav_interfaces' build argument 'cmake_target' from command line to 'None'
[0.538s] Level 5:colcon.colcon_core.verb:set package 'tb4_autonav_interfaces' build argument 'cmake_target_skip_unavailable' from command line to 'False'
[0.538s] Level 5:colcon.colcon_core.verb:set package 'tb4_autonav_interfaces' build argument 'cmake_clean_cache' from command line to 'False'
[0.538s] Level 5:colcon.colcon_core.verb:set package 'tb4_autonav_interfaces' build argument 'cmake_clean_first' from command line to 'False'
[0.538s] Level 5:colcon.colcon_core.verb:set package 'tb4_autonav_interfaces' build argument 'cmake_force_configure' from command line to 'False'
[0.538s] Level 5:colcon.colcon_core.verb:set package 'tb4_autonav_interfaces' build argument 'ament_cmake_args' from command line to 'None'
[0.538s] Level 5:colcon.colcon_core.verb:set package 'tb4_autonav_interfaces' build argument 'catkin_cmake_args' from command line to 'None'
[0.538s] Level 5:colcon.colcon_core.verb:set package 'tb4_autonav_interfaces' build argument 'catkin_skip_building_tests' from command line to 'False'
[0.538s] DEBUG:colcon.colcon_core.verb:Building package 'tb4_autonav_interfaces' with the following arguments: {'ament_cmake_args': None, 'build_base': '/home/tony/25_ws/build/tb4_autonav_interfaces', 'catkin_cmake_args': None, 'catkin_skip_building_tests': False, 'cmake_args': None, 'cmake_clean_cache': False, 'cmake_clean_first': False, 'cmake_force_configure': False, 'cmake_target': None, 'cmake_target_skip_unavailable': False, 'install_base': '/home/tony/25_ws/install/tb4_autonav_interfaces', 'merge_install': False, 'path': '/home/tony/25_ws/src/tb4_autonav_interfaces', 'symlink_install': False, 'test_result_base': None}
[0.539s] Level 5:colcon.colcon_core.verb:set package 'tb4_autonav' build argument 'cmake_args' from command line to 'None'
[0.539s] Level 5:colcon.colcon_core.verb:set package 'tb4_autonav' build argument 'cmake_target' from command line to 'None'
[0.539s] Level 5:colcon.colcon_core.verb:set package 'tb4_autonav' build argument 'cmake_target_skip_unavailable' from command line to 'False'
[0.539s] Level 5:colcon.colcon_core.verb:set package 'tb4_autonav' build argument 'cmake_clean_cache' from command line to 'False'
[0.539s] Level 5:colcon.colcon_core.verb:set package 'tb4_autonav' build argument 'cmake_clean_first' from command line to 'False'
[0.539s] Level 5:colcon.colcon_core.verb:set package 'tb4_autonav' build argument 'cmake_force_configure' from command line to 'False'
[0.539s] Level 5:colcon.colcon_core.verb:set package 'tb4_autonav' build argument 'ament_cmake_args' from command line to 'None'
[0.539s] Level 5:colcon.colcon_core.verb:set package 'tb4_autonav' build argument 'catkin_cmake_args' from command line to 'None'
[0.539s] Level 5:colcon.colcon_core.verb:set package 'tb4_autonav' build argument 'catkin_skip_building_tests' from command line to 'False'
[0.539s] DEBUG:colcon.colcon_core.verb:Building package 'tb4_autonav' with the following arguments: {'ament_cmake_args': None, 'build_base': '/home/tony/25_ws/build/tb4_autonav', 'catkin_cmake_args': None, 'catkin_skip_building_tests': False, 'cmake_args': None, 'cmake_clean_cache': False, 'cmake_clean_first': False, 'cmake_force_configure': False, 'cmake_target': None, 'cmake_target_skip_unavailable': False, 'install_base': '/home/tony/25_ws/install/tb4_autonav', 'merge_install': False, 'path': '/home/tony/25_ws/src/tb4_autonav', 'symlink_install': False, 'test_result_base': None}
[0.539s] INFO:colcon.colcon_core.executor:Executing jobs using 'parallel' executor
[0.540s] DEBUG:colcon.colcon_parallel_executor.executor.parallel:run_until_complete
[0.541s] INFO:colcon.colcon_ros.task.ament_cmake.build:Building ROS package in '/home/tony/25_ws/src/tb4_autonav_interfaces' with build type 'ament_cmake'
[0.541s] INFO:colcon.colcon_cmake.task.cmake.build:Building CMake package in '/home/tony/25_ws/src/tb4_autonav_interfaces'
[0.543s] INFO:colcon.colcon_core.plugin_system:Skipping extension 'colcon_core.shell.bat': Not used on non-Windows systems
[0.543s] INFO:colcon.colcon_core.shell:Skip shell extension 'powershell' for command environment: Not usable outside of PowerShell
[0.543s] DEBUG:colcon.colcon_core.shell:Skip shell extension 'dsv' for command environment
[0.551s] INFO:colcon.colcon_ros.task.ament_cmake.build:Building ROS package in '/home/tony/25_ws/demo_interfaces_test' with build type 'ament_cmake'
[0.552s] INFO:colcon.colcon_cmake.task.cmake.build:Building CMake package in '/home/tony/25_ws/demo_interfaces_test'
[0.552s] INFO:colcon.colcon_core.shell:Skip shell extension 'powershell' for command environment: Not usable outside of PowerShell
[0.552s] DEBUG:colcon.colcon_core.shell:Skip shell extension 'dsv' for command environment
[0.567s] DEBUG:colcon.colcon_core.event_handler.log_command:Invoking command in '/home/tony/25_ws/build/tb4_autonav_interfaces': CMAKE_PREFIX_PATH=${CMAKE_PREFIX_PATH}:/home/tony/ros2_ws/install/witmotion_ros_driver:/home/tony/ros2_ws/install/ros2_aruco:/home/tony/ros2_ws/install/interbotix_xs_modules:/home/tony/ros2_ws/install/interbotix_perception_modules:/home/tony/ros2_ws/install/interbotix_common_modules:/home/tony/ros2_ws/install/detection:/home/tony/new_ws/install/project:/home/tony/25_ws/install/tb4_autonav:/home/tony/24fall_EE211_ws/install/turtlebot4_tests:/home/tony/24fall_EE211_ws/install/turtlebot4_diagnostics:/opt/ros/humble /usr/bin/cmake --build /home/tony/25_ws/build/tb4_autonav_interfaces -- -j8 -l8
[0.586s] DEBUG:colcon.colcon_core.event_handler.log_command:Invoking command in '/home/tony/25_ws/build/demo_interfaces_test': CMAKE_PREFIX_PATH=${CMAKE_PREFIX_PATH}:/home/tony/ros2_ws/install/witmotion_ros_driver:/home/tony/ros2_ws/install/ros2_aruco:/home/tony/ros2_ws/install/interbotix_xs_modules:/home/tony/ros2_ws/install/interbotix_perception_modules:/home/tony/ros2_ws/install/interbotix_common_modules:/home/tony/ros2_ws/install/detection:/home/tony/new_ws/install/project:/home/tony/25_ws/install/tb4_autonav:/home/tony/24fall_EE211_ws/install/turtlebot4_tests:/home/tony/24fall_EE211_ws/install/turtlebot4_diagnostics:/opt/ros/humble /usr/bin/cmake --build /home/tony/25_ws/build/demo_interfaces_test -- -j8 -l8
[1.777s] DEBUG:colcon.colcon_core.event_handler.log_command:Invoked command in '/home/tony/25_ws/build/tb4_autonav_interfaces' returned '0': CMAKE_PREFIX_PATH=${CMAKE_PREFIX_PATH}:/home/tony/ros2_ws/install/witmotion_ros_driver:/home/tony/ros2_ws/install/ros2_aruco:/home/tony/ros2_ws/install/interbotix_xs_modules:/home/tony/ros2_ws/install/interbotix_perception_modules:/home/tony/ros2_ws/install/interbotix_common_modules:/home/tony/ros2_ws/install/detection:/home/tony/new_ws/install/project:/home/tony/25_ws/install/tb4_autonav:/home/tony/24fall_EE211_ws/install/turtlebot4_tests:/home/tony/24fall_EE211_ws/install/turtlebot4_diagnostics:/opt/ros/humble /usr/bin/cmake --build /home/tony/25_ws/build/tb4_autonav_interfaces -- -j8 -l8
[1.795s] DEBUG:colcon.colcon_core.event_handler.log_command:Invoking command in '/home/tony/25_ws/build/tb4_autonav_interfaces': CMAKE_PREFIX_PATH=${CMAKE_PREFIX_PATH}:/home/tony/ros2_ws/install/witmotion_ros_driver:/home/tony/ros2_ws/install/ros2_aruco:/home/tony/ros2_ws/install/interbotix_xs_modules:/home/tony/ros2_ws/install/interbotix_perception_modules:/home/tony/ros2_ws/install/interbotix_common_modules:/home/tony/ros2_ws/install/detection:/home/tony/new_ws/install/project:/home/tony/25_ws/install/tb4_autonav:/home/tony/24fall_EE211_ws/install/turtlebot4_tests:/home/tony/24fall_EE211_ws/install/turtlebot4_diagnostics:/opt/ros/humble /usr/bin/cmake --install /home/tony/25_ws/build/tb4_autonav_interfaces
[1.797s] DEBUG:colcon.colcon_core.event_handler.log_command:Invoked command in '/home/tony/25_ws/build/demo_interfaces_test' returned '0': CMAKE_PREFIX_PATH=${CMAKE_PREFIX_PATH}:/home/tony/ros2_ws/install/witmotion_ros_driver:/home/tony/ros2_ws/install/ros2_aruco:/home/tony/ros2_ws/install/interbotix_xs_modules:/home/tony/ros2_ws/install/interbotix_perception_modules:/home/tony/ros2_ws/install/interbotix_common_modules:/home/tony/ros2_ws/install/detection:/home/tony/new_ws/install/project:/home/tony/25_ws/install/tb4_autonav:/home/tony/24fall_EE211_ws/install/turtlebot4_tests:/home/tony/24fall_EE211_ws/install/turtlebot4_diagnostics:/opt/ros/humble /usr/bin/cmake --build /home/tony/25_ws/build/demo_interfaces_test -- -j8 -l8
[1.799s] DEBUG:colcon.colcon_core.event_handler.log_command:Invoking command in '/home/tony/25_ws/build/demo_interfaces_test': CMAKE_PREFIX_PATH=${CMAKE_PREFIX_PATH}:/home/tony/ros2_ws/install/witmotion_ros_driver:/home/tony/ros2_ws/install/ros2_aruco:/home/tony/ros2_ws/install/interbotix_xs_modules:/home/tony/ros2_ws/install/interbotix_perception_modules:/home/tony/ros2_ws/install/interbotix_common_modules:/home/tony/ros2_ws/install/detection:/home/tony/new_ws/install/project:/home/tony/25_ws/install/tb4_autonav:/home/tony/24fall_EE211_ws/install/turtlebot4_tests:/home/tony/24fall_EE211_ws/install/turtlebot4_diagnostics:/opt/ros/humble /usr/bin/cmake --install /home/tony/25_ws/build/demo_interfaces_test
[1.890s] Level 1:colcon.colcon_core.environment:create_environment_scripts_only(tb4_autonav_interfaces)
[1.893s] Level 1:colcon.colcon_core.environment:checking '/home/tony/25_ws/install/tb4_autonav_interfaces' for CMake module files
[1.896s] DEBUG:colcon.colcon_core.event_handler.log_command:Invoked command in '/home/tony/25_ws/build/tb4_autonav_interfaces' returned '0': CMAKE_PREFIX_PATH=${CMAKE_PREFIX_PATH}:/home/tony/ros2_ws/install/witmotion_ros_driver:/home/tony/ros2_ws/install/ros2_aruco:/home/tony/ros2_ws/install/interbotix_xs_modules:/home/tony/ros2_ws/install/interbotix_perception_modules:/home/tony/ros2_ws/install/interbotix_common_modules:/home/tony/ros2_ws/install/detection:/home/tony/new_ws/install/project:/home/tony/25_ws/install/tb4_autonav:/home/tony/24fall_EE211_ws/install/turtlebot4_tests:/home/tony/24fall_EE211_ws/install/turtlebot4_diagnostics:/opt/ros/humble /usr/bin/cmake --install /home/tony/25_ws/build/tb4_autonav_interfaces
[1.897s] Level 1:colcon.colcon_core.environment:checking '/home/tony/25_ws/install/tb4_autonav_interfaces' for CMake config files
[1.897s] Level 1:colcon.colcon_core.shell:create_environment_hook('tb4_autonav_interfaces', 'cmake_prefix_path')
[1.897s] INFO:colcon.colcon_core.shell:Creating environment hook '/home/tony/25_ws/install/tb4_autonav_interfaces/share/tb4_autonav_interfaces/hook/cmake_prefix_path.ps1'
[1.898s] INFO:colcon.colcon_core.shell:Creating environment descriptor '/home/tony/25_ws/install/tb4_autonav_interfaces/share/tb4_autonav_interfaces/hook/cmake_prefix_path.dsv'
[1.898s] INFO:colcon.colcon_core.shell:Creating environment hook '/home/tony/25_ws/install/tb4_autonav_interfaces/share/tb4_autonav_interfaces/hook/cmake_prefix_path.sh'
[1.899s] Level 1:colcon.colcon_core.environment:checking '/home/tony/25_ws/install/tb4_autonav_interfaces/lib'
[1.899s] Level 1:colcon.colcon_core.shell:create_environment_hook('tb4_autonav_interfaces', 'ld_library_path_lib')
[1.900s] INFO:colcon.colcon_core.shell:Creating environment hook '/home/tony/25_ws/install/tb4_autonav_interfaces/share/tb4_autonav_interfaces/hook/ld_library_path_lib.ps1'
[1.900s] INFO:colcon.colcon_core.shell:Creating environment descriptor '/home/tony/25_ws/install/tb4_autonav_interfaces/share/tb4_autonav_interfaces/hook/ld_library_path_lib.dsv'
[1.900s] INFO:colcon.colcon_core.shell:Creating environment hook '/home/tony/25_ws/install/tb4_autonav_interfaces/share/tb4_autonav_interfaces/hook/ld_library_path_lib.sh'
[1.903s] Level 1:colcon.colcon_core.environment:checking '/home/tony/25_ws/install/tb4_autonav_interfaces/bin'
[1.903s] Level 1:colcon.colcon_core.environment:checking '/home/tony/25_ws/install/tb4_autonav_interfaces/lib/pkgconfig/tb4_autonav_interfaces.pc'
[1.903s] Level 1:colcon.colcon_core.environment:checking '/home/tony/25_ws/install/tb4_autonav_interfaces/lib/python3.10/site-packages'
[1.903s] Level 1:colcon.colcon_core.environment:checking '/home/tony/25_ws/install/tb4_autonav_interfaces/bin'
[1.904s] INFO:colcon.colcon_core.shell:Creating package script '/home/tony/25_ws/install/tb4_autonav_interfaces/share/tb4_autonav_interfaces/package.ps1'
[1.905s] INFO:colcon.colcon_core.shell:Creating package descriptor '/home/tony/25_ws/install/tb4_autonav_interfaces/share/tb4_autonav_interfaces/package.dsv'
[1.905s] INFO:colcon.colcon_core.shell:Creating package script '/home/tony/25_ws/install/tb4_autonav_interfaces/share/tb4_autonav_interfaces/package.sh'
[1.906s] INFO:colcon.colcon_core.shell:Creating package script '/home/tony/25_ws/install/tb4_autonav_interfaces/share/tb4_autonav_interfaces/package.bash'
[1.907s] INFO:colcon.colcon_core.shell:Creating package script '/home/tony/25_ws/install/tb4_autonav_interfaces/share/tb4_autonav_interfaces/package.zsh'
[1.907s] Level 1:colcon.colcon_core.environment:create_file_with_runtime_dependencies(/home/tony/25_ws/install/tb4_autonav_interfaces/share/colcon-core/packages/tb4_autonav_interfaces)
[1.909s] Level 1:colcon.colcon_core.environment:create_environment_scripts_only(tb4_autonav_interfaces)
[1.910s] Level 1:colcon.colcon_core.environment:checking '/home/tony/25_ws/install/tb4_autonav_interfaces' for CMake module files
[1.910s] Level 1:colcon.colcon_core.environment:checking '/home/tony/25_ws/install/tb4_autonav_interfaces' for CMake config files
[1.911s] Level 1:colcon.colcon_core.shell:create_environment_hook('tb4_autonav_interfaces', 'cmake_prefix_path')
[1.911s] INFO:colcon.colcon_core.shell:Creating environment hook '/home/tony/25_ws/install/tb4_autonav_interfaces/share/tb4_autonav_interfaces/hook/cmake_prefix_path.ps1'
[1.911s] INFO:colcon.colcon_core.shell:Creating environment descriptor '/home/tony/25_ws/install/tb4_autonav_interfaces/share/tb4_autonav_interfaces/hook/cmake_prefix_path.dsv'
[1.912s] INFO:colcon.colcon_core.shell:Creating environment hook '/home/tony/25_ws/install/tb4_autonav_interfaces/share/tb4_autonav_interfaces/hook/cmake_prefix_path.sh'
[1.912s] Level 1:colcon.colcon_core.environment:checking '/home/tony/25_ws/install/tb4_autonav_interfaces/lib'
[1.912s] Level 1:colcon.colcon_core.shell:create_environment_hook('tb4_autonav_interfaces', 'ld_library_path_lib')
[1.913s] INFO:colcon.colcon_core.shell:Creating environment hook '/home/tony/25_ws/install/tb4_autonav_interfaces/share/tb4_autonav_interfaces/hook/ld_library_path_lib.ps1'
[1.913s] INFO:colcon.colcon_core.shell:Creating environment descriptor '/home/tony/25_ws/install/tb4_autonav_interfaces/share/tb4_autonav_interfaces/hook/ld_library_path_lib.dsv'
[1.913s] INFO:colcon.colcon_core.shell:Creating environment hook '/home/tony/25_ws/install/tb4_autonav_interfaces/share/tb4_autonav_interfaces/hook/ld_library_path_lib.sh'
[1.914s] Level 1:colcon.colcon_core.environment:checking '/home/tony/25_ws/install/tb4_autonav_interfaces/bin'
[1.914s] Level 1:colcon.colcon_core.environment:checking '/home/tony/25_ws/install/tb4_autonav_interfaces/lib/pkgconfig/tb4_autonav_interfaces.pc'
[1.914s] Level 1:colcon.colcon_core.environment:checking '/home/tony/25_ws/install/tb4_autonav_interfaces/lib/python3.10/site-packages'
[1.914s] Level 1:colcon.colcon_core.environment:checking '/home/tony/25_ws/install/tb4_autonav_interfaces/bin'
[1.915s] INFO:colcon.colcon_core.shell:Creating package script '/home/tony/25_ws/install/tb4_autonav_interfaces/share/tb4_autonav_interfaces/package.ps1'
[1.915s] INFO:colcon.colcon_core.shell:Creating package descriptor '/home/tony/25_ws/install/tb4_autonav_interfaces/share/tb4_autonav_interfaces/package.dsv'
[1.918s] INFO:colcon.colcon_core.shell:Creating package script '/home/tony/25_ws/install/tb4_autonav_interfaces/share/tb4_autonav_interfaces/package.sh'
[1.918s] INFO:colcon.colcon_core.shell:Creating package script '/home/tony/25_ws/install/tb4_autonav_interfaces/share/tb4_autonav_interfaces/package.bash'
[1.919s] INFO:colcon.colcon_core.shell:Creating package script '/home/tony/25_ws/install/tb4_autonav_interfaces/share/tb4_autonav_interfaces/package.zsh'
[1.919s] Level 1:colcon.colcon_core.environment:create_file_with_runtime_dependencies(/home/tony/25_ws/install/tb4_autonav_interfaces/share/colcon-core/packages/tb4_autonav_interfaces)
[1.920s] INFO:colcon.colcon_ros.task.ament_python.build:Building ROS package in '/home/tony/25_ws/src/tb4_autonav' with build type 'ament_python'
[1.920s] Level 1:colcon.colcon_core.shell:create_environment_hook('tb4_autonav', 'ament_prefix_path')
[1.921s] INFO:colcon.colcon_core.shell:Creating environment hook '/home/tony/25_ws/install/tb4_autonav/share/tb4_autonav/hook/ament_prefix_path.ps1'
[1.921s] INFO:colcon.colcon_core.shell:Creating environment descriptor '/home/tony/25_ws/install/tb4_autonav/share/tb4_autonav/hook/ament_prefix_path.dsv'
[1.921s] INFO:colcon.colcon_core.shell:Creating environment hook '/home/tony/25_ws/install/tb4_autonav/share/tb4_autonav/hook/ament_prefix_path.sh'
[1.922s] INFO:colcon.colcon_core.shell:Skip shell extension 'powershell' for command environment: Not usable outside of PowerShell
[1.922s] DEBUG:colcon.colcon_core.shell:Skip shell extension 'dsv' for command environment
[1.940s] Level 1:colcon.colcon_core.environment:create_environment_scripts_only(demo_interfaces_test)
[1.941s] Level 1:colcon.colcon_core.environment:checking '/home/tony/25_ws/install/demo_interfaces_test' for CMake module files
[1.943s] DEBUG:colcon.colcon_core.event_handler.log_command:Invoked command in '/home/tony/25_ws/build/demo_interfaces_test' returned '0': CMAKE_PREFIX_PATH=${CMAKE_PREFIX_PATH}:/home/tony/ros2_ws/install/witmotion_ros_driver:/home/tony/ros2_ws/install/ros2_aruco:/home/tony/ros2_ws/install/interbotix_xs_modules:/home/tony/ros2_ws/install/interbotix_perception_modules:/home/tony/ros2_ws/install/interbotix_common_modules:/home/tony/ros2_ws/install/detection:/home/tony/new_ws/install/project:/home/tony/25_ws/install/tb4_autonav:/home/tony/24fall_EE211_ws/install/turtlebot4_tests:/home/tony/24fall_EE211_ws/install/turtlebot4_diagnostics:/opt/ros/humble /usr/bin/cmake --install /home/tony/25_ws/build/demo_interfaces_test
[1.943s] Level 1:colcon.colcon_core.environment:checking '/home/tony/25_ws/install/demo_interfaces_test' for CMake config files
[1.943s] Level 1:colcon.colcon_core.shell:create_environment_hook('demo_interfaces_test', 'cmake_prefix_path')
[1.944s] INFO:colcon.colcon_core.shell:Creating environment hook '/home/tony/25_ws/install/demo_interfaces_test/share/demo_interfaces_test/hook/cmake_prefix_path.ps1'
[1.944s] INFO:colcon.colcon_core.shell:Creating environment descriptor '/home/tony/25_ws/install/demo_interfaces_test/share/demo_interfaces_test/hook/cmake_prefix_path.dsv'
[1.944s] INFO:colcon.colcon_core.shell:Creating environment hook '/home/tony/25_ws/install/demo_interfaces_test/share/demo_interfaces_test/hook/cmake_prefix_path.sh'
[1.945s] Level 1:colcon.colcon_core.environment:checking '/home/tony/25_ws/install/demo_interfaces_test/lib'
[1.945s] Level 1:colcon.colcon_core.shell:create_environment_hook('demo_interfaces_test', 'ld_library_path_lib')
[1.945s] INFO:colcon.colcon_core.shell:Creating environment hook '/home/tony/25_ws/install/demo_interfaces_test/share/demo_interfaces_test/hook/ld_library_path_lib.ps1'
[1.946s] INFO:colcon.colcon_core.shell:Creating environment descriptor '/home/tony/25_ws/install/demo_interfaces_test/share/demo_interfaces_test/hook/ld_library_path_lib.dsv'
[1.946s] INFO:colcon.colcon_core.shell:Creating environment hook '/home/tony/25_ws/install/demo_interfaces_test/share/demo_interfaces_test/hook/ld_library_path_lib.sh'
[1.946s] Level 1:colcon.colcon_core.environment:checking '/home/tony/25_ws/install/demo_interfaces_test/bin'
[1.946s] Level 1:colcon.colcon_core.environment:checking '/home/tony/25_ws/install/demo_interfaces_test/lib/pkgconfig/demo_interfaces_test.pc'
[1.946s] Level 1:colcon.colcon_core.environment:checking '/home/tony/25_ws/install/demo_interfaces_test/lib/python3.10/site-packages'
[1.947s] Level 1:colcon.colcon_core.environment:checking '/home/tony/25_ws/install/demo_interfaces_test/bin'
[1.947s] INFO:colcon.colcon_core.shell:Creating package script '/home/tony/25_ws/install/demo_interfaces_test/share/demo_interfaces_test/package.ps1'
[1.948s] INFO:colcon.colcon_core.shell:Creating package descriptor '/home/tony/25_ws/install/demo_interfaces_test/share/demo_interfaces_test/package.dsv'
[1.948s] INFO:colcon.colcon_core.shell:Creating package script '/home/tony/25_ws/install/demo_interfaces_test/share/demo_interfaces_test/package.sh'
[1.949s] INFO:colcon.colcon_core.shell:Creating package script '/home/tony/25_ws/install/demo_interfaces_test/share/demo_interfaces_test/package.bash'
[1.949s] INFO:colcon.colcon_core.shell:Creating package script '/home/tony/25_ws/install/demo_interfaces_test/share/demo_interfaces_test/package.zsh'
[1.950s] Level 1:colcon.colcon_core.environment:create_file_with_runtime_dependencies(/home/tony/25_ws/install/demo_interfaces_test/share/colcon-core/packages/demo_interfaces_test)
[1.950s] Level 1:colcon.colcon_core.environment:create_environment_scripts_only(demo_interfaces_test)
[1.950s] Level 1:colcon.colcon_core.environment:checking '/home/tony/25_ws/install/demo_interfaces_test' for CMake module files
[1.951s] Level 1:colcon.colcon_core.environment:checking '/home/tony/25_ws/install/demo_interfaces_test' for CMake config files
[1.952s] Level 1:colcon.colcon_core.shell:create_environment_hook('demo_interfaces_test', 'cmake_prefix_path')
[1.952s] INFO:colcon.colcon_core.shell:Creating environment hook '/home/tony/25_ws/install/demo_interfaces_test/share/demo_interfaces_test/hook/cmake_prefix_path.ps1'
[1.952s] INFO:colcon.colcon_core.shell:Creating environment descriptor '/home/tony/25_ws/install/demo_interfaces_test/share/demo_interfaces_test/hook/cmake_prefix_path.dsv'
[1.952s] INFO:colcon.colcon_core.shell:Creating environment hook '/home/tony/25_ws/install/demo_interfaces_test/share/demo_interfaces_test/hook/cmake_prefix_path.sh'
[1.953s] Level 1:colcon.colcon_core.environment:checking '/home/tony/25_ws/install/demo_interfaces_test/lib'
[1.953s] Level 1:colcon.colcon_core.shell:create_environment_hook('demo_interfaces_test', 'ld_library_path_lib')
[1.953s] INFO:colcon.colcon_core.shell:Creating environment hook '/home/tony/25_ws/install/demo_interfaces_test/share/demo_interfaces_test/hook/ld_library_path_lib.ps1'
[1.954s] INFO:colcon.colcon_core.shell:Creating environment descriptor '/home/tony/25_ws/install/demo_interfaces_test/share/demo_interfaces_test/hook/ld_library_path_lib.dsv'
[1.954s] INFO:colcon.colcon_core.shell:Creating environment hook '/home/tony/25_ws/install/demo_interfaces_test/share/demo_interfaces_test/hook/ld_library_path_lib.sh'
[1.955s] Level 1:colcon.colcon_core.environment:checking '/home/tony/25_ws/install/demo_interfaces_test/bin'
[1.955s] Level 1:colcon.colcon_core.environment:checking '/home/tony/25_ws/install/demo_interfaces_test/lib/pkgconfig/demo_interfaces_test.pc'
[1.955s] Level 1:colcon.colcon_core.environment:checking '/home/tony/25_ws/install/demo_interfaces_test/lib/python3.10/site-packages'
[1.955s] Level 1:colcon.colcon_core.environment:checking '/home/tony/25_ws/install/demo_interfaces_test/bin'
[1.956s] INFO:colcon.colcon_core.shell:Creating package script '/home/tony/25_ws/install/demo_interfaces_test/share/demo_interfaces_test/package.ps1'
[1.957s] INFO:colcon.colcon_core.shell:Creating package descriptor '/home/tony/25_ws/install/demo_interfaces_test/share/demo_interfaces_test/package.dsv'
[1.957s] INFO:colcon.colcon_core.shell:Creating package script '/home/tony/25_ws/install/demo_interfaces_test/share/demo_interfaces_test/package.sh'
[1.958s] INFO:colcon.colcon_core.shell:Creating package script '/home/tony/25_ws/install/demo_interfaces_test/share/demo_interfaces_test/package.bash'
[1.958s] INFO:colcon.colcon_core.shell:Creating package script '/home/tony/25_ws/install/demo_interfaces_test/share/demo_interfaces_test/package.zsh'
[1.959s] Level 1:colcon.colcon_core.environment:create_file_with_runtime_dependencies(/home/tony/25_ws/install/demo_interfaces_test/share/colcon-core/packages/demo_interfaces_test)
[2.297s] INFO:colcon.colcon_core.task.python.build:Building Python package in '/home/tony/25_ws/src/tb4_autonav'
[2.298s] INFO:colcon.colcon_core.shell:Skip shell extension 'powershell' for command environment: Not usable outside of PowerShell
[2.298s] DEBUG:colcon.colcon_core.shell:Skip shell extension 'dsv' for command environment
[2.815s] DEBUG:colcon.colcon_core.event_handler.log_command:Invoking command in '/home/tony/25_ws/src/tb4_autonav': PYTHONPATH=/home/tony/25_ws/build/tb4_autonav/prefix_override:/usr/lib/python3/dist-packages/colcon_core/task/python/colcon_distutils_commands:/home/tony/25_ws/install/tb4_autonav/lib/python3.10/site-packages:${PYTHONPATH} /usr/bin/python3 -W ignore:setup.py install is deprecated -W ignore:easy_install command is deprecated setup.py egg_info --egg-base ../../build/tb4_autonav build --build-base /home/tony/25_ws/build/tb4_autonav/build install --record /home/tony/25_ws/build/tb4_autonav/install.log --single-version-externally-managed install_data
[3.228s] Level 1:colcon.colcon_core.environment:checking '/home/tony/25_ws/install/tb4_autonav' for CMake module files
[3.229s] DEBUG:colcon.colcon_core.event_handler.log_command:Invoked command in '/home/tony/25_ws/src/tb4_autonav' returned '0': PYTHONPATH=/home/tony/25_ws/build/tb4_autonav/prefix_override:/usr/lib/python3/dist-packages/colcon_core/task/python/colcon_distutils_commands:/home/tony/25_ws/install/tb4_autonav/lib/python3.10/site-packages:${PYTHONPATH} /usr/bin/python3 -W ignore:setup.py install is deprecated -W ignore:easy_install command is deprecated setup.py egg_info --egg-base ../../build/tb4_autonav build --build-base /home/tony/25_ws/build/tb4_autonav/build install --record /home/tony/25_ws/build/tb4_autonav/install.log --single-version-externally-managed install_data
[3.229s] Level 1:colcon.colcon_core.environment:checking '/home/tony/25_ws/install/tb4_autonav' for CMake config files
[3.230s] Level 1:colcon.colcon_core.environment:checking '/home/tony/25_ws/install/tb4_autonav/lib'
[3.230s] Level 1:colcon.colcon_core.environment:checking '/home/tony/25_ws/install/tb4_autonav/bin'
[3.230s] Level 1:colcon.colcon_core.environment:checking '/home/tony/25_ws/install/tb4_autonav/lib/pkgconfig/tb4_autonav.pc'
[3.230s] Level 1:colcon.colcon_core.environment:checking '/home/tony/25_ws/install/tb4_autonav/lib/python3.10/site-packages'
[3.231s] Level 1:colcon.colcon_core.shell:create_environment_hook('tb4_autonav', 'pythonpath')
[3.231s] INFO:colcon.colcon_core.shell:Creating environment hook '/home/tony/25_ws/install/tb4_autonav/share/tb4_autonav/hook/pythonpath.ps1'
[3.232s] INFO:colcon.colcon_core.shell:Creating environment descriptor '/home/tony/25_ws/install/tb4_autonav/share/tb4_autonav/hook/pythonpath.dsv'
[3.232s] INFO:colcon.colcon_core.shell:Creating environment hook '/home/tony/25_ws/install/tb4_autonav/share/tb4_autonav/hook/pythonpath.sh'
[3.233s] Level 1:colcon.colcon_core.environment:checking '/home/tony/25_ws/install/tb4_autonav/bin'
[3.233s] Level 1:colcon.colcon_core.environment:create_environment_scripts_only(tb4_autonav)
[3.233s] INFO:colcon.colcon_core.shell:Creating package script '/home/tony/25_ws/install/tb4_autonav/share/tb4_autonav/package.ps1'
[3.234s] INFO:colcon.colcon_core.shell:Creating package descriptor '/home/tony/25_ws/install/tb4_autonav/share/tb4_autonav/package.dsv'
[3.234s] INFO:colcon.colcon_core.shell:Creating package script '/home/tony/25_ws/install/tb4_autonav/share/tb4_autonav/package.sh'
[3.235s] INFO:colcon.colcon_core.shell:Creating package script '/home/tony/25_ws/install/tb4_autonav/share/tb4_autonav/package.bash'
[3.235s] INFO:colcon.colcon_core.shell:Creating package script '/home/tony/25_ws/install/tb4_autonav/share/tb4_autonav/package.zsh'
[3.236s] Level 1:colcon.colcon_core.environment:create_file_with_runtime_dependencies(/home/tony/25_ws/install/tb4_autonav/share/colcon-core/packages/tb4_autonav)
[3.236s] DEBUG:colcon.colcon_parallel_executor.executor.parallel:closing loop
[3.237s] DEBUG:colcon.colcon_parallel_executor.executor.parallel:loop closed
[3.237s] DEBUG:colcon.colcon_parallel_executor.executor.parallel:run_until_complete finished with '0'
[3.237s] DEBUG:colcon.colcon_core.event_reactor:joining thread
[3.246s] INFO:colcon.colcon_core.plugin_system:Skipping extension 'colcon_notification.desktop_notification.terminal_notifier': Not used on non-Darwin systems
[3.246s] INFO:colcon.colcon_core.plugin_system:Skipping extension 'colcon_notification.desktop_notification.win32': Not used on non-Windows systems
[3.246s] INFO:colcon.colcon_notification.desktop_notification:Sending desktop notification using 'notify2'
[3.264s] DEBUG:colcon.colcon_core.event_reactor:joined thread
[3.264s] INFO:colcon.colcon_core.shell:Creating prefix script '/home/tony/25_ws/install/local_setup.ps1'
[3.267s] INFO:colcon.colcon_core.shell:Creating prefix util module '/home/tony/25_ws/install/_local_setup_util_ps1.py'
[3.269s] INFO:colcon.colcon_core.shell:Creating prefix chain script '/home/tony/25_ws/install/setup.ps1'
[3.273s] INFO:colcon.colcon_core.shell:Creating prefix script '/home/tony/25_ws/install/local_setup.sh'
[3.273s] INFO:colcon.colcon_core.shell:Creating prefix util module '/home/tony/25_ws/install/_local_setup_util_sh.py'
[3.274s] INFO:colcon.colcon_core.shell:Creating prefix chain script '/home/tony/25_ws/install/setup.sh'
[3.277s] INFO:colcon.colcon_core.shell:Creating prefix script '/home/tony/25_ws/install/local_setup.bash'
[3.281s] INFO:colcon.colcon_core.shell:Creating prefix chain script '/home/tony/25_ws/install/setup.bash'
[3.284s] INFO:colcon.colcon_core.shell:Creating prefix script '/home/tony/25_ws/install/local_setup.zsh'
[3.285s] INFO:colcon.colcon_core.shell:Creating prefix chain script '/home/tony/25_ws/install/setup.zsh'
