[0.633s] Invoking command in '/home/tony/25_ws/src/tb4_autonav': PYTHONPATH=/home/tony/25_ws/build/tb4_autonav/prefix_override:/usr/lib/python3/dist-packages/colcon_core/task/python/colcon_distutils_commands:/home/tony/25_ws/install/tb4_autonav/lib/python3.10/site-packages:${PYTHONPATH} /usr/bin/python3 -W ignore:setup.py install is deprecated -W ignore:easy_install command is deprecated setup.py egg_info --egg-base ../../build/tb4_autonav build --build-base /home/tony/25_ws/build/tb4_autonav/build install --record /home/tony/25_ws/build/tb4_autonav/install.log --single-version-externally-managed install_data
[0.892s] running egg_info
[0.892s] creating ../../build/tb4_autonav/tb4_autonav.egg-info
[0.892s] writing ../../build/tb4_autonav/tb4_autonav.egg-info/PKG-INFO
[0.893s] writing dependency_links to ../../build/tb4_autonav/tb4_autonav.egg-info/dependency_links.txt
[0.893s] writing entry points to ../../build/tb4_autonav/tb4_autonav.egg-info/entry_points.txt
[0.893s] writing requirements to ../../build/tb4_autonav/tb4_autonav.egg-info/requires.txt
[0.893s] writing top-level names to ../../build/tb4_autonav/tb4_autonav.egg-info/top_level.txt
[0.893s] writing manifest file '../../build/tb4_autonav/tb4_autonav.egg-info/SOURCES.txt'
[0.895s] reading manifest file '../../build/tb4_autonav/tb4_autonav.egg-info/SOURCES.txt'
[0.896s] writing manifest file '../../build/tb4_autonav/tb4_autonav.egg-info/SOURCES.txt'
[0.896s] running build
[0.896s] running build_py
[0.896s] creating /home/tony/25_ws/build/tb4_autonav/build
[0.896s] creating /home/tony/25_ws/build/tb4_autonav/build/lib
[0.896s] creating /home/tony/25_ws/build/tb4_autonav/build/lib/tb4_autonav
[0.897s] copying tb4_autonav/__init__.py -> /home/tony/25_ws/build/tb4_autonav/build/lib/tb4_autonav
[0.897s] running install
[0.897s] running install_lib
[0.898s] creating /home/tony/25_ws/install/tb4_autonav/lib/python3.10/site-packages/tb4_autonav
[0.898s] copying /home/tony/25_ws/build/tb4_autonav/build/lib/tb4_autonav/__init__.py -> /home/tony/25_ws/install/tb4_autonav/lib/python3.10/site-packages/tb4_autonav
[0.899s] byte-compiling /home/tony/25_ws/install/tb4_autonav/lib/python3.10/site-packages/tb4_autonav/__init__.py to __init__.cpython-310.pyc
[0.899s] running install_data
[0.899s] creating /home/tony/25_ws/install/tb4_autonav/share/ament_index
[0.899s] creating /home/tony/25_ws/install/tb4_autonav/share/ament_index/resource_index
[0.899s] creating /home/tony/25_ws/install/tb4_autonav/share/ament_index/resource_index/packages
[0.899s] copying resource/tb4_autonav -> /home/tony/25_ws/install/tb4_autonav/share/ament_index/resource_index/packages
[0.899s] copying package.xml -> /home/tony/25_ws/install/tb4_autonav/share/tb4_autonav
[0.899s] creating /home/tony/25_ws/install/tb4_autonav/share/tb4_autonav/launch
[0.899s] copying launch/nav_bringup.launch.py -> /home/tony/25_ws/install/tb4_autonav/share/tb4_autonav/launch
[0.900s] copying launch/mapping_bringup.launch.py -> /home/tony/25_ws/install/tb4_autonav/share/tb4_autonav/launch
[0.900s] running install_egg_info
[0.901s] Copying ../../build/tb4_autonav/tb4_autonav.egg-info to /home/tony/25_ws/install/tb4_autonav/lib/python3.10/site-packages/tb4_autonav-0.0.1-py3.10.egg-info
[0.902s] running install_scripts
[0.919s] writing list of installed files to '/home/tony/25_ws/build/tb4_autonav/install.log'
[0.948s] Invoked command in '/home/tony/25_ws/src/tb4_autonav' returned '0': PYTHONPATH=/home/tony/25_ws/build/tb4_autonav/prefix_override:/usr/lib/python3/dist-packages/colcon_core/task/python/colcon_distutils_commands:/home/tony/25_ws/install/tb4_autonav/lib/python3.10/site-packages:${PYTHONPATH} /usr/bin/python3 -W ignore:setup.py install is deprecated -W ignore:easy_install command is deprecated setup.py egg_info --egg-base ../../build/tb4_autonav build --build-base /home/tony/25_ws/build/tb4_autonav/build install --record /home/tony/25_ws/build/tb4_autonav/install.log --single-version-externally-managed install_data
