[0.150s] DEBUG:colcon:Command line arguments: ['/usr/bin/colcon', 'build']
[0.151s] DEBUG:colcon:Parsed command line arguments: Namespace(log_base=None, log_level=None, verb_name='build', build_base='build', install_base='install', merge_install=False, symlink_install=False, test_result_base=None, continue_on_error=False, executor='parallel', parallel_workers=8, event_handlers=None, ignore_user_meta=False, metas=['./colcon.meta'], base_paths=['.'], packages_ignore=None, packages_ignore_regex=None, paths=None, packages_up_to=None, packages_up_to_regex=None, packages_above=None, packages_above_and_dependencies=None, packages_above_depth=None, packages_select_by_dep=None, packages_skip_by_dep=None, packages_skip_up_to=None, packages_select_build_failed=False, packages_skip_build_finished=False, packages_select_test_failures=False, packages_skip_test_passed=False, packages_select=None, packages_skip=None, packages_select_regex=None, packages_skip_regex=None, packages_start=None, packages_end=None, allow_overriding=[], cmake_args=None, cmake_target=None, cmake_target_skip_unavailable=False, cmake_clean_cache=False, cmake_clean_first=False, cmake_force_configure=False, ament_cmake_args=None, catkin_cmake_args=None, catkin_skip_building_tests=False, mixin_files=None, mixin=None, verb_parser=<colcon_mixin.mixin.mixin_argument.MixinArgumentDecorator object at 0x7de6658b1c30>, verb_extension=<colcon_core.verb.build.BuildVerb object at 0x7de6658b1660>, main=<bound method BuildVerb.main of <colcon_core.verb.build.BuildVerb object at 0x7de6658b1660>>, mixin_verb=('build',))
[0.384s] Level 1:colcon.colcon_core.package_discovery:discover_packages(colcon_meta) check parameters
[0.385s] Level 1:colcon.colcon_core.package_discovery:discover_packages(recursive) check parameters
[0.385s] Level 1:colcon.colcon_core.package_discovery:discover_packages(ignore) check parameters
[0.385s] Level 1:colcon.colcon_core.package_discovery:discover_packages(path) check parameters
[0.385s] Level 1:colcon.colcon_core.package_discovery:discover_packages(colcon_meta) discover
[0.385s] Level 1:colcon.colcon_core.package_discovery:discover_packages(recursive) discover
[0.386s] INFO:colcon.colcon_core.package_discovery:Crawling recursively for packages in '/home/tony/25_ws'
[0.386s] Level 1:colcon.colcon_core.package_identification:_identify(.) by extensions ['ignore', 'ignore_ament_install']
[0.386s] Level 1:colcon.colcon_core.package_identification:_identify(.) by extension 'ignore'
[0.386s] Level 1:colcon.colcon_core.package_identification:_identify(.) by extension 'ignore_ament_install'
[0.386s] Level 1:colcon.colcon_core.package_identification:_identify(.) by extensions ['colcon_pkg']
[0.386s] Level 1:colcon.colcon_core.package_identification:_identify(.) by extension 'colcon_pkg'
[0.386s] Level 1:colcon.colcon_core.package_identification:_identify(.) by extensions ['colcon_meta']
[0.386s] Level 1:colcon.colcon_core.package_identification:_identify(.) by extension 'colcon_meta'
[0.387s] Level 1:colcon.colcon_core.package_identification:_identify(.) by extensions ['ros']
[0.387s] Level 1:colcon.colcon_core.package_identification:_identify(.) by extension 'ros'
[0.399s] Level 1:colcon.colcon_core.package_identification:_identify(.) by extensions ['cmake', 'python']
[0.399s] Level 1:colcon.colcon_core.package_identification:_identify(.) by extension 'cmake'
[0.399s] Level 1:colcon.colcon_core.package_identification:_identify(.) by extension 'python'
[0.399s] Level 1:colcon.colcon_core.package_identification:_identify(.) by extensions ['python_setup_py']
[0.399s] Level 1:colcon.colcon_core.package_identification:_identify(.) by extension 'python_setup_py'
[0.400s] Level 1:colcon.colcon_core.package_identification:_identify(build) by extensions ['ignore', 'ignore_ament_install']
[0.400s] Level 1:colcon.colcon_core.package_identification:_identify(build) by extension 'ignore'
[0.400s] Level 1:colcon.colcon_core.package_identification:_identify(build) ignored
[0.400s] Level 1:colcon.colcon_core.package_identification:_identify(demo_interfaces_test) by extensions ['ignore', 'ignore_ament_install']
[0.400s] Level 1:colcon.colcon_core.package_identification:_identify(demo_interfaces_test) by extension 'ignore'
[0.400s] Level 1:colcon.colcon_core.package_identification:_identify(demo_interfaces_test) by extension 'ignore_ament_install'
[0.401s] Level 1:colcon.colcon_core.package_identification:_identify(demo_interfaces_test) by extensions ['colcon_pkg']
[0.401s] Level 1:colcon.colcon_core.package_identification:_identify(demo_interfaces_test) by extension 'colcon_pkg'
[0.401s] Level 1:colcon.colcon_core.package_identification:_identify(demo_interfaces_test) by extensions ['colcon_meta']
[0.401s] Level 1:colcon.colcon_core.package_identification:_identify(demo_interfaces_test) by extension 'colcon_meta'
[0.401s] Level 1:colcon.colcon_core.package_identification:_identify(demo_interfaces_test) by extensions ['ros']
[0.401s] Level 1:colcon.colcon_core.package_identification:_identify(demo_interfaces_test) by extension 'ros'
[0.404s] DEBUG:colcon.colcon_core.package_identification:Package 'demo_interfaces_test' with type 'ros.ament_cmake' and name 'demo_interfaces_test'
[0.404s] Level 1:colcon.colcon_core.package_identification:_identify(install) by extensions ['ignore', 'ignore_ament_install']
[0.404s] Level 1:colcon.colcon_core.package_identification:_identify(install) by extension 'ignore'
[0.405s] Level 1:colcon.colcon_core.package_identification:_identify(install) ignored
[0.405s] Level 1:colcon.colcon_core.package_identification:_identify(log) by extensions ['ignore', 'ignore_ament_install']
[0.405s] Level 1:colcon.colcon_core.package_identification:_identify(log) by extension 'ignore'
[0.405s] Level 1:colcon.colcon_core.package_identification:_identify(log) ignored
[0.405s] Level 1:colcon.colcon_core.package_identification:_identify(map) by extensions ['ignore', 'ignore_ament_install']
[0.405s] Level 1:colcon.colcon_core.package_identification:_identify(map) by extension 'ignore'
[0.406s] Level 1:colcon.colcon_core.package_identification:_identify(map) by extension 'ignore_ament_install'
[0.406s] Level 1:colcon.colcon_core.package_identification:_identify(map) by extensions ['colcon_pkg']
[0.406s] Level 1:colcon.colcon_core.package_identification:_identify(map) by extension 'colcon_pkg'
[0.406s] Level 1:colcon.colcon_core.package_identification:_identify(map) by extensions ['colcon_meta']
[0.406s] Level 1:colcon.colcon_core.package_identification:_identify(map) by extension 'colcon_meta'
[0.406s] Level 1:colcon.colcon_core.package_identification:_identify(map) by extensions ['ros']
[0.406s] Level 1:colcon.colcon_core.package_identification:_identify(map) by extension 'ros'
[0.406s] Level 1:colcon.colcon_core.package_identification:_identify(map) by extensions ['cmake', 'python']
[0.407s] Level 1:colcon.colcon_core.package_identification:_identify(map) by extension 'cmake'
[0.407s] Level 1:colcon.colcon_core.package_identification:_identify(map) by extension 'python'
[0.407s] Level 1:colcon.colcon_core.package_identification:_identify(map) by extensions ['python_setup_py']
[0.407s] Level 1:colcon.colcon_core.package_identification:_identify(map) by extension 'python_setup_py'
[0.407s] Level 1:colcon.colcon_core.package_identification:_identify(src) by extensions ['ignore', 'ignore_ament_install']
[0.407s] Level 1:colcon.colcon_core.package_identification:_identify(src) by extension 'ignore'
[0.408s] Level 1:colcon.colcon_core.package_identification:_identify(src) by extension 'ignore_ament_install'
[0.408s] Level 1:colcon.colcon_core.package_identification:_identify(src) by extensions ['colcon_pkg']
[0.408s] Level 1:colcon.colcon_core.package_identification:_identify(src) by extension 'colcon_pkg'
[0.408s] Level 1:colcon.colcon_core.package_identification:_identify(src) by extensions ['colcon_meta']
[0.408s] Level 1:colcon.colcon_core.package_identification:_identify(src) by extension 'colcon_meta'
[0.408s] Level 1:colcon.colcon_core.package_identification:_identify(src) by extensions ['ros']
[0.408s] Level 1:colcon.colcon_core.package_identification:_identify(src) by extension 'ros'
[0.408s] Level 1:colcon.colcon_core.package_identification:_identify(src) by extensions ['cmake', 'python']
[0.409s] Level 1:colcon.colcon_core.package_identification:_identify(src) by extension 'cmake'
[0.409s] Level 1:colcon.colcon_core.package_identification:_identify(src) by extension 'python'
[0.409s] Level 1:colcon.colcon_core.package_identification:_identify(src) by extensions ['python_setup_py']
[0.409s] Level 1:colcon.colcon_core.package_identification:_identify(src) by extension 'python_setup_py'
[0.409s] Level 1:colcon.colcon_core.package_identification:_identify(src/arm) by extensions ['ignore', 'ignore_ament_install']
[0.409s] Level 1:colcon.colcon_core.package_identification:_identify(src/arm) by extension 'ignore'
[0.410s] Level 1:colcon.colcon_core.package_identification:_identify(src/arm) by extension 'ignore_ament_install'
[0.410s] Level 1:colcon.colcon_core.package_identification:_identify(src/arm) by extensions ['colcon_pkg']
[0.410s] Level 1:colcon.colcon_core.package_identification:_identify(src/arm) by extension 'colcon_pkg'
[0.410s] Level 1:colcon.colcon_core.package_identification:_identify(src/arm) by extensions ['colcon_meta']
[0.410s] Level 1:colcon.colcon_core.package_identification:_identify(src/arm) by extension 'colcon_meta'
[0.410s] Level 1:colcon.colcon_core.package_identification:_identify(src/arm) by extensions ['ros']
[0.410s] Level 1:colcon.colcon_core.package_identification:_identify(src/arm) by extension 'ros'
[0.410s] Level 1:colcon.colcon_core.package_identification:_identify(src/arm) by extensions ['cmake', 'python']
[0.410s] Level 1:colcon.colcon_core.package_identification:_identify(src/arm) by extension 'cmake'
[0.410s] Level 1:colcon.colcon_core.package_identification:_identify(src/arm) by extension 'python'
[0.410s] Level 1:colcon.colcon_core.package_identification:_identify(src/arm) by extensions ['python_setup_py']
[0.410s] Level 1:colcon.colcon_core.package_identification:_identify(src/arm) by extension 'python_setup_py'
[0.410s] Level 1:colcon.colcon_core.package_identification:_identify(src/arm/__pycache__) by extensions ['ignore', 'ignore_ament_install']
[0.410s] Level 1:colcon.colcon_core.package_identification:_identify(src/arm/__pycache__) by extension 'ignore'
[0.410s] Level 1:colcon.colcon_core.package_identification:_identify(src/arm/__pycache__) by extension 'ignore_ament_install'
[0.410s] Level 1:colcon.colcon_core.package_identification:_identify(src/arm/__pycache__) by extensions ['colcon_pkg']
[0.410s] Level 1:colcon.colcon_core.package_identification:_identify(src/arm/__pycache__) by extension 'colcon_pkg'
[0.410s] Level 1:colcon.colcon_core.package_identification:_identify(src/arm/__pycache__) by extensions ['colcon_meta']
[0.411s] Level 1:colcon.colcon_core.package_identification:_identify(src/arm/__pycache__) by extension 'colcon_meta'
[0.411s] Level 1:colcon.colcon_core.package_identification:_identify(src/arm/__pycache__) by extensions ['ros']
[0.411s] Level 1:colcon.colcon_core.package_identification:_identify(src/arm/__pycache__) by extension 'ros'
[0.411s] Level 1:colcon.colcon_core.package_identification:_identify(src/arm/__pycache__) by extensions ['cmake', 'python']
[0.411s] Level 1:colcon.colcon_core.package_identification:_identify(src/arm/__pycache__) by extension 'cmake'
[0.411s] Level 1:colcon.colcon_core.package_identification:_identify(src/arm/__pycache__) by extension 'python'
[0.411s] Level 1:colcon.colcon_core.package_identification:_identify(src/arm/__pycache__) by extensions ['python_setup_py']
[0.411s] Level 1:colcon.colcon_core.package_identification:_identify(src/arm/__pycache__) by extension 'python_setup_py'
[0.411s] Level 1:colcon.colcon_core.package_identification:_identify(src/tb4_autonav) by extensions ['ignore', 'ignore_ament_install']
[0.411s] Level 1:colcon.colcon_core.package_identification:_identify(src/tb4_autonav) by extension 'ignore'
[0.411s] Level 1:colcon.colcon_core.package_identification:_identify(src/tb4_autonav) by extension 'ignore_ament_install'
[0.411s] Level 1:colcon.colcon_core.package_identification:_identify(src/tb4_autonav) by extensions ['colcon_pkg']
[0.411s] Level 1:colcon.colcon_core.package_identification:_identify(src/tb4_autonav) by extension 'colcon_pkg'
[0.411s] Level 1:colcon.colcon_core.package_identification:_identify(src/tb4_autonav) by extensions ['colcon_meta']
[0.411s] Level 1:colcon.colcon_core.package_identification:_identify(src/tb4_autonav) by extension 'colcon_meta'
[0.411s] Level 1:colcon.colcon_core.package_identification:_identify(src/tb4_autonav) by extensions ['ros']
[0.411s] Level 1:colcon.colcon_core.package_identification:_identify(src/tb4_autonav) by extension 'ros'
[0.412s] DEBUG:colcon.colcon_core.package_identification:Package 'src/tb4_autonav' with type 'ros.ament_python' and name 'tb4_autonav'
[0.412s] Level 1:colcon.colcon_core.package_identification:_identify(src/tb4_autonav_interfaces) by extensions ['ignore', 'ignore_ament_install']
[0.412s] Level 1:colcon.colcon_core.package_identification:_identify(src/tb4_autonav_interfaces) by extension 'ignore'
[0.412s] Level 1:colcon.colcon_core.package_identification:_identify(src/tb4_autonav_interfaces) by extension 'ignore_ament_install'
[0.412s] Level 1:colcon.colcon_core.package_identification:_identify(src/tb4_autonav_interfaces) by extensions ['colcon_pkg']
[0.412s] Level 1:colcon.colcon_core.package_identification:_identify(src/tb4_autonav_interfaces) by extension 'colcon_pkg'
[0.412s] Level 1:colcon.colcon_core.package_identification:_identify(src/tb4_autonav_interfaces) by extensions ['colcon_meta']
[0.412s] Level 1:colcon.colcon_core.package_identification:_identify(src/tb4_autonav_interfaces) by extension 'colcon_meta'
[0.413s] Level 1:colcon.colcon_core.package_identification:_identify(src/tb4_autonav_interfaces) by extensions ['ros']
[0.413s] Level 1:colcon.colcon_core.package_identification:_identify(src/tb4_autonav_interfaces) by extension 'ros'
[0.413s] DEBUG:colcon.colcon_core.package_identification:Package 'src/tb4_autonav_interfaces' with type 'ros.ament_cmake' and name 'tb4_autonav_interfaces'
[0.414s] Level 1:colcon.colcon_core.package_discovery:discover_packages(recursive) using defaults
[0.414s] Level 1:colcon.colcon_core.package_discovery:discover_packages(ignore) discover
[0.414s] Level 1:colcon.colcon_core.package_discovery:discover_packages(ignore) using defaults
[0.414s] Level 1:colcon.colcon_core.package_discovery:discover_packages(path) discover
[0.414s] Level 1:colcon.colcon_core.package_discovery:discover_packages(path) using defaults
[0.437s] Level 1:colcon.colcon_core.package_discovery:discover_packages(prefix_path) check parameters
[0.437s] Level 1:colcon.colcon_core.package_discovery:discover_packages(prefix_path) discover
[0.441s] DEBUG:colcon.colcon_installed_package_information.package_discovery:Found 1 installed packages in /home/tony/new_ws/install
[0.442s] DEBUG:colcon.colcon_installed_package_information.package_discovery:Found 40 installed packages in /home/tony/ros2_ws/install
[0.443s] DEBUG:colcon.colcon_installed_package_information.package_discovery:Found 3 installed packages in /home/tony/25_ws/install
[0.444s] DEBUG:colcon.colcon_installed_package_information.package_discovery:Found 5 installed packages in /home/tony/24fall_EE211_ws/install
[0.446s] DEBUG:colcon.colcon_installed_package_information.package_discovery:Found 506 installed packages in /opt/ros/humble
[0.449s] Level 1:colcon.colcon_core.package_discovery:discover_packages(prefix_path) using defaults
[0.508s] Level 5:colcon.colcon_core.verb:set package 'demo_interfaces_test' build argument 'cmake_args' from command line to 'None'
[0.508s] Level 5:colcon.colcon_core.verb:set package 'demo_interfaces_test' build argument 'cmake_target' from command line to 'None'
[0.508s] Level 5:colcon.colcon_core.verb:set package 'demo_interfaces_test' build argument 'cmake_target_skip_unavailable' from command line to 'False'
[0.508s] Level 5:colcon.colcon_core.verb:set package 'demo_interfaces_test' build argument 'cmake_clean_cache' from command line to 'False'
[0.508s] Level 5:colcon.colcon_core.verb:set package 'demo_interfaces_test' build argument 'cmake_clean_first' from command line to 'False'
[0.508s] Level 5:colcon.colcon_core.verb:set package 'demo_interfaces_test' build argument 'cmake_force_configure' from command line to 'False'
[0.509s] Level 5:colcon.colcon_core.verb:set package 'demo_interfaces_test' build argument 'ament_cmake_args' from command line to 'None'
[0.509s] Level 5:colcon.colcon_core.verb:set package 'demo_interfaces_test' build argument 'catkin_cmake_args' from command line to 'None'
[0.509s] Level 5:colcon.colcon_core.verb:set package 'demo_interfaces_test' build argument 'catkin_skip_building_tests' from command line to 'False'
[0.509s] DEBUG:colcon.colcon_core.verb:Building package 'demo_interfaces_test' with the following arguments: {'ament_cmake_args': None, 'build_base': '/home/tony/25_ws/build/demo_interfaces_test', 'catkin_cmake_args': None, 'catkin_skip_building_tests': False, 'cmake_args': None, 'cmake_clean_cache': False, 'cmake_clean_first': False, 'cmake_force_configure': False, 'cmake_target': None, 'cmake_target_skip_unavailable': False, 'install_base': '/home/tony/25_ws/install/demo_interfaces_test', 'merge_install': False, 'path': '/home/tony/25_ws/demo_interfaces_test', 'symlink_install': False, 'test_result_base': None}
[0.509s] Level 5:colcon.colcon_core.verb:set package 'tb4_autonav_interfaces' build argument 'cmake_args' from command line to 'None'
[0.510s] Level 5:colcon.colcon_core.verb:set package 'tb4_autonav_interfaces' build argument 'cmake_target' from command line to 'None'
[0.510s] Level 5:colcon.colcon_core.verb:set package 'tb4_autonav_interfaces' build argument 'cmake_target_skip_unavailable' from command line to 'False'
[0.510s] Level 5:colcon.colcon_core.verb:set package 'tb4_autonav_interfaces' build argument 'cmake_clean_cache' from command line to 'False'
[0.510s] Level 5:colcon.colcon_core.verb:set package 'tb4_autonav_interfaces' build argument 'cmake_clean_first' from command line to 'False'
[0.510s] Level 5:colcon.colcon_core.verb:set package 'tb4_autonav_interfaces' build argument 'cmake_force_configure' from command line to 'False'
[0.510s] Level 5:colcon.colcon_core.verb:set package 'tb4_autonav_interfaces' build argument 'ament_cmake_args' from command line to 'None'
[0.510s] Level 5:colcon.colcon_core.verb:set package 'tb4_autonav_interfaces' build argument 'catkin_cmake_args' from command line to 'None'
[0.510s] Level 5:colcon.colcon_core.verb:set package 'tb4_autonav_interfaces' build argument 'catkin_skip_building_tests' from command line to 'False'
[0.510s] DEBUG:colcon.colcon_core.verb:Building package 'tb4_autonav_interfaces' with the following arguments: {'ament_cmake_args': None, 'build_base': '/home/tony/25_ws/build/tb4_autonav_interfaces', 'catkin_cmake_args': None, 'catkin_skip_building_tests': False, 'cmake_args': None, 'cmake_clean_cache': False, 'cmake_clean_first': False, 'cmake_force_configure': False, 'cmake_target': None, 'cmake_target_skip_unavailable': False, 'install_base': '/home/tony/25_ws/install/tb4_autonav_interfaces', 'merge_install': False, 'path': '/home/tony/25_ws/src/tb4_autonav_interfaces', 'symlink_install': False, 'test_result_base': None}
[0.511s] Level 5:colcon.colcon_core.verb:set package 'tb4_autonav' build argument 'cmake_args' from command line to 'None'
[0.511s] Level 5:colcon.colcon_core.verb:set package 'tb4_autonav' build argument 'cmake_target' from command line to 'None'
[0.511s] Level 5:colcon.colcon_core.verb:set package 'tb4_autonav' build argument 'cmake_target_skip_unavailable' from command line to 'False'
[0.511s] Level 5:colcon.colcon_core.verb:set package 'tb4_autonav' build argument 'cmake_clean_cache' from command line to 'False'
[0.511s] Level 5:colcon.colcon_core.verb:set package 'tb4_autonav' build argument 'cmake_clean_first' from command line to 'False'
[0.512s] Level 5:colcon.colcon_core.verb:set package 'tb4_autonav' build argument 'cmake_force_configure' from command line to 'False'
[0.512s] Level 5:colcon.colcon_core.verb:set package 'tb4_autonav' build argument 'ament_cmake_args' from command line to 'None'
[0.512s] Level 5:colcon.colcon_core.verb:set package 'tb4_autonav' build argument 'catkin_cmake_args' from command line to 'None'
[0.512s] Level 5:colcon.colcon_core.verb:set package 'tb4_autonav' build argument 'catkin_skip_building_tests' from command line to 'False'
[0.512s] DEBUG:colcon.colcon_core.verb:Building package 'tb4_autonav' with the following arguments: {'ament_cmake_args': None, 'build_base': '/home/tony/25_ws/build/tb4_autonav', 'catkin_cmake_args': None, 'catkin_skip_building_tests': False, 'cmake_args': None, 'cmake_clean_cache': False, 'cmake_clean_first': False, 'cmake_force_configure': False, 'cmake_target': None, 'cmake_target_skip_unavailable': False, 'install_base': '/home/tony/25_ws/install/tb4_autonav', 'merge_install': False, 'path': '/home/tony/25_ws/src/tb4_autonav', 'symlink_install': False, 'test_result_base': None}
[0.512s] INFO:colcon.colcon_core.executor:Executing jobs using 'parallel' executor
[0.513s] DEBUG:colcon.colcon_parallel_executor.executor.parallel:run_until_complete
[0.514s] INFO:colcon.colcon_ros.task.ament_cmake.build:Building ROS package in '/home/tony/25_ws/src/tb4_autonav_interfaces' with build type 'ament_cmake'
[0.514s] INFO:colcon.colcon_cmake.task.cmake.build:Building CMake package in '/home/tony/25_ws/src/tb4_autonav_interfaces'
[0.517s] INFO:colcon.colcon_core.plugin_system:Skipping extension 'colcon_core.shell.bat': Not used on non-Windows systems
[0.517s] INFO:colcon.colcon_core.shell:Skip shell extension 'powershell' for command environment: Not usable outside of PowerShell
[0.517s] DEBUG:colcon.colcon_core.shell:Skip shell extension 'dsv' for command environment
[0.530s] INFO:colcon.colcon_ros.task.ament_cmake.build:Building ROS package in '/home/tony/25_ws/demo_interfaces_test' with build type 'ament_cmake'
[0.530s] INFO:colcon.colcon_cmake.task.cmake.build:Building CMake package in '/home/tony/25_ws/demo_interfaces_test'
[0.530s] INFO:colcon.colcon_core.shell:Skip shell extension 'powershell' for command environment: Not usable outside of PowerShell
[0.531s] DEBUG:colcon.colcon_core.shell:Skip shell extension 'dsv' for command environment
[0.554s] DEBUG:colcon.colcon_core.event_handler.log_command:Invoking command in '/home/tony/25_ws/build/tb4_autonav_interfaces': CMAKE_PREFIX_PATH=${CMAKE_PREFIX_PATH}:/home/tony/ros2_ws/install/witmotion_ros_driver:/home/tony/ros2_ws/install/ros2_aruco:/home/tony/ros2_ws/install/interbotix_xs_modules:/home/tony/ros2_ws/install/interbotix_perception_modules:/home/tony/ros2_ws/install/interbotix_common_modules:/home/tony/ros2_ws/install/detection:/home/tony/new_ws/install/project:/home/tony/25_ws/install/tb4_autonav:/home/tony/24fall_EE211_ws/install/turtlebot4_tests:/home/tony/24fall_EE211_ws/install/turtlebot4_diagnostics:/opt/ros/humble /usr/bin/cmake --build /home/tony/25_ws/build/tb4_autonav_interfaces -- -j8 -l8
[0.561s] DEBUG:colcon.colcon_core.event_handler.log_command:Invoking command in '/home/tony/25_ws/build/demo_interfaces_test': CMAKE_PREFIX_PATH=${CMAKE_PREFIX_PATH}:/home/tony/ros2_ws/install/witmotion_ros_driver:/home/tony/ros2_ws/install/ros2_aruco:/home/tony/ros2_ws/install/interbotix_xs_modules:/home/tony/ros2_ws/install/interbotix_perception_modules:/home/tony/ros2_ws/install/interbotix_common_modules:/home/tony/ros2_ws/install/detection:/home/tony/new_ws/install/project:/home/tony/25_ws/install/tb4_autonav:/home/tony/24fall_EE211_ws/install/turtlebot4_tests:/home/tony/24fall_EE211_ws/install/turtlebot4_diagnostics:/opt/ros/humble /usr/bin/cmake --build /home/tony/25_ws/build/demo_interfaces_test -- -j8 -l8
[1.708s] DEBUG:colcon.colcon_core.event_handler.log_command:Invoked command in '/home/tony/25_ws/build/demo_interfaces_test' returned '0': CMAKE_PREFIX_PATH=${CMAKE_PREFIX_PATH}:/home/tony/ros2_ws/install/witmotion_ros_driver:/home/tony/ros2_ws/install/ros2_aruco:/home/tony/ros2_ws/install/interbotix_xs_modules:/home/tony/ros2_ws/install/interbotix_perception_modules:/home/tony/ros2_ws/install/interbotix_common_modules:/home/tony/ros2_ws/install/detection:/home/tony/new_ws/install/project:/home/tony/25_ws/install/tb4_autonav:/home/tony/24fall_EE211_ws/install/turtlebot4_tests:/home/tony/24fall_EE211_ws/install/turtlebot4_diagnostics:/opt/ros/humble /usr/bin/cmake --build /home/tony/25_ws/build/demo_interfaces_test -- -j8 -l8
[1.720s] DEBUG:colcon.colcon_core.event_handler.log_command:Invoking command in '/home/tony/25_ws/build/demo_interfaces_test': CMAKE_PREFIX_PATH=${CMAKE_PREFIX_PATH}:/home/tony/ros2_ws/install/witmotion_ros_driver:/home/tony/ros2_ws/install/ros2_aruco:/home/tony/ros2_ws/install/interbotix_xs_modules:/home/tony/ros2_ws/install/interbotix_perception_modules:/home/tony/ros2_ws/install/interbotix_common_modules:/home/tony/ros2_ws/install/detection:/home/tony/new_ws/install/project:/home/tony/25_ws/install/tb4_autonav:/home/tony/24fall_EE211_ws/install/turtlebot4_tests:/home/tony/24fall_EE211_ws/install/turtlebot4_diagnostics:/opt/ros/humble /usr/bin/cmake --install /home/tony/25_ws/build/demo_interfaces_test
[1.790s] DEBUG:colcon.colcon_core.event_handler.log_command:Invoked command in '/home/tony/25_ws/build/tb4_autonav_interfaces' returned '0': CMAKE_PREFIX_PATH=${CMAKE_PREFIX_PATH}:/home/tony/ros2_ws/install/witmotion_ros_driver:/home/tony/ros2_ws/install/ros2_aruco:/home/tony/ros2_ws/install/interbotix_xs_modules:/home/tony/ros2_ws/install/interbotix_perception_modules:/home/tony/ros2_ws/install/interbotix_common_modules:/home/tony/ros2_ws/install/detection:/home/tony/new_ws/install/project:/home/tony/25_ws/install/tb4_autonav:/home/tony/24fall_EE211_ws/install/turtlebot4_tests:/home/tony/24fall_EE211_ws/install/turtlebot4_diagnostics:/opt/ros/humble /usr/bin/cmake --build /home/tony/25_ws/build/tb4_autonav_interfaces -- -j8 -l8
[1.793s] DEBUG:colcon.colcon_core.event_handler.log_command:Invoking command in '/home/tony/25_ws/build/tb4_autonav_interfaces': CMAKE_PREFIX_PATH=${CMAKE_PREFIX_PATH}:/home/tony/ros2_ws/install/witmotion_ros_driver:/home/tony/ros2_ws/install/ros2_aruco:/home/tony/ros2_ws/install/interbotix_xs_modules:/home/tony/ros2_ws/install/interbotix_perception_modules:/home/tony/ros2_ws/install/interbotix_common_modules:/home/tony/ros2_ws/install/detection:/home/tony/new_ws/install/project:/home/tony/25_ws/install/tb4_autonav:/home/tony/24fall_EE211_ws/install/turtlebot4_tests:/home/tony/24fall_EE211_ws/install/turtlebot4_diagnostics:/opt/ros/humble /usr/bin/cmake --install /home/tony/25_ws/build/tb4_autonav_interfaces
[1.821s] Level 1:colcon.colcon_core.environment:create_environment_scripts_only(demo_interfaces_test)
[1.826s] Level 1:colcon.colcon_core.environment:checking '/home/tony/25_ws/install/demo_interfaces_test' for CMake module files
[1.828s] DEBUG:colcon.colcon_core.event_handler.log_command:Invoked command in '/home/tony/25_ws/build/demo_interfaces_test' returned '0': CMAKE_PREFIX_PATH=${CMAKE_PREFIX_PATH}:/home/tony/ros2_ws/install/witmotion_ros_driver:/home/tony/ros2_ws/install/ros2_aruco:/home/tony/ros2_ws/install/interbotix_xs_modules:/home/tony/ros2_ws/install/interbotix_perception_modules:/home/tony/ros2_ws/install/interbotix_common_modules:/home/tony/ros2_ws/install/detection:/home/tony/new_ws/install/project:/home/tony/25_ws/install/tb4_autonav:/home/tony/24fall_EE211_ws/install/turtlebot4_tests:/home/tony/24fall_EE211_ws/install/turtlebot4_diagnostics:/opt/ros/humble /usr/bin/cmake --install /home/tony/25_ws/build/demo_interfaces_test
[1.831s] Level 1:colcon.colcon_core.environment:checking '/home/tony/25_ws/install/demo_interfaces_test' for CMake config files
[1.831s] Level 1:colcon.colcon_core.shell:create_environment_hook('demo_interfaces_test', 'cmake_prefix_path')
[1.831s] INFO:colcon.colcon_core.shell:Creating environment hook '/home/tony/25_ws/install/demo_interfaces_test/share/demo_interfaces_test/hook/cmake_prefix_path.ps1'
[1.833s] INFO:colcon.colcon_core.shell:Creating environment descriptor '/home/tony/25_ws/install/demo_interfaces_test/share/demo_interfaces_test/hook/cmake_prefix_path.dsv'
[1.834s] INFO:colcon.colcon_core.shell:Creating environment hook '/home/tony/25_ws/install/demo_interfaces_test/share/demo_interfaces_test/hook/cmake_prefix_path.sh'
[1.836s] Level 1:colcon.colcon_core.environment:checking '/home/tony/25_ws/install/demo_interfaces_test/lib'
[1.836s] Level 1:colcon.colcon_core.shell:create_environment_hook('demo_interfaces_test', 'ld_library_path_lib')
[1.837s] INFO:colcon.colcon_core.shell:Creating environment hook '/home/tony/25_ws/install/demo_interfaces_test/share/demo_interfaces_test/hook/ld_library_path_lib.ps1'
[1.838s] INFO:colcon.colcon_core.shell:Creating environment descriptor '/home/tony/25_ws/install/demo_interfaces_test/share/demo_interfaces_test/hook/ld_library_path_lib.dsv'
[1.838s] INFO:colcon.colcon_core.shell:Creating environment hook '/home/tony/25_ws/install/demo_interfaces_test/share/demo_interfaces_test/hook/ld_library_path_lib.sh'
[1.840s] Level 1:colcon.colcon_core.environment:checking '/home/tony/25_ws/install/demo_interfaces_test/bin'
[1.840s] Level 1:colcon.colcon_core.environment:checking '/home/tony/25_ws/install/demo_interfaces_test/lib/pkgconfig/demo_interfaces_test.pc'
[1.840s] Level 1:colcon.colcon_core.environment:checking '/home/tony/25_ws/install/demo_interfaces_test/lib/python3.10/site-packages'
[1.840s] Level 1:colcon.colcon_core.environment:checking '/home/tony/25_ws/install/demo_interfaces_test/bin'
[1.841s] INFO:colcon.colcon_core.shell:Creating package script '/home/tony/25_ws/install/demo_interfaces_test/share/demo_interfaces_test/package.ps1'
[1.844s] INFO:colcon.colcon_core.shell:Creating package descriptor '/home/tony/25_ws/install/demo_interfaces_test/share/demo_interfaces_test/package.dsv'
[1.847s] INFO:colcon.colcon_core.shell:Creating package script '/home/tony/25_ws/install/demo_interfaces_test/share/demo_interfaces_test/package.sh'
[1.848s] INFO:colcon.colcon_core.shell:Creating package script '/home/tony/25_ws/install/demo_interfaces_test/share/demo_interfaces_test/package.bash'
[1.849s] INFO:colcon.colcon_core.shell:Creating package script '/home/tony/25_ws/install/demo_interfaces_test/share/demo_interfaces_test/package.zsh'
[1.850s] Level 1:colcon.colcon_core.environment:create_file_with_runtime_dependencies(/home/tony/25_ws/install/demo_interfaces_test/share/colcon-core/packages/demo_interfaces_test)
[1.851s] Level 1:colcon.colcon_core.environment:create_environment_scripts_only(demo_interfaces_test)
[1.851s] Level 1:colcon.colcon_core.environment:checking '/home/tony/25_ws/install/demo_interfaces_test' for CMake module files
[1.851s] Level 1:colcon.colcon_core.environment:checking '/home/tony/25_ws/install/demo_interfaces_test' for CMake config files
[1.852s] Level 1:colcon.colcon_core.shell:create_environment_hook('demo_interfaces_test', 'cmake_prefix_path')
[1.852s] INFO:colcon.colcon_core.shell:Creating environment hook '/home/tony/25_ws/install/demo_interfaces_test/share/demo_interfaces_test/hook/cmake_prefix_path.ps1'
[1.852s] INFO:colcon.colcon_core.shell:Creating environment descriptor '/home/tony/25_ws/install/demo_interfaces_test/share/demo_interfaces_test/hook/cmake_prefix_path.dsv'
[1.853s] INFO:colcon.colcon_core.shell:Creating environment hook '/home/tony/25_ws/install/demo_interfaces_test/share/demo_interfaces_test/hook/cmake_prefix_path.sh'
[1.854s] Level 1:colcon.colcon_core.environment:checking '/home/tony/25_ws/install/demo_interfaces_test/lib'
[1.854s] Level 1:colcon.colcon_core.shell:create_environment_hook('demo_interfaces_test', 'ld_library_path_lib')
[1.855s] INFO:colcon.colcon_core.shell:Creating environment hook '/home/tony/25_ws/install/demo_interfaces_test/share/demo_interfaces_test/hook/ld_library_path_lib.ps1'
[1.855s] INFO:colcon.colcon_core.shell:Creating environment descriptor '/home/tony/25_ws/install/demo_interfaces_test/share/demo_interfaces_test/hook/ld_library_path_lib.dsv'
[1.855s] INFO:colcon.colcon_core.shell:Creating environment hook '/home/tony/25_ws/install/demo_interfaces_test/share/demo_interfaces_test/hook/ld_library_path_lib.sh'
[1.856s] Level 1:colcon.colcon_core.environment:checking '/home/tony/25_ws/install/demo_interfaces_test/bin'
[1.856s] Level 1:colcon.colcon_core.environment:checking '/home/tony/25_ws/install/demo_interfaces_test/lib/pkgconfig/demo_interfaces_test.pc'
[1.856s] Level 1:colcon.colcon_core.environment:checking '/home/tony/25_ws/install/demo_interfaces_test/lib/python3.10/site-packages'
[1.856s] Level 1:colcon.colcon_core.environment:checking '/home/tony/25_ws/install/demo_interfaces_test/bin'
[1.857s] INFO:colcon.colcon_core.shell:Creating package script '/home/tony/25_ws/install/demo_interfaces_test/share/demo_interfaces_test/package.ps1'
[1.858s] INFO:colcon.colcon_core.shell:Creating package descriptor '/home/tony/25_ws/install/demo_interfaces_test/share/demo_interfaces_test/package.dsv'
[1.858s] INFO:colcon.colcon_core.shell:Creating package script '/home/tony/25_ws/install/demo_interfaces_test/share/demo_interfaces_test/package.sh'
[1.859s] INFO:colcon.colcon_core.shell:Creating package script '/home/tony/25_ws/install/demo_interfaces_test/share/demo_interfaces_test/package.bash'
[1.859s] INFO:colcon.colcon_core.shell:Creating package script '/home/tony/25_ws/install/demo_interfaces_test/share/demo_interfaces_test/package.zsh'
[1.859s] Level 1:colcon.colcon_core.environment:create_file_with_runtime_dependencies(/home/tony/25_ws/install/demo_interfaces_test/share/colcon-core/packages/demo_interfaces_test)
[1.909s] Level 1:colcon.colcon_core.environment:create_environment_scripts_only(tb4_autonav_interfaces)
[1.909s] Level 1:colcon.colcon_core.environment:checking '/home/tony/25_ws/install/tb4_autonav_interfaces' for CMake module files
[1.910s] Level 1:colcon.colcon_core.environment:checking '/home/tony/25_ws/install/tb4_autonav_interfaces' for CMake config files
[1.910s] Level 1:colcon.colcon_core.shell:create_environment_hook('tb4_autonav_interfaces', 'cmake_prefix_path')
[1.911s] INFO:colcon.colcon_core.shell:Creating environment hook '/home/tony/25_ws/install/tb4_autonav_interfaces/share/tb4_autonav_interfaces/hook/cmake_prefix_path.ps1'
[1.911s] INFO:colcon.colcon_core.shell:Creating environment descriptor '/home/tony/25_ws/install/tb4_autonav_interfaces/share/tb4_autonav_interfaces/hook/cmake_prefix_path.dsv'
[1.912s] INFO:colcon.colcon_core.shell:Creating environment hook '/home/tony/25_ws/install/tb4_autonav_interfaces/share/tb4_autonav_interfaces/hook/cmake_prefix_path.sh'
[1.913s] DEBUG:colcon.colcon_core.event_handler.log_command:Invoked command in '/home/tony/25_ws/build/tb4_autonav_interfaces' returned '0': CMAKE_PREFIX_PATH=${CMAKE_PREFIX_PATH}:/home/tony/ros2_ws/install/witmotion_ros_driver:/home/tony/ros2_ws/install/ros2_aruco:/home/tony/ros2_ws/install/interbotix_xs_modules:/home/tony/ros2_ws/install/interbotix_perception_modules:/home/tony/ros2_ws/install/interbotix_common_modules:/home/tony/ros2_ws/install/detection:/home/tony/new_ws/install/project:/home/tony/25_ws/install/tb4_autonav:/home/tony/24fall_EE211_ws/install/turtlebot4_tests:/home/tony/24fall_EE211_ws/install/turtlebot4_diagnostics:/opt/ros/humble /usr/bin/cmake --install /home/tony/25_ws/build/tb4_autonav_interfaces
[1.914s] Level 1:colcon.colcon_core.environment:checking '/home/tony/25_ws/install/tb4_autonav_interfaces/lib'
[1.914s] Level 1:colcon.colcon_core.shell:create_environment_hook('tb4_autonav_interfaces', 'ld_library_path_lib')
[1.914s] INFO:colcon.colcon_core.shell:Creating environment hook '/home/tony/25_ws/install/tb4_autonav_interfaces/share/tb4_autonav_interfaces/hook/ld_library_path_lib.ps1'
[1.915s] INFO:colcon.colcon_core.shell:Creating environment descriptor '/home/tony/25_ws/install/tb4_autonav_interfaces/share/tb4_autonav_interfaces/hook/ld_library_path_lib.dsv'
[1.915s] INFO:colcon.colcon_core.shell:Creating environment hook '/home/tony/25_ws/install/tb4_autonav_interfaces/share/tb4_autonav_interfaces/hook/ld_library_path_lib.sh'
[1.916s] Level 1:colcon.colcon_core.environment:checking '/home/tony/25_ws/install/tb4_autonav_interfaces/bin'
[1.916s] Level 1:colcon.colcon_core.environment:checking '/home/tony/25_ws/install/tb4_autonav_interfaces/lib/pkgconfig/tb4_autonav_interfaces.pc'
[1.916s] Level 1:colcon.colcon_core.environment:checking '/home/tony/25_ws/install/tb4_autonav_interfaces/lib/python3.10/site-packages'
[1.917s] Level 1:colcon.colcon_core.environment:checking '/home/tony/25_ws/install/tb4_autonav_interfaces/bin'
[1.917s] INFO:colcon.colcon_core.shell:Creating package script '/home/tony/25_ws/install/tb4_autonav_interfaces/share/tb4_autonav_interfaces/package.ps1'
[1.918s] INFO:colcon.colcon_core.shell:Creating package descriptor '/home/tony/25_ws/install/tb4_autonav_interfaces/share/tb4_autonav_interfaces/package.dsv'
[1.918s] INFO:colcon.colcon_core.shell:Creating package script '/home/tony/25_ws/install/tb4_autonav_interfaces/share/tb4_autonav_interfaces/package.sh'
[1.919s] INFO:colcon.colcon_core.shell:Creating package script '/home/tony/25_ws/install/tb4_autonav_interfaces/share/tb4_autonav_interfaces/package.bash'
[1.920s] INFO:colcon.colcon_core.shell:Creating package script '/home/tony/25_ws/install/tb4_autonav_interfaces/share/tb4_autonav_interfaces/package.zsh'
[1.921s] Level 1:colcon.colcon_core.environment:create_file_with_runtime_dependencies(/home/tony/25_ws/install/tb4_autonav_interfaces/share/colcon-core/packages/tb4_autonav_interfaces)
[1.922s] Level 1:colcon.colcon_core.environment:create_environment_scripts_only(tb4_autonav_interfaces)
[1.922s] Level 1:colcon.colcon_core.environment:checking '/home/tony/25_ws/install/tb4_autonav_interfaces' for CMake module files
[1.922s] Level 1:colcon.colcon_core.environment:checking '/home/tony/25_ws/install/tb4_autonav_interfaces' for CMake config files
[1.923s] Level 1:colcon.colcon_core.shell:create_environment_hook('tb4_autonav_interfaces', 'cmake_prefix_path')
[1.923s] INFO:colcon.colcon_core.shell:Creating environment hook '/home/tony/25_ws/install/tb4_autonav_interfaces/share/tb4_autonav_interfaces/hook/cmake_prefix_path.ps1'
[1.923s] INFO:colcon.colcon_core.shell:Creating environment descriptor '/home/tony/25_ws/install/tb4_autonav_interfaces/share/tb4_autonav_interfaces/hook/cmake_prefix_path.dsv'
[1.924s] INFO:colcon.colcon_core.shell:Creating environment hook '/home/tony/25_ws/install/tb4_autonav_interfaces/share/tb4_autonav_interfaces/hook/cmake_prefix_path.sh'
[1.924s] Level 1:colcon.colcon_core.environment:checking '/home/tony/25_ws/install/tb4_autonav_interfaces/lib'
[1.925s] Level 1:colcon.colcon_core.shell:create_environment_hook('tb4_autonav_interfaces', 'ld_library_path_lib')
[1.925s] INFO:colcon.colcon_core.shell:Creating environment hook '/home/tony/25_ws/install/tb4_autonav_interfaces/share/tb4_autonav_interfaces/hook/ld_library_path_lib.ps1'
[1.925s] INFO:colcon.colcon_core.shell:Creating environment descriptor '/home/tony/25_ws/install/tb4_autonav_interfaces/share/tb4_autonav_interfaces/hook/ld_library_path_lib.dsv'
[1.926s] INFO:colcon.colcon_core.shell:Creating environment hook '/home/tony/25_ws/install/tb4_autonav_interfaces/share/tb4_autonav_interfaces/hook/ld_library_path_lib.sh'
[1.926s] Level 1:colcon.colcon_core.environment:checking '/home/tony/25_ws/install/tb4_autonav_interfaces/bin'
[1.926s] Level 1:colcon.colcon_core.environment:checking '/home/tony/25_ws/install/tb4_autonav_interfaces/lib/pkgconfig/tb4_autonav_interfaces.pc'
[1.926s] Level 1:colcon.colcon_core.environment:checking '/home/tony/25_ws/install/tb4_autonav_interfaces/lib/python3.10/site-packages'
[1.926s] Level 1:colcon.colcon_core.environment:checking '/home/tony/25_ws/install/tb4_autonav_interfaces/bin'
[1.927s] INFO:colcon.colcon_core.shell:Creating package script '/home/tony/25_ws/install/tb4_autonav_interfaces/share/tb4_autonav_interfaces/package.ps1'
[1.929s] INFO:colcon.colcon_core.shell:Creating package descriptor '/home/tony/25_ws/install/tb4_autonav_interfaces/share/tb4_autonav_interfaces/package.dsv'
[1.930s] INFO:colcon.colcon_core.shell:Creating package script '/home/tony/25_ws/install/tb4_autonav_interfaces/share/tb4_autonav_interfaces/package.sh'
[1.930s] INFO:colcon.colcon_core.shell:Creating package script '/home/tony/25_ws/install/tb4_autonav_interfaces/share/tb4_autonav_interfaces/package.bash'
[1.931s] INFO:colcon.colcon_core.shell:Creating package script '/home/tony/25_ws/install/tb4_autonav_interfaces/share/tb4_autonav_interfaces/package.zsh'
[1.931s] Level 1:colcon.colcon_core.environment:create_file_with_runtime_dependencies(/home/tony/25_ws/install/tb4_autonav_interfaces/share/colcon-core/packages/tb4_autonav_interfaces)
[1.932s] INFO:colcon.colcon_ros.task.ament_python.build:Building ROS package in '/home/tony/25_ws/src/tb4_autonav' with build type 'ament_python'
[1.932s] Level 1:colcon.colcon_core.shell:create_environment_hook('tb4_autonav', 'ament_prefix_path')
[1.932s] INFO:colcon.colcon_core.shell:Creating environment hook '/home/tony/25_ws/install/tb4_autonav/share/tb4_autonav/hook/ament_prefix_path.ps1'
[1.933s] INFO:colcon.colcon_core.shell:Creating environment descriptor '/home/tony/25_ws/install/tb4_autonav/share/tb4_autonav/hook/ament_prefix_path.dsv'
[1.933s] INFO:colcon.colcon_core.shell:Creating environment hook '/home/tony/25_ws/install/tb4_autonav/share/tb4_autonav/hook/ament_prefix_path.sh'
[1.934s] INFO:colcon.colcon_core.shell:Skip shell extension 'powershell' for command environment: Not usable outside of PowerShell
[1.934s] DEBUG:colcon.colcon_core.shell:Skip shell extension 'dsv' for command environment
[2.333s] INFO:colcon.colcon_core.task.python.build:Building Python package in '/home/tony/25_ws/src/tb4_autonav'
[2.333s] INFO:colcon.colcon_core.shell:Skip shell extension 'powershell' for command environment: Not usable outside of PowerShell
[2.333s] DEBUG:colcon.colcon_core.shell:Skip shell extension 'dsv' for command environment
[2.836s] DEBUG:colcon.colcon_core.event_handler.log_command:Invoking command in '/home/tony/25_ws/src/tb4_autonav': CMAKE_PREFIX_PATH=/home/tony/25_ws/install/tb4_autonav_interfaces:/home/tony/ros2_ws/install/witmotion_ros:/home/tony/ros2_ws/install/ros2_aruco_interfaces:/home/tony/ros2_ws/install/pan_tilt_driver:/home/tony/ros2_ws/install/pan_tilt_msgs:/home/tony/ros2_ws/install/pan_tilt_description:/home/tony/ros2_ws/install/pan_tilt_bringup:/home/tony/ros2_ws/install/iqr_tb4_navigation:/home/tony/ros2_ws/install/iqr_tb4_description:/home/tony/ros2_ws/install/iqr_tb4_bringup:/home/tony/ros2_ws/install/interbotix_ros_xsarms_examples:/home/tony/ros2_ws/install/interbotix_xsarm_moveit_interface:/home/tony/ros2_ws/install/interbotix_ros_xsarms:/home/tony/ros2_ws/install/interbotix_xsarm_moveit:/home/tony/ros2_ws/install/interbotix_xsarm_sim:/home/tony/ros2_ws/install/interbotix_xsarm_ros_control:/home/tony/ros2_ws/install/interbotix_xsarm_joy:/home/tony/ros2_ws/install/interbotix_xsarm_control:/home/tony/ros2_ws/install/interbotix_xsarm_descriptions:/home/tony/ros2_ws/install/interbotix_xs_toolbox:/home/tony/ros2_ws/install/interbotix_xs_rviz:/home/tony/ros2_ws/install/interbotix_ros_xseries:/home/tony/ros2_ws/install/interbotix_xs_sdk:/home/tony/ros2_ws/install/interbotix_xs_ros_control:/home/tony/ros2_ws/install/interbotix_perception_toolbox:/home/tony/ros2_ws/install/interbotix_perception_pipelines:/home/tony/ros2_ws/install/interbotix_xs_msgs:/home/tony/ros2_ws/install/interbotix_xs_driver:/home/tony/ros2_ws/install/interbotix_tf_tools:/home/tony/ros2_ws/install/interbotix_perception_msgs:/home/tony/ros2_ws/install/interbotix_moveit_interface:/home/tony/ros2_ws/install/interbotix_moveit_interface_msgs:/home/tony/ros2_ws/install/interbotix_common_toolbox:/home/tony/ros2_ws/install/interbotix_common_sim:/home/tony/ros2_ws/install/dynamixel_workbench_toolbox:/home/tony/25_ws/install/demo_interfaces_test:/home/tony/24fall_EE211_ws/install/turtlebot4_robot:/home/tony/24fall_EE211_ws/install/turtlebot4_bringup:/home/tony/24fall_EE211_ws/install/turtlebot4_base LD_LIBRARY_PATH=/home/tony/25_ws/install/tb4_autonav_interfaces/lib:/home/tony/ros2_ws/install/witmotion_ros/lib:/home/tony/ros2_ws/install/ros2_aruco_interfaces/lib:/home/tony/ros2_ws/install/pan_tilt_msgs/lib:/home/tony/ros2_ws/install/interbotix_xs_rviz/lib:/home/tony/ros2_ws/install/interbotix_xs_ros_control/lib:/home/tony/ros2_ws/install/interbotix_xs_msgs/lib:/home/tony/ros2_ws/install/interbotix_xs_driver/lib:/home/tony/ros2_ws/install/interbotix_tf_tools/lib:/home/tony/ros2_ws/install/interbotix_perception_msgs/lib:/home/tony/ros2_ws/install/interbotix_moveit_interface_msgs/lib:/home/tony/ros2_ws/install/dynamixel_workbench_toolbox/lib:/home/tony/25_ws/install/demo_interfaces_test/lib:/usr/lib/x86_64-linux-gnu/gazebo-11/plugins:/opt/ros/humble/opt/rviz_ogre_vendor/lib:/opt/rti.com/rti_connext_dds-6.0.1/lib/x64Linux4gcc7.3.0:/opt/rti.com/rti_connext_dds-6.0.1/bin:/opt/ros/humble/lib/x86_64-linux-gnu:/usr/share/gurumdds/cmake/../../../lib:/opt/ros/humble/lib PYTHONPATH=/home/tony/25_ws/build/tb4_autonav/prefix_override:/usr/lib/python3/dist-packages/colcon_core/task/python/colcon_distutils_commands:/home/tony/25_ws/install/tb4_autonav/lib/python3.10/site-packages:${PYTHONPATH} /usr/bin/python3 -W ignore:setup.py install is deprecated -W ignore:easy_install command is deprecated setup.py egg_info --egg-base ../../build/tb4_autonav build --build-base /home/tony/25_ws/build/tb4_autonav/build install --record /home/tony/25_ws/build/tb4_autonav/install.log --single-version-externally-managed install_data
[3.252s] Level 1:colcon.colcon_core.environment:checking '/home/tony/25_ws/install/tb4_autonav' for CMake module files
[3.252s] Level 1:colcon.colcon_core.environment:checking '/home/tony/25_ws/install/tb4_autonav' for CMake config files
[3.253s] Level 1:colcon.colcon_core.environment:checking '/home/tony/25_ws/install/tb4_autonav/lib'
[3.253s] Level 1:colcon.colcon_core.environment:checking '/home/tony/25_ws/install/tb4_autonav/bin'
[3.253s] Level 1:colcon.colcon_core.environment:checking '/home/tony/25_ws/install/tb4_autonav/lib/pkgconfig/tb4_autonav.pc'
[3.253s] Level 1:colcon.colcon_core.environment:checking '/home/tony/25_ws/install/tb4_autonav/lib/python3.10/site-packages'
[3.253s] Level 1:colcon.colcon_core.shell:create_environment_hook('tb4_autonav', 'pythonpath')
[3.253s] INFO:colcon.colcon_core.shell:Creating environment hook '/home/tony/25_ws/install/tb4_autonav/share/tb4_autonav/hook/pythonpath.ps1'
[3.254s] INFO:colcon.colcon_core.shell:Creating environment descriptor '/home/tony/25_ws/install/tb4_autonav/share/tb4_autonav/hook/pythonpath.dsv'
[3.254s] DEBUG:colcon.colcon_core.event_handler.log_command:Invoked command in '/home/tony/25_ws/src/tb4_autonav' returned '0': CMAKE_PREFIX_PATH=/home/tony/25_ws/install/tb4_autonav_interfaces:/home/tony/ros2_ws/install/witmotion_ros:/home/tony/ros2_ws/install/ros2_aruco_interfaces:/home/tony/ros2_ws/install/pan_tilt_driver:/home/tony/ros2_ws/install/pan_tilt_msgs:/home/tony/ros2_ws/install/pan_tilt_description:/home/tony/ros2_ws/install/pan_tilt_bringup:/home/tony/ros2_ws/install/iqr_tb4_navigation:/home/tony/ros2_ws/install/iqr_tb4_description:/home/tony/ros2_ws/install/iqr_tb4_bringup:/home/tony/ros2_ws/install/interbotix_ros_xsarms_examples:/home/tony/ros2_ws/install/interbotix_xsarm_moveit_interface:/home/tony/ros2_ws/install/interbotix_ros_xsarms:/home/tony/ros2_ws/install/interbotix_xsarm_moveit:/home/tony/ros2_ws/install/interbotix_xsarm_sim:/home/tony/ros2_ws/install/interbotix_xsarm_ros_control:/home/tony/ros2_ws/install/interbotix_xsarm_joy:/home/tony/ros2_ws/install/interbotix_xsarm_control:/home/tony/ros2_ws/install/interbotix_xsarm_descriptions:/home/tony/ros2_ws/install/interbotix_xs_toolbox:/home/tony/ros2_ws/install/interbotix_xs_rviz:/home/tony/ros2_ws/install/interbotix_ros_xseries:/home/tony/ros2_ws/install/interbotix_xs_sdk:/home/tony/ros2_ws/install/interbotix_xs_ros_control:/home/tony/ros2_ws/install/interbotix_perception_toolbox:/home/tony/ros2_ws/install/interbotix_perception_pipelines:/home/tony/ros2_ws/install/interbotix_xs_msgs:/home/tony/ros2_ws/install/interbotix_xs_driver:/home/tony/ros2_ws/install/interbotix_tf_tools:/home/tony/ros2_ws/install/interbotix_perception_msgs:/home/tony/ros2_ws/install/interbotix_moveit_interface:/home/tony/ros2_ws/install/interbotix_moveit_interface_msgs:/home/tony/ros2_ws/install/interbotix_common_toolbox:/home/tony/ros2_ws/install/interbotix_common_sim:/home/tony/ros2_ws/install/dynamixel_workbench_toolbox:/home/tony/25_ws/install/demo_interfaces_test:/home/tony/24fall_EE211_ws/install/turtlebot4_robot:/home/tony/24fall_EE211_ws/install/turtlebot4_bringup:/home/tony/24fall_EE211_ws/install/turtlebot4_base LD_LIBRARY_PATH=/home/tony/25_ws/install/tb4_autonav_interfaces/lib:/home/tony/ros2_ws/install/witmotion_ros/lib:/home/tony/ros2_ws/install/ros2_aruco_interfaces/lib:/home/tony/ros2_ws/install/pan_tilt_msgs/lib:/home/tony/ros2_ws/install/interbotix_xs_rviz/lib:/home/tony/ros2_ws/install/interbotix_xs_ros_control/lib:/home/tony/ros2_ws/install/interbotix_xs_msgs/lib:/home/tony/ros2_ws/install/interbotix_xs_driver/lib:/home/tony/ros2_ws/install/interbotix_tf_tools/lib:/home/tony/ros2_ws/install/interbotix_perception_msgs/lib:/home/tony/ros2_ws/install/interbotix_moveit_interface_msgs/lib:/home/tony/ros2_ws/install/dynamixel_workbench_toolbox/lib:/home/tony/25_ws/install/demo_interfaces_test/lib:/usr/lib/x86_64-linux-gnu/gazebo-11/plugins:/opt/ros/humble/opt/rviz_ogre_vendor/lib:/opt/rti.com/rti_connext_dds-6.0.1/lib/x64Linux4gcc7.3.0:/opt/rti.com/rti_connext_dds-6.0.1/bin:/opt/ros/humble/lib/x86_64-linux-gnu:/usr/share/gurumdds/cmake/../../../lib:/opt/ros/humble/lib PYTHONPATH=/home/tony/25_ws/build/tb4_autonav/prefix_override:/usr/lib/python3/dist-packages/colcon_core/task/python/colcon_distutils_commands:/home/tony/25_ws/install/tb4_autonav/lib/python3.10/site-packages:${PYTHONPATH} /usr/bin/python3 -W ignore:setup.py install is deprecated -W ignore:easy_install command is deprecated setup.py egg_info --egg-base ../../build/tb4_autonav build --build-base /home/tony/25_ws/build/tb4_autonav/build install --record /home/tony/25_ws/build/tb4_autonav/install.log --single-version-externally-managed install_data
[3.254s] INFO:colcon.colcon_core.shell:Creating environment hook '/home/tony/25_ws/install/tb4_autonav/share/tb4_autonav/hook/pythonpath.sh'
[3.255s] Level 1:colcon.colcon_core.environment:checking '/home/tony/25_ws/install/tb4_autonav/bin'
[3.255s] Level 1:colcon.colcon_core.environment:create_environment_scripts_only(tb4_autonav)
[3.255s] INFO:colcon.colcon_core.shell:Creating package script '/home/tony/25_ws/install/tb4_autonav/share/tb4_autonav/package.ps1'
[3.256s] INFO:colcon.colcon_core.shell:Creating package descriptor '/home/tony/25_ws/install/tb4_autonav/share/tb4_autonav/package.dsv'
[3.256s] INFO:colcon.colcon_core.shell:Creating package script '/home/tony/25_ws/install/tb4_autonav/share/tb4_autonav/package.sh'
[3.257s] INFO:colcon.colcon_core.shell:Creating package script '/home/tony/25_ws/install/tb4_autonav/share/tb4_autonav/package.bash'
[3.257s] INFO:colcon.colcon_core.shell:Creating package script '/home/tony/25_ws/install/tb4_autonav/share/tb4_autonav/package.zsh'
[3.258s] Level 1:colcon.colcon_core.environment:create_file_with_runtime_dependencies(/home/tony/25_ws/install/tb4_autonav/share/colcon-core/packages/tb4_autonav)
[3.259s] DEBUG:colcon.colcon_parallel_executor.executor.parallel:closing loop
[3.260s] DEBUG:colcon.colcon_parallel_executor.executor.parallel:loop closed
[3.260s] DEBUG:colcon.colcon_parallel_executor.executor.parallel:run_until_complete finished with '0'
[3.261s] DEBUG:colcon.colcon_core.event_reactor:joining thread
[3.267s] INFO:colcon.colcon_core.plugin_system:Skipping extension 'colcon_notification.desktop_notification.terminal_notifier': Not used on non-Darwin systems
[3.267s] INFO:colcon.colcon_core.plugin_system:Skipping extension 'colcon_notification.desktop_notification.win32': Not used on non-Windows systems
[3.267s] INFO:colcon.colcon_notification.desktop_notification:Sending desktop notification using 'notify2'
[3.284s] DEBUG:colcon.colcon_core.event_reactor:joined thread
[3.284s] INFO:colcon.colcon_core.shell:Creating prefix script '/home/tony/25_ws/install/local_setup.ps1'
[3.285s] INFO:colcon.colcon_core.shell:Creating prefix util module '/home/tony/25_ws/install/_local_setup_util_ps1.py'
[3.289s] INFO:colcon.colcon_core.shell:Creating prefix chain script '/home/tony/25_ws/install/setup.ps1'
[3.293s] INFO:colcon.colcon_core.shell:Creating prefix script '/home/tony/25_ws/install/local_setup.sh'
[3.295s] INFO:colcon.colcon_core.shell:Creating prefix util module '/home/tony/25_ws/install/_local_setup_util_sh.py'
[3.296s] INFO:colcon.colcon_core.shell:Creating prefix chain script '/home/tony/25_ws/install/setup.sh'
[3.301s] INFO:colcon.colcon_core.shell:Creating prefix script '/home/tony/25_ws/install/local_setup.bash'
[3.302s] INFO:colcon.colcon_core.shell:Creating prefix chain script '/home/tony/25_ws/install/setup.bash'
[3.307s] INFO:colcon.colcon_core.shell:Creating prefix script '/home/tony/25_ws/install/local_setup.zsh'
[3.310s] INFO:colcon.colcon_core.shell:Creating prefix chain script '/home/tony/25_ws/install/setup.zsh'
