[0.030s] Invoking command in '/home/tony/25_ws/build/tb4_autonav_interfaces': CMAKE_PREFIX_PATH=${CMAKE_PREFIX_PATH}:/home/tony/ros2_ws/install/witmotion_ros_driver:/home/tony/ros2_ws/install/ros2_aruco:/home/tony/ros2_ws/install/interbotix_xs_modules:/home/tony/ros2_ws/install/interbotix_perception_modules:/home/tony/ros2_ws/install/interbotix_common_modules:/home/tony/ros2_ws/install/detection:/home/tony/new_ws/install/project:/home/tony/25_ws/install/tb4_autonav:/home/tony/24fall_EE211_ws/install/turtlebot4_tests:/home/tony/24fall_EE211_ws/install/turtlebot4_diagnostics:/opt/ros/humble /usr/bin/cmake --build /home/tony/25_ws/build/tb4_autonav_interfaces -- -j8 -l8
[0.111s] [  2%] Built target tb4_autonav_interfaces__cpp
[0.163s] [  2%] Built target ament_cmake_python_copy_tb4_autonav_interfaces
[0.212s] [ 12%] Built target tb4_autonav_interfaces__rosidl_typesupport_introspection_cpp
[0.544s] running egg_info
[0.545s] writing tb4_autonav_interfaces.egg-info/PKG-INFO
[0.545s] writing dependency_links to tb4_autonav_interfaces.egg-info/dependency_links.txt
[0.545s] writing top-level names to tb4_autonav_interfaces.egg-info/top_level.txt
[0.549s] reading manifest file 'tb4_autonav_interfaces.egg-info/SOURCES.txt'
[0.549s] writing manifest file 'tb4_autonav_interfaces.egg-info/SOURCES.txt'
[0.580s] [ 12%] Built target ament_cmake_python_build_tb4_autonav_interfaces_egg
[0.623s] [ 23%] Built target tb4_autonav_interfaces__rosidl_typesupport_fastrtps_cpp
[0.666s] [ 33%] Built target tb4_autonav_interfaces__rosidl_typesupport_cpp
[0.706s] [ 43%] Built target tb4_autonav_interfaces__rosidl_generator_c
[0.746s] [ 53%] Built target tb4_autonav_interfaces__rosidl_typesupport_fastrtps_c
[0.789s] [ 64%] Built target tb4_autonav_interfaces__rosidl_typesupport_c
[0.822s] [ 74%] Built target tb4_autonav_interfaces__rosidl_typesupport_introspection_c
[0.869s] [ 74%] Built target tb4_autonav_interfaces
[0.916s] [ 76%] Built target tb4_autonav_interfaces__py
[0.962s] [ 84%] Built target tb4_autonav_interfaces__rosidl_generator_py
[1.001s] [ 89%] Built target tb4_autonav_interfaces__rosidl_typesupport_fastrtps_c__pyext
[1.036s] [ 94%] Built target tb4_autonav_interfaces__rosidl_typesupport_c__pyext
[1.088s] [100%] Built target tb4_autonav_interfaces__rosidl_typesupport_introspection_c__pyext
[1.110s] Invoked command in '/home/tony/25_ws/build/tb4_autonav_interfaces' returned '0': CMAKE_PREFIX_PATH=${CMAKE_PREFIX_PATH}:/home/tony/ros2_ws/install/witmotion_ros_driver:/home/tony/ros2_ws/install/ros2_aruco:/home/tony/ros2_ws/install/interbotix_xs_modules:/home/tony/ros2_ws/install/interbotix_perception_modules:/home/tony/ros2_ws/install/interbotix_common_modules:/home/tony/ros2_ws/install/detection:/home/tony/new_ws/install/project:/home/tony/25_ws/install/tb4_autonav:/home/tony/24fall_EE211_ws/install/turtlebot4_tests:/home/tony/24fall_EE211_ws/install/turtlebot4_diagnostics:/opt/ros/humble /usr/bin/cmake --build /home/tony/25_ws/build/tb4_autonav_interfaces -- -j8 -l8
[1.129s] Invoking command in '/home/tony/25_ws/build/tb4_autonav_interfaces': CMAKE_PREFIX_PATH=${CMAKE_PREFIX_PATH}:/home/tony/ros2_ws/install/witmotion_ros_driver:/home/tony/ros2_ws/install/ros2_aruco:/home/tony/ros2_ws/install/interbotix_xs_modules:/home/tony/ros2_ws/install/interbotix_perception_modules:/home/tony/ros2_ws/install/interbotix_common_modules:/home/tony/ros2_ws/install/detection:/home/tony/new_ws/install/project:/home/tony/25_ws/install/tb4_autonav:/home/tony/24fall_EE211_ws/install/turtlebot4_tests:/home/tony/24fall_EE211_ws/install/turtlebot4_diagnostics:/opt/ros/humble /usr/bin/cmake --install /home/tony/25_ws/build/tb4_autonav_interfaces
[1.139s] -- Install configuration: ""
[1.139s] -- Up-to-date: /home/tony/25_ws/install/tb4_autonav_interfaces/share/ament_index/resource_index/rosidl_interfaces/tb4_autonav_interfaces
[1.140s] -- Up-to-date: /home/tony/25_ws/install/tb4_autonav_interfaces/include/tb4_autonav_interfaces/tb4_autonav_interfaces
[1.140s] -- Up-to-date: /home/tony/25_ws/install/tb4_autonav_interfaces/include/tb4_autonav_interfaces/tb4_autonav_interfaces/msg
[1.140s] -- Up-to-date: /home/tony/25_ws/install/tb4_autonav_interfaces/include/tb4_autonav_interfaces/tb4_autonav_interfaces/msg/yolo_target_bias.h
[1.140s] -- Up-to-date: /home/tony/25_ws/install/tb4_autonav_interfaces/include/tb4_autonav_interfaces/tb4_autonav_interfaces/msg/traffic_event.h
[1.140s] -- Up-to-date: /home/tony/25_ws/install/tb4_autonav_interfaces/include/tb4_autonav_interfaces/tb4_autonav_interfaces/msg/detail
[1.141s] -- Up-to-date: /home/tony/25_ws/install/tb4_autonav_interfaces/include/tb4_autonav_interfaces/tb4_autonav_interfaces/msg/detail/traffic_event__struct.h
[1.141s] -- Up-to-date: /home/tony/25_ws/install/tb4_autonav_interfaces/include/tb4_autonav_interfaces/tb4_autonav_interfaces/msg/detail/yolo_target_bias__type_support.h
[1.141s] -- Up-to-date: /home/tony/25_ws/install/tb4_autonav_interfaces/include/tb4_autonav_interfaces/tb4_autonav_interfaces/msg/detail/yolo_target_bias__functions.h
[1.141s] -- Up-to-date: /home/tony/25_ws/install/tb4_autonav_interfaces/include/tb4_autonav_interfaces/tb4_autonav_interfaces/msg/detail/traffic_event__functions.h
[1.141s] -- Up-to-date: /home/tony/25_ws/install/tb4_autonav_interfaces/include/tb4_autonav_interfaces/tb4_autonav_interfaces/msg/detail/yolo_target_bias__struct.h
[1.141s] -- Up-to-date: /home/tony/25_ws/install/tb4_autonav_interfaces/include/tb4_autonav_interfaces/tb4_autonav_interfaces/msg/detail/traffic_event__type_support.h
[1.141s] -- Up-to-date: /home/tony/25_ws/install/tb4_autonav_interfaces/include/tb4_autonav_interfaces/tb4_autonav_interfaces/msg/detail/traffic_event__functions.c
[1.141s] -- Up-to-date: /home/tony/25_ws/install/tb4_autonav_interfaces/include/tb4_autonav_interfaces/tb4_autonav_interfaces/msg/detail/yolo_target_bias__functions.c
[1.141s] -- Up-to-date: /home/tony/25_ws/install/tb4_autonav_interfaces/include/tb4_autonav_interfaces/tb4_autonav_interfaces/msg/rosidl_generator_c__visibility_control.h
[1.141s] -- Up-to-date: /home/tony/25_ws/install/tb4_autonav_interfaces/share/tb4_autonav_interfaces/environment/library_path.sh
[1.141s] -- Up-to-date: /home/tony/25_ws/install/tb4_autonav_interfaces/share/tb4_autonav_interfaces/environment/library_path.dsv
[1.146s] -- Up-to-date: /home/tony/25_ws/install/tb4_autonav_interfaces/lib/libtb4_autonav_interfaces__rosidl_generator_c.so
[1.146s] -- Up-to-date: /home/tony/25_ws/install/tb4_autonav_interfaces/include/tb4_autonav_interfaces/tb4_autonav_interfaces
[1.146s] -- Up-to-date: /home/tony/25_ws/install/tb4_autonav_interfaces/include/tb4_autonav_interfaces/tb4_autonav_interfaces/msg
[1.146s] -- Up-to-date: /home/tony/25_ws/install/tb4_autonav_interfaces/include/tb4_autonav_interfaces/tb4_autonav_interfaces/msg/detail
[1.146s] -- Up-to-date: /home/tony/25_ws/install/tb4_autonav_interfaces/include/tb4_autonav_interfaces/tb4_autonav_interfaces/msg/detail/yolo_target_bias__rosidl_typesupport_fastrtps_c.h
[1.146s] -- Up-to-date: /home/tony/25_ws/install/tb4_autonav_interfaces/include/tb4_autonav_interfaces/tb4_autonav_interfaces/msg/detail/traffic_event__rosidl_typesupport_fastrtps_c.h
[1.147s] -- Up-to-date: /home/tony/25_ws/install/tb4_autonav_interfaces/include/tb4_autonav_interfaces/tb4_autonav_interfaces/msg/rosidl_typesupport_fastrtps_c__visibility_control.h
[1.147s] -- Up-to-date: /home/tony/25_ws/install/tb4_autonav_interfaces/lib/libtb4_autonav_interfaces__rosidl_typesupport_fastrtps_c.so
[1.147s] -- Up-to-date: /home/tony/25_ws/install/tb4_autonav_interfaces/include/tb4_autonav_interfaces/tb4_autonav_interfaces
[1.147s] -- Up-to-date: /home/tony/25_ws/install/tb4_autonav_interfaces/include/tb4_autonav_interfaces/tb4_autonav_interfaces/msg
[1.147s] -- Up-to-date: /home/tony/25_ws/install/tb4_autonav_interfaces/include/tb4_autonav_interfaces/tb4_autonav_interfaces/msg/rosidl_typesupport_introspection_c__visibility_control.h
[1.147s] -- Up-to-date: /home/tony/25_ws/install/tb4_autonav_interfaces/include/tb4_autonav_interfaces/tb4_autonav_interfaces/msg/detail
[1.147s] -- Up-to-date: /home/tony/25_ws/install/tb4_autonav_interfaces/include/tb4_autonav_interfaces/tb4_autonav_interfaces/msg/detail/yolo_target_bias__type_support.c
[1.147s] -- Up-to-date: /home/tony/25_ws/install/tb4_autonav_interfaces/include/tb4_autonav_interfaces/tb4_autonav_interfaces/msg/detail/yolo_target_bias__rosidl_typesupport_introspection_c.h
[1.147s] -- Up-to-date: /home/tony/25_ws/install/tb4_autonav_interfaces/include/tb4_autonav_interfaces/tb4_autonav_interfaces/msg/detail/traffic_event__rosidl_typesupport_introspection_c.h
[1.147s] -- Up-to-date: /home/tony/25_ws/install/tb4_autonav_interfaces/include/tb4_autonav_interfaces/tb4_autonav_interfaces/msg/detail/traffic_event__type_support.c
[1.147s] -- Up-to-date: /home/tony/25_ws/install/tb4_autonav_interfaces/lib/libtb4_autonav_interfaces__rosidl_typesupport_introspection_c.so
[1.147s] -- Up-to-date: /home/tony/25_ws/install/tb4_autonav_interfaces/lib/libtb4_autonav_interfaces__rosidl_typesupport_c.so
[1.147s] -- Up-to-date: /home/tony/25_ws/install/tb4_autonav_interfaces/include/tb4_autonav_interfaces/tb4_autonav_interfaces
[1.147s] -- Up-to-date: /home/tony/25_ws/install/tb4_autonav_interfaces/include/tb4_autonav_interfaces/tb4_autonav_interfaces/msg
[1.147s] -- Up-to-date: /home/tony/25_ws/install/tb4_autonav_interfaces/include/tb4_autonav_interfaces/tb4_autonav_interfaces/msg/rosidl_generator_cpp__visibility_control.hpp
[1.147s] -- Up-to-date: /home/tony/25_ws/install/tb4_autonav_interfaces/include/tb4_autonav_interfaces/tb4_autonav_interfaces/msg/detail
[1.147s] -- Up-to-date: /home/tony/25_ws/install/tb4_autonav_interfaces/include/tb4_autonav_interfaces/tb4_autonav_interfaces/msg/detail/yolo_target_bias__traits.hpp
[1.148s] -- Up-to-date: /home/tony/25_ws/install/tb4_autonav_interfaces/include/tb4_autonav_interfaces/tb4_autonav_interfaces/msg/detail/yolo_target_bias__type_support.hpp
[1.148s] -- Up-to-date: /home/tony/25_ws/install/tb4_autonav_interfaces/include/tb4_autonav_interfaces/tb4_autonav_interfaces/msg/detail/yolo_target_bias__builder.hpp
[1.148s] -- Up-to-date: /home/tony/25_ws/install/tb4_autonav_interfaces/include/tb4_autonav_interfaces/tb4_autonav_interfaces/msg/detail/traffic_event__type_support.hpp
[1.148s] -- Up-to-date: /home/tony/25_ws/install/tb4_autonav_interfaces/include/tb4_autonav_interfaces/tb4_autonav_interfaces/msg/detail/yolo_target_bias__struct.hpp
[1.148s] -- Up-to-date: /home/tony/25_ws/install/tb4_autonav_interfaces/include/tb4_autonav_interfaces/tb4_autonav_interfaces/msg/detail/traffic_event__builder.hpp
[1.148s] -- Up-to-date: /home/tony/25_ws/install/tb4_autonav_interfaces/include/tb4_autonav_interfaces/tb4_autonav_interfaces/msg/detail/traffic_event__struct.hpp
[1.148s] -- Up-to-date: /home/tony/25_ws/install/tb4_autonav_interfaces/include/tb4_autonav_interfaces/tb4_autonav_interfaces/msg/detail/traffic_event__traits.hpp
[1.148s] -- Up-to-date: /home/tony/25_ws/install/tb4_autonav_interfaces/include/tb4_autonav_interfaces/tb4_autonav_interfaces/msg/yolo_target_bias.hpp
[1.148s] -- Up-to-date: /home/tony/25_ws/install/tb4_autonav_interfaces/include/tb4_autonav_interfaces/tb4_autonav_interfaces/msg/traffic_event.hpp
[1.148s] -- Up-to-date: /home/tony/25_ws/install/tb4_autonav_interfaces/include/tb4_autonav_interfaces/tb4_autonav_interfaces
[1.148s] -- Up-to-date: /home/tony/25_ws/install/tb4_autonav_interfaces/include/tb4_autonav_interfaces/tb4_autonav_interfaces/msg
[1.148s] -- Up-to-date: /home/tony/25_ws/install/tb4_autonav_interfaces/include/tb4_autonav_interfaces/tb4_autonav_interfaces/msg/rosidl_typesupport_fastrtps_cpp__visibility_control.h
[1.148s] -- Up-to-date: /home/tony/25_ws/install/tb4_autonav_interfaces/include/tb4_autonav_interfaces/tb4_autonav_interfaces/msg/detail
[1.148s] -- Up-to-date: /home/tony/25_ws/install/tb4_autonav_interfaces/include/tb4_autonav_interfaces/tb4_autonav_interfaces/msg/detail/traffic_event__rosidl_typesupport_fastrtps_cpp.hpp
[1.148s] -- Up-to-date: /home/tony/25_ws/install/tb4_autonav_interfaces/include/tb4_autonav_interfaces/tb4_autonav_interfaces/msg/detail/dds_fastrtps
[1.148s] -- Up-to-date: /home/tony/25_ws/install/tb4_autonav_interfaces/include/tb4_autonav_interfaces/tb4_autonav_interfaces/msg/detail/yolo_target_bias__rosidl_typesupport_fastrtps_cpp.hpp
[1.149s] -- Up-to-date: /home/tony/25_ws/install/tb4_autonav_interfaces/lib/libtb4_autonav_interfaces__rosidl_typesupport_fastrtps_cpp.so
[1.149s] -- Up-to-date: /home/tony/25_ws/install/tb4_autonav_interfaces/include/tb4_autonav_interfaces/tb4_autonav_interfaces
[1.149s] -- Up-to-date: /home/tony/25_ws/install/tb4_autonav_interfaces/include/tb4_autonav_interfaces/tb4_autonav_interfaces/msg
[1.149s] -- Up-to-date: /home/tony/25_ws/install/tb4_autonav_interfaces/include/tb4_autonav_interfaces/tb4_autonav_interfaces/msg/detail
[1.149s] -- Up-to-date: /home/tony/25_ws/install/tb4_autonav_interfaces/include/tb4_autonav_interfaces/tb4_autonav_interfaces/msg/detail/traffic_event__rosidl_typesupport_introspection_cpp.hpp
[1.149s] -- Up-to-date: /home/tony/25_ws/install/tb4_autonav_interfaces/include/tb4_autonav_interfaces/tb4_autonav_interfaces/msg/detail/traffic_event__type_support.cpp
[1.149s] -- Up-to-date: /home/tony/25_ws/install/tb4_autonav_interfaces/include/tb4_autonav_interfaces/tb4_autonav_interfaces/msg/detail/yolo_target_bias__rosidl_typesupport_introspection_cpp.hpp
[1.149s] -- Up-to-date: /home/tony/25_ws/install/tb4_autonav_interfaces/include/tb4_autonav_interfaces/tb4_autonav_interfaces/msg/detail/yolo_target_bias__type_support.cpp
[1.149s] -- Up-to-date: /home/tony/25_ws/install/tb4_autonav_interfaces/lib/libtb4_autonav_interfaces__rosidl_typesupport_introspection_cpp.so
[1.166s] -- Up-to-date: /home/tony/25_ws/install/tb4_autonav_interfaces/lib/libtb4_autonav_interfaces__rosidl_typesupport_cpp.so
[1.166s] -- Up-to-date: /home/tony/25_ws/install/tb4_autonav_interfaces/share/tb4_autonav_interfaces/environment/pythonpath.sh
[1.166s] -- Up-to-date: /home/tony/25_ws/install/tb4_autonav_interfaces/share/tb4_autonav_interfaces/environment/pythonpath.dsv
[1.166s] -- Up-to-date: /home/tony/25_ws/install/tb4_autonav_interfaces/local/lib/python3.10/dist-packages/tb4_autonav_interfaces-0.0.1-py3.10.egg-info
[1.166s] -- Installing: /home/tony/25_ws/install/tb4_autonav_interfaces/local/lib/python3.10/dist-packages/tb4_autonav_interfaces-0.0.1-py3.10.egg-info/top_level.txt
[1.166s] -- Installing: /home/tony/25_ws/install/tb4_autonav_interfaces/local/lib/python3.10/dist-packages/tb4_autonav_interfaces-0.0.1-py3.10.egg-info/dependency_links.txt
[1.166s] -- Installing: /home/tony/25_ws/install/tb4_autonav_interfaces/local/lib/python3.10/dist-packages/tb4_autonav_interfaces-0.0.1-py3.10.egg-info/SOURCES.txt
[1.166s] -- Installing: /home/tony/25_ws/install/tb4_autonav_interfaces/local/lib/python3.10/dist-packages/tb4_autonav_interfaces-0.0.1-py3.10.egg-info/PKG-INFO
[1.166s] -- Up-to-date: /home/tony/25_ws/install/tb4_autonav_interfaces/local/lib/python3.10/dist-packages/tb4_autonav_interfaces
[1.166s] -- Up-to-date: /home/tony/25_ws/install/tb4_autonav_interfaces/local/lib/python3.10/dist-packages/tb4_autonav_interfaces/tb4_autonav_interfaces_s__rosidl_typesupport_c.cpython-310-x86_64-linux-gnu.so
[1.166s] -- Up-to-date: /home/tony/25_ws/install/tb4_autonav_interfaces/local/lib/python3.10/dist-packages/tb4_autonav_interfaces/libtb4_autonav_interfaces__rosidl_generator_py.so
[1.166s] -- Up-to-date: /home/tony/25_ws/install/tb4_autonav_interfaces/local/lib/python3.10/dist-packages/tb4_autonav_interfaces/_tb4_autonav_interfaces_s.ep.rosidl_typesupport_introspection_c.c
[1.166s] -- Up-to-date: /home/tony/25_ws/install/tb4_autonav_interfaces/local/lib/python3.10/dist-packages/tb4_autonav_interfaces/tb4_autonav_interfaces_s__rosidl_typesupport_fastrtps_c.cpython-310-x86_64-linux-gnu.so
[1.166s] -- Up-to-date: /home/tony/25_ws/install/tb4_autonav_interfaces/local/lib/python3.10/dist-packages/tb4_autonav_interfaces/__init__.py
[1.166s] -- Up-to-date: /home/tony/25_ws/install/tb4_autonav_interfaces/local/lib/python3.10/dist-packages/tb4_autonav_interfaces/tb4_autonav_interfaces_s__rosidl_typesupport_introspection_c.cpython-310-x86_64-linux-gnu.so
[1.167s] -- Up-to-date: /home/tony/25_ws/install/tb4_autonav_interfaces/local/lib/python3.10/dist-packages/tb4_autonav_interfaces/_tb4_autonav_interfaces_s.ep.rosidl_typesupport_c.c
[1.167s] -- Up-to-date: /home/tony/25_ws/install/tb4_autonav_interfaces/local/lib/python3.10/dist-packages/tb4_autonav_interfaces/msg
[1.167s] -- Up-to-date: /home/tony/25_ws/install/tb4_autonav_interfaces/local/lib/python3.10/dist-packages/tb4_autonav_interfaces/msg/_yolo_target_bias_s.c
[1.167s] -- Up-to-date: /home/tony/25_ws/install/tb4_autonav_interfaces/local/lib/python3.10/dist-packages/tb4_autonav_interfaces/msg/_yolo_target_bias.py
[1.167s] -- Up-to-date: /home/tony/25_ws/install/tb4_autonav_interfaces/local/lib/python3.10/dist-packages/tb4_autonav_interfaces/msg/__init__.py
[1.167s] -- Up-to-date: /home/tony/25_ws/install/tb4_autonav_interfaces/local/lib/python3.10/dist-packages/tb4_autonav_interfaces/msg/_traffic_event.py
[1.167s] -- Up-to-date: /home/tony/25_ws/install/tb4_autonav_interfaces/local/lib/python3.10/dist-packages/tb4_autonav_interfaces/msg/_traffic_event_s.c
[1.167s] -- Up-to-date: /home/tony/25_ws/install/tb4_autonav_interfaces/local/lib/python3.10/dist-packages/tb4_autonav_interfaces/_tb4_autonav_interfaces_s.ep.rosidl_typesupport_fastrtps_c.c
[1.208s] Listing '/home/tony/25_ws/install/tb4_autonav_interfaces/local/lib/python3.10/dist-packages/tb4_autonav_interfaces'...
[1.208s] Listing '/home/tony/25_ws/install/tb4_autonav_interfaces/local/lib/python3.10/dist-packages/tb4_autonav_interfaces/msg'...
[1.213s] -- Up-to-date: /home/tony/25_ws/install/tb4_autonav_interfaces/local/lib/python3.10/dist-packages/tb4_autonav_interfaces/tb4_autonav_interfaces_s__rosidl_typesupport_fastrtps_c.cpython-310-x86_64-linux-gnu.so
[1.214s] -- Up-to-date: /home/tony/25_ws/install/tb4_autonav_interfaces/local/lib/python3.10/dist-packages/tb4_autonav_interfaces/tb4_autonav_interfaces_s__rosidl_typesupport_introspection_c.cpython-310-x86_64-linux-gnu.so
[1.214s] -- Up-to-date: /home/tony/25_ws/install/tb4_autonav_interfaces/local/lib/python3.10/dist-packages/tb4_autonav_interfaces/tb4_autonav_interfaces_s__rosidl_typesupport_c.cpython-310-x86_64-linux-gnu.so
[1.215s] -- Up-to-date: /home/tony/25_ws/install/tb4_autonav_interfaces/lib/libtb4_autonav_interfaces__rosidl_generator_py.so
[1.215s] -- Up-to-date: /home/tony/25_ws/install/tb4_autonav_interfaces/share/tb4_autonav_interfaces/msg/TrafficEvent.idl
[1.215s] -- Up-to-date: /home/tony/25_ws/install/tb4_autonav_interfaces/share/tb4_autonav_interfaces/msg/YoloTargetBias.idl
[1.215s] -- Up-to-date: /home/tony/25_ws/install/tb4_autonav_interfaces/share/tb4_autonav_interfaces/msg/TrafficEvent.msg
[1.215s] -- Up-to-date: /home/tony/25_ws/install/tb4_autonav_interfaces/share/tb4_autonav_interfaces/msg/YoloTargetBias.msg
[1.215s] -- Up-to-date: /home/tony/25_ws/install/tb4_autonav_interfaces/share/ament_index/resource_index/package_run_dependencies/tb4_autonav_interfaces
[1.216s] -- Up-to-date: /home/tony/25_ws/install/tb4_autonav_interfaces/share/ament_index/resource_index/parent_prefix_path/tb4_autonav_interfaces
[1.216s] -- Up-to-date: /home/tony/25_ws/install/tb4_autonav_interfaces/share/tb4_autonav_interfaces/environment/ament_prefix_path.sh
[1.216s] -- Up-to-date: /home/tony/25_ws/install/tb4_autonav_interfaces/share/tb4_autonav_interfaces/environment/ament_prefix_path.dsv
[1.216s] -- Up-to-date: /home/tony/25_ws/install/tb4_autonav_interfaces/share/tb4_autonav_interfaces/environment/path.sh
[1.216s] -- Up-to-date: /home/tony/25_ws/install/tb4_autonav_interfaces/share/tb4_autonav_interfaces/environment/path.dsv
[1.216s] -- Up-to-date: /home/tony/25_ws/install/tb4_autonav_interfaces/share/tb4_autonav_interfaces/local_setup.bash
[1.217s] -- Up-to-date: /home/tony/25_ws/install/tb4_autonav_interfaces/share/tb4_autonav_interfaces/local_setup.sh
[1.217s] -- Up-to-date: /home/tony/25_ws/install/tb4_autonav_interfaces/share/tb4_autonav_interfaces/local_setup.zsh
[1.217s] -- Up-to-date: /home/tony/25_ws/install/tb4_autonav_interfaces/share/tb4_autonav_interfaces/local_setup.dsv
[1.217s] -- Installing: /home/tony/25_ws/install/tb4_autonav_interfaces/share/tb4_autonav_interfaces/package.dsv
[1.217s] -- Up-to-date: /home/tony/25_ws/install/tb4_autonav_interfaces/share/ament_index/resource_index/packages/tb4_autonav_interfaces
[1.217s] -- Up-to-date: /home/tony/25_ws/install/tb4_autonav_interfaces/share/tb4_autonav_interfaces/cmake/export_tb4_autonav_interfaces__rosidl_generator_cExport.cmake
[1.218s] -- Up-to-date: /home/tony/25_ws/install/tb4_autonav_interfaces/share/tb4_autonav_interfaces/cmake/export_tb4_autonav_interfaces__rosidl_generator_cExport-noconfig.cmake
[1.218s] -- Up-to-date: /home/tony/25_ws/install/tb4_autonav_interfaces/share/tb4_autonav_interfaces/cmake/export_tb4_autonav_interfaces__rosidl_typesupport_fastrtps_cExport.cmake
[1.218s] -- Up-to-date: /home/tony/25_ws/install/tb4_autonav_interfaces/share/tb4_autonav_interfaces/cmake/export_tb4_autonav_interfaces__rosidl_typesupport_fastrtps_cExport-noconfig.cmake
[1.218s] -- Up-to-date: /home/tony/25_ws/install/tb4_autonav_interfaces/share/tb4_autonav_interfaces/cmake/tb4_autonav_interfaces__rosidl_typesupport_introspection_cExport.cmake
[1.218s] -- Up-to-date: /home/tony/25_ws/install/tb4_autonav_interfaces/share/tb4_autonav_interfaces/cmake/tb4_autonav_interfaces__rosidl_typesupport_introspection_cExport-noconfig.cmake
[1.218s] -- Up-to-date: /home/tony/25_ws/install/tb4_autonav_interfaces/share/tb4_autonav_interfaces/cmake/tb4_autonav_interfaces__rosidl_typesupport_cExport.cmake
[1.219s] -- Up-to-date: /home/tony/25_ws/install/tb4_autonav_interfaces/share/tb4_autonav_interfaces/cmake/tb4_autonav_interfaces__rosidl_typesupport_cExport-noconfig.cmake
[1.219s] -- Up-to-date: /home/tony/25_ws/install/tb4_autonav_interfaces/share/tb4_autonav_interfaces/cmake/export_tb4_autonav_interfaces__rosidl_generator_cppExport.cmake
[1.219s] -- Up-to-date: /home/tony/25_ws/install/tb4_autonav_interfaces/share/tb4_autonav_interfaces/cmake/export_tb4_autonav_interfaces__rosidl_typesupport_fastrtps_cppExport.cmake
[1.219s] -- Up-to-date: /home/tony/25_ws/install/tb4_autonav_interfaces/share/tb4_autonav_interfaces/cmake/export_tb4_autonav_interfaces__rosidl_typesupport_fastrtps_cppExport-noconfig.cmake
[1.219s] -- Up-to-date: /home/tony/25_ws/install/tb4_autonav_interfaces/share/tb4_autonav_interfaces/cmake/tb4_autonav_interfaces__rosidl_typesupport_introspection_cppExport.cmake
[1.219s] -- Up-to-date: /home/tony/25_ws/install/tb4_autonav_interfaces/share/tb4_autonav_interfaces/cmake/tb4_autonav_interfaces__rosidl_typesupport_introspection_cppExport-noconfig.cmake
[1.219s] -- Up-to-date: /home/tony/25_ws/install/tb4_autonav_interfaces/share/tb4_autonav_interfaces/cmake/tb4_autonav_interfaces__rosidl_typesupport_cppExport.cmake
[1.220s] -- Up-to-date: /home/tony/25_ws/install/tb4_autonav_interfaces/share/tb4_autonav_interfaces/cmake/tb4_autonav_interfaces__rosidl_typesupport_cppExport-noconfig.cmake
[1.220s] -- Up-to-date: /home/tony/25_ws/install/tb4_autonav_interfaces/share/tb4_autonav_interfaces/cmake/export_tb4_autonav_interfaces__rosidl_generator_pyExport.cmake
[1.220s] -- Up-to-date: /home/tony/25_ws/install/tb4_autonav_interfaces/share/tb4_autonav_interfaces/cmake/export_tb4_autonav_interfaces__rosidl_generator_pyExport-noconfig.cmake
[1.220s] -- Up-to-date: /home/tony/25_ws/install/tb4_autonav_interfaces/share/tb4_autonav_interfaces/cmake/rosidl_cmake-extras.cmake
[1.220s] -- Up-to-date: /home/tony/25_ws/install/tb4_autonav_interfaces/share/tb4_autonav_interfaces/cmake/ament_cmake_export_dependencies-extras.cmake
[1.220s] -- Up-to-date: /home/tony/25_ws/install/tb4_autonav_interfaces/share/tb4_autonav_interfaces/cmake/ament_cmake_export_include_directories-extras.cmake
[1.220s] -- Up-to-date: /home/tony/25_ws/install/tb4_autonav_interfaces/share/tb4_autonav_interfaces/cmake/ament_cmake_export_libraries-extras.cmake
[1.221s] -- Up-to-date: /home/tony/25_ws/install/tb4_autonav_interfaces/share/tb4_autonav_interfaces/cmake/ament_cmake_export_targets-extras.cmake
[1.221s] -- Up-to-date: /home/tony/25_ws/install/tb4_autonav_interfaces/share/tb4_autonav_interfaces/cmake/rosidl_cmake_export_typesupport_targets-extras.cmake
[1.221s] -- Up-to-date: /home/tony/25_ws/install/tb4_autonav_interfaces/share/tb4_autonav_interfaces/cmake/rosidl_cmake_export_typesupport_libraries-extras.cmake
[1.221s] -- Up-to-date: /home/tony/25_ws/install/tb4_autonav_interfaces/share/tb4_autonav_interfaces/cmake/tb4_autonav_interfacesConfig.cmake
[1.221s] -- Up-to-date: /home/tony/25_ws/install/tb4_autonav_interfaces/share/tb4_autonav_interfaces/cmake/tb4_autonav_interfacesConfig-version.cmake
[1.222s] -- Up-to-date: /home/tony/25_ws/install/tb4_autonav_interfaces/share/tb4_autonav_interfaces/package.xml
[1.228s] Invoked command in '/home/tony/25_ws/build/tb4_autonav_interfaces' returned '0': CMAKE_PREFIX_PATH=${CMAKE_PREFIX_PATH}:/home/tony/ros2_ws/install/witmotion_ros_driver:/home/tony/ros2_ws/install/ros2_aruco:/home/tony/ros2_ws/install/interbotix_xs_modules:/home/tony/ros2_ws/install/interbotix_perception_modules:/home/tony/ros2_ws/install/interbotix_common_modules:/home/tony/ros2_ws/install/detection:/home/tony/new_ws/install/project:/home/tony/25_ws/install/tb4_autonav:/home/tony/24fall_EE211_ws/install/turtlebot4_tests:/home/tony/24fall_EE211_ws/install/turtlebot4_diagnostics:/opt/ros/humble /usr/bin/cmake --install /home/tony/25_ws/build/tb4_autonav_interfaces
