running egg_info
creating ../../build/tb4_autonav/tb4_autonav.egg-info
writing ../../build/tb4_autonav/tb4_autonav.egg-info/PKG-INFO
writing dependency_links to ../../build/tb4_autonav/tb4_autonav.egg-info/dependency_links.txt
writing entry points to ../../build/tb4_autonav/tb4_autonav.egg-info/entry_points.txt
writing requirements to ../../build/tb4_autonav/tb4_autonav.egg-info/requires.txt
writing top-level names to ../../build/tb4_autonav/tb4_autonav.egg-info/top_level.txt
writing manifest file '../../build/tb4_autonav/tb4_autonav.egg-info/SOURCES.txt'
reading manifest file '../../build/tb4_autonav/tb4_autonav.egg-info/SOURCES.txt'
writing manifest file '../../build/tb4_autonav/tb4_autonav.egg-info/SOURCES.txt'
running build
running build_py
creating /home/tony/25_ws/build/tb4_autonav/build
creating /home/tony/25_ws/build/tb4_autonav/build/lib
creating /home/tony/25_ws/build/tb4_autonav/build/lib/tb4_autonav
copying tb4_autonav/task_combined_navigator.py -> /home/tony/25_ws/build/tb4_autonav/build/lib/tb4_autonav
copying tb4_autonav/waypoint_navigator.py -> /home/tony/25_ws/build/tb4_autonav/build/lib/tb4_autonav
copying tb4_autonav/traffic_detector_node.py -> /home/tony/25_ws/build/tb4_autonav/build/lib/tb4_autonav
copying tb4_autonav/__init__.py -> /home/tony/25_ws/build/tb4_autonav/build/lib/tb4_autonav
copying tb4_autonav/task_navigator.py -> /home/tony/25_ws/build/tb4_autonav/build/lib/tb4_autonav
running install
running install_lib
creating /home/tony/25_ws/install/tb4_autonav/lib/python3.10/site-packages/tb4_autonav
copying /home/tony/25_ws/build/tb4_autonav/build/lib/tb4_autonav/task_combined_navigator.py -> /home/tony/25_ws/install/tb4_autonav/lib/python3.10/site-packages/tb4_autonav
copying /home/tony/25_ws/build/tb4_autonav/build/lib/tb4_autonav/waypoint_navigator.py -> /home/tony/25_ws/install/tb4_autonav/lib/python3.10/site-packages/tb4_autonav
copying /home/tony/25_ws/build/tb4_autonav/build/lib/tb4_autonav/traffic_detector_node.py -> /home/tony/25_ws/install/tb4_autonav/lib/python3.10/site-packages/tb4_autonav
copying /home/tony/25_ws/build/tb4_autonav/build/lib/tb4_autonav/__init__.py -> /home/tony/25_ws/install/tb4_autonav/lib/python3.10/site-packages/tb4_autonav
copying /home/tony/25_ws/build/tb4_autonav/build/lib/tb4_autonav/task_navigator.py -> /home/tony/25_ws/install/tb4_autonav/lib/python3.10/site-packages/tb4_autonav
byte-compiling /home/tony/25_ws/install/tb4_autonav/lib/python3.10/site-packages/tb4_autonav/task_combined_navigator.py to task_combined_navigator.cpython-310.pyc
byte-compiling /home/tony/25_ws/install/tb4_autonav/lib/python3.10/site-packages/tb4_autonav/waypoint_navigator.py to waypoint_navigator.cpython-310.pyc
byte-compiling /home/tony/25_ws/install/tb4_autonav/lib/python3.10/site-packages/tb4_autonav/traffic_detector_node.py to traffic_detector_node.cpython-310.pyc
byte-compiling /home/tony/25_ws/install/tb4_autonav/lib/python3.10/site-packages/tb4_autonav/__init__.py to __init__.cpython-310.pyc
byte-compiling /home/tony/25_ws/install/tb4_autonav/lib/python3.10/site-packages/tb4_autonav/task_navigator.py to task_navigator.cpython-310.pyc
running install_data
creating /home/tony/25_ws/install/tb4_autonav/share/ament_index
creating /home/tony/25_ws/install/tb4_autonav/share/ament_index/resource_index
creating /home/tony/25_ws/install/tb4_autonav/share/ament_index/resource_index/packages
copying resource/tb4_autonav -> /home/tony/25_ws/install/tb4_autonav/share/ament_index/resource_index/packages
copying package.xml -> /home/tony/25_ws/install/tb4_autonav/share/tb4_autonav
creating /home/tony/25_ws/install/tb4_autonav/share/tb4_autonav/launch
copying launch/nav_bringup.launch.py -> /home/tony/25_ws/install/tb4_autonav/share/tb4_autonav/launch
copying launch/task_bringup.launch.py -> /home/tony/25_ws/install/tb4_autonav/share/tb4_autonav/launch
copying launch/mapping_bringup.launch.py -> /home/tony/25_ws/install/tb4_autonav/share/tb4_autonav/launch
creating /home/tony/25_ws/install/tb4_autonav/share/tb4_autonav/config
copying config/slam_with_init.yaml -> /home/tony/25_ws/install/tb4_autonav/share/tb4_autonav/config
running install_egg_info
Copying ../../build/tb4_autonav/tb4_autonav.egg-info to /home/tony/25_ws/install/tb4_autonav/lib/python3.10/site-packages/tb4_autonav-0.0.1-py3.10.egg-info
running install_scripts
Installing task_combined_navigator script to /home/tony/25_ws/install/tb4_autonav/lib/tb4_autonav
Installing task_navigator script to /home/tony/25_ws/install/tb4_autonav/lib/tb4_autonav
Installing traffic_detector_node script to /home/tony/25_ws/install/tb4_autonav/lib/tb4_autonav
Installing waypoint_navigator script to /home/tony/25_ws/install/tb4_autonav/lib/tb4_autonav
writing list of installed files to '/home/tony/25_ws/build/tb4_autonav/install.log'
