[0.647s] Invoking command in '/home/tony/25_ws/src/tb4_autonav': PYTHONPATH=/home/tony/25_ws/build/tb4_autonav/prefix_override:/usr/lib/python3/dist-packages/colcon_core/task/python/colcon_distutils_commands:/home/tony/25_ws/install/tb4_autonav/lib/python3.10/site-packages:${PYTHONPATH} /usr/bin/python3 -W ignore:setup.py install is deprecated -W ignore:easy_install command is deprecated setup.py egg_info --egg-base ../../build/tb4_autonav build --build-base /home/tony/25_ws/build/tb4_autonav/build install --record /home/tony/25_ws/build/tb4_autonav/install.log --single-version-externally-managed install_data
[0.850s] running egg_info
[0.851s] creating ../../build/tb4_autonav/tb4_autonav.egg-info
[0.851s] writing ../../build/tb4_autonav/tb4_autonav.egg-info/PKG-INFO
[0.851s] writing dependency_links to ../../build/tb4_autonav/tb4_autonav.egg-info/dependency_links.txt
[0.851s] writing entry points to ../../build/tb4_autonav/tb4_autonav.egg-info/entry_points.txt
[0.851s] writing requirements to ../../build/tb4_autonav/tb4_autonav.egg-info/requires.txt
[0.851s] writing top-level names to ../../build/tb4_autonav/tb4_autonav.egg-info/top_level.txt
[0.851s] writing manifest file '../../build/tb4_autonav/tb4_autonav.egg-info/SOURCES.txt'
[0.852s] reading manifest file '../../build/tb4_autonav/tb4_autonav.egg-info/SOURCES.txt'
[0.853s] writing manifest file '../../build/tb4_autonav/tb4_autonav.egg-info/SOURCES.txt'
[0.853s] running build
[0.853s] running build_py
[0.853s] creating /home/tony/25_ws/build/tb4_autonav/build
[0.853s] creating /home/tony/25_ws/build/tb4_autonav/build/lib
[0.853s] creating /home/tony/25_ws/build/tb4_autonav/build/lib/tb4_autonav
[0.853s] copying tb4_autonav/task_combined_navigator.py -> /home/tony/25_ws/build/tb4_autonav/build/lib/tb4_autonav
[0.853s] copying tb4_autonav/waypoint_navigator.py -> /home/tony/25_ws/build/tb4_autonav/build/lib/tb4_autonav
[0.853s] copying tb4_autonav/traffic_detector_node.py -> /home/tony/25_ws/build/tb4_autonav/build/lib/tb4_autonav
[0.853s] copying tb4_autonav/__init__.py -> /home/tony/25_ws/build/tb4_autonav/build/lib/tb4_autonav
[0.854s] copying tb4_autonav/task_navigator.py -> /home/tony/25_ws/build/tb4_autonav/build/lib/tb4_autonav
[0.854s] running install
[0.854s] running install_lib
[0.854s] creating /home/tony/25_ws/install/tb4_autonav/lib/python3.10/site-packages/tb4_autonav
[0.854s] copying /home/tony/25_ws/build/tb4_autonav/build/lib/tb4_autonav/task_combined_navigator.py -> /home/tony/25_ws/install/tb4_autonav/lib/python3.10/site-packages/tb4_autonav
[0.854s] copying /home/tony/25_ws/build/tb4_autonav/build/lib/tb4_autonav/waypoint_navigator.py -> /home/tony/25_ws/install/tb4_autonav/lib/python3.10/site-packages/tb4_autonav
[0.855s] copying /home/tony/25_ws/build/tb4_autonav/build/lib/tb4_autonav/traffic_detector_node.py -> /home/tony/25_ws/install/tb4_autonav/lib/python3.10/site-packages/tb4_autonav
[0.855s] copying /home/tony/25_ws/build/tb4_autonav/build/lib/tb4_autonav/__init__.py -> /home/tony/25_ws/install/tb4_autonav/lib/python3.10/site-packages/tb4_autonav
[0.855s] copying /home/tony/25_ws/build/tb4_autonav/build/lib/tb4_autonav/task_navigator.py -> /home/tony/25_ws/install/tb4_autonav/lib/python3.10/site-packages/tb4_autonav
[0.855s] byte-compiling /home/tony/25_ws/install/tb4_autonav/lib/python3.10/site-packages/tb4_autonav/task_combined_navigator.py to task_combined_navigator.cpython-310.pyc
[0.857s] byte-compiling /home/tony/25_ws/install/tb4_autonav/lib/python3.10/site-packages/tb4_autonav/waypoint_navigator.py to waypoint_navigator.cpython-310.pyc
[0.857s] byte-compiling /home/tony/25_ws/install/tb4_autonav/lib/python3.10/site-packages/tb4_autonav/traffic_detector_node.py to traffic_detector_node.cpython-310.pyc
[0.858s] byte-compiling /home/tony/25_ws/install/tb4_autonav/lib/python3.10/site-packages/tb4_autonav/__init__.py to __init__.cpython-310.pyc
[0.858s] byte-compiling /home/tony/25_ws/install/tb4_autonav/lib/python3.10/site-packages/tb4_autonav/task_navigator.py to task_navigator.cpython-310.pyc
[0.860s] running install_data
[0.860s] creating /home/tony/25_ws/install/tb4_autonav/share/ament_index
[0.860s] creating /home/tony/25_ws/install/tb4_autonav/share/ament_index/resource_index
[0.860s] creating /home/tony/25_ws/install/tb4_autonav/share/ament_index/resource_index/packages
[0.860s] copying resource/tb4_autonav -> /home/tony/25_ws/install/tb4_autonav/share/ament_index/resource_index/packages
[0.860s] copying package.xml -> /home/tony/25_ws/install/tb4_autonav/share/tb4_autonav
[0.860s] creating /home/tony/25_ws/install/tb4_autonav/share/tb4_autonav/launch
[0.860s] copying launch/nav_bringup.launch.py -> /home/tony/25_ws/install/tb4_autonav/share/tb4_autonav/launch
[0.860s] copying launch/task_bringup.launch.py -> /home/tony/25_ws/install/tb4_autonav/share/tb4_autonav/launch
[0.860s] copying launch/mapping_bringup.launch.py -> /home/tony/25_ws/install/tb4_autonav/share/tb4_autonav/launch
[0.860s] creating /home/tony/25_ws/install/tb4_autonav/share/tb4_autonav/config
[0.860s] copying config/slam_with_init.yaml -> /home/tony/25_ws/install/tb4_autonav/share/tb4_autonav/config
[0.860s] running install_egg_info
[0.862s] Copying ../../build/tb4_autonav/tb4_autonav.egg-info to /home/tony/25_ws/install/tb4_autonav/lib/python3.10/site-packages/tb4_autonav-0.0.1-py3.10.egg-info
[0.862s] running install_scripts
[0.877s] Installing task_combined_navigator script to /home/tony/25_ws/install/tb4_autonav/lib/tb4_autonav
[0.877s] Installing task_navigator script to /home/tony/25_ws/install/tb4_autonav/lib/tb4_autonav
[0.877s] Installing traffic_detector_node script to /home/tony/25_ws/install/tb4_autonav/lib/tb4_autonav
[0.877s] Installing waypoint_navigator script to /home/tony/25_ws/install/tb4_autonav/lib/tb4_autonav
[0.877s] writing list of installed files to '/home/tony/25_ws/build/tb4_autonav/install.log'
[0.897s] Invoked command in '/home/tony/25_ws/src/tb4_autonav' returned '0': PYTHONPATH=/home/tony/25_ws/build/tb4_autonav/prefix_override:/usr/lib/python3/dist-packages/colcon_core/task/python/colcon_distutils_commands:/home/tony/25_ws/install/tb4_autonav/lib/python3.10/site-packages:${PYTHONPATH} /usr/bin/python3 -W ignore:setup.py install is deprecated -W ignore:easy_install command is deprecated setup.py egg_info --egg-base ../../build/tb4_autonav build --build-base /home/tony/25_ws/build/tb4_autonav/build install --record /home/tony/25_ws/build/tb4_autonav/install.log --single-version-externally-managed install_data
