[0.077s] DEBUG:colcon:Command line arguments: ['/usr/bin/colcon', 'build']
[0.077s] DEBUG:colcon:Parsed command line arguments: Namespace(log_base=None, log_level=None, verb_name='build', build_base='build', install_base='install', merge_install=False, symlink_install=False, test_result_base=None, continue_on_error=False, executor='parallel', parallel_workers=24, event_handlers=None, ignore_user_meta=False, metas=['./colcon.meta'], base_paths=['.'], packages_ignore=None, packages_ignore_regex=None, paths=None, packages_up_to=None, packages_up_to_regex=None, packages_above=None, packages_above_and_dependencies=None, packages_above_depth=None, packages_select_by_dep=None, packages_skip_by_dep=None, packages_skip_up_to=None, packages_select_build_failed=False, packages_skip_build_finished=False, packages_select_test_failures=False, packages_skip_test_passed=False, packages_select=None, packages_skip=None, packages_select_regex=None, packages_skip_regex=None, packages_start=None, packages_end=None, allow_overriding=[], cmake_args=None, cmake_target=None, cmake_target_skip_unavailable=False, cmake_clean_cache=False, cmake_clean_first=False, cmake_force_configure=False, ament_cmake_args=None, catkin_cmake_args=None, catkin_skip_building_tests=False, verb_parser=<colcon_defaults.argument_parser.defaults.DefaultArgumentsDecorator object at 0x7264a433d0c0>, verb_extension=<colcon_core.verb.build.BuildVerb object at 0x7264a433cbb0>, main=<bound method BuildVerb.main of <colcon_core.verb.build.BuildVerb object at 0x7264a433cbb0>>)
[0.207s] Level 1:colcon.colcon_core.package_discovery:discover_packages(colcon_meta) check parameters
[0.207s] Level 1:colcon.colcon_core.package_discovery:discover_packages(recursive) check parameters
[0.207s] Level 1:colcon.colcon_core.package_discovery:discover_packages(ignore) check parameters
[0.207s] Level 1:colcon.colcon_core.package_discovery:discover_packages(path) check parameters
[0.207s] Level 1:colcon.colcon_core.package_discovery:discover_packages(colcon_meta) discover
[0.207s] Level 1:colcon.colcon_core.package_discovery:discover_packages(recursive) discover
[0.207s] INFO:colcon.colcon_core.package_discovery:Crawling recursively for packages in '/home/rededge/25_ws'
[0.207s] Level 1:colcon.colcon_core.package_identification:_identify(.) by extensions ['ignore', 'ignore_ament_install']
[0.207s] Level 1:colcon.colcon_core.package_identification:_identify(.) by extension 'ignore'
[0.207s] Level 1:colcon.colcon_core.package_identification:_identify(.) by extension 'ignore_ament_install'
[0.207s] Level 1:colcon.colcon_core.package_identification:_identify(.) by extensions ['colcon_pkg']
[0.207s] Level 1:colcon.colcon_core.package_identification:_identify(.) by extension 'colcon_pkg'
[0.207s] Level 1:colcon.colcon_core.package_identification:_identify(.) by extensions ['colcon_meta']
[0.207s] Level 1:colcon.colcon_core.package_identification:_identify(.) by extension 'colcon_meta'
[0.207s] Level 1:colcon.colcon_core.package_identification:_identify(.) by extensions ['ros']
[0.207s] Level 1:colcon.colcon_core.package_identification:_identify(.) by extension 'ros'
[0.215s] Level 1:colcon.colcon_core.package_identification:_identify(.) by extensions ['cmake', 'python']
[0.215s] Level 1:colcon.colcon_core.package_identification:_identify(.) by extension 'cmake'
[0.215s] Level 1:colcon.colcon_core.package_identification:_identify(.) by extension 'python'
[0.215s] Level 1:colcon.colcon_core.package_identification:_identify(.) by extensions ['python_setup_py']
[0.215s] Level 1:colcon.colcon_core.package_identification:_identify(.) by extension 'python_setup_py'
[0.215s] Level 1:colcon.colcon_core.package_identification:_identify(build) by extensions ['ignore', 'ignore_ament_install']
[0.215s] Level 1:colcon.colcon_core.package_identification:_identify(build) by extension 'ignore'
[0.215s] Level 1:colcon.colcon_core.package_identification:_identify(build) ignored
[0.215s] Level 1:colcon.colcon_core.package_identification:_identify(demo_interfaces_test) by extensions ['ignore', 'ignore_ament_install']
[0.215s] Level 1:colcon.colcon_core.package_identification:_identify(demo_interfaces_test) by extension 'ignore'
[0.215s] Level 1:colcon.colcon_core.package_identification:_identify(demo_interfaces_test) by extension 'ignore_ament_install'
[0.215s] Level 1:colcon.colcon_core.package_identification:_identify(demo_interfaces_test) by extensions ['colcon_pkg']
[0.215s] Level 1:colcon.colcon_core.package_identification:_identify(demo_interfaces_test) by extension 'colcon_pkg'
[0.215s] Level 1:colcon.colcon_core.package_identification:_identify(demo_interfaces_test) by extensions ['colcon_meta']
[0.215s] Level 1:colcon.colcon_core.package_identification:_identify(demo_interfaces_test) by extension 'colcon_meta'
[0.215s] Level 1:colcon.colcon_core.package_identification:_identify(demo_interfaces_test) by extensions ['ros']
[0.215s] Level 1:colcon.colcon_core.package_identification:_identify(demo_interfaces_test) by extension 'ros'
[0.217s] DEBUG:colcon.colcon_core.package_identification:Package 'demo_interfaces_test' with type 'ros.ament_cmake' and name 'demo_interfaces_test'
[0.217s] Level 1:colcon.colcon_core.package_identification:_identify(install) by extensions ['ignore', 'ignore_ament_install']
[0.217s] Level 1:colcon.colcon_core.package_identification:_identify(install) by extension 'ignore'
[0.217s] Level 1:colcon.colcon_core.package_identification:_identify(install) ignored
[0.217s] Level 1:colcon.colcon_core.package_identification:_identify(log) by extensions ['ignore', 'ignore_ament_install']
[0.217s] Level 1:colcon.colcon_core.package_identification:_identify(log) by extension 'ignore'
[0.217s] Level 1:colcon.colcon_core.package_identification:_identify(log) ignored
[0.218s] Level 1:colcon.colcon_core.package_identification:_identify(src) by extensions ['ignore', 'ignore_ament_install']
[0.218s] Level 1:colcon.colcon_core.package_identification:_identify(src) by extension 'ignore'
[0.218s] Level 1:colcon.colcon_core.package_identification:_identify(src) by extension 'ignore_ament_install'
[0.218s] Level 1:colcon.colcon_core.package_identification:_identify(src) by extensions ['colcon_pkg']
[0.218s] Level 1:colcon.colcon_core.package_identification:_identify(src) by extension 'colcon_pkg'
[0.218s] Level 1:colcon.colcon_core.package_identification:_identify(src) by extensions ['colcon_meta']
[0.218s] Level 1:colcon.colcon_core.package_identification:_identify(src) by extension 'colcon_meta'
[0.218s] Level 1:colcon.colcon_core.package_identification:_identify(src) by extensions ['ros']
[0.218s] Level 1:colcon.colcon_core.package_identification:_identify(src) by extension 'ros'
[0.218s] Level 1:colcon.colcon_core.package_identification:_identify(src) by extensions ['cmake', 'python']
[0.218s] Level 1:colcon.colcon_core.package_identification:_identify(src) by extension 'cmake'
[0.218s] Level 1:colcon.colcon_core.package_identification:_identify(src) by extension 'python'
[0.218s] Level 1:colcon.colcon_core.package_identification:_identify(src) by extensions ['python_setup_py']
[0.218s] Level 1:colcon.colcon_core.package_identification:_identify(src) by extension 'python_setup_py'
[0.218s] Level 1:colcon.colcon_core.package_identification:_identify(src/arm) by extensions ['ignore', 'ignore_ament_install']
[0.218s] Level 1:colcon.colcon_core.package_identification:_identify(src/arm) by extension 'ignore'
[0.218s] Level 1:colcon.colcon_core.package_identification:_identify(src/arm) by extension 'ignore_ament_install'
[0.218s] Level 1:colcon.colcon_core.package_identification:_identify(src/arm) by extensions ['colcon_pkg']
[0.218s] Level 1:colcon.colcon_core.package_identification:_identify(src/arm) by extension 'colcon_pkg'
[0.218s] Level 1:colcon.colcon_core.package_identification:_identify(src/arm) by extensions ['colcon_meta']
[0.218s] Level 1:colcon.colcon_core.package_identification:_identify(src/arm) by extension 'colcon_meta'
[0.218s] Level 1:colcon.colcon_core.package_identification:_identify(src/arm) by extensions ['ros']
[0.218s] Level 1:colcon.colcon_core.package_identification:_identify(src/arm) by extension 'ros'
[0.218s] Level 1:colcon.colcon_core.package_identification:_identify(src/arm) by extensions ['cmake', 'python']
[0.218s] Level 1:colcon.colcon_core.package_identification:_identify(src/arm) by extension 'cmake'
[0.218s] Level 1:colcon.colcon_core.package_identification:_identify(src/arm) by extension 'python'
[0.218s] Level 1:colcon.colcon_core.package_identification:_identify(src/arm) by extensions ['python_setup_py']
[0.218s] Level 1:colcon.colcon_core.package_identification:_identify(src/arm) by extension 'python_setup_py'
[0.219s] Level 1:colcon.colcon_core.package_identification:_identify(src/arm/__pycache__) by extensions ['ignore', 'ignore_ament_install']
[0.219s] Level 1:colcon.colcon_core.package_identification:_identify(src/arm/__pycache__) by extension 'ignore'
[0.219s] Level 1:colcon.colcon_core.package_identification:_identify(src/arm/__pycache__) by extension 'ignore_ament_install'
[0.219s] Level 1:colcon.colcon_core.package_identification:_identify(src/arm/__pycache__) by extensions ['colcon_pkg']
[0.219s] Level 1:colcon.colcon_core.package_identification:_identify(src/arm/__pycache__) by extension 'colcon_pkg'
[0.219s] Level 1:colcon.colcon_core.package_identification:_identify(src/arm/__pycache__) by extensions ['colcon_meta']
[0.219s] Level 1:colcon.colcon_core.package_identification:_identify(src/arm/__pycache__) by extension 'colcon_meta'
[0.219s] Level 1:colcon.colcon_core.package_identification:_identify(src/arm/__pycache__) by extensions ['ros']
[0.219s] Level 1:colcon.colcon_core.package_identification:_identify(src/arm/__pycache__) by extension 'ros'
[0.219s] Level 1:colcon.colcon_core.package_identification:_identify(src/arm/__pycache__) by extensions ['cmake', 'python']
[0.219s] Level 1:colcon.colcon_core.package_identification:_identify(src/arm/__pycache__) by extension 'cmake'
[0.219s] Level 1:colcon.colcon_core.package_identification:_identify(src/arm/__pycache__) by extension 'python'
[0.219s] Level 1:colcon.colcon_core.package_identification:_identify(src/arm/__pycache__) by extensions ['python_setup_py']
[0.219s] Level 1:colcon.colcon_core.package_identification:_identify(src/arm/__pycache__) by extension 'python_setup_py'
[0.219s] Level 1:colcon.colcon_core.package_identification:_identify(src/tb4_autonav) by extensions ['ignore', 'ignore_ament_install']
[0.219s] Level 1:colcon.colcon_core.package_identification:_identify(src/tb4_autonav) by extension 'ignore'
[0.219s] Level 1:colcon.colcon_core.package_identification:_identify(src/tb4_autonav) by extension 'ignore_ament_install'
[0.219s] Level 1:colcon.colcon_core.package_identification:_identify(src/tb4_autonav) by extensions ['colcon_pkg']
[0.219s] Level 1:colcon.colcon_core.package_identification:_identify(src/tb4_autonav) by extension 'colcon_pkg'
[0.219s] Level 1:colcon.colcon_core.package_identification:_identify(src/tb4_autonav) by extensions ['colcon_meta']
[0.219s] Level 1:colcon.colcon_core.package_identification:_identify(src/tb4_autonav) by extension 'colcon_meta'
[0.219s] Level 1:colcon.colcon_core.package_identification:_identify(src/tb4_autonav) by extensions ['ros']
[0.219s] Level 1:colcon.colcon_core.package_identification:_identify(src/tb4_autonav) by extension 'ros'
[0.220s] DEBUG:colcon.colcon_core.package_identification:Package 'src/tb4_autonav' with type 'ros.ament_python' and name 'tb4_autonav'
[0.220s] Level 1:colcon.colcon_core.package_identification:_identify(src/tb4_autonav_interfaces) by extensions ['ignore', 'ignore_ament_install']
[0.220s] Level 1:colcon.colcon_core.package_identification:_identify(src/tb4_autonav_interfaces) by extension 'ignore'
[0.220s] Level 1:colcon.colcon_core.package_identification:_identify(src/tb4_autonav_interfaces) by extension 'ignore_ament_install'
[0.220s] Level 1:colcon.colcon_core.package_identification:_identify(src/tb4_autonav_interfaces) by extensions ['colcon_pkg']
[0.220s] Level 1:colcon.colcon_core.package_identification:_identify(src/tb4_autonav_interfaces) by extension 'colcon_pkg'
[0.220s] Level 1:colcon.colcon_core.package_identification:_identify(src/tb4_autonav_interfaces) by extensions ['colcon_meta']
[0.220s] Level 1:colcon.colcon_core.package_identification:_identify(src/tb4_autonav_interfaces) by extension 'colcon_meta'
[0.220s] Level 1:colcon.colcon_core.package_identification:_identify(src/tb4_autonav_interfaces) by extensions ['ros']
[0.220s] Level 1:colcon.colcon_core.package_identification:_identify(src/tb4_autonav_interfaces) by extension 'ros'
[0.221s] DEBUG:colcon.colcon_core.package_identification:Package 'src/tb4_autonav_interfaces' with type 'ros.ament_cmake' and name 'tb4_autonav_interfaces'
[0.221s] Level 1:colcon.colcon_core.package_discovery:discover_packages(recursive) using defaults
[0.221s] Level 1:colcon.colcon_core.package_discovery:discover_packages(ignore) discover
[0.221s] Level 1:colcon.colcon_core.package_discovery:discover_packages(ignore) using defaults
[0.221s] Level 1:colcon.colcon_core.package_discovery:discover_packages(path) discover
[0.221s] Level 1:colcon.colcon_core.package_discovery:discover_packages(path) using defaults
[0.240s] Level 1:colcon.colcon_core.package_discovery:discover_packages(prefix_path) check parameters
[0.240s] Level 1:colcon.colcon_core.package_discovery:discover_packages(prefix_path) discover
[0.241s] DEBUG:colcon.colcon_installed_package_information.package_discovery:Found 1 installed packages in /home/rededge/25_ws/install
[0.243s] DEBUG:colcon.colcon_installed_package_information.package_discovery:Found 511 installed packages in /opt/ros/humble
[0.245s] Level 1:colcon.colcon_core.package_discovery:discover_packages(prefix_path) using defaults
[0.288s] Level 5:colcon.colcon_core.verb:set package 'demo_interfaces_test' build argument 'cmake_args' from command line to 'None'
[0.288s] Level 5:colcon.colcon_core.verb:set package 'demo_interfaces_test' build argument 'cmake_target' from command line to 'None'
[0.288s] Level 5:colcon.colcon_core.verb:set package 'demo_interfaces_test' build argument 'cmake_target_skip_unavailable' from command line to 'False'
[0.288s] Level 5:colcon.colcon_core.verb:set package 'demo_interfaces_test' build argument 'cmake_clean_cache' from command line to 'False'
[0.288s] Level 5:colcon.colcon_core.verb:set package 'demo_interfaces_test' build argument 'cmake_clean_first' from command line to 'False'
[0.288s] Level 5:colcon.colcon_core.verb:set package 'demo_interfaces_test' build argument 'cmake_force_configure' from command line to 'False'
[0.288s] Level 5:colcon.colcon_core.verb:set package 'demo_interfaces_test' build argument 'ament_cmake_args' from command line to 'None'
[0.288s] Level 5:colcon.colcon_core.verb:set package 'demo_interfaces_test' build argument 'catkin_cmake_args' from command line to 'None'
[0.288s] Level 5:colcon.colcon_core.verb:set package 'demo_interfaces_test' build argument 'catkin_skip_building_tests' from command line to 'False'
[0.288s] DEBUG:colcon.colcon_core.verb:Building package 'demo_interfaces_test' with the following arguments: {'ament_cmake_args': None, 'build_base': '/home/rededge/25_ws/build/demo_interfaces_test', 'catkin_cmake_args': None, 'catkin_skip_building_tests': False, 'cmake_args': None, 'cmake_clean_cache': False, 'cmake_clean_first': False, 'cmake_force_configure': False, 'cmake_target': None, 'cmake_target_skip_unavailable': False, 'install_base': '/home/rededge/25_ws/install/demo_interfaces_test', 'merge_install': False, 'path': '/home/rededge/25_ws/demo_interfaces_test', 'symlink_install': False, 'test_result_base': None}
[0.289s] Level 5:colcon.colcon_core.verb:set package 'tb4_autonav_interfaces' build argument 'cmake_args' from command line to 'None'
[0.289s] Level 5:colcon.colcon_core.verb:set package 'tb4_autonav_interfaces' build argument 'cmake_target' from command line to 'None'
[0.289s] Level 5:colcon.colcon_core.verb:set package 'tb4_autonav_interfaces' build argument 'cmake_target_skip_unavailable' from command line to 'False'
[0.289s] Level 5:colcon.colcon_core.verb:set package 'tb4_autonav_interfaces' build argument 'cmake_clean_cache' from command line to 'False'
[0.289s] Level 5:colcon.colcon_core.verb:set package 'tb4_autonav_interfaces' build argument 'cmake_clean_first' from command line to 'False'
[0.289s] Level 5:colcon.colcon_core.verb:set package 'tb4_autonav_interfaces' build argument 'cmake_force_configure' from command line to 'False'
[0.289s] Level 5:colcon.colcon_core.verb:set package 'tb4_autonav_interfaces' build argument 'ament_cmake_args' from command line to 'None'
[0.289s] Level 5:colcon.colcon_core.verb:set package 'tb4_autonav_interfaces' build argument 'catkin_cmake_args' from command line to 'None'
[0.289s] Level 5:colcon.colcon_core.verb:set package 'tb4_autonav_interfaces' build argument 'catkin_skip_building_tests' from command line to 'False'
[0.289s] DEBUG:colcon.colcon_core.verb:Building package 'tb4_autonav_interfaces' with the following arguments: {'ament_cmake_args': None, 'build_base': '/home/rededge/25_ws/build/tb4_autonav_interfaces', 'catkin_cmake_args': None, 'catkin_skip_building_tests': False, 'cmake_args': None, 'cmake_clean_cache': False, 'cmake_clean_first': False, 'cmake_force_configure': False, 'cmake_target': None, 'cmake_target_skip_unavailable': False, 'install_base': '/home/rededge/25_ws/install/tb4_autonav_interfaces', 'merge_install': False, 'path': '/home/rededge/25_ws/src/tb4_autonav_interfaces', 'symlink_install': False, 'test_result_base': None}
[0.289s] Level 5:colcon.colcon_core.verb:set package 'tb4_autonav' build argument 'cmake_args' from command line to 'None'
[0.289s] Level 5:colcon.colcon_core.verb:set package 'tb4_autonav' build argument 'cmake_target' from command line to 'None'
[0.289s] Level 5:colcon.colcon_core.verb:set package 'tb4_autonav' build argument 'cmake_target_skip_unavailable' from command line to 'False'
[0.289s] Level 5:colcon.colcon_core.verb:set package 'tb4_autonav' build argument 'cmake_clean_cache' from command line to 'False'
[0.289s] Level 5:colcon.colcon_core.verb:set package 'tb4_autonav' build argument 'cmake_clean_first' from command line to 'False'
[0.289s] Level 5:colcon.colcon_core.verb:set package 'tb4_autonav' build argument 'cmake_force_configure' from command line to 'False'
[0.289s] Level 5:colcon.colcon_core.verb:set package 'tb4_autonav' build argument 'ament_cmake_args' from command line to 'None'
[0.289s] Level 5:colcon.colcon_core.verb:set package 'tb4_autonav' build argument 'catkin_cmake_args' from command line to 'None'
[0.289s] Level 5:colcon.colcon_core.verb:set package 'tb4_autonav' build argument 'catkin_skip_building_tests' from command line to 'False'
[0.289s] DEBUG:colcon.colcon_core.verb:Building package 'tb4_autonav' with the following arguments: {'ament_cmake_args': None, 'build_base': '/home/rededge/25_ws/build/tb4_autonav', 'catkin_cmake_args': None, 'catkin_skip_building_tests': False, 'cmake_args': None, 'cmake_clean_cache': False, 'cmake_clean_first': False, 'cmake_force_configure': False, 'cmake_target': None, 'cmake_target_skip_unavailable': False, 'install_base': '/home/rededge/25_ws/install/tb4_autonav', 'merge_install': False, 'path': '/home/rededge/25_ws/src/tb4_autonav', 'symlink_install': False, 'test_result_base': None}
[0.289s] INFO:colcon.colcon_core.executor:Executing jobs using 'parallel' executor
[0.290s] DEBUG:colcon.colcon_parallel_executor.executor.parallel:run_until_complete
[0.290s] INFO:colcon.colcon_ros.task.ament_cmake.build:Building ROS package in '/home/rededge/25_ws/src/tb4_autonav_interfaces' with build type 'ament_cmake'
[0.290s] INFO:colcon.colcon_cmake.task.cmake.build:Building CMake package in '/home/rededge/25_ws/src/tb4_autonav_interfaces'
[0.292s] INFO:colcon.colcon_core.plugin_system:Skipping extension 'colcon_core.shell.bat': Not used on non-Windows systems
[0.292s] INFO:colcon.colcon_core.shell:Skip shell extension 'powershell' for command environment: Not usable outside of PowerShell
[0.292s] DEBUG:colcon.colcon_core.shell:Skip shell extension 'dsv' for command environment
[0.295s] INFO:colcon.colcon_ros.task.ament_cmake.build:Building ROS package in '/home/rededge/25_ws/demo_interfaces_test' with build type 'ament_cmake'
[0.295s] INFO:colcon.colcon_cmake.task.cmake.build:Building CMake package in '/home/rededge/25_ws/demo_interfaces_test'
[0.295s] INFO:colcon.colcon_core.shell:Skip shell extension 'powershell' for command environment: Not usable outside of PowerShell
[0.295s] DEBUG:colcon.colcon_core.shell:Skip shell extension 'dsv' for command environment
[0.301s] DEBUG:colcon.colcon_core.event_handler.log_command:Invoking command in '/home/rededge/25_ws/build/tb4_autonav_interfaces': CMAKE_PREFIX_PATH=/opt/ros/humble /usr/bin/cmake /home/rededge/25_ws/src/tb4_autonav_interfaces -DCMAKE_INSTALL_PREFIX=/home/rededge/25_ws/install/tb4_autonav_interfaces
[0.303s] DEBUG:colcon.colcon_core.event_handler.log_command:Invoking command in '/home/rededge/25_ws/build/demo_interfaces_test': CMAKE_PREFIX_PATH=/opt/ros/humble /usr/bin/cmake /home/rededge/25_ws/demo_interfaces_test -DCMAKE_INSTALL_PREFIX=/home/rededge/25_ws/install/demo_interfaces_test
[1.131s] DEBUG:colcon.colcon_core.event_handler.log_command:Invoked command in '/home/rededge/25_ws/build/tb4_autonav_interfaces' returned '0': CMAKE_PREFIX_PATH=/opt/ros/humble /usr/bin/cmake /home/rededge/25_ws/src/tb4_autonav_interfaces -DCMAKE_INSTALL_PREFIX=/home/rededge/25_ws/install/tb4_autonav_interfaces
[1.133s] DEBUG:colcon.colcon_core.event_handler.log_command:Invoking command in '/home/rededge/25_ws/build/tb4_autonav_interfaces': CMAKE_PREFIX_PATH=/opt/ros/humble /usr/bin/cmake --build /home/rededge/25_ws/build/tb4_autonav_interfaces -- -j24 -l24
[1.365s] DEBUG:colcon.colcon_core.event_handler.log_command:Invoked command in '/home/rededge/25_ws/build/demo_interfaces_test' returned '0': CMAKE_PREFIX_PATH=/opt/ros/humble /usr/bin/cmake /home/rededge/25_ws/demo_interfaces_test -DCMAKE_INSTALL_PREFIX=/home/rededge/25_ws/install/demo_interfaces_test
[1.366s] DEBUG:colcon.colcon_core.event_handler.log_command:Invoking command in '/home/rededge/25_ws/build/demo_interfaces_test': CMAKE_PREFIX_PATH=/opt/ros/humble /usr/bin/cmake --build /home/rededge/25_ws/build/demo_interfaces_test -- -j24 -l24
[2.496s] DEBUG:colcon.colcon_core.event_handler.log_command:Invoked command in '/home/rededge/25_ws/build/tb4_autonav_interfaces' returned '0': CMAKE_PREFIX_PATH=/opt/ros/humble /usr/bin/cmake --build /home/rededge/25_ws/build/tb4_autonav_interfaces -- -j24 -l24
[2.505s] DEBUG:colcon.colcon_core.event_handler.log_command:Invoking command in '/home/rededge/25_ws/build/tb4_autonav_interfaces': CMAKE_PREFIX_PATH=/opt/ros/humble /usr/bin/cmake --install /home/rededge/25_ws/build/tb4_autonav_interfaces
[2.554s] DEBUG:colcon.colcon_core.event_handler.log_command:Invoked command in '/home/rededge/25_ws/build/demo_interfaces_test' returned '0': CMAKE_PREFIX_PATH=/opt/ros/humble /usr/bin/cmake --build /home/rededge/25_ws/build/demo_interfaces_test -- -j24 -l24
[2.556s] DEBUG:colcon.colcon_core.event_handler.log_command:Invoking command in '/home/rededge/25_ws/build/demo_interfaces_test': CMAKE_PREFIX_PATH=/opt/ros/humble /usr/bin/cmake --install /home/rededge/25_ws/build/demo_interfaces_test
[2.557s] Level 1:colcon.colcon_core.environment:create_environment_scripts_only(tb4_autonav_interfaces)
[2.557s] DEBUG:colcon.colcon_core.event_handler.log_command:Invoked command in '/home/rededge/25_ws/build/tb4_autonav_interfaces' returned '0': CMAKE_PREFIX_PATH=/opt/ros/humble /usr/bin/cmake --install /home/rededge/25_ws/build/tb4_autonav_interfaces
[2.559s] Level 1:colcon.colcon_core.environment:checking '/home/rededge/25_ws/install/tb4_autonav_interfaces' for CMake module files
[2.559s] Level 1:colcon.colcon_core.environment:checking '/home/rededge/25_ws/install/tb4_autonav_interfaces' for CMake config files
[2.559s] Level 1:colcon.colcon_core.shell:create_environment_hook('tb4_autonav_interfaces', 'cmake_prefix_path')
[2.560s] INFO:colcon.colcon_core.shell:Creating environment hook '/home/rededge/25_ws/install/tb4_autonav_interfaces/share/tb4_autonav_interfaces/hook/cmake_prefix_path.ps1'
[2.560s] INFO:colcon.colcon_core.shell:Creating environment descriptor '/home/rededge/25_ws/install/tb4_autonav_interfaces/share/tb4_autonav_interfaces/hook/cmake_prefix_path.dsv'
[2.560s] INFO:colcon.colcon_core.shell:Creating environment hook '/home/rededge/25_ws/install/tb4_autonav_interfaces/share/tb4_autonav_interfaces/hook/cmake_prefix_path.sh'
[2.561s] Level 1:colcon.colcon_core.environment:checking '/home/rededge/25_ws/install/tb4_autonav_interfaces/lib'
[2.561s] Level 1:colcon.colcon_core.shell:create_environment_hook('tb4_autonav_interfaces', 'ld_library_path_lib')
[2.561s] INFO:colcon.colcon_core.shell:Creating environment hook '/home/rededge/25_ws/install/tb4_autonav_interfaces/share/tb4_autonav_interfaces/hook/ld_library_path_lib.ps1'
[2.561s] INFO:colcon.colcon_core.shell:Creating environment descriptor '/home/rededge/25_ws/install/tb4_autonav_interfaces/share/tb4_autonav_interfaces/hook/ld_library_path_lib.dsv'
[2.562s] INFO:colcon.colcon_core.shell:Creating environment hook '/home/rededge/25_ws/install/tb4_autonav_interfaces/share/tb4_autonav_interfaces/hook/ld_library_path_lib.sh'
[2.562s] Level 1:colcon.colcon_core.environment:checking '/home/rededge/25_ws/install/tb4_autonav_interfaces/bin'
[2.562s] Level 1:colcon.colcon_core.environment:checking '/home/rededge/25_ws/install/tb4_autonav_interfaces/lib/pkgconfig/tb4_autonav_interfaces.pc'
[2.562s] Level 1:colcon.colcon_core.environment:checking '/home/rededge/25_ws/install/tb4_autonav_interfaces/lib/python3.10/site-packages'
[2.563s] Level 1:colcon.colcon_core.environment:checking '/home/rededge/25_ws/install/tb4_autonav_interfaces/bin'
[2.563s] INFO:colcon.colcon_core.shell:Creating package script '/home/rededge/25_ws/install/tb4_autonav_interfaces/share/tb4_autonav_interfaces/package.ps1'
[2.564s] INFO:colcon.colcon_core.shell:Creating package descriptor '/home/rededge/25_ws/install/tb4_autonav_interfaces/share/tb4_autonav_interfaces/package.dsv'
[2.565s] INFO:colcon.colcon_core.shell:Creating package script '/home/rededge/25_ws/install/tb4_autonav_interfaces/share/tb4_autonav_interfaces/package.sh'
[2.567s] INFO:colcon.colcon_core.shell:Creating package script '/home/rededge/25_ws/install/tb4_autonav_interfaces/share/tb4_autonav_interfaces/package.bash'
[2.568s] INFO:colcon.colcon_core.shell:Creating package script '/home/rededge/25_ws/install/tb4_autonav_interfaces/share/tb4_autonav_interfaces/package.zsh'
[2.569s] Level 1:colcon.colcon_core.environment:create_file_with_runtime_dependencies(/home/rededge/25_ws/install/tb4_autonav_interfaces/share/colcon-core/packages/tb4_autonav_interfaces)
[2.571s] Level 1:colcon.colcon_core.environment:create_environment_scripts_only(tb4_autonav_interfaces)
[2.571s] Level 1:colcon.colcon_core.environment:checking '/home/rededge/25_ws/install/tb4_autonav_interfaces' for CMake module files
[2.571s] Level 1:colcon.colcon_core.environment:checking '/home/rededge/25_ws/install/tb4_autonav_interfaces' for CMake config files
[2.572s] Level 1:colcon.colcon_core.shell:create_environment_hook('tb4_autonav_interfaces', 'cmake_prefix_path')
[2.572s] INFO:colcon.colcon_core.shell:Creating environment hook '/home/rededge/25_ws/install/tb4_autonav_interfaces/share/tb4_autonav_interfaces/hook/cmake_prefix_path.ps1'
[2.572s] INFO:colcon.colcon_core.shell:Creating environment descriptor '/home/rededge/25_ws/install/tb4_autonav_interfaces/share/tb4_autonav_interfaces/hook/cmake_prefix_path.dsv'
[2.572s] INFO:colcon.colcon_core.shell:Creating environment hook '/home/rededge/25_ws/install/tb4_autonav_interfaces/share/tb4_autonav_interfaces/hook/cmake_prefix_path.sh'
[2.573s] Level 1:colcon.colcon_core.environment:checking '/home/rededge/25_ws/install/tb4_autonav_interfaces/lib'
[2.573s] Level 1:colcon.colcon_core.shell:create_environment_hook('tb4_autonav_interfaces', 'ld_library_path_lib')
[2.573s] INFO:colcon.colcon_core.shell:Creating environment hook '/home/rededge/25_ws/install/tb4_autonav_interfaces/share/tb4_autonav_interfaces/hook/ld_library_path_lib.ps1'
[2.573s] INFO:colcon.colcon_core.shell:Creating environment descriptor '/home/rededge/25_ws/install/tb4_autonav_interfaces/share/tb4_autonav_interfaces/hook/ld_library_path_lib.dsv'
[2.573s] INFO:colcon.colcon_core.shell:Creating environment hook '/home/rededge/25_ws/install/tb4_autonav_interfaces/share/tb4_autonav_interfaces/hook/ld_library_path_lib.sh'
[2.574s] Level 1:colcon.colcon_core.environment:checking '/home/rededge/25_ws/install/tb4_autonav_interfaces/bin'
[2.574s] Level 1:colcon.colcon_core.environment:checking '/home/rededge/25_ws/install/tb4_autonav_interfaces/lib/pkgconfig/tb4_autonav_interfaces.pc'
[2.574s] Level 1:colcon.colcon_core.environment:checking '/home/rededge/25_ws/install/tb4_autonav_interfaces/lib/python3.10/site-packages'
[2.574s] Level 1:colcon.colcon_core.environment:checking '/home/rededge/25_ws/install/tb4_autonav_interfaces/bin'
[2.574s] INFO:colcon.colcon_core.shell:Creating package script '/home/rededge/25_ws/install/tb4_autonav_interfaces/share/tb4_autonav_interfaces/package.ps1'
[2.575s] INFO:colcon.colcon_core.shell:Creating package descriptor '/home/rededge/25_ws/install/tb4_autonav_interfaces/share/tb4_autonav_interfaces/package.dsv'
[2.575s] INFO:colcon.colcon_core.shell:Creating package script '/home/rededge/25_ws/install/tb4_autonav_interfaces/share/tb4_autonav_interfaces/package.sh'
[2.575s] INFO:colcon.colcon_core.shell:Creating package script '/home/rededge/25_ws/install/tb4_autonav_interfaces/share/tb4_autonav_interfaces/package.bash'
[2.576s] INFO:colcon.colcon_core.shell:Creating package script '/home/rededge/25_ws/install/tb4_autonav_interfaces/share/tb4_autonav_interfaces/package.zsh'
[2.576s] Level 1:colcon.colcon_core.environment:create_file_with_runtime_dependencies(/home/rededge/25_ws/install/tb4_autonav_interfaces/share/colcon-core/packages/tb4_autonav_interfaces)
[2.576s] INFO:colcon.colcon_ros.task.ament_python.build:Building ROS package in '/home/rededge/25_ws/src/tb4_autonav' with build type 'ament_python'
[2.576s] Level 1:colcon.colcon_core.shell:create_environment_hook('tb4_autonav', 'ament_prefix_path')
[2.577s] INFO:colcon.colcon_core.shell:Creating environment hook '/home/rededge/25_ws/install/tb4_autonav/share/tb4_autonav/hook/ament_prefix_path.ps1'
[2.577s] INFO:colcon.colcon_core.shell:Creating environment descriptor '/home/rededge/25_ws/install/tb4_autonav/share/tb4_autonav/hook/ament_prefix_path.dsv'
[2.577s] INFO:colcon.colcon_core.shell:Creating environment hook '/home/rededge/25_ws/install/tb4_autonav/share/tb4_autonav/hook/ament_prefix_path.sh'
[2.578s] INFO:colcon.colcon_core.shell:Skip shell extension 'powershell' for command environment: Not usable outside of PowerShell
[2.578s] DEBUG:colcon.colcon_core.shell:Skip shell extension 'dsv' for command environment
[2.801s] DEBUG:colcon.colcon_parallel_executor.executor.parallel:closing loop
[2.801s] DEBUG:colcon.colcon_parallel_executor.executor.parallel:loop closed
[2.802s] DEBUG:colcon.colcon_parallel_executor.executor.parallel:run_until_complete finished with 'Command '['/usr/bin/python3', '-c', 'import sys;from contextlib import suppress;exec("with suppress(ImportError):    from setuptools.extern.packaging.specifiers    import SpecifierSet");exec("with suppress(ImportError):    from packaging.specifiers import SpecifierSet");from distutils.core import run_setup;dist = run_setup(    \'setup.py\', script_args=(\'--dry-run\',), stop_after=\'config\');skip_keys = (\'cmdclass\', \'distclass\', \'ext_modules\', \'metadata\');data = {    key: value for key, value in dist.__dict__.items()     if (        not key.startswith(\'_\') and         not callable(value) and         key not in skip_keys and         key not in dist.display_option_names    )};data[\'metadata\'] = {    k: v for k, v in dist.metadata.__dict__.items()     if k not in (\'license_files\', \'provides_extras\')};sys.stdout.buffer.write(repr(data).encode(\'utf-8\'))']' returned non-zero exit status 1.'
[2.802s] DEBUG:colcon.colcon_core.event_reactor:joining thread
[2.806s] INFO:colcon.colcon_core.plugin_system:Skipping extension 'colcon_notification.desktop_notification.terminal_notifier': Not used on non-Darwin systems
[2.806s] INFO:colcon.colcon_core.plugin_system:Skipping extension 'colcon_notification.desktop_notification.win32': Not used on non-Windows systems
[2.806s] INFO:colcon.colcon_notification.desktop_notification:Sending desktop notification using 'notify2'
[2.814s] DEBUG:colcon.colcon_core.event_reactor:joined thread
[2.814s] INFO:colcon.colcon_core.shell:Creating prefix script '/home/rededge/25_ws/install/local_setup.ps1'
[2.815s] INFO:colcon.colcon_core.shell:Creating prefix util module '/home/rededge/25_ws/install/_local_setup_util_ps1.py'
[2.816s] INFO:colcon.colcon_core.shell:Creating prefix chain script '/home/rededge/25_ws/install/setup.ps1'
[2.817s] INFO:colcon.colcon_core.shell:Creating prefix script '/home/rededge/25_ws/install/local_setup.sh'
[2.817s] INFO:colcon.colcon_core.shell:Creating prefix util module '/home/rededge/25_ws/install/_local_setup_util_sh.py'
[2.818s] INFO:colcon.colcon_core.shell:Creating prefix chain script '/home/rededge/25_ws/install/setup.sh'
[2.818s] INFO:colcon.colcon_core.shell:Creating prefix script '/home/rededge/25_ws/install/local_setup.bash'
[2.819s] INFO:colcon.colcon_core.shell:Creating prefix chain script '/home/rededge/25_ws/install/setup.bash'
[2.819s] INFO:colcon.colcon_core.shell:Creating prefix script '/home/rededge/25_ws/install/local_setup.zsh'
[2.819s] INFO:colcon.colcon_core.shell:Creating prefix chain script '/home/rededge/25_ws/install/setup.zsh'
