[0.743s] Invoking command in '/home/tony/25_ws/src/tb4_autonav': PYTHONPATH=/home/tony/25_ws/build/tb4_autonav/prefix_override:/usr/lib/python3/dist-packages/colcon_core/task/python/colcon_distutils_commands:/home/tony/25_ws/install/tb4_autonav/lib/python3.10/site-packages:${PYTHONPATH} /usr/bin/python3 -W ignore:setup.py install is deprecated -W ignore:easy_install command is deprecated setup.py egg_info --egg-base ../../build/tb4_autonav build --build-base /home/tony/25_ws/build/tb4_autonav/build install --record /home/tony/25_ws/build/tb4_autonav/install.log --single-version-externally-managed install_data
[1.035s] running egg_info
[1.036s] writing ../../build/tb4_autonav/tb4_autonav.egg-info/PKG-INFO
[1.038s] writing dependency_links to ../../build/tb4_autonav/tb4_autonav.egg-info/dependency_links.txt
[1.038s] writing entry points to ../../build/tb4_autonav/tb4_autonav.egg-info/entry_points.txt
[1.038s] writing requirements to ../../build/tb4_autonav/tb4_autonav.egg-info/requires.txt
[1.038s] writing top-level names to ../../build/tb4_autonav/tb4_autonav.egg-info/top_level.txt
[1.039s] reading manifest file '../../build/tb4_autonav/tb4_autonav.egg-info/SOURCES.txt'
[1.039s] writing manifest file '../../build/tb4_autonav/tb4_autonav.egg-info/SOURCES.txt'
[1.040s] running build
[1.040s] running build_py
[1.040s] running install
[1.040s] running install_lib
[1.042s] running install_data
[1.042s] copying launch/nav_bringup.launch.py -> /home/tony/25_ws/install/tb4_autonav/share/tb4_autonav/launch
[1.042s] running install_egg_info
[1.044s] removing '/home/tony/25_ws/install/tb4_autonav/lib/python3.10/site-packages/tb4_autonav-0.0.1-py3.10.egg-info' (and everything under it)
[1.045s] Copying ../../build/tb4_autonav/tb4_autonav.egg-info to /home/tony/25_ws/install/tb4_autonav/lib/python3.10/site-packages/tb4_autonav-0.0.1-py3.10.egg-info
[1.045s] running install_scripts
[1.063s] writing list of installed files to '/home/tony/25_ws/build/tb4_autonav/install.log'
[1.096s] Invoked command in '/home/tony/25_ws/src/tb4_autonav' returned '0': PYTHONPATH=/home/tony/25_ws/build/tb4_autonav/prefix_override:/usr/lib/python3/dist-packages/colcon_core/task/python/colcon_distutils_commands:/home/tony/25_ws/install/tb4_autonav/lib/python3.10/site-packages:${PYTHONPATH} /usr/bin/python3 -W ignore:setup.py install is deprecated -W ignore:easy_install command is deprecated setup.py egg_info --egg-base ../../build/tb4_autonav build --build-base /home/tony/25_ws/build/tb4_autonav/build install --record /home/tony/25_ws/build/tb4_autonav/install.log --single-version-externally-managed install_data
